---------------------------------------------------------------
[ 2021-08-26T15:57:39+08:00 ] 192.168.10.58 GET pcadmin.aoi.bj/
[运行时间：0.954327s] [吞吐率：1.05req/s] [内存消耗：760.69kb] [文件加载：75]
[ info ] [ LANG ] /var/www/html/compmgmt/thinkphp/lang/zh-cn.php
[ info ] [ LANG ] /var/www/html/compmgmt/application/lang/zh-cn.php
[ info ] [ ROUTE ] array (
  'rule' => '',
  'route' => 'index/index',
  'option' => 
  array (
    'merge_rule_regex' => false,
    'complete_match' => true,
  ),
  'var' => 
  array (
  ),
)
[ info ] [ HEADER ] array (
  'host' => 'pcadmin.aoi.bj',
  'connection' => 'keep-alive',
  'upgrade-insecure-requests' => '1',
  'user-agent' => 'Mozilla/5.0 (X11; Linux x86_64) AppleWebKit/537.36 (KHTML, like Gecko) Chrome/92.0.4515.107 Safari/537.36',
  'accept' => 'text/html,application/xhtml+xml,application/xml;q=0.9,image/avif,image/webp,image/apng,*/*;q=0.8,application/signed-exchange;v=b3;q=0.9',
  'accept-encoding' => 'gzip, deflate',
  'accept-language' => 'zh-CN,zh;q=0.9,en;q=0.8,zh-TW;q=0.7',
)
[ info ] [ PARAM ] array (
)
---------------------------------------------------------------
[ 2021-08-26T15:57:39+08:00 ] 192.168.10.58 GET pcadmin.aoi.bj/padmin/adminlogin/index.html
[运行时间：0.607528s] [吞吐率：1.65req/s] [内存消耗：488.67kb] [文件加载：74]
[ info ] [ LANG ] /var/www/html/compmgmt/thinkphp/lang/zh-cn.php
[ info ] [ LANG ] /var/www/html/compmgmt/application/lang/zh-cn.php
[ info ] [ ROUTE ] array (
)
[ info ] [ HEADER ] array (
  'host' => 'pcadmin.aoi.bj',
  'connection' => 'keep-alive',
  'upgrade-insecure-requests' => '1',
  'user-agent' => 'Mozilla/5.0 (X11; Linux x86_64) AppleWebKit/537.36 (KHTML, like Gecko) Chrome/92.0.4515.107 Safari/537.36',
  'accept' => 'text/html,application/xhtml+xml,application/xml;q=0.9,image/avif,image/webp,image/apng,*/*;q=0.8,application/signed-exchange;v=b3;q=0.9',
  'accept-encoding' => 'gzip, deflate',
  'accept-language' => 'zh-CN,zh;q=0.9,en;q=0.8,zh-TW;q=0.7',
  'cookie' => 'PHPSESSID=o17p5aaujoqj3hdrhlkftpfuuc',
)
[ info ] [ PARAM ] array (
  '/padmin/adminlogin/index_html' => '',
)
[ info ] [ VIEW ] /var/www/html/compmgmt/application/padmin/view/index/login.html [ array (
  0 => 'title',
) ]
---------------------------------------------------------------
[ 2021-08-26T15:57:43+08:00 ] 192.168.10.58 POST pcadmin.aoi.bj/padmin/adminlogin/loginaction.html
[运行时间：1.082183s] [吞吐率：0.92req/s] [内存消耗：693.96kb] [文件加载：79]
[ info ] [ LANG ] /var/www/html/compmgmt/thinkphp/lang/zh-cn.php
[ info ] [ LANG ] /var/www/html/compmgmt/application/lang/zh-cn.php
[ info ] [ ROUTE ] array (
)
[ info ] [ HEADER ] array (
  'host' => 'pcadmin.aoi.bj',
  'connection' => 'keep-alive',
  'content-length' => '31',
  'accept' => 'application/json, text/javascript, */*; q=0.01',
  'x-requested-with' => 'XMLHttpRequest',
  'user-agent' => 'Mozilla/5.0 (X11; Linux x86_64) AppleWebKit/537.36 (KHTML, like Gecko) Chrome/92.0.4515.107 Safari/537.36',
  'content-type' => 'application/x-www-form-urlencoded; charset=UTF-8',
  'origin' => 'http://pcadmin.aoi.bj',
  'referer' => 'http://pcadmin.aoi.bj/padmin/adminlogin/index.html',
  'accept-encoding' => 'gzip, deflate',
  'accept-language' => 'zh-CN,zh;q=0.9,en;q=0.8,zh-TW;q=0.7',
  'cookie' => 'PHPSESSID=o17p5aaujoqj3hdrhlkftpfuuc',
)
[ info ] [ PARAM ] array (
  '/padmin/adminlogin/loginaction_html' => '',
  'username' => 'it02',
  'password' => 'loevluma',
)
[ info ] [ DB ] INIT mysql
[ sql ] [ DB ] CONNECT:[ UseTime:0.404799s ] mysql:host=127.0.0.1;dbname=compmgmt;charset=utf8
[ sql ] [ SQL ] SHOW COLUMNS FROM `admin` [ RunTime:0.389920s ]
[ sql ] [ SQL ] SELECT * FROM `admin` WHERE  `username` = 'it02' LIMIT 1 [ RunTime:0.028697s ]
[ sql ] [ SQL ] UPDATE `admin`  SET `lastip` = '192.168.10.58' , `lastvisit` = '1629964663'  WHERE  `id` = 17 [ RunTime:0.021569s ]
---------------------------------------------------------------
[ 2021-08-26T15:57:44+08:00 ] 192.168.10.58 GET pcadmin.aoi.bj/padmin/index/index.html
[运行时间：0.088785s] [吞吐率：11.26req/s] [内存消耗：501.52kb] [文件加载：75]
[ info ] [ LANG ] /var/www/html/compmgmt/thinkphp/lang/zh-cn.php
[ info ] [ LANG ] /var/www/html/compmgmt/application/lang/zh-cn.php
[ info ] [ ROUTE ] array (
)
[ info ] [ HEADER ] array (
  'host' => 'pcadmin.aoi.bj',
  'connection' => 'keep-alive',
  'upgrade-insecure-requests' => '1',
  'user-agent' => 'Mozilla/5.0 (X11; Linux x86_64) AppleWebKit/537.36 (KHTML, like Gecko) Chrome/92.0.4515.107 Safari/537.36',
  'accept' => 'text/html,application/xhtml+xml,application/xml;q=0.9,image/avif,image/webp,image/apng,*/*;q=0.8,application/signed-exchange;v=b3;q=0.9',
  'referer' => 'http://pcadmin.aoi.bj/padmin/adminlogin/index.html',
  'accept-encoding' => 'gzip, deflate',
  'accept-language' => 'zh-CN,zh;q=0.9,en;q=0.8,zh-TW;q=0.7',
  'cookie' => 'PHPSESSID=o17p5aaujoqj3hdrhlkftpfuuc',
)
[ info ] [ PARAM ] array (
  '/padmin/index/index_html' => '',
)
[ info ] [ VIEW ] /var/www/html/compmgmt/application/padmin/view/index/index.html [ array (
  0 => 'PAdmin',
  1 => 'data',
  2 => 'msg',
) ]
---------------------------------------------------------------
[ 2021-08-26T15:57:44+08:00 ] 192.168.10.58 GET pcadmin.aoi.bj/static/padmin/css/animate.css
[运行时间：0.051011s] [吞吐率：19.60req/s] [内存消耗：470.62kb] [文件加载：75]
[ info ] [ LANG ] /var/www/html/compmgmt/thinkphp/lang/zh-cn.php
[ info ] [ LANG ] /var/www/html/compmgmt/application/lang/zh-cn.php
[ info ] [ ROUTE ] array (
)
[ info ] [ HEADER ] array (
  'host' => 'pcadmin.aoi.bj',
  'connection' => 'keep-alive',
  'user-agent' => 'Mozilla/5.0 (X11; Linux x86_64) AppleWebKit/537.36 (KHTML, like Gecko) Chrome/92.0.4515.107 Safari/537.36',
  'accept' => 'text/css,*/*;q=0.1',
  'referer' => 'http://pcadmin.aoi.bj/static/padmin/css/style.css',
  'accept-encoding' => 'gzip, deflate',
  'accept-language' => 'zh-CN,zh;q=0.9,en;q=0.8,zh-TW;q=0.7',
  'cookie' => 'PHPSESSID=o17p5aaujoqj3hdrhlkftpfuuc',
)
[ info ] [ PARAM ] array (
  '/static/padmin/css/animate_css' => '',
)
---------------------------------------------------------------
[ 2021-08-26T15:57:44+08:00 ] 192.168.10.58 GET pcadmin.aoi.bj/static/padmin/css/font-awesome.css
[运行时间：0.048179s] [吞吐率：20.76req/s] [内存消耗：533.23kb] [文件加载：75]
[ info ] [ LANG ] /var/www/html/compmgmt/thinkphp/lang/zh-cn.php
[ info ] [ LANG ] /var/www/html/compmgmt/application/lang/zh-cn.php
[ info ] [ ROUTE ] array (
)
[ info ] [ HEADER ] array (
  'host' => 'pcadmin.aoi.bj',
  'connection' => 'keep-alive',
  'user-agent' => 'Mozilla/5.0 (X11; Linux x86_64) AppleWebKit/537.36 (KHTML, like Gecko) Chrome/92.0.4515.107 Safari/537.36',
  'accept' => 'text/css,*/*;q=0.1',
  'referer' => 'http://pcadmin.aoi.bj/static/padmin/css/style.css',
  'accept-encoding' => 'gzip, deflate',
  'accept-language' => 'zh-CN,zh;q=0.9,en;q=0.8,zh-TW;q=0.7',
  'cookie' => 'PHPSESSID=o17p5aaujoqj3hdrhlkftpfuuc',
)
[ info ] [ PARAM ] array (
  '/static/padmin/css/font-awesome_css' => '',
)
---------------------------------------------------------------
[ 2021-08-26T15:57:45+08:00 ] 192.168.10.58 GET pcadmin.aoi.bj/padmin/index/computer.html
[运行时间：0.525685s] [吞吐率：1.90req/s] [内存消耗：737.17kb] [文件加载：80]
[ info ] [ LANG ] /var/www/html/compmgmt/thinkphp/lang/zh-cn.php
[ info ] [ LANG ] /var/www/html/compmgmt/application/lang/zh-cn.php
[ info ] [ ROUTE ] array (
)
[ info ] [ HEADER ] array (
  'host' => 'pcadmin.aoi.bj',
  'connection' => 'keep-alive',
  'upgrade-insecure-requests' => '1',
  'user-agent' => 'Mozilla/5.0 (X11; Linux x86_64) AppleWebKit/537.36 (KHTML, like Gecko) Chrome/92.0.4515.107 Safari/537.36',
  'accept' => 'text/html,application/xhtml+xml,application/xml;q=0.9,image/avif,image/webp,image/apng,*/*;q=0.8,application/signed-exchange;v=b3;q=0.9',
  'referer' => 'http://pcadmin.aoi.bj/padmin/index/index.html',
  'accept-encoding' => 'gzip, deflate',
  'accept-language' => 'zh-CN,zh;q=0.9,en;q=0.8,zh-TW;q=0.7',
  'cookie' => 'PHPSESSID=o17p5aaujoqj3hdrhlkftpfuuc',
)
[ info ] [ PARAM ] array (
  '/padmin/index/computer_html' => '',
)
[ info ] [ DB ] INIT mysql
[ info ] [ VIEW ] /var/www/html/compmgmt/application/padmin/view/index/computer.html [ array (
  0 => 'PAdmin',
  1 => 'internetAccess',
) ]
[ sql ] [ DB ] CONNECT:[ UseTime:0.004370s ] mysql:host=127.0.0.1;dbname=compmgmt;charset=utf8
[ sql ] [ SQL ] SHOW COLUMNS FROM `internet_access` [ RunTime:0.472656s ]
[ sql ] [ SQL ] SELECT * FROM `internet_access` WHERE  `disabled` = 0 [ RunTime:0.025522s ]
---------------------------------------------------------------
[ 2021-08-26T15:57:45+08:00 ] 192.168.10.58 GET pcadmin.aoi.bj/static/padmin/css/font-awesome.css
[运行时间：0.004972s] [吞吐率：201.12req/s] [内存消耗：469.08kb] [文件加载：75]
[ info ] [ LANG ] /var/www/html/compmgmt/thinkphp/lang/zh-cn.php
[ info ] [ LANG ] /var/www/html/compmgmt/application/lang/zh-cn.php
[ info ] [ ROUTE ] array (
)
[ info ] [ HEADER ] array (
  'host' => 'pcadmin.aoi.bj',
  'connection' => 'keep-alive',
  'user-agent' => 'Mozilla/5.0 (X11; Linux x86_64) AppleWebKit/537.36 (KHTML, like Gecko) Chrome/92.0.4515.107 Safari/537.36',
  'accept' => 'text/css,*/*;q=0.1',
  'referer' => 'http://pcadmin.aoi.bj/static/padmin/css/style.css',
  'accept-encoding' => 'gzip, deflate',
  'accept-language' => 'zh-CN,zh;q=0.9,en;q=0.8,zh-TW;q=0.7',
  'cookie' => 'PHPSESSID=o17p5aaujoqj3hdrhlkftpfuuc',
)
[ info ] [ PARAM ] array (
  '/static/padmin/css/font-awesome_css' => '',
)
---------------------------------------------------------------
[ 2021-08-26T15:57:45+08:00 ] 192.168.10.58 GET pcadmin.aoi.bj/static/padmin/css/animate.css
[运行时间：0.005160s] [吞吐率：193.79req/s] [内存消耗：469.05kb] [文件加载：75]
[ info ] [ LANG ] /var/www/html/compmgmt/thinkphp/lang/zh-cn.php
[ info ] [ LANG ] /var/www/html/compmgmt/application/lang/zh-cn.php
[ info ] [ ROUTE ] array (
)
[ info ] [ HEADER ] array (
  'host' => 'pcadmin.aoi.bj',
  'connection' => 'keep-alive',
  'user-agent' => 'Mozilla/5.0 (X11; Linux x86_64) AppleWebKit/537.36 (KHTML, like Gecko) Chrome/92.0.4515.107 Safari/537.36',
  'accept' => 'text/css,*/*;q=0.1',
  'referer' => 'http://pcadmin.aoi.bj/static/padmin/css/style.css',
  'accept-encoding' => 'gzip, deflate',
  'accept-language' => 'zh-CN,zh;q=0.9,en;q=0.8,zh-TW;q=0.7',
  'cookie' => 'PHPSESSID=o17p5aaujoqj3hdrhlkftpfuuc',
)
[ info ] [ PARAM ] array (
  '/static/padmin/css/animate_css' => '',
)
---------------------------------------------------------------
[ 2021-08-26T15:57:46+08:00 ] 192.168.10.58 GET pcadmin.aoi.bj/padmin/index/getcomplist.html?page=1&limit=20&keyword=
[运行时间：0.463518s] [吞吐率：2.16req/s] [内存消耗：935.11kb] [文件加载：90]
[ info ] [ LANG ] /var/www/html/compmgmt/thinkphp/lang/zh-cn.php
[ info ] [ LANG ] /var/www/html/compmgmt/application/lang/zh-cn.php
[ info ] [ ROUTE ] array (
)
[ info ] [ HEADER ] array (
  'host' => 'pcadmin.aoi.bj',
  'connection' => 'keep-alive',
  'accept' => 'application/json, text/javascript, */*; q=0.01',
  'user-agent' => 'Mozilla/5.0 (X11; Linux x86_64) AppleWebKit/537.36 (KHTML, like Gecko) Chrome/92.0.4515.107 Safari/537.36',
  'x-requested-with' => 'XMLHttpRequest',
  'referer' => 'http://pcadmin.aoi.bj/padmin/index/computer.html',
  'accept-encoding' => 'gzip, deflate',
  'accept-language' => 'zh-CN,zh;q=0.9,en;q=0.8,zh-TW;q=0.7',
  'cookie' => 'PHPSESSID=o17p5aaujoqj3hdrhlkftpfuuc',
)
[ info ] [ PARAM ] array (
  '/padmin/index/getcomplist_html' => '',
  'page' => '1',
  'limit' => '20',
  'keyword' => '',
)
[ info ] [ DB ] INIT mysql
[ sql ] [ DB ] CONNECT:[ UseTime:0.013231s ] mysql:host=127.0.0.1;dbname=compmgmt;charset=utf8
[ sql ] [ SQL ] SHOW COLUMNS FROM `computer` [ RunTime:0.053545s ]
[ sql ] [ SQL ] SELECT COUNT(*) AS tp_count FROM `computer` `c` LEFT JOIN `department` `d` ON `d`.`id`=`c`.`department_id` LEFT JOIN `staff` `s` ON `s`.`id`=`c`.`staff_id` WHERE  `d`.`name` LIKE '%%'  OR `s`.`name` LIKE '%%'  OR `c`.`FQDN` LIKE '%%'  OR `c`.`asset_id` LIKE '%%'  OR `c`.`MAC` LIKE '%%'  OR `c`.`ip_addr_v4` LIKE '%%'  OR `c`.`domain_name` LIKE '%%' LIMIT 1 [ RunTime:0.183991s ]
[ sql ] [ SQL ] SELECT `c`.*,d.name as department,s.name as staff FROM `computer` `c` LEFT JOIN `department` `d` ON `d`.`id`=`c`.`department_id` LEFT JOIN `staff` `s` ON `s`.`id`=`c`.`staff_id` WHERE  `d`.`name` LIKE '%%'  OR `s`.`name` LIKE '%%'  OR `c`.`FQDN` LIKE '%%'  OR `c`.`asset_id` LIKE '%%'  OR `c`.`MAC` LIKE '%%'  OR `c`.`ip_addr_v4` LIKE '%%'  OR `c`.`domain_name` LIKE '%%' LIMIT 0,20 [ RunTime:0.001077s ]
[ sql ] [ SQL ] SHOW COLUMNS FROM `os` [ RunTime:0.030286s ]
[ sql ] [ SQL ] SELECT `name`,`version`,`arch` FROM `os` WHERE  `id` = 6 LIMIT 1 [ RunTime:0.000487s ]
[ sql ] [ SQL ] SHOW COLUMNS FROM `computer_internet_access` [ RunTime:0.037619s ]
[ sql ] [ SQL ] SELECT `access_id` FROM `computer_internet_access` WHERE  `computer_id` = 1 [ RunTime:0.061987s ]
[ sql ] [ SQL ] SELECT `name`,`version`,`arch` FROM `os` WHERE  `id` = 1 LIMIT 1 [ RunTime:0.000483s ]
[ sql ] [ SQL ] SELECT `access_id` FROM `computer_internet_access` WHERE  `computer_id` = 2 [ RunTime:0.000373s ]
[ sql ] [ SQL ] SELECT `name`,`version`,`arch` FROM `os` WHERE  `id` = 3 LIMIT 1 [ RunTime:0.000659s ]
[ sql ] [ SQL ] SELECT `access_id` FROM `computer_internet_access` WHERE  `computer_id` = 4 [ RunTime:0.000425s ]
[ sql ] [ SQL ] SELECT `name`,`version`,`arch` FROM `os` WHERE  `id` = 2 LIMIT 1 [ RunTime:0.000365s ]
[ sql ] [ SQL ] SELECT `access_id` FROM `computer_internet_access` WHERE  `computer_id` = 5 [ RunTime:0.000350s ]
[ sql ] [ SQL ] SELECT `name`,`version`,`arch` FROM `os` WHERE  `id` = 1 LIMIT 1 [ RunTime:0.000297s ]
[ sql ] [ SQL ] SELECT `access_id` FROM `computer_internet_access` WHERE  `computer_id` = 7 [ RunTime:0.000320s ]
[ sql ] [ SQL ] SELECT `name`,`version`,`arch` FROM `os` WHERE  `id` = 3 LIMIT 1 [ RunTime:0.000249s ]
[ sql ] [ SQL ] SELECT `access_id` FROM `computer_internet_access` WHERE  `computer_id` = 8 [ RunTime:0.000347s ]
[ sql ] [ SQL ] SELECT `name`,`version`,`arch` FROM `os` WHERE  `id` = 1 LIMIT 1 [ RunTime:0.000200s ]
[ sql ] [ SQL ] SELECT `access_id` FROM `computer_internet_access` WHERE  `computer_id` = 9 [ RunTime:0.000283s ]
[ sql ] [ SQL ] SELECT `name`,`version`,`arch` FROM `os` WHERE  `id` = 1 LIMIT 1 [ RunTime:0.000216s ]
[ sql ] [ SQL ] SELECT `access_id` FROM `computer_internet_access` WHERE  `computer_id` = 10 [ RunTime:0.000302s ]
[ sql ] [ SQL ] SELECT `name`,`version`,`arch` FROM `os` WHERE  `id` = 10 LIMIT 1 [ RunTime:0.000328s ]
[ sql ] [ SQL ] SELECT `access_id` FROM `computer_internet_access` WHERE  `computer_id` = 11 [ RunTime:0.000326s ]
[ sql ] [ SQL ] SELECT `name`,`version`,`arch` FROM `os` WHERE  `id` = 10 LIMIT 1 [ RunTime:0.000231s ]
[ sql ] [ SQL ] SELECT `access_id` FROM `computer_internet_access` WHERE  `computer_id` = 12 [ RunTime:0.000333s ]
[ sql ] [ SQL ] SELECT `name`,`version`,`arch` FROM `os` WHERE  `id` = 10 LIMIT 1 [ RunTime:0.000226s ]
[ sql ] [ SQL ] SELECT `access_id` FROM `computer_internet_access` WHERE  `computer_id` = 13 [ RunTime:0.000271s ]
[ sql ] [ SQL ] SELECT `name`,`version`,`arch` FROM `os` WHERE  `id` = 2 LIMIT 1 [ RunTime:0.000463s ]
[ sql ] [ SQL ] SELECT `access_id` FROM `computer_internet_access` WHERE  `computer_id` = 14 [ RunTime:0.000378s ]
[ sql ] [ SQL ] SELECT `name`,`version`,`arch` FROM `os` WHERE  `id` = 2 LIMIT 1 [ RunTime:0.000267s ]
[ sql ] [ SQL ] SELECT `access_id` FROM `computer_internet_access` WHERE  `computer_id` = 15 [ RunTime:0.000333s ]
[ sql ] [ SQL ] SELECT `name`,`version`,`arch` FROM `os` WHERE  `id` = 11 LIMIT 1 [ RunTime:0.000355s ]
[ sql ] [ SQL ] SELECT `access_id` FROM `computer_internet_access` WHERE  `computer_id` = 16 [ RunTime:0.000332s ]
[ sql ] [ SQL ] SELECT `name`,`version`,`arch` FROM `os` WHERE  `id` = 10 LIMIT 1 [ RunTime:0.000278s ]
[ sql ] [ SQL ] SELECT `access_id` FROM `computer_internet_access` WHERE  `computer_id` = 17 [ RunTime:0.000306s ]
[ sql ] [ SQL ] SELECT `name`,`version`,`arch` FROM `os` WHERE  `id` = 2 LIMIT 1 [ RunTime:0.000229s ]
[ sql ] [ SQL ] SELECT `access_id` FROM `computer_internet_access` WHERE  `computer_id` = 18 [ RunTime:0.000290s ]
[ sql ] [ SQL ] SELECT `name`,`version`,`arch` FROM `os` WHERE  `id` = 3 LIMIT 1 [ RunTime:0.000252s ]
[ sql ] [ SQL ] SELECT `access_id` FROM `computer_internet_access` WHERE  `computer_id` = 20 [ RunTime:0.000318s ]
[ sql ] [ SQL ] SELECT `name`,`version`,`arch` FROM `os` WHERE  `id` = 3 LIMIT 1 [ RunTime:0.000194s ]
[ sql ] [ SQL ] SELECT `access_id` FROM `computer_internet_access` WHERE  `computer_id` = 21 [ RunTime:0.000290s ]
[ sql ] [ SQL ] SELECT `name`,`version`,`arch` FROM `os` WHERE  `id` = 10 LIMIT 1 [ RunTime:0.000224s ]
[ sql ] [ SQL ] SELECT `access_id` FROM `computer_internet_access` WHERE  `computer_id` = 22 [ RunTime:0.000271s ]
[ sql ] [ SQL ] SELECT `name`,`version`,`arch` FROM `os` WHERE  `id` = 10 LIMIT 1 [ RunTime:0.000218s ]
[ sql ] [ SQL ] SELECT `access_id` FROM `computer_internet_access` WHERE  `computer_id` = 23 [ RunTime:0.000330s ]
---------------------------------------------------------------
[ 2021-08-26T15:57:54+08:00 ] 192.168.10.58 GET pcadmin.aoi.bj/padmin/index/getcomplist.html?page=1&limit=20&keyword=%E4%BD%99
[运行时间：0.077361s] [吞吐率：12.93req/s] [内存消耗：848.18kb] [文件加载：90]
[ info ] [ LANG ] /var/www/html/compmgmt/thinkphp/lang/zh-cn.php
[ info ] [ LANG ] /var/www/html/compmgmt/application/lang/zh-cn.php
[ info ] [ ROUTE ] array (
)
[ info ] [ HEADER ] array (
  'host' => 'pcadmin.aoi.bj',
  'connection' => 'keep-alive',
  'accept' => 'application/json, text/javascript, */*; q=0.01',
  'user-agent' => 'Mozilla/5.0 (X11; Linux x86_64) AppleWebKit/537.36 (KHTML, like Gecko) Chrome/92.0.4515.107 Safari/537.36',
  'x-requested-with' => 'XMLHttpRequest',
  'referer' => 'http://pcadmin.aoi.bj/padmin/index/computer.html',
  'accept-encoding' => 'gzip, deflate',
  'accept-language' => 'zh-CN,zh;q=0.9,en;q=0.8,zh-TW;q=0.7',
  'cookie' => 'PHPSESSID=o17p5aaujoqj3hdrhlkftpfuuc',
)
[ info ] [ PARAM ] array (
  '/padmin/index/getcomplist_html' => '',
  'page' => '1',
  'limit' => '20',
  'keyword' => '余',
)
[ info ] [ DB ] INIT mysql
[ sql ] [ DB ] CONNECT:[ UseTime:0.051861s ] mysql:host=127.0.0.1;dbname=compmgmt;charset=utf8
[ sql ] [ SQL ] SHOW COLUMNS FROM `computer` [ RunTime:0.001368s ]
[ sql ] [ SQL ] SELECT COUNT(*) AS tp_count FROM `computer` `c` LEFT JOIN `department` `d` ON `d`.`id`=`c`.`department_id` LEFT JOIN `staff` `s` ON `s`.`id`=`c`.`staff_id` WHERE  `d`.`name` LIKE '%余%'  OR `s`.`name` LIKE '%余%'  OR `c`.`FQDN` LIKE '%余%'  OR `c`.`asset_id` LIKE '%余%'  OR `c`.`MAC` LIKE '%余%'  OR `c`.`ip_addr_v4` LIKE '%余%'  OR `c`.`domain_name` LIKE '%余%' LIMIT 1 [ RunTime:0.009856s ]
[ sql ] [ SQL ] SELECT `c`.*,d.name as department,s.name as staff FROM `computer` `c` LEFT JOIN `department` `d` ON `d`.`id`=`c`.`department_id` LEFT JOIN `staff` `s` ON `s`.`id`=`c`.`staff_id` WHERE  `d`.`name` LIKE '%余%'  OR `s`.`name` LIKE '%余%'  OR `c`.`FQDN` LIKE '%余%'  OR `c`.`asset_id` LIKE '%余%'  OR `c`.`MAC` LIKE '%余%'  OR `c`.`ip_addr_v4` LIKE '%余%'  OR `c`.`domain_name` LIKE '%余%' LIMIT 0,20 [ RunTime:0.001776s ]
[ sql ] [ SQL ] SHOW COLUMNS FROM `os` [ RunTime:0.001189s ]
[ sql ] [ SQL ] SELECT `name`,`version`,`arch` FROM `os` WHERE  `id` = 3 LIMIT 1 [ RunTime:0.000324s ]
[ sql ] [ SQL ] SHOW COLUMNS FROM `computer_internet_access` [ RunTime:0.000938s ]
[ sql ] [ SQL ] SELECT `access_id` FROM `computer_internet_access` WHERE  `computer_id` = 93 [ RunTime:0.000407s ]
---------------------------------------------------------------
[ 2021-08-26T15:58:01+08:00 ] 192.168.10.58 GET pcadmin.aoi.bj/padmin/index/computerinfo.html?id=93&departmentId=15
[运行时间：0.037446s] [吞吐率：26.71req/s] [内存消耗：518.45kb] [文件加载：75]
[ info ] [ LANG ] /var/www/html/compmgmt/thinkphp/lang/zh-cn.php
[ info ] [ LANG ] /var/www/html/compmgmt/application/lang/zh-cn.php
[ info ] [ ROUTE ] array (
)
[ info ] [ HEADER ] array (
  'host' => 'pcadmin.aoi.bj',
  'connection' => 'keep-alive',
  'upgrade-insecure-requests' => '1',
  'user-agent' => 'Mozilla/5.0 (X11; Linux x86_64) AppleWebKit/537.36 (KHTML, like Gecko) Chrome/92.0.4515.107 Safari/537.36',
  'accept' => 'text/html,application/xhtml+xml,application/xml;q=0.9,image/avif,image/webp,image/apng,*/*;q=0.8,application/signed-exchange;v=b3;q=0.9',
  'referer' => 'http://pcadmin.aoi.bj/padmin/index/computer.html',
  'accept-encoding' => 'gzip, deflate',
  'accept-language' => 'zh-CN,zh;q=0.9,en;q=0.8,zh-TW;q=0.7',
  'cookie' => 'PHPSESSID=o17p5aaujoqj3hdrhlkftpfuuc',
)
[ info ] [ PARAM ] array (
  '/padmin/index/computerinfo_html' => '',
  'id' => '93',
  'departmentId' => '15',
)
[ info ] [ VIEW ] /var/www/html/compmgmt/application/padmin/view/index/computer_info.html [ array (
  0 => 'PAdmin',
  1 => 'computerId',
  2 => 'departmentId',
) ]
---------------------------------------------------------------
[ 2021-08-26T15:58:01+08:00 ] 192.168.10.58 GET pcadmin.aoi.bj/static/padmin/css/font-awesome.css
[运行时间：0.003415s] [吞吐率：292.84req/s] [内存消耗：469.08kb] [文件加载：75]
[ info ] [ LANG ] /var/www/html/compmgmt/thinkphp/lang/zh-cn.php
[ info ] [ LANG ] /var/www/html/compmgmt/application/lang/zh-cn.php
[ info ] [ ROUTE ] array (
)
[ info ] [ HEADER ] array (
  'host' => 'pcadmin.aoi.bj',
  'connection' => 'keep-alive',
  'user-agent' => 'Mozilla/5.0 (X11; Linux x86_64) AppleWebKit/537.36 (KHTML, like Gecko) Chrome/92.0.4515.107 Safari/537.36',
  'accept' => 'text/css,*/*;q=0.1',
  'referer' => 'http://pcadmin.aoi.bj/static/padmin/css/style.css',
  'accept-encoding' => 'gzip, deflate',
  'accept-language' => 'zh-CN,zh;q=0.9,en;q=0.8,zh-TW;q=0.7',
  'cookie' => 'PHPSESSID=o17p5aaujoqj3hdrhlkftpfuuc',
)
[ info ] [ PARAM ] array (
  '/static/padmin/css/font-awesome_css' => '',
)
---------------------------------------------------------------
[ 2021-08-26T15:58:01+08:00 ] 192.168.10.58 GET pcadmin.aoi.bj/static/padmin/css/animate.css
[运行时间：0.008152s] [吞吐率：122.67req/s] [内存消耗：469.95kb] [文件加载：75]
[ info ] [ LANG ] /var/www/html/compmgmt/thinkphp/lang/zh-cn.php
[ info ] [ LANG ] /var/www/html/compmgmt/application/lang/zh-cn.php
[ info ] [ ROUTE ] array (
)
[ info ] [ HEADER ] array (
  'host' => 'pcadmin.aoi.bj',
  'connection' => 'keep-alive',
  'user-agent' => 'Mozilla/5.0 (X11; Linux x86_64) AppleWebKit/537.36 (KHTML, like Gecko) Chrome/92.0.4515.107 Safari/537.36',
  'accept' => 'text/css,*/*;q=0.1',
  'referer' => 'http://pcadmin.aoi.bj/static/padmin/css/style.css',
  'accept-encoding' => 'gzip, deflate',
  'accept-language' => 'zh-CN,zh;q=0.9,en;q=0.8,zh-TW;q=0.7',
  'cookie' => 'PHPSESSID=o17p5aaujoqj3hdrhlkftpfuuc',
)
[ info ] [ PARAM ] array (
  '/static/padmin/css/animate_css' => '',
)
---------------------------------------------------------------
[ 2021-08-26T15:58:01+08:00 ] 192.168.10.58 GET pcadmin.aoi.bj/padmin/index/loaddptlist.html?_=1629964681393
[运行时间：0.032984s] [吞吐率：30.32req/s] [内存消耗：738.61kb] [文件加载：83]
[ info ] [ LANG ] /var/www/html/compmgmt/thinkphp/lang/zh-cn.php
[ info ] [ LANG ] /var/www/html/compmgmt/application/lang/zh-cn.php
[ info ] [ ROUTE ] array (
)
[ info ] [ HEADER ] array (
  'host' => 'pcadmin.aoi.bj',
  'connection' => 'keep-alive',
  'accept' => 'application/json, text/javascript, */*; q=0.01',
  'user-agent' => 'Mozilla/5.0 (X11; Linux x86_64) AppleWebKit/537.36 (KHTML, like Gecko) Chrome/92.0.4515.107 Safari/537.36',
  'x-requested-with' => 'XMLHttpRequest',
  'referer' => 'http://pcadmin.aoi.bj/padmin/index/computerinfo.html?id=93&departmentId=15',
  'accept-encoding' => 'gzip, deflate',
  'accept-language' => 'zh-CN,zh;q=0.9,en;q=0.8,zh-TW;q=0.7',
  'cookie' => 'PHPSESSID=o17p5aaujoqj3hdrhlkftpfuuc',
)
[ info ] [ PARAM ] array (
  '/padmin/index/loaddptlist_html' => '',
  '_' => '1629964681393',
)
[ info ] [ DB ] INIT mysql
[ sql ] [ DB ] CONNECT:[ UseTime:0.027349s ] mysql:host=127.0.0.1;dbname=compmgmt;charset=utf8
[ sql ] [ SQL ] SHOW COLUMNS FROM `department` [ RunTime:0.001235s ]
[ sql ] [ SQL ] SELECT COUNT(*) AS tp_count FROM `department` LIMIT 1 [ RunTime:0.000384s ]
[ sql ] [ SQL ] SELECT * FROM `department` LIMIT 0,100 [ RunTime:0.000346s ]
---------------------------------------------------------------
[ 2021-08-26T15:58:01+08:00 ] 192.168.10.58 GET pcadmin.aoi.bj/padmin/index/getoslist.html?_=1629964681394
[运行时间：0.040400s] [吞吐率：24.75req/s] [内存消耗：733.38kb] [文件加载：80]
[ info ] [ LANG ] /var/www/html/compmgmt/thinkphp/lang/zh-cn.php
[ info ] [ LANG ] /var/www/html/compmgmt/application/lang/zh-cn.php
[ info ] [ ROUTE ] array (
)
[ info ] [ HEADER ] array (
  'host' => 'pcadmin.aoi.bj',
  'connection' => 'keep-alive',
  'accept' => 'application/json, text/javascript, */*; q=0.01',
  'user-agent' => 'Mozilla/5.0 (X11; Linux x86_64) AppleWebKit/537.36 (KHTML, like Gecko) Chrome/92.0.4515.107 Safari/537.36',
  'x-requested-with' => 'XMLHttpRequest',
  'referer' => 'http://pcadmin.aoi.bj/padmin/index/computerinfo.html?id=93&departmentId=15',
  'accept-encoding' => 'gzip, deflate',
  'accept-language' => 'zh-CN,zh;q=0.9,en;q=0.8,zh-TW;q=0.7',
  'cookie' => 'PHPSESSID=o17p5aaujoqj3hdrhlkftpfuuc',
)
[ info ] [ PARAM ] array (
  '/padmin/index/getoslist_html' => '',
  '_' => '1629964681394',
)
[ info ] [ DB ] INIT mysql
[ sql ] [ DB ] CONNECT:[ UseTime:0.007943s ] mysql:host=127.0.0.1;dbname=compmgmt;charset=utf8
[ sql ] [ SQL ] SHOW COLUMNS FROM `os` [ RunTime:0.001140s ]
[ sql ] [ SQL ] SELECT * FROM `os` ORDER BY `name`,`version` [ RunTime:0.000862s ]
---------------------------------------------------------------
[ 2021-08-26T15:58:01+08:00 ] 192.168.10.58 GET pcadmin.aoi.bj/padmin/index/getdptstaff.html?dptId=15&_=1629964681395
[运行时间：0.048101s] [吞吐率：20.79req/s] [内存消耗：747.43kb] [文件加载：80]
[ info ] [ LANG ] /var/www/html/compmgmt/thinkphp/lang/zh-cn.php
[ info ] [ LANG ] /var/www/html/compmgmt/application/lang/zh-cn.php
[ info ] [ ROUTE ] array (
)
[ info ] [ HEADER ] array (
  'host' => 'pcadmin.aoi.bj',
  'connection' => 'keep-alive',
  'accept' => 'application/json, text/javascript, */*; q=0.01',
  'user-agent' => 'Mozilla/5.0 (X11; Linux x86_64) AppleWebKit/537.36 (KHTML, like Gecko) Chrome/92.0.4515.107 Safari/537.36',
  'x-requested-with' => 'XMLHttpRequest',
  'referer' => 'http://pcadmin.aoi.bj/padmin/index/computerinfo.html?id=93&departmentId=15',
  'accept-encoding' => 'gzip, deflate',
  'accept-language' => 'zh-CN,zh;q=0.9,en;q=0.8,zh-TW;q=0.7',
  'cookie' => 'PHPSESSID=o17p5aaujoqj3hdrhlkftpfuuc',
)
[ info ] [ PARAM ] array (
  '/padmin/index/getdptstaff_html' => '',
  'dptId' => '15',
  '_' => '1629964681395',
)
[ info ] [ DB ] INIT mysql
[ sql ] [ DB ] CONNECT:[ UseTime:0.000723s ] mysql:host=127.0.0.1;dbname=compmgmt;charset=utf8
[ sql ] [ SQL ] SHOW COLUMNS FROM `staff` [ RunTime:0.009401s ]
[ sql ] [ SQL ] SELECT * FROM `staff` WHERE  `department_id` = 15 [ RunTime:0.001216s ]
---------------------------------------------------------------
[ 2021-08-26T15:58:02+08:00 ] 192.168.10.58 GET pcadmin.aoi.bj/padmin/index/getcompinfo.html?id=93&_=1629964681396
[运行时间：0.020300s] [吞吐率：49.26req/s] [内存消耗：761.99kb] [文件加载：80]
[ info ] [ LANG ] /var/www/html/compmgmt/thinkphp/lang/zh-cn.php
[ info ] [ LANG ] /var/www/html/compmgmt/application/lang/zh-cn.php
[ info ] [ ROUTE ] array (
)
[ info ] [ HEADER ] array (
  'host' => 'pcadmin.aoi.bj',
  'connection' => 'keep-alive',
  'accept' => 'application/json, text/javascript, */*; q=0.01',
  'user-agent' => 'Mozilla/5.0 (X11; Linux x86_64) AppleWebKit/537.36 (KHTML, like Gecko) Chrome/92.0.4515.107 Safari/537.36',
  'x-requested-with' => 'XMLHttpRequest',
  'referer' => 'http://pcadmin.aoi.bj/padmin/index/computerinfo.html?id=93&departmentId=15',
  'accept-encoding' => 'gzip, deflate',
  'accept-language' => 'zh-CN,zh;q=0.9,en;q=0.8,zh-TW;q=0.7',
  'cookie' => 'PHPSESSID=o17p5aaujoqj3hdrhlkftpfuuc',
)
[ info ] [ PARAM ] array (
  '/padmin/index/getcompinfo_html' => '',
  'id' => '93',
  '_' => '1629964681396',
)
[ info ] [ DB ] INIT mysql
[ sql ] [ DB ] CONNECT:[ UseTime:0.015093s ] mysql:host=127.0.0.1;dbname=compmgmt;charset=utf8
[ sql ] [ SQL ] SHOW COLUMNS FROM `computer` [ RunTime:0.001297s ]
[ sql ] [ SQL ] SELECT * FROM `computer` WHERE  `id` = 93 LIMIT 1 [ RunTime:0.000691s ]
