---------------------------------------------------------------
[ 2021-04-19T13:52:09+08:00 ] 45.155.205.211 GET 113.90.220.232:8081/
[运行时间：1.023929s] [吞吐率：0.98req/s] [内存消耗：1,941.85kb] [文件加载：75]
[ info ] [ LANG ] /var/www/html/compmgmt/thinkphp/lang/zh-cn.php
[ info ] [ LANG ] /var/www/html/compmgmt/application/lang/zh-cn.php
[ info ] [ ROUTE ] array (
  'rule' => '',
  'route' => 'index/index',
  'option' => 
  array (
    'merge_rule_regex' => false,
    'complete_match' => true,
  ),
  'var' => 
  array (
  ),
)
[ info ] [ HEADER ] array (
  'host' => '113.90.220.232:8081',
  'user-agent' => 'Mozilla/5.0 (Windows NT 10.0; Win64; x64) AppleWebKit/537.36 (KHTML, like Gecko) Chrome/78.0.3904.108 Safari/537.36',
  'authorization' => 'Basic YWRtaW46cGFzcw==',
  'content-type' => 'application/json',
  'accept-encoding' => 'gzip',
  'connection' => 'close',
)
[ info ] [ PARAM ] array (
)
---------------------------------------------------------------
[ 2021-04-19T13:52:09+08:00 ] 45.155.205.211 GET 113.90.220.232:8081/jars
[运行时间：1.023885s] [吞吐率：0.98req/s] [内存消耗：1,163.89kb] [文件加载：76]
[ info ] [ LANG ] /var/www/html/compmgmt/thinkphp/lang/zh-cn.php
[ info ] [ LANG ] /var/www/html/compmgmt/application/lang/zh-cn.php
[ info ] [ ROUTE ] array (
)
[ info ] [ HEADER ] array (
  'host' => '113.90.220.232:8081',
  'user-agent' => 'Mozilla/5.0 (Windows NT 10.0; Win64; x64) AppleWebKit/537.36 (KHTML, like Gecko) Chrome/78.0.3904.108 Safari/537.36',
  'content-type' => 'application/json',
  'accept-encoding' => 'gzip',
  'connection' => 'close',
)
[ info ] [ PARAM ] array (
  '/jars' => '',
)
---------------------------------------------------------------
[ 2021-04-19T13:52:09+08:00 ] 45.155.205.211 POST 113.90.220.232:8081/service/extdirect
[运行时间：0.014334s] [吞吐率：69.76req/s] [内存消耗：471.59kb] [文件加载：75]
[ info ] [ LANG ] /var/www/html/compmgmt/thinkphp/lang/zh-cn.php
[ info ] [ LANG ] /var/www/html/compmgmt/application/lang/zh-cn.php
[ info ] [ ROUTE ] array (
)
[ info ] [ HEADER ] array (
  'host' => '113.90.220.232:8081',
  'user-agent' => 'Mozilla/5.0 (Windows NT 10.0; Win64; x64) AppleWebKit/537.36 (KHTML, like Gecko) Chrome/78.0.3904.108 Safari/537.36',
  'content-length' => '293',
  'content-type' => 'application/json',
  'accept-encoding' => 'gzip',
  'connection' => 'close',
)
[ info ] [ PARAM ] array (
  '/service/extdirect' => '',
  'action' => 'coreui_Component',
  'data' => 
  array (
    0 => 
    array (
      'filter' => 
      array (
        0 => 
        array (
          'property' => 'repositoryName',
          'value' => '*',
        ),
        1 => 
        array (
          'property' => 'expression',
          'value' => '1==1',
        ),
        2 => 
        array (
          'property' => 'type',
          'value' => 'jexl',
        ),
      ),
      'limit' => '50',
      'page' => '1',
      'sort' => 
      array (
        0 => 
        array (
          'direction' => 'ASC',
          'property' => 'name',
        ),
      ),
      'start' => '0',
    ),
  ),
  'method' => 'previewAssets',
  'tid' => '18',
  'type' => 'rpc',
)
---------------------------------------------------------------
[ 2021-04-19T13:52:09+08:00 ] 45.155.205.211 GET 113.90.220.232:8081/padmin/adminlogin/index.html
[运行时间：0.064140s] [吞吐率：15.59req/s] [内存消耗：488.65kb] [文件加载：74]
[ info ] [ LANG ] /var/www/html/compmgmt/thinkphp/lang/zh-cn.php
[ info ] [ LANG ] /var/www/html/compmgmt/application/lang/zh-cn.php
[ info ] [ ROUTE ] array (
)
[ info ] [ HEADER ] array (
  'host' => '113.90.220.232:8081',
  'user-agent' => 'Mozilla/5.0 (Windows NT 10.0; Win64; x64) AppleWebKit/537.36 (KHTML, like Gecko) Chrome/78.0.3904.108 Safari/537.36',
  'content-type' => 'application/json',
  'referer' => 'http://113.90.220.232:8081/jars',
  'accept-encoding' => 'gzip',
  'connection' => 'close',
)
[ info ] [ PARAM ] array (
  '/padmin/adminlogin/index_html' => '',
)
[ info ] [ VIEW ] /var/www/html/compmgmt/application/padmin/view/index/login.html [ array (
  0 => 'title',
) ]
---------------------------------------------------------------
[ 2021-04-19T13:52:10+08:00 ] 45.155.205.211 GET 113.90.220.232:8081/padmin/adminlogin/index.html
[运行时间：0.006980s] [吞吐率：143.27req/s] [内存消耗：487.78kb] [文件加载：74]
[ info ] [ LANG ] /var/www/html/compmgmt/thinkphp/lang/zh-cn.php
[ info ] [ LANG ] /var/www/html/compmgmt/application/lang/zh-cn.php
[ info ] [ ROUTE ] array (
)
[ info ] [ HEADER ] array (
  'host' => '113.90.220.232:8081',
  'user-agent' => 'Mozilla/5.0 (Windows NT 10.0; Win64; x64) AppleWebKit/537.36 (KHTML, like Gecko) Chrome/78.0.3904.108 Safari/537.36',
  'authorization' => 'Basic YWRtaW46cGFzcw==',
  'content-type' => 'application/json',
  'referer' => 'http://113.90.220.232:8081/',
  'accept-encoding' => 'gzip',
  'connection' => 'close',
)
[ info ] [ PARAM ] array (
  '/padmin/adminlogin/index_html' => '',
)
[ info ] [ VIEW ] /var/www/html/compmgmt/application/padmin/view/index/login.html [ array (
  0 => 'title',
) ]
---------------------------------------------------------------
[ 2021-04-19T14:32:02+08:00 ] 60.191.125.35 HEAD 112.124.42.80:63435http://112.124.42.80:63435/
[运行时间：0.007139s] [吞吐率：140.08req/s] [内存消耗：492.52kb] [文件加载：76]
[ info ] [ LANG ] /var/www/html/compmgmt/thinkphp/lang/zh-cn.php
[ info ] [ LANG ] /var/www/html/compmgmt/application/lang/zh-cn.php
[ info ] [ ROUTE ] array (
)
[ info ] [ HEADER ] array (
  'accept-encoding' => 'gzip',
  'user-agent' => 'Mozilla/5.0 (Macintosh; Intel Mac OS X 10_11_6) AppleWebKit/537.36 (KHTML, like Gecko) Chrome/53.0.2785.143 Safari/537.36',
  'bs_real_ip' => 'TmpBdU1Ua3hMakV5TlM0ek5RPT0=',
  'host' => '112.124.42.80:63435',
  'accept' => 'text/html, image/gif, image/jpeg, *; q=.2, */*; q=.2',
  'proxy-connection' => 'keep-alive',
)
[ info ] [ PARAM ] array (
)
---------------------------------------------------------------
[ 2021-04-19T14:32:02+08:00 ] 60.191.125.35 GET 112.124.42.80:63435http://112.124.42.80:63435/padmin/adminlogin/index.html
[运行时间：0.002746s] [吞吐率：364.18req/s] [内存消耗：486.89kb] [文件加载：74]
[ info ] [ LANG ] /var/www/html/compmgmt/thinkphp/lang/zh-cn.php
[ info ] [ LANG ] /var/www/html/compmgmt/application/lang/zh-cn.php
[ info ] [ ROUTE ] array (
)
[ info ] [ HEADER ] array (
  'cookie' => 'PHPSESSID=2l5rk5nlp7kh1j75ufv2pkng4l',
  'accept-encoding' => 'gzip',
  'user-agent' => 'Mozilla/5.0 (Macintosh; Intel Mac OS X 10_11_6) AppleWebKit/537.36 (KHTML, like Gecko) Chrome/53.0.2785.143 Safari/537.36',
  'bs_real_ip' => 'TmpBdU1Ua3hMakV5TlM0ek5RPT0=',
  'host' => '112.124.42.80:63435',
  'accept' => 'text/html, image/gif, image/jpeg, *; q=.2, */*; q=.2',
  'proxy-connection' => 'keep-alive',
)
[ info ] [ PARAM ] array (
  '/padmin/adminlogin/index_html' => '',
)
[ info ] [ VIEW ] /var/www/html/compmgmt/application/padmin/view/index/login.html [ array (
  0 => 'title',
) ]
---------------------------------------------------------------
[ 2021-04-19T22:38:23+08:00 ] 45.155.205.211 GET 113.90.220.232:8081/
[运行时间：0.007498s] [吞吐率：133.37req/s] [内存消耗：490.89kb] [文件加载：75]
[ info ] [ LANG ] /var/www/html/compmgmt/thinkphp/lang/zh-cn.php
[ info ] [ LANG ] /var/www/html/compmgmt/application/lang/zh-cn.php
[ info ] [ ROUTE ] array (
  'rule' => '',
  'route' => 'index/index',
  'option' => 
  array (
    'merge_rule_regex' => false,
    'complete_match' => true,
  ),
  'var' => 
  array (
  ),
)
[ info ] [ HEADER ] array (
  'host' => '113.90.220.232:8081',
  'user-agent' => 'Mozilla/5.0 (Windows NT 10.0; Win64; x64) AppleWebKit/537.36 (KHTML, like Gecko) Chrome/78.0.3904.108 Safari/537.36',
  'authorization' => 'Basic YWRtaW46cGFzcw==',
  'content-type' => 'application/json',
  'accept-encoding' => 'gzip',
  'connection' => 'close',
)
[ info ] [ PARAM ] array (
)
---------------------------------------------------------------
[ 2021-04-19T22:38:24+08:00 ] 45.155.205.211 POST 113.90.220.232:8081/service/extdirect
[运行时间：0.003609s] [吞吐率：277.09req/s] [内存消耗：469.13kb] [文件加载：75]
[ info ] [ LANG ] /var/www/html/compmgmt/thinkphp/lang/zh-cn.php
[ info ] [ LANG ] /var/www/html/compmgmt/application/lang/zh-cn.php
[ info ] [ ROUTE ] array (
)
[ info ] [ HEADER ] array (
  'host' => '113.90.220.232:8081',
  'user-agent' => 'Mozilla/5.0 (Windows NT 10.0; Win64; x64) AppleWebKit/537.36 (KHTML, like Gecko) Chrome/78.0.3904.108 Safari/537.36',
  'content-length' => '293',
  'content-type' => 'application/json',
  'accept-encoding' => 'gzip',
  'connection' => 'close',
)
[ info ] [ PARAM ] array (
  '/service/extdirect' => '',
  'action' => 'coreui_Component',
  'data' => 
  array (
    0 => 
    array (
      'filter' => 
      array (
        0 => 
        array (
          'property' => 'repositoryName',
          'value' => '*',
        ),
        1 => 
        array (
          'property' => 'expression',
          'value' => '1==1',
        ),
        2 => 
        array (
          'property' => 'type',
          'value' => 'jexl',
        ),
      ),
      'limit' => '50',
      'page' => '1',
      'sort' => 
      array (
        0 => 
        array (
          'direction' => 'ASC',
          'property' => 'name',
        ),
      ),
      'start' => '0',
    ),
  ),
  'method' => 'previewAssets',
  'tid' => '18',
  'type' => 'rpc',
)
---------------------------------------------------------------
[ 2021-04-19T22:38:24+08:00 ] 45.155.205.211 GET 113.90.220.232:8081/jars
[运行时间：0.002990s] [吞吐率：334.45req/s] [内存消耗：497.22kb] [文件加载：76]
[ info ] [ LANG ] /var/www/html/compmgmt/thinkphp/lang/zh-cn.php
[ info ] [ LANG ] /var/www/html/compmgmt/application/lang/zh-cn.php
[ info ] [ ROUTE ] array (
)
[ info ] [ HEADER ] array (
  'host' => '113.90.220.232:8081',
  'user-agent' => 'Mozilla/5.0 (Windows NT 10.0; Win64; x64) AppleWebKit/537.36 (KHTML, like Gecko) Chrome/78.0.3904.108 Safari/537.36',
  'content-type' => 'application/json',
  'accept-encoding' => 'gzip',
  'connection' => 'close',
)
[ info ] [ PARAM ] array (
  '/jars' => '',
)
---------------------------------------------------------------
[ 2021-04-19T22:38:25+08:00 ] 45.155.205.211 GET 113.90.220.232:8081/padmin/adminlogin/index.html
[运行时间：0.002955s] [吞吐率：338.39req/s] [内存消耗：486.55kb] [文件加载：74]
[ info ] [ LANG ] /var/www/html/compmgmt/thinkphp/lang/zh-cn.php
[ info ] [ LANG ] /var/www/html/compmgmt/application/lang/zh-cn.php
[ info ] [ ROUTE ] array (
)
[ info ] [ HEADER ] array (
  'host' => '113.90.220.232:8081',
  'user-agent' => 'Mozilla/5.0 (Windows NT 10.0; Win64; x64) AppleWebKit/537.36 (KHTML, like Gecko) Chrome/78.0.3904.108 Safari/537.36',
  'content-type' => 'application/json',
  'referer' => 'http://113.90.220.232:8081/jars',
  'accept-encoding' => 'gzip',
  'connection' => 'close',
)
[ info ] [ PARAM ] array (
  '/padmin/adminlogin/index_html' => '',
)
[ info ] [ VIEW ] /var/www/html/compmgmt/application/padmin/view/index/login.html [ array (
  0 => 'title',
) ]
---------------------------------------------------------------
[ 2021-04-19T22:38:25+08:00 ] 45.155.205.211 GET 113.90.220.232:8081/padmin/adminlogin/index.html
[运行时间：0.002973s] [吞吐率：336.35req/s] [内存消耗：486.88kb] [文件加载：74]
[ info ] [ LANG ] /var/www/html/compmgmt/thinkphp/lang/zh-cn.php
[ info ] [ LANG ] /var/www/html/compmgmt/application/lang/zh-cn.php
[ info ] [ ROUTE ] array (
)
[ info ] [ HEADER ] array (
  'host' => '113.90.220.232:8081',
  'user-agent' => 'Mozilla/5.0 (Windows NT 10.0; Win64; x64) AppleWebKit/537.36 (KHTML, like Gecko) Chrome/78.0.3904.108 Safari/537.36',
  'authorization' => 'Basic YWRtaW46cGFzcw==',
  'content-type' => 'application/json',
  'referer' => 'http://113.90.220.232:8081/',
  'accept-encoding' => 'gzip',
  'connection' => 'close',
)
[ info ] [ PARAM ] array (
  '/padmin/adminlogin/index_html' => '',
)
[ info ] [ VIEW ] /var/www/html/compmgmt/application/padmin/view/index/login.html [ array (
  0 => 'title',
) ]
---------------------------------------------------------------
[ 2021-04-19T22:55:12+08:00 ] 64.227.15.139 GET 113.90.220.232:8081/login
[运行时间：0.057366s] [吞吐率：17.43req/s] [内存消耗：477.39kb] [文件加载：78]
[ info ] [ LANG ] /var/www/html/compmgmt/thinkphp/lang/zh-cn.php
[ info ] [ LANG ] /var/www/html/compmgmt/application/lang/zh-cn.php
[ info ] [ LANG ] /var/www/html/compmgmt/application/index//lang/zh-cn.php
[ info ] [ ROUTE ] array (
  'rule' => 'login',
  'route' => 'index/user/logininfo',
  'option' => 
  array (
    'merge_rule_regex' => false,
  ),
  'var' => 
  array (
  ),
)
[ info ] [ HEADER ] array (
  'host' => '113.90.220.232:8081',
  'user-agent' => 'Mozilla/5.0 (Macintosh; Intel Mac OS X 10.14; rv:78.0) Gecko/20100101 Firefox/78.0',
  'content-length' => '1',
  'accept' => '*/*',
  'accept-language' => 'en-US,en;q=0.5',
  'accept-encoding' => 'gzip',
)
[ info ] [ PARAM ] array (
  '/login' => '',
)
[ error ] [0]致命错误: Class 'app\service\SystemService' not found[/var/www/html/compmgmt/application/index/controller/Common.php:54]
---------------------------------------------------------------
[ 2021-04-19T22:55:12+08:00 ] 64.227.15.139 GET 113.90.220.232:8081/jenkins/login
[运行时间：0.003355s] [吞吐率：298.06req/s] [内存消耗：468.27kb] [文件加载：75]
[ info ] [ LANG ] /var/www/html/compmgmt/thinkphp/lang/zh-cn.php
[ info ] [ LANG ] /var/www/html/compmgmt/application/lang/zh-cn.php
[ info ] [ ROUTE ] array (
)
[ info ] [ HEADER ] array (
  'host' => '113.90.220.232:8081',
  'user-agent' => 'Mozilla/5.0 (Macintosh; Intel Mac OS X 10.14; rv:78.0) Gecko/20100101 Firefox/78.0',
  'content-length' => '1',
  'accept' => '*/*',
  'accept-language' => 'en-US,en;q=0.5',
  'accept-encoding' => 'gzip',
)
[ info ] [ PARAM ] array (
  '/jenkins/login' => '',
)
---------------------------------------------------------------
[ 2021-04-19T22:55:13+08:00 ] 64.227.15.139 GET 113.90.220.232:8081/
[运行时间：0.002660s] [吞吐率：375.93req/s] [内存消耗：489.77kb] [文件加载：75]
[ info ] [ LANG ] /var/www/html/compmgmt/thinkphp/lang/zh-cn.php
[ info ] [ LANG ] /var/www/html/compmgmt/application/lang/zh-cn.php
[ info ] [ ROUTE ] array (
  'rule' => '',
  'route' => 'index/index',
  'option' => 
  array (
    'merge_rule_regex' => false,
    'complete_match' => true,
  ),
  'var' => 
  array (
  ),
)
[ info ] [ HEADER ] array (
  'host' => '113.90.220.232:8081',
  'user-agent' => 'Mozilla/5.0 (Macintosh; Intel Mac OS X 10.14; rv:78.0) Gecko/20100101 Firefox/78.0',
  'content-length' => '1',
  'accept' => '*/*',
  'accept-language' => 'en-US,en;q=0.5',
  'accept-encoding' => 'gzip',
)
[ info ] [ PARAM ] array (
)
---------------------------------------------------------------
[ 2021-04-19T22:55:14+08:00 ] 64.227.15.139 GET 113.90.220.232:8081/padmin/adminlogin/index.html
[运行时间：0.002629s] [吞吐率：380.37req/s] [内存消耗：486.47kb] [文件加载：74]
[ info ] [ LANG ] /var/www/html/compmgmt/thinkphp/lang/zh-cn.php
[ info ] [ LANG ] /var/www/html/compmgmt/application/lang/zh-cn.php
[ info ] [ ROUTE ] array (
)
[ info ] [ HEADER ] array (
  'host' => '113.90.220.232:8081',
  'user-agent' => 'Mozilla/5.0 (Macintosh; Intel Mac OS X 10.14; rv:78.0) Gecko/20100101 Firefox/78.0',
  'accept' => '*/*',
  'accept-language' => 'en-US,en;q=0.5',
  'cookie' => 'PHPSESSID=v9t8jl5lnrh3jm6u8lge23mugs',
  'referer' => 'http://113.90.220.232:8081/',
  'accept-encoding' => 'gzip',
)
[ info ] [ PARAM ] array (
  '/padmin/adminlogin/index_html' => '',
)
[ info ] [ VIEW ] /var/www/html/compmgmt/application/padmin/view/index/login.html [ array (
  0 => 'title',
) ]
---------------------------------------------------------------
[ 2021-04-19T22:55:18+08:00 ] 64.227.15.139 GET 113.90.220.232:8081/manager/html
[运行时间：0.005199s] [吞吐率：192.35req/s] [内存消耗：468.49kb] [文件加载：75]
[ info ] [ LANG ] /var/www/html/compmgmt/thinkphp/lang/zh-cn.php
[ info ] [ LANG ] /var/www/html/compmgmt/application/lang/zh-cn.php
[ info ] [ ROUTE ] array (
)
[ info ] [ HEADER ] array (
  'host' => '113.90.220.232:8081',
  'user-agent' => 'Mozilla/5.0 (Macintosh; Intel Mac OS X 10.14; rv:78.0) Gecko/20100101 Firefox/78.0',
  'content-length' => '1',
  'accept' => '*/*',
  'accept-language' => 'en-US,en;q=0.5',
  'authorization' => 'Basic OGhZVFNVRms6OGhZVFNVRms=',
  'accept-encoding' => 'gzip',
)
[ info ] [ PARAM ] array (
  '/manager/html' => '',
)
