---------------------------------------------------------------
[ 2020-07-19T00:42:46+08:00 ] 195.54.160.21 POST 113.104.217.126:8081/service/extdirect
[运行时间：0.010661s] [吞吐率：93.80req/s] [内存消耗：469.13kb] [文件加载：75]
[ info ] [ LANG ] /var/www/html/compmgmt/thinkphp/lang/zh-cn.php
[ info ] [ LANG ] /var/www/html/compmgmt/application/lang/zh-cn.php
[ info ] [ ROUTE ] array (
)
[ info ] [ HEADER ] array (
  'host' => '113.104.217.126:8081',
  'user-agent' => 'Mozilla/5.0 (Windows NT 10.0; Win64; x64) AppleWebKit/537.36 (KHTML, like Gecko) Chrome/78.0.3904.108 Safari/537.36',
  'content-length' => '293',
  'content-type' => 'application/json',
  'accept-encoding' => 'gzip',
  'connection' => 'close',
)
[ info ] [ PARAM ] array (
  '/service/extdirect' => '',
  'action' => 'coreui_Component',
  'data' => 
  array (
    0 => 
    array (
      'filter' => 
      array (
        0 => 
        array (
          'property' => 'repositoryName',
          'value' => '*',
        ),
        1 => 
        array (
          'property' => 'expression',
          'value' => '1==1',
        ),
        2 => 
        array (
          'property' => 'type',
          'value' => 'jexl',
        ),
      ),
      'limit' => '50',
      'page' => '1',
      'sort' => 
      array (
        0 => 
        array (
          'direction' => 'ASC',
          'property' => 'name',
        ),
      ),
      'start' => '0',
    ),
  ),
  'method' => 'previewAssets',
  'tid' => '18',
  'type' => 'rpc',
)
---------------------------------------------------------------
[ 2020-07-19T01:37:10+08:00 ] 195.54.160.21 GET 113.104.217.126:8081/jars
[运行时间：0.009215s] [吞吐率：108.52req/s] [内存消耗：497.22kb] [文件加载：76]
[ info ] [ LANG ] /var/www/html/compmgmt/thinkphp/lang/zh-cn.php
[ info ] [ LANG ] /var/www/html/compmgmt/application/lang/zh-cn.php
[ info ] [ ROUTE ] array (
)
[ info ] [ HEADER ] array (
  'host' => '113.104.217.126:8081',
  'user-agent' => 'Mozilla/5.0 (Windows NT 10.0; Win64; x64) AppleWebKit/537.36 (KHTML, like Gecko) Chrome/78.0.3904.108 Safari/537.36',
  'content-type' => 'application/json',
  'accept-encoding' => 'gzip',
  'connection' => 'close',
)
[ info ] [ PARAM ] array (
  '/jars' => '',
)
---------------------------------------------------------------
[ 2020-07-19T01:37:12+08:00 ] 195.54.160.21 GET 113.104.217.126:8081/
[运行时间：0.005853s] [吞吐率：170.85req/s] [内存消耗：489.99kb] [文件加载：75]
[ info ] [ LANG ] /var/www/html/compmgmt/thinkphp/lang/zh-cn.php
[ info ] [ LANG ] /var/www/html/compmgmt/application/lang/zh-cn.php
[ info ] [ ROUTE ] array (
  'rule' => '',
  'route' => 'index/index',
  'option' => 
  array (
    'merge_rule_regex' => false,
    'complete_match' => true,
  ),
  'var' => 
  array (
  ),
)
[ info ] [ HEADER ] array (
  'host' => '113.104.217.126:8081',
  'user-agent' => 'Mozilla/5.0 (Windows NT 10.0; Win64; x64) AppleWebKit/537.36 (KHTML, like Gecko) Chrome/78.0.3904.108 Safari/537.36',
  'authorization' => 'Basic YWRtaW46cGFzcw==',
  'content-type' => 'application/json',
  'accept-encoding' => 'gzip',
  'connection' => 'close',
)
[ info ] [ PARAM ] array (
)
---------------------------------------------------------------
[ 2020-07-19T01:37:12+08:00 ] 195.54.160.21 GET 113.104.217.126:8081/padmin/adminlogin/index.html
[运行时间：0.008356s] [吞吐率：119.67req/s] [内存消耗：486.88kb] [文件加载：74]
[ info ] [ LANG ] /var/www/html/compmgmt/thinkphp/lang/zh-cn.php
[ info ] [ LANG ] /var/www/html/compmgmt/application/lang/zh-cn.php
[ info ] [ ROUTE ] array (
)
[ info ] [ HEADER ] array (
  'host' => '113.104.217.126:8081',
  'user-agent' => 'Mozilla/5.0 (Windows NT 10.0; Win64; x64) AppleWebKit/537.36 (KHTML, like Gecko) Chrome/78.0.3904.108 Safari/537.36',
  'authorization' => 'Basic YWRtaW46cGFzcw==',
  'content-type' => 'application/json',
  'referer' => 'http://113.104.217.126:8081/',
  'accept-encoding' => 'gzip',
  'connection' => 'close',
)
[ info ] [ PARAM ] array (
  '/padmin/adminlogin/index_html' => '',
)
[ info ] [ VIEW ] /var/www/html/compmgmt/application/padmin/view/index/login.html [ array (
  0 => 'title',
) ]
---------------------------------------------------------------
[ 2020-07-19T01:37:18+08:00 ] 195.54.160.21 GET 113.104.217.126:8081/padmin/adminlogin/index.html
[运行时间：0.008305s] [吞吐率：120.41req/s] [内存消耗：486.55kb] [文件加载：74]
[ info ] [ LANG ] /var/www/html/compmgmt/thinkphp/lang/zh-cn.php
[ info ] [ LANG ] /var/www/html/compmgmt/application/lang/zh-cn.php
[ info ] [ ROUTE ] array (
)
[ info ] [ HEADER ] array (
  'host' => '113.104.217.126:8081',
  'user-agent' => 'Mozilla/5.0 (Windows NT 10.0; Win64; x64) AppleWebKit/537.36 (KHTML, like Gecko) Chrome/78.0.3904.108 Safari/537.36',
  'content-type' => 'application/json',
  'referer' => 'http://113.104.217.126:8081/jars',
  'accept-encoding' => 'gzip',
  'connection' => 'close',
)
[ info ] [ PARAM ] array (
  '/padmin/adminlogin/index_html' => '',
)
[ info ] [ VIEW ] /var/www/html/compmgmt/application/padmin/view/index/login.html [ array (
  0 => 'title',
) ]
---------------------------------------------------------------
[ 2020-07-19T03:30:25+08:00 ] 128.14.133.58 GET 113.104.217.126:8081/login
[运行时间：0.080695s] [吞吐率：12.39req/s] [内存消耗：476.35kb] [文件加载：78]
[ info ] [ LANG ] /var/www/html/compmgmt/thinkphp/lang/zh-cn.php
[ info ] [ LANG ] /var/www/html/compmgmt/application/lang/zh-cn.php
[ info ] [ LANG ] /var/www/html/compmgmt/application/index//lang/zh-cn.php
[ info ] [ ROUTE ] array (
  'rule' => 'login',
  'route' => 'index/user/logininfo',
  'option' => 
  array (
    'merge_rule_regex' => false,
  ),
  'var' => 
  array (
  ),
)
[ info ] [ HEADER ] array (
  'host' => '113.104.217.126:8081',
  'user-agent' => 'Mozilla/5.0 (Windows NT 10.0; Win64; x64) AppleWebKit/537.36 (KHTML, like Gecko) Chrome/60.0.3112.113 Safari/537.36',
  'accept' => '*/*',
  'accept-encoding' => 'gzip',
)
[ info ] [ PARAM ] array (
  '/login' => '',
)
[ error ] [0]致命错误: Class 'app\service\SystemService' not found[/var/www/html/compmgmt/application/index/controller/Common.php:54]
---------------------------------------------------------------
[ 2020-07-19T13:01:30+08:00 ] 139.162.69.42 GET 113.91.249.103:8081/
[运行时间：0.013033s] [吞吐率：76.73req/s] [内存消耗：489.45kb] [文件加载：75]
[ info ] [ LANG ] /var/www/html/compmgmt/thinkphp/lang/zh-cn.php
[ info ] [ LANG ] /var/www/html/compmgmt/application/lang/zh-cn.php
[ info ] [ ROUTE ] array (
  'rule' => '',
  'route' => 'index/index',
  'option' => 
  array (
    'merge_rule_regex' => false,
    'complete_match' => true,
  ),
  'var' => 
  array (
  ),
)
[ info ] [ HEADER ] array (
  'host' => '113.91.249.103:8081',
  'user-agent' => 'Mozilla/5.0 AppleWebKit/537.36 (KHTML, like Gecko) Mobile Safari/537.36 (compatible; Bytespider; https://zhanzhang.toutiao.com/)',
  'connection' => 'close',
)
[ info ] [ PARAM ] array (
)
---------------------------------------------------------------
[ 2020-07-19T13:01:30+08:00 ] 139.162.69.42 GET 113.91.249.103:8081/padmin/adminlogin/index.html
[运行时间：0.010777s] [吞吐率：92.79req/s] [内存消耗：486.21kb] [文件加载：74]
[ info ] [ LANG ] /var/www/html/compmgmt/thinkphp/lang/zh-cn.php
[ info ] [ LANG ] /var/www/html/compmgmt/application/lang/zh-cn.php
[ info ] [ ROUTE ] array (
)
[ info ] [ HEADER ] array (
  'host' => '113.91.249.103:8081',
  'user-agent' => 'Mozilla/5.0 AppleWebKit/537.36 (KHTML, like Gecko) Mobile Safari/537.36 (compatible; Bytespider; https://zhanzhang.toutiao.com/)',
  'referer' => 'http://113.91.249.103:8081/',
  'connection' => 'close',
)
[ info ] [ PARAM ] array (
  '/padmin/adminlogin/index_html' => '',
)
[ info ] [ VIEW ] /var/www/html/compmgmt/application/padmin/view/index/login.html [ array (
  0 => 'title',
) ]
---------------------------------------------------------------
[ 2020-07-19T16:22:22+08:00 ] 195.54.160.21 GET 113.91.249.103:8081/jars
[运行时间：0.226144s] [吞吐率：4.42req/s] [内存消耗：827.88kb] [文件加载：76]
[ info ] [ LANG ] /var/www/html/compmgmt/thinkphp/lang/zh-cn.php
[ info ] [ LANG ] /var/www/html/compmgmt/application/lang/zh-cn.php
[ info ] [ ROUTE ] array (
)
[ info ] [ HEADER ] array (
  'host' => '113.91.249.103:8081',
  'user-agent' => 'Mozilla/5.0 (Windows NT 10.0; Win64; x64) AppleWebKit/537.36 (KHTML, like Gecko) Chrome/78.0.3904.108 Safari/537.36',
  'content-type' => 'application/json',
  'accept-encoding' => 'gzip',
  'connection' => 'close',
)
[ info ] [ PARAM ] array (
  '/jars' => '',
)
---------------------------------------------------------------
[ 2020-07-19T16:22:22+08:00 ] 195.54.160.21 POST 113.91.249.103:8081/service/extdirect
[运行时间：0.191124s] [吞吐率：5.23req/s] [内存消耗：1,577.01kb] [文件加载：75]
[ info ] [ LANG ] /var/www/html/compmgmt/thinkphp/lang/zh-cn.php
[ info ] [ LANG ] /var/www/html/compmgmt/application/lang/zh-cn.php
[ info ] [ ROUTE ] array (
)
[ info ] [ HEADER ] array (
  'host' => '113.91.249.103:8081',
  'user-agent' => 'Mozilla/5.0 (Windows NT 10.0; Win64; x64) AppleWebKit/537.36 (KHTML, like Gecko) Chrome/78.0.3904.108 Safari/537.36',
  'content-length' => '293',
  'content-type' => 'application/json',
  'accept-encoding' => 'gzip',
  'connection' => 'close',
)
[ info ] [ PARAM ] array (
  '/service/extdirect' => '',
  'action' => 'coreui_Component',
  'data' => 
  array (
    0 => 
    array (
      'filter' => 
      array (
        0 => 
        array (
          'property' => 'repositoryName',
          'value' => '*',
        ),
        1 => 
        array (
          'property' => 'expression',
          'value' => '1==1',
        ),
        2 => 
        array (
          'property' => 'type',
          'value' => 'jexl',
        ),
      ),
      'limit' => '50',
      'page' => '1',
      'sort' => 
      array (
        0 => 
        array (
          'direction' => 'ASC',
          'property' => 'name',
        ),
      ),
      'start' => '0',
    ),
  ),
  'method' => 'previewAssets',
  'tid' => '18',
  'type' => 'rpc',
)
---------------------------------------------------------------
[ 2020-07-19T16:22:22+08:00 ] 195.54.160.21 GET 113.91.249.103:8081/
[运行时间：0.030738s] [吞吐率：32.53req/s] [内存消耗：490.89kb] [文件加载：75]
[ info ] [ LANG ] /var/www/html/compmgmt/thinkphp/lang/zh-cn.php
[ info ] [ LANG ] /var/www/html/compmgmt/application/lang/zh-cn.php
[ info ] [ ROUTE ] array (
  'rule' => '',
  'route' => 'index/index',
  'option' => 
  array (
    'merge_rule_regex' => false,
    'complete_match' => true,
  ),
  'var' => 
  array (
  ),
)
[ info ] [ HEADER ] array (
  'host' => '113.91.249.103:8081',
  'user-agent' => 'Mozilla/5.0 (Windows NT 10.0; Win64; x64) AppleWebKit/537.36 (KHTML, like Gecko) Chrome/78.0.3904.108 Safari/537.36',
  'authorization' => 'Basic YWRtaW46cGFzcw==',
  'content-type' => 'application/json',
  'accept-encoding' => 'gzip',
  'connection' => 'close',
)
[ info ] [ PARAM ] array (
)
---------------------------------------------------------------
[ 2020-07-19T16:22:22+08:00 ] 195.54.160.21 GET 113.91.249.103:8081/padmin/adminlogin/index.html
[运行时间：0.029908s] [吞吐率：33.44req/s] [内存消耗：488.65kb] [文件加载：74]
[ info ] [ LANG ] /var/www/html/compmgmt/thinkphp/lang/zh-cn.php
[ info ] [ LANG ] /var/www/html/compmgmt/application/lang/zh-cn.php
[ info ] [ ROUTE ] array (
)
[ info ] [ HEADER ] array (
  'host' => '113.91.249.103:8081',
  'user-agent' => 'Mozilla/5.0 (Windows NT 10.0; Win64; x64) AppleWebKit/537.36 (KHTML, like Gecko) Chrome/78.0.3904.108 Safari/537.36',
  'content-type' => 'application/json',
  'referer' => 'http://113.91.249.103:8081/jars',
  'accept-encoding' => 'gzip',
  'connection' => 'close',
)
[ info ] [ PARAM ] array (
  '/padmin/adminlogin/index_html' => '',
)
[ info ] [ VIEW ] /var/www/html/compmgmt/application/padmin/view/index/login.html [ array (
  0 => 'title',
) ]
---------------------------------------------------------------
[ 2020-07-19T16:22:23+08:00 ] 195.54.160.21 GET 113.91.249.103:8081/padmin/adminlogin/index.html
[运行时间：0.025094s] [吞吐率：39.85req/s] [内存消耗：487.78kb] [文件加载：74]
[ info ] [ LANG ] /var/www/html/compmgmt/thinkphp/lang/zh-cn.php
[ info ] [ LANG ] /var/www/html/compmgmt/application/lang/zh-cn.php
[ info ] [ ROUTE ] array (
)
[ info ] [ HEADER ] array (
  'host' => '113.91.249.103:8081',
  'user-agent' => 'Mozilla/5.0 (Windows NT 10.0; Win64; x64) AppleWebKit/537.36 (KHTML, like Gecko) Chrome/78.0.3904.108 Safari/537.36',
  'authorization' => 'Basic YWRtaW46cGFzcw==',
  'content-type' => 'application/json',
  'referer' => 'http://113.91.249.103:8081/',
  'accept-encoding' => 'gzip',
  'connection' => 'close',
)
[ info ] [ PARAM ] array (
  '/padmin/adminlogin/index_html' => '',
)
[ info ] [ VIEW ] /var/www/html/compmgmt/application/padmin/view/index/login.html [ array (
  0 => 'title',
) ]
---------------------------------------------------------------
[ 2020-07-19T21:11:52+08:00 ] 60.191.125.35 HEAD 112.124.42.80:63435http://112.124.42.80:63435/
[运行时间：0.026973s] [吞吐率：37.07req/s] [内存消耗：492.75kb] [文件加载：76]
[ info ] [ LANG ] /var/www/html/compmgmt/thinkphp/lang/zh-cn.php
[ info ] [ LANG ] /var/www/html/compmgmt/application/lang/zh-cn.php
[ info ] [ ROUTE ] array (
)
[ info ] [ HEADER ] array (
  'accept-encoding' => 'gzip',
  'user-agent' => 'Mozilla/5.0 (Macintosh; Intel Mac OS X 10_11_6) AppleWebKit/537.36 (KHTML, like Gecko) Chrome/53.0.2785.143 Safari/537.36',
  'bs_real_ip' => 'TmpBdU1Ua3hMalV5TGpJMU5Dd3hNVEl1TVRjdU1USTFMakU0TUE9PQ==',
  'host' => '112.124.42.80:63435',
  'accept' => 'text/html, image/gif, image/jpeg, *; q=.2, */*; q=.2',
  'proxy-connection' => 'keep-alive',
)
[ info ] [ PARAM ] array (
)
---------------------------------------------------------------
[ 2020-07-19T21:11:52+08:00 ] 60.191.125.35 GET 112.124.42.80:63435http://112.124.42.80:63435/padmin/adminlogin/index.html
[运行时间：0.007323s] [吞吐率：136.56req/s] [内存消耗：486.93kb] [文件加载：74]
[ info ] [ LANG ] /var/www/html/compmgmt/thinkphp/lang/zh-cn.php
[ info ] [ LANG ] /var/www/html/compmgmt/application/lang/zh-cn.php
[ info ] [ ROUTE ] array (
)
[ info ] [ HEADER ] array (
  'cookie' => 'PHPSESSID=70r8kag2piafeti6lu6d50opk4',
  'accept-encoding' => 'gzip',
  'user-agent' => 'Mozilla/5.0 (Macintosh; Intel Mac OS X 10_11_6) AppleWebKit/537.36 (KHTML, like Gecko) Chrome/53.0.2785.143 Safari/537.36',
  'bs_real_ip' => 'TmpBdU1Ua3hMalV5TGpJMU5Dd3hNVEl1TVRjdU1USTFMakU0TUE9PQ==',
  'host' => '112.124.42.80:63435',
  'accept' => 'text/html, image/gif, image/jpeg, *; q=.2, */*; q=.2',
  'proxy-connection' => 'keep-alive',
)
[ info ] [ PARAM ] array (
  '/padmin/adminlogin/index_html' => '',
)
[ info ] [ VIEW ] /var/www/html/compmgmt/application/padmin/view/index/login.html [ array (
  0 => 'title',
) ]
---------------------------------------------------------------
[ 2020-07-19T22:14:56+08:00 ] 195.54.160.21 GET 113.91.249.103:8081/
[运行时间：0.033578s] [吞吐率：29.78req/s] [内存消耗：490.89kb] [文件加载：75]
[ info ] [ LANG ] /var/www/html/compmgmt/thinkphp/lang/zh-cn.php
[ info ] [ LANG ] /var/www/html/compmgmt/application/lang/zh-cn.php
[ info ] [ ROUTE ] array (
  'rule' => '',
  'route' => 'index/index',
  'option' => 
  array (
    'merge_rule_regex' => false,
    'complete_match' => true,
  ),
  'var' => 
  array (
  ),
)
[ info ] [ HEADER ] array (
  'host' => '113.91.249.103:8081',
  'user-agent' => 'Mozilla/5.0 (Windows NT 10.0; Win64; x64) AppleWebKit/537.36 (KHTML, like Gecko) Chrome/78.0.3904.108 Safari/537.36',
  'authorization' => 'Basic YWRtaW46cGFzcw==',
  'content-type' => 'application/json',
  'accept-encoding' => 'gzip',
  'connection' => 'close',
)
[ info ] [ PARAM ] array (
)
---------------------------------------------------------------
[ 2020-07-19T22:14:59+08:00 ] 195.54.160.21 POST 113.91.249.103:8081/service/extdirect
[运行时间：0.011257s] [吞吐率：88.83req/s] [内存消耗：469.13kb] [文件加载：75]
[ info ] [ LANG ] /var/www/html/compmgmt/thinkphp/lang/zh-cn.php
[ info ] [ LANG ] /var/www/html/compmgmt/application/lang/zh-cn.php
[ info ] [ ROUTE ] array (
)
[ info ] [ HEADER ] array (
  'host' => '113.91.249.103:8081',
  'user-agent' => 'Mozilla/5.0 (Windows NT 10.0; Win64; x64) AppleWebKit/537.36 (KHTML, like Gecko) Chrome/78.0.3904.108 Safari/537.36',
  'content-length' => '293',
  'content-type' => 'application/json',
  'accept-encoding' => 'gzip',
  'connection' => 'close',
)
[ info ] [ PARAM ] array (
  '/service/extdirect' => '',
  'action' => 'coreui_Component',
  'data' => 
  array (
    0 => 
    array (
      'filter' => 
      array (
        0 => 
        array (
          'property' => 'repositoryName',
          'value' => '*',
        ),
        1 => 
        array (
          'property' => 'expression',
          'value' => '1==1',
        ),
        2 => 
        array (
          'property' => 'type',
          'value' => 'jexl',
        ),
      ),
      'limit' => '50',
      'page' => '1',
      'sort' => 
      array (
        0 => 
        array (
          'direction' => 'ASC',
          'property' => 'name',
        ),
      ),
      'start' => '0',
    ),
  ),
  'method' => 'previewAssets',
  'tid' => '18',
  'type' => 'rpc',
)
---------------------------------------------------------------
[ 2020-07-19T22:15:00+08:00 ] 195.54.160.21 GET 113.91.249.103:8081/jars
[运行时间：0.006484s] [吞吐率：154.23req/s] [内存消耗：497.22kb] [文件加载：76]
[ info ] [ LANG ] /var/www/html/compmgmt/thinkphp/lang/zh-cn.php
[ info ] [ LANG ] /var/www/html/compmgmt/application/lang/zh-cn.php
[ info ] [ ROUTE ] array (
)
[ info ] [ HEADER ] array (
  'host' => '113.91.249.103:8081',
  'user-agent' => 'Mozilla/5.0 (Windows NT 10.0; Win64; x64) AppleWebKit/537.36 (KHTML, like Gecko) Chrome/78.0.3904.108 Safari/537.36',
  'content-type' => 'application/json',
  'accept-encoding' => 'gzip',
  'connection' => 'close',
)
[ info ] [ PARAM ] array (
  '/jars' => '',
)
---------------------------------------------------------------
[ 2020-07-19T22:15:00+08:00 ] 195.54.160.21 GET 113.91.249.103:8081/padmin/adminlogin/index.html
[运行时间：0.007302s] [吞吐率：136.95req/s] [内存消耗：486.88kb] [文件加载：74]
[ info ] [ LANG ] /var/www/html/compmgmt/thinkphp/lang/zh-cn.php
[ info ] [ LANG ] /var/www/html/compmgmt/application/lang/zh-cn.php
[ info ] [ ROUTE ] array (
)
[ info ] [ HEADER ] array (
  'host' => '113.91.249.103:8081',
  'user-agent' => 'Mozilla/5.0 (Windows NT 10.0; Win64; x64) AppleWebKit/537.36 (KHTML, like Gecko) Chrome/78.0.3904.108 Safari/537.36',
  'authorization' => 'Basic YWRtaW46cGFzcw==',
  'content-type' => 'application/json',
  'referer' => 'http://113.91.249.103:8081/',
  'accept-encoding' => 'gzip',
  'connection' => 'close',
)
[ info ] [ PARAM ] array (
  '/padmin/adminlogin/index_html' => '',
)
[ info ] [ VIEW ] /var/www/html/compmgmt/application/padmin/view/index/login.html [ array (
  0 => 'title',
) ]
---------------------------------------------------------------
[ 2020-07-19T22:15:00+08:00 ] 195.54.160.21 GET 113.91.249.103:8081/padmin/adminlogin/index.html
[运行时间：0.007025s] [吞吐率：142.35req/s] [内存消耗：486.55kb] [文件加载：74]
[ info ] [ LANG ] /var/www/html/compmgmt/thinkphp/lang/zh-cn.php
[ info ] [ LANG ] /var/www/html/compmgmt/application/lang/zh-cn.php
[ info ] [ ROUTE ] array (
)
[ info ] [ HEADER ] array (
  'host' => '113.91.249.103:8081',
  'user-agent' => 'Mozilla/5.0 (Windows NT 10.0; Win64; x64) AppleWebKit/537.36 (KHTML, like Gecko) Chrome/78.0.3904.108 Safari/537.36',
  'content-type' => 'application/json',
  'referer' => 'http://113.91.249.103:8081/jars',
  'accept-encoding' => 'gzip',
  'connection' => 'close',
)
[ info ] [ PARAM ] array (
  '/padmin/adminlogin/index_html' => '',
)
[ info ] [ VIEW ] /var/www/html/compmgmt/application/padmin/view/index/login.html [ array (
  0 => 'title',
) ]
