---------------------------------------------------------------
[ 2021-06-03T01:49:21+08:00 ] 106.75.211.111 GET www.qq.comhttp://www.qq.com/404/search_children.js
[运行时间：0.145171s] [吞吐率：6.89req/s] [内存消耗：467.84kb] [文件加载：75]
[ info ] [ LANG ] /var/www/html/compmgmt/thinkphp/lang/zh-cn.php
[ info ] [ LANG ] /var/www/html/compmgmt/application/lang/zh-cn.php
[ info ] [ ROUTE ] array (
)
[ info ] [ HEADER ] array (
  'host' => 'www.qq.com',
  'accept' => '*/*',
  'pragma' => 'no-cache',
  'user-agent' => 'Mozilla/5.0 (X11; Linux x86_64) AppleWebKit/537.36 (KHTML, like Gecko) Chrome/35.0.1916.114 Safari/537.36',
)
[ info ] [ PARAM ] array (
  '/404/search_children_js' => '',
)
---------------------------------------------------------------
[ 2021-06-03T02:22:30+08:00 ] 167.248.133.56 GET 113.91.248.36:8081/
[运行时间：0.015146s] [吞吐率：66.02req/s] [内存消耗：488.52kb] [文件加载：75]
[ info ] [ LANG ] /var/www/html/compmgmt/thinkphp/lang/zh-cn.php
[ info ] [ LANG ] /var/www/html/compmgmt/application/lang/zh-cn.php
[ info ] [ ROUTE ] array (
  'rule' => '',
  'route' => 'index/index',
  'option' => 
  array (
    'merge_rule_regex' => false,
    'complete_match' => true,
  ),
  'var' => 
  array (
  ),
)
[ info ] [ HEADER ] array (
  'host' => '113.91.248.36:8081',
)
[ info ] [ PARAM ] array (
)
---------------------------------------------------------------
[ 2021-06-03T02:22:30+08:00 ] 167.248.133.56 GET 113.91.248.36:8081/
[运行时间：0.003171s] [吞吐率：315.36req/s] [内存消耗：489.27kb] [文件加载：75]
[ info ] [ LANG ] /var/www/html/compmgmt/thinkphp/lang/zh-cn.php
[ info ] [ LANG ] /var/www/html/compmgmt/application/lang/zh-cn.php
[ info ] [ ROUTE ] array (
  'rule' => '',
  'route' => 'index/index',
  'option' => 
  array (
    'merge_rule_regex' => false,
    'complete_match' => true,
  ),
  'var' => 
  array (
  ),
)
[ info ] [ HEADER ] array (
  'host' => '113.91.248.36:8081',
  'user-agent' => 'Mozilla/5.0 (compatible; CensysInspect/1.1; +https://about.censys.io/)',
  'accept' => '*/*',
  'accept-encoding' => 'gzip',
)
[ info ] [ PARAM ] array (
)
---------------------------------------------------------------
[ 2021-06-03T02:22:31+08:00 ] 167.248.133.56 GET 113.91.248.36:8081/padmin/adminlogin/index.html
[运行时间：0.022259s] [吞吐率：44.93req/s] [内存消耗：485.84kb] [文件加载：74]
[ info ] [ LANG ] /var/www/html/compmgmt/thinkphp/lang/zh-cn.php
[ info ] [ LANG ] /var/www/html/compmgmt/application/lang/zh-cn.php
[ info ] [ ROUTE ] array (
)
[ info ] [ HEADER ] array (
  'host' => '113.91.248.36:8081',
  'user-agent' => 'Mozilla/5.0 (compatible; CensysInspect/1.1; +https://about.censys.io/)',
  'accept' => '*/*',
  'accept-encoding' => 'gzip',
)
[ info ] [ PARAM ] array (
  '/padmin/adminlogin/index_html' => '',
)
[ info ] [ VIEW ] /var/www/html/compmgmt/application/padmin/view/index/login.html [ array (
  0 => 'title',
) ]
---------------------------------------------------------------
[ 2021-06-03T05:10:40+08:00 ] 101.251.200.214 GET 113.91.248.36:8081/
[运行时间：0.003899s] [吞吐率：256.49req/s] [内存消耗：489.84kb] [文件加载：75]
[ info ] [ LANG ] /var/www/html/compmgmt/thinkphp/lang/zh-cn.php
[ info ] [ LANG ] /var/www/html/compmgmt/application/lang/zh-cn.php
[ info ] [ ROUTE ] array (
  'rule' => '',
  'route' => 'index/index',
  'option' => 
  array (
    'merge_rule_regex' => false,
    'complete_match' => true,
  ),
  'var' => 
  array (
  ),
)
[ info ] [ HEADER ] array (
  'host' => '113.91.248.36:8081',
  'user-agent' => 'Mozilla/5.0 (Windows NT 10.0; Win64; x64; rv:79.0) Gecko/20100101 Firefox/79.0',
  'accept-language' => 'zh-CN,zh;q=0.8,en-US;q=0.5,en;q=0.3',
  'accept-charset' => 'GBK,utf-8;q=0.7,*;q=0.3',
  'accept' => 'application/json, text/plain, */*',
)
[ info ] [ PARAM ] array (
)
---------------------------------------------------------------
[ 2021-06-03T05:10:43+08:00 ] 101.251.200.214 GET 113.91.248.36:8081/padmin/adminlogin/index.html
[运行时间：0.003948s] [吞吐率：253.29req/s] [内存消耗：486.41kb] [文件加载：74]
[ info ] [ LANG ] /var/www/html/compmgmt/thinkphp/lang/zh-cn.php
[ info ] [ LANG ] /var/www/html/compmgmt/application/lang/zh-cn.php
[ info ] [ ROUTE ] array (
)
[ info ] [ HEADER ] array (
  'host' => '113.91.248.36:8081',
  'user-agent' => 'Mozilla/5.0 (Windows NT 10.0; Win64; x64; rv:79.0) Gecko/20100101 Firefox/79.0',
  'accept-language' => 'zh-CN,zh;q=0.8,en-US;q=0.5,en;q=0.3',
  'accept-charset' => 'GBK,utf-8;q=0.7,*;q=0.3',
  'accept' => 'application/json, text/plain, */*',
)
[ info ] [ PARAM ] array (
  '/padmin/adminlogin/index_html' => '',
)
[ info ] [ VIEW ] /var/www/html/compmgmt/application/padmin/view/index/login.html [ array (
  0 => 'title',
) ]
---------------------------------------------------------------
[ 2021-06-03T05:22:17+08:00 ] 39.103.205.175 GET 113.91.248.36/
[运行时间：0.003828s] [吞吐率：261.25req/s] [内存消耗：488.47kb] [文件加载：75]
[ info ] [ LANG ] /var/www/html/compmgmt/thinkphp/lang/zh-cn.php
[ info ] [ LANG ] /var/www/html/compmgmt/application/lang/zh-cn.php
[ info ] [ ROUTE ] array (
  'rule' => '',
  'route' => 'index/index',
  'option' => 
  array (
    'merge_rule_regex' => false,
    'complete_match' => true,
  ),
  'var' => 
  array (
  ),
)
[ info ] [ HEADER ] array (
  'host' => '113.91.248.36',
)
[ info ] [ PARAM ] array (
)
---------------------------------------------------------------
[ 2021-06-03T05:22:17+08:00 ] 39.103.205.175 GET 113.91.248.36:8081/
[运行时间：0.003254s] [吞吐率：307.32req/s] [内存消耗：490.40kb] [文件加载：75]
[ info ] [ LANG ] /var/www/html/compmgmt/thinkphp/lang/zh-cn.php
[ info ] [ LANG ] /var/www/html/compmgmt/application/lang/zh-cn.php
[ info ] [ ROUTE ] array (
  'rule' => '',
  'route' => 'index/index',
  'option' => 
  array (
    'merge_rule_regex' => false,
    'complete_match' => true,
  ),
  'var' => 
  array (
  ),
)
[ info ] [ HEADER ] array (
  'user-agent' => 'Mozilla/5.0 (Macintosh; Intel Mac OS X 10_14_6) AppleWebKit/537.36 (KHTML, like Gecko) Chrome/76.0.3809.132 Safari/537.36',
  'host' => '113.91.248.36:8081',
  'accept' => 'text/html,application/xhtml+xml,application/xml;q=0.9,image/webp,image/apng,*/*;q=0.8,application/signed-exchange;v=b3',
  'accept-encoding' => 'gzip, deflate',
  'accept-language' => 'zh-CN,zh;q=0.9',
  'connection' => 'close',
)
[ info ] [ PARAM ] array (
)
---------------------------------------------------------------
[ 2021-06-03T05:22:17+08:00 ] 39.103.205.175 GET 113.91.248.36:8081/padmin/adminlogin/index.html
[运行时间：0.003461s] [吞吐率：288.92req/s] [内存消耗：487.20kb] [文件加载：74]
[ info ] [ LANG ] /var/www/html/compmgmt/thinkphp/lang/zh-cn.php
[ info ] [ LANG ] /var/www/html/compmgmt/application/lang/zh-cn.php
[ info ] [ ROUTE ] array (
)
[ info ] [ HEADER ] array (
  'user-agent' => 'Mozilla/5.0 (Macintosh; Intel Mac OS X 10_14_6) AppleWebKit/537.36 (KHTML, like Gecko) Chrome/76.0.3809.132 Safari/537.36',
  'host' => '113.91.248.36:8081',
  'accept' => 'text/html,application/xhtml+xml,application/xml;q=0.9,image/webp,image/apng,*/*;q=0.8,application/signed-exchange;v=b3',
  'accept-encoding' => 'gzip, deflate',
  'accept-language' => 'zh-CN,zh;q=0.9',
  'cookie' => 'PHPSESSID=6iad4t6sosa7a6buviph9uus8c',
  'connection' => 'close',
)
[ info ] [ PARAM ] array (
  '/padmin/adminlogin/index_html' => '',
)
[ info ] [ VIEW ] /var/www/html/compmgmt/application/padmin/view/index/login.html [ array (
  0 => 'title',
) ]
---------------------------------------------------------------
[ 2021-06-03T05:52:21+08:00 ] 185.173.35.13 GET /
[运行时间：0.004021s] [吞吐率：248.70req/s] [内存消耗：488.95kb] [文件加载：75]
[ info ] [ LANG ] /var/www/html/compmgmt/thinkphp/lang/zh-cn.php
[ info ] [ LANG ] /var/www/html/compmgmt/application/lang/zh-cn.php
[ info ] [ ROUTE ] array (
  'rule' => '',
  'route' => 'index/index',
  'option' => 
  array (
    'merge_rule_regex' => false,
    'complete_match' => true,
  ),
  'var' => 
  array (
  ),
)
[ info ] [ HEADER ] array (
  'user-agent' => 'NetSystemsResearch studies the availability of various services across the internet. Our website is netsystemsresearch.com',
  'accept' => '*/*',
)
[ info ] [ PARAM ] array (
)
---------------------------------------------------------------
[ 2021-06-03T10:54:09+08:00 ] 192.168.10.58 GET pcadmin.aoi.bj/padmin/index/index.html
[运行时间：0.487713s] [吞吐率：2.05req/s] [内存消耗：768.50kb] [文件加载：76]
[ info ] [ LANG ] /var/www/html/compmgmt/thinkphp/lang/zh-cn.php
[ info ] [ LANG ] /var/www/html/compmgmt/application/lang/zh-cn.php
[ info ] [ ROUTE ] array (
)
[ info ] [ HEADER ] array (
  'host' => 'pcadmin.aoi.bj',
  'connection' => 'keep-alive',
  'upgrade-insecure-requests' => '1',
  'user-agent' => 'Mozilla/5.0 (X11; Linux x86_64) AppleWebKit/537.36 (KHTML, like Gecko) Chrome/90.0.4430.212 Safari/537.36',
  'accept' => 'text/html,application/xhtml+xml,application/xml;q=0.9,image/avif,image/webp,image/apng,*/*;q=0.8,application/signed-exchange;v=b3;q=0.9',
  'accept-encoding' => 'gzip, deflate',
  'accept-language' => 'en,zh-CN;q=0.9,zh;q=0.8,zh-TW;q=0.7',
  'cookie' => 'PHPSESSID=pj6rr5bsglvog672s1cb0919v1',
)
[ info ] [ PARAM ] array (
  '/padmin/index/index_html' => '',
)
---------------------------------------------------------------
[ 2021-06-03T10:54:09+08:00 ] 192.168.10.58 GET pcadmin.aoi.bj/padmin/adminlogin/index.html
[运行时间：0.003984s] [吞吐率：250.99req/s] [内存消耗：488.58kb] [文件加载：74]
[ info ] [ LANG ] /var/www/html/compmgmt/thinkphp/lang/zh-cn.php
[ info ] [ LANG ] /var/www/html/compmgmt/application/lang/zh-cn.php
[ info ] [ ROUTE ] array (
)
[ info ] [ HEADER ] array (
  'host' => 'pcadmin.aoi.bj',
  'connection' => 'keep-alive',
  'upgrade-insecure-requests' => '1',
  'user-agent' => 'Mozilla/5.0 (X11; Linux x86_64) AppleWebKit/537.36 (KHTML, like Gecko) Chrome/90.0.4430.212 Safari/537.36',
  'accept' => 'text/html,application/xhtml+xml,application/xml;q=0.9,image/avif,image/webp,image/apng,*/*;q=0.8,application/signed-exchange;v=b3;q=0.9',
  'accept-encoding' => 'gzip, deflate',
  'accept-language' => 'en,zh-CN;q=0.9,zh;q=0.8,zh-TW;q=0.7',
  'cookie' => 'PHPSESSID=pj6rr5bsglvog672s1cb0919v1',
)
[ info ] [ PARAM ] array (
  '/padmin/adminlogin/index_html' => '',
)
[ info ] [ VIEW ] /var/www/html/compmgmt/application/padmin/view/index/login.html [ array (
  0 => 'title',
) ]
---------------------------------------------------------------
[ 2021-06-03T17:22:31+08:00 ] 106.75.211.195 GET www.qq.comhttp://www.qq.com/404/search_children.js
[运行时间：0.106159s] [吞吐率：9.42req/s] [内存消耗：470.31kb] [文件加载：75]
[ info ] [ LANG ] /var/www/html/compmgmt/thinkphp/lang/zh-cn.php
[ info ] [ LANG ] /var/www/html/compmgmt/application/lang/zh-cn.php
[ info ] [ ROUTE ] array (
)
[ info ] [ HEADER ] array (
  'host' => 'www.qq.com',
  'accept' => '*/*',
  'pragma' => 'no-cache',
  'user-agent' => 'Mozilla/5.0 (X11; Linux x86_64) AppleWebKit/537.36 (KHTML, like Gecko) Chrome/35.0.1916.114 Safari/537.36',
)
[ info ] [ PARAM ] array (
  '/404/search_children_js' => '',
)
---------------------------------------------------------------
[ 2021-06-03T17:38:35+08:00 ] 192.168.10.58 GET pcadmin.aoi.bj/padmin/adminlogin/index.html
[运行时间：0.008153s] [吞吐率：122.65req/s] [内存消耗：488.27kb] [文件加载：74]
[ info ] [ LANG ] /var/www/html/compmgmt/thinkphp/lang/zh-cn.php
[ info ] [ LANG ] /var/www/html/compmgmt/application/lang/zh-cn.php
[ info ] [ ROUTE ] array (
)
[ info ] [ HEADER ] array (
  'host' => 'pcadmin.aoi.bj',
  'connection' => 'keep-alive',
  'upgrade-insecure-requests' => '1',
  'user-agent' => 'Mozilla/5.0 (X11; Linux x86_64) AppleWebKit/537.36 (KHTML, like Gecko) Chrome/90.0.4430.212 Safari/537.36',
  'accept' => 'text/html,application/xhtml+xml,application/xml;q=0.9,image/avif,image/webp,image/apng,*/*;q=0.8,application/signed-exchange;v=b3;q=0.9',
  'accept-encoding' => 'gzip, deflate',
  'accept-language' => 'en,zh-CN;q=0.9,zh;q=0.8,zh-TW;q=0.7',
  'cookie' => 'PHPSESSID=pj6rr5bsglvog672s1cb0919v1',
)
[ info ] [ PARAM ] array (
  '/padmin/adminlogin/index_html' => '',
)
[ info ] [ VIEW ] /var/www/html/compmgmt/application/padmin/view/index/login.html [ array (
  0 => 'title',
) ]
---------------------------------------------------------------
[ 2021-06-03T17:38:37+08:00 ] 192.168.10.58 POST pcadmin.aoi.bj/padmin/adminlogin/loginaction.html
[运行时间：0.371404s] [吞吐率：2.69req/s] [内存消耗：693.06kb] [文件加载：79]
[ info ] [ LANG ] /var/www/html/compmgmt/thinkphp/lang/zh-cn.php
[ info ] [ LANG ] /var/www/html/compmgmt/application/lang/zh-cn.php
[ info ] [ ROUTE ] array (
)
[ info ] [ HEADER ] array (
  'host' => 'pcadmin.aoi.bj',
  'connection' => 'keep-alive',
  'content-length' => '31',
  'accept' => 'application/json, text/javascript, */*; q=0.01',
  'x-requested-with' => 'XMLHttpRequest',
  'user-agent' => 'Mozilla/5.0 (X11; Linux x86_64) AppleWebKit/537.36 (KHTML, like Gecko) Chrome/90.0.4430.212 Safari/537.36',
  'content-type' => 'application/x-www-form-urlencoded; charset=UTF-8',
  'origin' => 'http://pcadmin.aoi.bj',
  'referer' => 'http://pcadmin.aoi.bj/padmin/adminlogin/index.html',
  'accept-encoding' => 'gzip, deflate',
  'accept-language' => 'en,zh-CN;q=0.9,zh;q=0.8,zh-TW;q=0.7',
  'cookie' => 'PHPSESSID=pj6rr5bsglvog672s1cb0919v1',
)
[ info ] [ PARAM ] array (
  '/padmin/adminlogin/loginaction_html' => '',
  'username' => 'it02',
  'password' => 'loevluma',
)
[ info ] [ DB ] INIT mysql
[ sql ] [ DB ] CONNECT:[ UseTime:0.122851s ] mysql:host=127.0.0.1;dbname=compmgmt;charset=utf8
[ sql ] [ SQL ] SHOW COLUMNS FROM `admin` [ RunTime:0.102184s ]
[ sql ] [ SQL ] SELECT * FROM `admin` WHERE  `username` = 'it02' LIMIT 1 [ RunTime:0.049679s ]
[ sql ] [ SQL ] UPDATE `admin`  SET `lastip` = '192.168.10.58' , `lastvisit` = '1622713117'  WHERE  `id` = 17 [ RunTime:0.015993s ]
---------------------------------------------------------------
[ 2021-06-03T17:38:38+08:00 ] 192.168.10.58 GET pcadmin.aoi.bj/padmin/index/index.html
[运行时间：0.038415s] [吞吐率：26.03req/s] [内存消耗：501.52kb] [文件加载：75]
[ info ] [ LANG ] /var/www/html/compmgmt/thinkphp/lang/zh-cn.php
[ info ] [ LANG ] /var/www/html/compmgmt/application/lang/zh-cn.php
[ info ] [ ROUTE ] array (
)
[ info ] [ HEADER ] array (
  'host' => 'pcadmin.aoi.bj',
  'connection' => 'keep-alive',
  'upgrade-insecure-requests' => '1',
  'user-agent' => 'Mozilla/5.0 (X11; Linux x86_64) AppleWebKit/537.36 (KHTML, like Gecko) Chrome/90.0.4430.212 Safari/537.36',
  'accept' => 'text/html,application/xhtml+xml,application/xml;q=0.9,image/avif,image/webp,image/apng,*/*;q=0.8,application/signed-exchange;v=b3;q=0.9',
  'referer' => 'http://pcadmin.aoi.bj/padmin/adminlogin/index.html',
  'accept-encoding' => 'gzip, deflate',
  'accept-language' => 'en,zh-CN;q=0.9,zh;q=0.8,zh-TW;q=0.7',
  'cookie' => 'PHPSESSID=pj6rr5bsglvog672s1cb0919v1',
)
[ info ] [ PARAM ] array (
  '/padmin/index/index_html' => '',
)
[ info ] [ VIEW ] /var/www/html/compmgmt/application/padmin/view/index/index.html [ array (
  0 => 'PAdmin',
  1 => 'data',
  2 => 'msg',
) ]
---------------------------------------------------------------
[ 2021-06-03T17:38:38+08:00 ] 192.168.10.58 GET pcadmin.aoi.bj/static/padmin/css/animate.css
[运行时间：0.003631s] [吞吐率：275.40req/s] [内存消耗：469.05kb] [文件加载：75]
[ info ] [ LANG ] /var/www/html/compmgmt/thinkphp/lang/zh-cn.php
[ info ] [ LANG ] /var/www/html/compmgmt/application/lang/zh-cn.php
[ info ] [ ROUTE ] array (
)
[ info ] [ HEADER ] array (
  'host' => 'pcadmin.aoi.bj',
  'connection' => 'keep-alive',
  'user-agent' => 'Mozilla/5.0 (X11; Linux x86_64) AppleWebKit/537.36 (KHTML, like Gecko) Chrome/90.0.4430.212 Safari/537.36',
  'accept' => 'text/css,*/*;q=0.1',
  'referer' => 'http://pcadmin.aoi.bj/static/padmin/css/style.css',
  'accept-encoding' => 'gzip, deflate',
  'accept-language' => 'en,zh-CN;q=0.9,zh;q=0.8,zh-TW;q=0.7',
  'cookie' => 'PHPSESSID=pj6rr5bsglvog672s1cb0919v1',
)
[ info ] [ PARAM ] array (
  '/static/padmin/css/animate_css' => '',
)
---------------------------------------------------------------
[ 2021-06-03T17:38:38+08:00 ] 192.168.10.58 GET pcadmin.aoi.bj/static/padmin/css/font-awesome.css
[运行时间：0.008853s] [吞吐率：112.96req/s] [内存消耗：469.98kb] [文件加载：75]
[ info ] [ LANG ] /var/www/html/compmgmt/thinkphp/lang/zh-cn.php
[ info ] [ LANG ] /var/www/html/compmgmt/application/lang/zh-cn.php
[ info ] [ ROUTE ] array (
)
[ info ] [ HEADER ] array (
  'host' => 'pcadmin.aoi.bj',
  'connection' => 'keep-alive',
  'user-agent' => 'Mozilla/5.0 (X11; Linux x86_64) AppleWebKit/537.36 (KHTML, like Gecko) Chrome/90.0.4430.212 Safari/537.36',
  'accept' => 'text/css,*/*;q=0.1',
  'referer' => 'http://pcadmin.aoi.bj/static/padmin/css/style.css',
  'accept-encoding' => 'gzip, deflate',
  'accept-language' => 'en,zh-CN;q=0.9,zh;q=0.8,zh-TW;q=0.7',
  'cookie' => 'PHPSESSID=pj6rr5bsglvog672s1cb0919v1',
)
[ info ] [ PARAM ] array (
  '/static/padmin/css/font-awesome_css' => '',
)
---------------------------------------------------------------
[ 2021-06-03T17:38:38+08:00 ] 192.168.10.58 GET pcadmin.aoi.bj/padmin/index/computer.html
[运行时间：0.069094s] [吞吐率：14.47req/s] [内存消耗：737.17kb] [文件加载：80]
[ info ] [ LANG ] /var/www/html/compmgmt/thinkphp/lang/zh-cn.php
[ info ] [ LANG ] /var/www/html/compmgmt/application/lang/zh-cn.php
[ info ] [ ROUTE ] array (
)
[ info ] [ HEADER ] array (
  'host' => 'pcadmin.aoi.bj',
  'connection' => 'keep-alive',
  'upgrade-insecure-requests' => '1',
  'user-agent' => 'Mozilla/5.0 (X11; Linux x86_64) AppleWebKit/537.36 (KHTML, like Gecko) Chrome/90.0.4430.212 Safari/537.36',
  'accept' => 'text/html,application/xhtml+xml,application/xml;q=0.9,image/avif,image/webp,image/apng,*/*;q=0.8,application/signed-exchange;v=b3;q=0.9',
  'referer' => 'http://pcadmin.aoi.bj/padmin/index/index.html',
  'accept-encoding' => 'gzip, deflate',
  'accept-language' => 'en,zh-CN;q=0.9,zh;q=0.8,zh-TW;q=0.7',
  'cookie' => 'PHPSESSID=pj6rr5bsglvog672s1cb0919v1',
)
[ info ] [ PARAM ] array (
  '/padmin/index/computer_html' => '',
)
[ info ] [ DB ] INIT mysql
[ info ] [ VIEW ] /var/www/html/compmgmt/application/padmin/view/index/computer.html [ array (
  0 => 'PAdmin',
  1 => 'internetAccess',
) ]
[ sql ] [ DB ] CONNECT:[ UseTime:0.000498s ] mysql:host=127.0.0.1;dbname=compmgmt;charset=utf8
[ sql ] [ SQL ] SHOW COLUMNS FROM `internet_access` [ RunTime:0.035273s ]
[ sql ] [ SQL ] SELECT * FROM `internet_access` WHERE  `disabled` = 0 [ RunTime:0.000424s ]
---------------------------------------------------------------
[ 2021-06-03T17:38:39+08:00 ] 192.168.10.58 GET pcadmin.aoi.bj/static/padmin/css/animate.css
[运行时间：0.004199s] [吞吐率：238.15req/s] [内存消耗：469.05kb] [文件加载：75]
[ info ] [ LANG ] /var/www/html/compmgmt/thinkphp/lang/zh-cn.php
[ info ] [ LANG ] /var/www/html/compmgmt/application/lang/zh-cn.php
[ info ] [ ROUTE ] array (
)
[ info ] [ HEADER ] array (
  'host' => 'pcadmin.aoi.bj',
  'connection' => 'keep-alive',
  'user-agent' => 'Mozilla/5.0 (X11; Linux x86_64) AppleWebKit/537.36 (KHTML, like Gecko) Chrome/90.0.4430.212 Safari/537.36',
  'accept' => 'text/css,*/*;q=0.1',
  'referer' => 'http://pcadmin.aoi.bj/static/padmin/css/style.css',
  'accept-encoding' => 'gzip, deflate',
  'accept-language' => 'en,zh-CN;q=0.9,zh;q=0.8,zh-TW;q=0.7',
  'cookie' => 'PHPSESSID=pj6rr5bsglvog672s1cb0919v1',
)
[ info ] [ PARAM ] array (
  '/static/padmin/css/animate_css' => '',
)
---------------------------------------------------------------
[ 2021-06-03T17:38:39+08:00 ] 192.168.10.58 GET pcadmin.aoi.bj/static/padmin/css/font-awesome.css
[运行时间：0.004387s] [吞吐率：227.95req/s] [内存消耗：469.08kb] [文件加载：75]
[ info ] [ LANG ] /var/www/html/compmgmt/thinkphp/lang/zh-cn.php
[ info ] [ LANG ] /var/www/html/compmgmt/application/lang/zh-cn.php
[ info ] [ ROUTE ] array (
)
[ info ] [ HEADER ] array (
  'host' => 'pcadmin.aoi.bj',
  'connection' => 'keep-alive',
  'user-agent' => 'Mozilla/5.0 (X11; Linux x86_64) AppleWebKit/537.36 (KHTML, like Gecko) Chrome/90.0.4430.212 Safari/537.36',
  'accept' => 'text/css,*/*;q=0.1',
  'referer' => 'http://pcadmin.aoi.bj/static/padmin/css/style.css',
  'accept-encoding' => 'gzip, deflate',
  'accept-language' => 'en,zh-CN;q=0.9,zh;q=0.8,zh-TW;q=0.7',
  'cookie' => 'PHPSESSID=pj6rr5bsglvog672s1cb0919v1',
)
[ info ] [ PARAM ] array (
  '/static/padmin/css/font-awesome_css' => '',
)
---------------------------------------------------------------
[ 2021-06-03T17:38:39+08:00 ] 192.168.10.58 GET pcadmin.aoi.bj/padmin/index/getcomplist.html?page=1&limit=20&keyword=
[运行时间：0.115918s] [吞吐率：8.63req/s] [内存消耗：935.11kb] [文件加载：90]
[ info ] [ LANG ] /var/www/html/compmgmt/thinkphp/lang/zh-cn.php
[ info ] [ LANG ] /var/www/html/compmgmt/application/lang/zh-cn.php
[ info ] [ ROUTE ] array (
)
[ info ] [ HEADER ] array (
  'host' => 'pcadmin.aoi.bj',
  'connection' => 'keep-alive',
  'accept' => 'application/json, text/javascript, */*; q=0.01',
  'user-agent' => 'Mozilla/5.0 (X11; Linux x86_64) AppleWebKit/537.36 (KHTML, like Gecko) Chrome/90.0.4430.212 Safari/537.36',
  'x-requested-with' => 'XMLHttpRequest',
  'referer' => 'http://pcadmin.aoi.bj/padmin/index/computer.html',
  'accept-encoding' => 'gzip, deflate',
  'accept-language' => 'en,zh-CN;q=0.9,zh;q=0.8,zh-TW;q=0.7',
  'cookie' => 'PHPSESSID=pj6rr5bsglvog672s1cb0919v1',
)
[ info ] [ PARAM ] array (
  '/padmin/index/getcomplist_html' => '',
  'page' => '1',
  'limit' => '20',
  'keyword' => '',
)
[ info ] [ DB ] INIT mysql
[ sql ] [ DB ] CONNECT:[ UseTime:0.000574s ] mysql:host=127.0.0.1;dbname=compmgmt;charset=utf8
[ sql ] [ SQL ] SHOW COLUMNS FROM `computer` [ RunTime:0.001349s ]
[ sql ] [ SQL ] SELECT COUNT(*) AS tp_count FROM `computer` `c` LEFT JOIN `department` `d` ON `d`.`id`=`c`.`department_id` LEFT JOIN `staff` `s` ON `s`.`id`=`c`.`staff_id` WHERE  `d`.`name` LIKE '%%'  OR `s`.`name` LIKE '%%'  OR `c`.`FQDN` LIKE '%%'  OR `c`.`asset_id` LIKE '%%'  OR `c`.`MAC` LIKE '%%'  OR `c`.`ip_addr_v4` LIKE '%%'  OR `c`.`domain_name` LIKE '%%' LIMIT 1 [ RunTime:0.001339s ]
[ sql ] [ SQL ] SELECT `c`.*,d.name as department,s.name as staff FROM `computer` `c` LEFT JOIN `department` `d` ON `d`.`id`=`c`.`department_id` LEFT JOIN `staff` `s` ON `s`.`id`=`c`.`staff_id` WHERE  `d`.`name` LIKE '%%'  OR `s`.`name` LIKE '%%'  OR `c`.`FQDN` LIKE '%%'  OR `c`.`asset_id` LIKE '%%'  OR `c`.`MAC` LIKE '%%'  OR `c`.`ip_addr_v4` LIKE '%%'  OR `c`.`domain_name` LIKE '%%' LIMIT 0,20 [ RunTime:0.000600s ]
[ sql ] [ SQL ] SHOW COLUMNS FROM `os` [ RunTime:0.001380s ]
[ sql ] [ SQL ] SELECT `name`,`version`,`arch` FROM `os` WHERE  `id` = 6 LIMIT 1 [ RunTime:0.000406s ]
[ sql ] [ SQL ] SHOW COLUMNS FROM `computer_internet_access` [ RunTime:0.001083s ]
[ sql ] [ SQL ] SELECT `access_id` FROM `computer_internet_access` WHERE  `computer_id` = 1 [ RunTime:0.000421s ]
[ sql ] [ SQL ] SELECT `name`,`version`,`arch` FROM `os` WHERE  `id` = 1 LIMIT 1 [ RunTime:0.000345s ]
[ sql ] [ SQL ] SELECT `access_id` FROM `computer_internet_access` WHERE  `computer_id` = 2 [ RunTime:0.000251s ]
[ sql ] [ SQL ] SELECT `name`,`version`,`arch` FROM `os` WHERE  `id` = 3 LIMIT 1 [ RunTime:0.000230s ]
[ sql ] [ SQL ] SELECT `access_id` FROM `computer_internet_access` WHERE  `computer_id` = 4 [ RunTime:0.000232s ]
[ sql ] [ SQL ] SELECT `name`,`version`,`arch` FROM `os` WHERE  `id` = 2 LIMIT 1 [ RunTime:0.000225s ]
[ sql ] [ SQL ] SELECT `access_id` FROM `computer_internet_access` WHERE  `computer_id` = 5 [ RunTime:0.000215s ]
[ sql ] [ SQL ] SELECT `name`,`version`,`arch` FROM `os` WHERE  `id` = 1 LIMIT 1 [ RunTime:0.000222s ]
[ sql ] [ SQL ] SELECT `access_id` FROM `computer_internet_access` WHERE  `computer_id` = 7 [ RunTime:0.000308s ]
[ sql ] [ SQL ] SELECT `name`,`version`,`arch` FROM `os` WHERE  `id` = 3 LIMIT 1 [ RunTime:0.000249s ]
[ sql ] [ SQL ] SELECT `access_id` FROM `computer_internet_access` WHERE  `computer_id` = 8 [ RunTime:0.000197s ]
[ sql ] [ SQL ] SELECT `name`,`version`,`arch` FROM `os` WHERE  `id` = 1 LIMIT 1 [ RunTime:0.000193s ]
[ sql ] [ SQL ] SELECT `access_id` FROM `computer_internet_access` WHERE  `computer_id` = 9 [ RunTime:0.000186s ]
[ sql ] [ SQL ] SELECT `name`,`version`,`arch` FROM `os` WHERE  `id` = 1 LIMIT 1 [ RunTime:0.000194s ]
[ sql ] [ SQL ] SELECT `access_id` FROM `computer_internet_access` WHERE  `computer_id` = 10 [ RunTime:0.000203s ]
[ sql ] [ SQL ] SELECT `name`,`version`,`arch` FROM `os` WHERE  `id` = 10 LIMIT 1 [ RunTime:0.000191s ]
[ sql ] [ SQL ] SELECT `access_id` FROM `computer_internet_access` WHERE  `computer_id` = 11 [ RunTime:0.000196s ]
[ sql ] [ SQL ] SELECT `name`,`version`,`arch` FROM `os` WHERE  `id` = 10 LIMIT 1 [ RunTime:0.000233s ]
[ sql ] [ SQL ] SELECT `access_id` FROM `computer_internet_access` WHERE  `computer_id` = 12 [ RunTime:0.000234s ]
[ sql ] [ SQL ] SELECT `name`,`version`,`arch` FROM `os` WHERE  `id` = 10 LIMIT 1 [ RunTime:0.000191s ]
[ sql ] [ SQL ] SELECT `access_id` FROM `computer_internet_access` WHERE  `computer_id` = 13 [ RunTime:0.000215s ]
[ sql ] [ SQL ] SELECT `name`,`version`,`arch` FROM `os` WHERE  `id` = 2 LIMIT 1 [ RunTime:0.000500s ]
[ sql ] [ SQL ] SELECT `access_id` FROM `computer_internet_access` WHERE  `computer_id` = 14 [ RunTime:0.000332s ]
[ sql ] [ SQL ] SELECT `name`,`version`,`arch` FROM `os` WHERE  `id` = 2 LIMIT 1 [ RunTime:0.000286s ]
[ sql ] [ SQL ] SELECT `access_id` FROM `computer_internet_access` WHERE  `computer_id` = 15 [ RunTime:0.000313s ]
[ sql ] [ SQL ] SELECT `name`,`version`,`arch` FROM `os` WHERE  `id` = 11 LIMIT 1 [ RunTime:0.000265s ]
[ sql ] [ SQL ] SELECT `access_id` FROM `computer_internet_access` WHERE  `computer_id` = 16 [ RunTime:0.000234s ]
[ sql ] [ SQL ] SELECT `name`,`version`,`arch` FROM `os` WHERE  `id` = 10 LIMIT 1 [ RunTime:0.000254s ]
[ sql ] [ SQL ] SELECT `access_id` FROM `computer_internet_access` WHERE  `computer_id` = 17 [ RunTime:0.000207s ]
[ sql ] [ SQL ] SELECT `name`,`version`,`arch` FROM `os` WHERE  `id` = 2 LIMIT 1 [ RunTime:0.000204s ]
[ sql ] [ SQL ] SELECT `access_id` FROM `computer_internet_access` WHERE  `computer_id` = 18 [ RunTime:0.000209s ]
[ sql ] [ SQL ] SELECT `name`,`version`,`arch` FROM `os` WHERE  `id` = 3 LIMIT 1 [ RunTime:0.000204s ]
[ sql ] [ SQL ] SELECT `access_id` FROM `computer_internet_access` WHERE  `computer_id` = 20 [ RunTime:0.000231s ]
[ sql ] [ SQL ] SELECT `name`,`version`,`arch` FROM `os` WHERE  `id` = 3 LIMIT 1 [ RunTime:0.000233s ]
[ sql ] [ SQL ] SELECT `access_id` FROM `computer_internet_access` WHERE  `computer_id` = 21 [ RunTime:0.000228s ]
[ sql ] [ SQL ] SELECT `name`,`version`,`arch` FROM `os` WHERE  `id` = 10 LIMIT 1 [ RunTime:0.000232s ]
[ sql ] [ SQL ] SELECT `access_id` FROM `computer_internet_access` WHERE  `computer_id` = 22 [ RunTime:0.000206s ]
[ sql ] [ SQL ] SELECT `name`,`version`,`arch` FROM `os` WHERE  `id` = 10 LIMIT 1 [ RunTime:0.000212s ]
[ sql ] [ SQL ] SELECT `access_id` FROM `computer_internet_access` WHERE  `computer_id` = 23 [ RunTime:0.000202s ]
---------------------------------------------------------------
[ 2021-06-03T17:38:46+08:00 ] 192.168.10.58 GET pcadmin.aoi.bj/padmin/index/department.html
[运行时间：0.032977s] [吞吐率：30.32req/s] [内存消耗：500.80kb] [文件加载：75]
[ info ] [ LANG ] /var/www/html/compmgmt/thinkphp/lang/zh-cn.php
[ info ] [ LANG ] /var/www/html/compmgmt/application/lang/zh-cn.php
[ info ] [ ROUTE ] array (
)
[ info ] [ HEADER ] array (
  'host' => 'pcadmin.aoi.bj',
  'connection' => 'keep-alive',
  'upgrade-insecure-requests' => '1',
  'user-agent' => 'Mozilla/5.0 (X11; Linux x86_64) AppleWebKit/537.36 (KHTML, like Gecko) Chrome/90.0.4430.212 Safari/537.36',
  'accept' => 'text/html,application/xhtml+xml,application/xml;q=0.9,image/avif,image/webp,image/apng,*/*;q=0.8,application/signed-exchange;v=b3;q=0.9',
  'referer' => 'http://pcadmin.aoi.bj/padmin/index/index.html',
  'accept-encoding' => 'gzip, deflate',
  'accept-language' => 'en,zh-CN;q=0.9,zh;q=0.8,zh-TW;q=0.7',
  'cookie' => 'PHPSESSID=pj6rr5bsglvog672s1cb0919v1',
)
[ info ] [ PARAM ] array (
  '/padmin/index/department_html' => '',
)
[ info ] [ VIEW ] /var/www/html/compmgmt/application/padmin/view/index/department.html [ array (
  0 => 'PAdmin',
) ]
---------------------------------------------------------------
[ 2021-06-03T17:38:46+08:00 ] 192.168.10.58 GET pcadmin.aoi.bj/static/padmin/css/font-awesome.css
[运行时间：0.004359s] [吞吐率：229.41req/s] [内存消耗：469.08kb] [文件加载：75]
[ info ] [ LANG ] /var/www/html/compmgmt/thinkphp/lang/zh-cn.php
[ info ] [ LANG ] /var/www/html/compmgmt/application/lang/zh-cn.php
[ info ] [ ROUTE ] array (
)
[ info ] [ HEADER ] array (
  'host' => 'pcadmin.aoi.bj',
  'connection' => 'keep-alive',
  'user-agent' => 'Mozilla/5.0 (X11; Linux x86_64) AppleWebKit/537.36 (KHTML, like Gecko) Chrome/90.0.4430.212 Safari/537.36',
  'accept' => 'text/css,*/*;q=0.1',
  'referer' => 'http://pcadmin.aoi.bj/static/padmin/css/style.css',
  'accept-encoding' => 'gzip, deflate',
  'accept-language' => 'en,zh-CN;q=0.9,zh;q=0.8,zh-TW;q=0.7',
  'cookie' => 'PHPSESSID=pj6rr5bsglvog672s1cb0919v1',
)
[ info ] [ PARAM ] array (
  '/static/padmin/css/font-awesome_css' => '',
)
---------------------------------------------------------------
[ 2021-06-03T17:38:46+08:00 ] 192.168.10.58 GET pcadmin.aoi.bj/static/padmin/css/animate.css
[运行时间：0.008824s] [吞吐率：113.33req/s] [内存消耗：469.95kb] [文件加载：75]
[ info ] [ LANG ] /var/www/html/compmgmt/thinkphp/lang/zh-cn.php
[ info ] [ LANG ] /var/www/html/compmgmt/application/lang/zh-cn.php
[ info ] [ ROUTE ] array (
)
[ info ] [ HEADER ] array (
  'host' => 'pcadmin.aoi.bj',
  'connection' => 'keep-alive',
  'user-agent' => 'Mozilla/5.0 (X11; Linux x86_64) AppleWebKit/537.36 (KHTML, like Gecko) Chrome/90.0.4430.212 Safari/537.36',
  'accept' => 'text/css,*/*;q=0.1',
  'referer' => 'http://pcadmin.aoi.bj/static/padmin/css/style.css',
  'accept-encoding' => 'gzip, deflate',
  'accept-language' => 'en,zh-CN;q=0.9,zh;q=0.8,zh-TW;q=0.7',
  'cookie' => 'PHPSESSID=pj6rr5bsglvog672s1cb0919v1',
)
[ info ] [ PARAM ] array (
  '/static/padmin/css/animate_css' => '',
)
---------------------------------------------------------------
[ 2021-06-03T17:38:46+08:00 ] 192.168.10.58 GET pcadmin.aoi.bj/padmin/index/loaddptlist.html?page=1&limit=20
[运行时间：0.005987s] [吞吐率：167.03req/s] [内存消耗：738.59kb] [文件加载：83]
[ info ] [ LANG ] /var/www/html/compmgmt/thinkphp/lang/zh-cn.php
[ info ] [ LANG ] /var/www/html/compmgmt/application/lang/zh-cn.php
[ info ] [ ROUTE ] array (
)
[ info ] [ HEADER ] array (
  'host' => 'pcadmin.aoi.bj',
  'connection' => 'keep-alive',
  'accept' => 'application/json, text/javascript, */*; q=0.01',
  'user-agent' => 'Mozilla/5.0 (X11; Linux x86_64) AppleWebKit/537.36 (KHTML, like Gecko) Chrome/90.0.4430.212 Safari/537.36',
  'x-requested-with' => 'XMLHttpRequest',
  'referer' => 'http://pcadmin.aoi.bj/padmin/index/department.html',
  'accept-encoding' => 'gzip, deflate',
  'accept-language' => 'en,zh-CN;q=0.9,zh;q=0.8,zh-TW;q=0.7',
  'cookie' => 'PHPSESSID=pj6rr5bsglvog672s1cb0919v1',
)
[ info ] [ PARAM ] array (
  '/padmin/index/loaddptlist_html' => '',
  'page' => '1',
  'limit' => '20',
)
[ info ] [ DB ] INIT mysql
[ sql ] [ DB ] CONNECT:[ UseTime:0.000667s ] mysql:host=127.0.0.1;dbname=compmgmt;charset=utf8
[ sql ] [ SQL ] SHOW COLUMNS FROM `department` [ RunTime:0.001157s ]
[ sql ] [ SQL ] SELECT COUNT(*) AS tp_count FROM `department` LIMIT 1 [ RunTime:0.000380s ]
[ sql ] [ SQL ] SELECT * FROM `department` LIMIT 0,20 [ RunTime:0.000387s ]
---------------------------------------------------------------
[ 2021-06-03T17:38:46+08:00 ] 192.168.10.58 GET pcadmin.aoi.bj/padmin/index/staff.html
[运行时间：0.017773s] [吞吐率：56.27req/s] [内存消耗：500.71kb] [文件加载：75]
[ info ] [ LANG ] /var/www/html/compmgmt/thinkphp/lang/zh-cn.php
[ info ] [ LANG ] /var/www/html/compmgmt/application/lang/zh-cn.php
[ info ] [ ROUTE ] array (
)
[ info ] [ HEADER ] array (
  'host' => 'pcadmin.aoi.bj',
  'connection' => 'keep-alive',
  'upgrade-insecure-requests' => '1',
  'user-agent' => 'Mozilla/5.0 (X11; Linux x86_64) AppleWebKit/537.36 (KHTML, like Gecko) Chrome/90.0.4430.212 Safari/537.36',
  'accept' => 'text/html,application/xhtml+xml,application/xml;q=0.9,image/avif,image/webp,image/apng,*/*;q=0.8,application/signed-exchange;v=b3;q=0.9',
  'referer' => 'http://pcadmin.aoi.bj/padmin/index/index.html',
  'accept-encoding' => 'gzip, deflate',
  'accept-language' => 'en,zh-CN;q=0.9,zh;q=0.8,zh-TW;q=0.7',
  'cookie' => 'PHPSESSID=pj6rr5bsglvog672s1cb0919v1',
)
[ info ] [ PARAM ] array (
  '/padmin/index/staff_html' => '',
)
[ info ] [ VIEW ] /var/www/html/compmgmt/application/padmin/view/index/staff.html [ array (
  0 => 'PAdmin',
) ]
---------------------------------------------------------------
[ 2021-06-03T17:38:46+08:00 ] 192.168.10.58 GET pcadmin.aoi.bj/static/padmin/css/font-awesome.css
[运行时间：0.004530s] [吞吐率：220.75req/s] [内存消耗：469.08kb] [文件加载：75]
[ info ] [ LANG ] /var/www/html/compmgmt/thinkphp/lang/zh-cn.php
[ info ] [ LANG ] /var/www/html/compmgmt/application/lang/zh-cn.php
[ info ] [ ROUTE ] array (
)
[ info ] [ HEADER ] array (
  'host' => 'pcadmin.aoi.bj',
  'connection' => 'keep-alive',
  'user-agent' => 'Mozilla/5.0 (X11; Linux x86_64) AppleWebKit/537.36 (KHTML, like Gecko) Chrome/90.0.4430.212 Safari/537.36',
  'accept' => 'text/css,*/*;q=0.1',
  'referer' => 'http://pcadmin.aoi.bj/static/padmin/css/style.css',
  'accept-encoding' => 'gzip, deflate',
  'accept-language' => 'en,zh-CN;q=0.9,zh;q=0.8,zh-TW;q=0.7',
  'cookie' => 'PHPSESSID=pj6rr5bsglvog672s1cb0919v1',
)
[ info ] [ PARAM ] array (
  '/static/padmin/css/font-awesome_css' => '',
)
---------------------------------------------------------------
[ 2021-06-03T17:38:46+08:00 ] 192.168.10.58 GET pcadmin.aoi.bj/static/padmin/css/animate.css
[运行时间：0.010007s] [吞吐率：99.93req/s] [内存消耗：469.95kb] [文件加载：75]
[ info ] [ LANG ] /var/www/html/compmgmt/thinkphp/lang/zh-cn.php
[ info ] [ LANG ] /var/www/html/compmgmt/application/lang/zh-cn.php
[ info ] [ ROUTE ] array (
)
[ info ] [ HEADER ] array (
  'host' => 'pcadmin.aoi.bj',
  'connection' => 'keep-alive',
  'user-agent' => 'Mozilla/5.0 (X11; Linux x86_64) AppleWebKit/537.36 (KHTML, like Gecko) Chrome/90.0.4430.212 Safari/537.36',
  'accept' => 'text/css,*/*;q=0.1',
  'referer' => 'http://pcadmin.aoi.bj/static/padmin/css/style.css',
  'accept-encoding' => 'gzip, deflate',
  'accept-language' => 'en,zh-CN;q=0.9,zh;q=0.8,zh-TW;q=0.7',
  'cookie' => 'PHPSESSID=pj6rr5bsglvog672s1cb0919v1',
)
[ info ] [ PARAM ] array (
  '/static/padmin/css/animate_css' => '',
)
---------------------------------------------------------------
[ 2021-06-03T17:38:46+08:00 ] 192.168.10.58 GET pcadmin.aoi.bj/padmin/index/liststaff.html?page=1&limit=20&keyword=
[运行时间：0.060390s] [吞吐率：16.56req/s] [内存消耗：772.91kb] [文件加载：83]
[ info ] [ LANG ] /var/www/html/compmgmt/thinkphp/lang/zh-cn.php
[ info ] [ LANG ] /var/www/html/compmgmt/application/lang/zh-cn.php
[ info ] [ ROUTE ] array (
)
[ info ] [ HEADER ] array (
  'host' => 'pcadmin.aoi.bj',
  'connection' => 'keep-alive',
  'accept' => 'application/json, text/javascript, */*; q=0.01',
  'user-agent' => 'Mozilla/5.0 (X11; Linux x86_64) AppleWebKit/537.36 (KHTML, like Gecko) Chrome/90.0.4430.212 Safari/537.36',
  'x-requested-with' => 'XMLHttpRequest',
  'referer' => 'http://pcadmin.aoi.bj/padmin/index/staff.html',
  'accept-encoding' => 'gzip, deflate',
  'accept-language' => 'en,zh-CN;q=0.9,zh;q=0.8,zh-TW;q=0.7',
  'cookie' => 'PHPSESSID=pj6rr5bsglvog672s1cb0919v1',
)
[ info ] [ PARAM ] array (
  '/padmin/index/liststaff_html' => '',
  'page' => '1',
  'limit' => '20',
  'keyword' => '',
)
[ info ] [ DB ] INIT mysql
[ sql ] [ DB ] CONNECT:[ UseTime:0.000649s ] mysql:host=127.0.0.1;dbname=compmgmt;charset=utf8
[ sql ] [ SQL ] SHOW COLUMNS FROM `staff` [ RunTime:0.001226s ]
[ sql ] [ SQL ] SELECT COUNT(*) AS tp_count FROM `staff` `s` LEFT JOIN `department` `d` ON `d`.`id`=`s`.`department_id` WHERE  `s`.`name` LIKE '%%'  OR `s`.`mobile` LIKE '%%'  OR `s`.`email` LIKE '%%'  OR `s`.`email2` LIKE '%%'  OR `s`.`staff_number` LIKE '%%'  OR `s`.`extension` LIKE '%%'  OR `s`.`short_number` LIKE '%%'  OR `d`.`name` LIKE '%%' LIMIT 1 [ RunTime:0.053544s ]
[ sql ] [ SQL ] SELECT `s`.*,d.name as department FROM `staff` `s` LEFT JOIN `department` `d` ON `d`.`id`=`s`.`department_id` WHERE  `s`.`name` LIKE '%%'  OR `s`.`mobile` LIKE '%%'  OR `s`.`email` LIKE '%%'  OR `s`.`email2` LIKE '%%'  OR `s`.`staff_number` LIKE '%%'  OR `s`.`extension` LIKE '%%'  OR `s`.`short_number` LIKE '%%'  OR `d`.`name` LIKE '%%' ORDER BY `department_id` LIMIT 0,20 [ RunTime:0.000754s ]
---------------------------------------------------------------
[ 2021-06-03T17:38:51+08:00 ] 192.168.10.58 GET pcadmin.aoi.bj/padmin/index/liststaff.html?page=1&limit=20&keyword=%E5%94%90
[运行时间：0.052063s] [吞吐率：19.21req/s] [内存消耗：757.58kb] [文件加载：83]
[ info ] [ LANG ] /var/www/html/compmgmt/thinkphp/lang/zh-cn.php
[ info ] [ LANG ] /var/www/html/compmgmt/application/lang/zh-cn.php
[ info ] [ ROUTE ] array (
)
[ info ] [ HEADER ] array (
  'host' => 'pcadmin.aoi.bj',
  'connection' => 'keep-alive',
  'accept' => 'application/json, text/javascript, */*; q=0.01',
  'user-agent' => 'Mozilla/5.0 (X11; Linux x86_64) AppleWebKit/537.36 (KHTML, like Gecko) Chrome/90.0.4430.212 Safari/537.36',
  'x-requested-with' => 'XMLHttpRequest',
  'referer' => 'http://pcadmin.aoi.bj/padmin/index/staff.html',
  'accept-encoding' => 'gzip, deflate',
  'accept-language' => 'en,zh-CN;q=0.9,zh;q=0.8,zh-TW;q=0.7',
  'cookie' => 'PHPSESSID=pj6rr5bsglvog672s1cb0919v1',
)
[ info ] [ PARAM ] array (
  '/padmin/index/liststaff_html' => '',
  'page' => '1',
  'limit' => '20',
  'keyword' => '唐',
)
[ info ] [ DB ] INIT mysql
[ sql ] [ DB ] CONNECT:[ UseTime:0.000463s ] mysql:host=127.0.0.1;dbname=compmgmt;charset=utf8
[ sql ] [ SQL ] SHOW COLUMNS FROM `staff` [ RunTime:0.001166s ]
[ sql ] [ SQL ] SELECT COUNT(*) AS tp_count FROM `staff` `s` LEFT JOIN `department` `d` ON `d`.`id`=`s`.`department_id` WHERE  `s`.`name` LIKE '%唐%'  OR `s`.`mobile` LIKE '%唐%'  OR `s`.`email` LIKE '%唐%'  OR `s`.`email2` LIKE '%唐%'  OR `s`.`staff_number` LIKE '%唐%'  OR `s`.`extension` LIKE '%唐%'  OR `s`.`short_number` LIKE '%唐%'  OR `d`.`name` LIKE '%唐%' LIMIT 1 [ RunTime:0.000821s ]
[ sql ] [ SQL ] SELECT `s`.*,d.name as department FROM `staff` `s` LEFT JOIN `department` `d` ON `d`.`id`=`s`.`department_id` WHERE  `s`.`name` LIKE '%唐%'  OR `s`.`mobile` LIKE '%唐%'  OR `s`.`email` LIKE '%唐%'  OR `s`.`email2` LIKE '%唐%'  OR `s`.`staff_number` LIKE '%唐%'  OR `s`.`extension` LIKE '%唐%'  OR `s`.`short_number` LIKE '%唐%'  OR `d`.`name` LIKE '%唐%' ORDER BY `department_id` LIMIT 0,20 [ RunTime:0.045497s ]
---------------------------------------------------------------
[ 2021-06-03T19:49:19+08:00 ] 167.248.133.39 GET 113.88.25.125:8081/
[运行时间：0.007642s] [吞吐率：130.86req/s] [内存消耗：489.42kb] [文件加载：75]
[ info ] [ LANG ] /var/www/html/compmgmt/thinkphp/lang/zh-cn.php
[ info ] [ LANG ] /var/www/html/compmgmt/application/lang/zh-cn.php
[ info ] [ ROUTE ] array (
  'rule' => '',
  'route' => 'index/index',
  'option' => 
  array (
    'merge_rule_regex' => false,
    'complete_match' => true,
  ),
  'var' => 
  array (
  ),
)
[ info ] [ HEADER ] array (
  'host' => '113.88.25.125:8081',
)
[ info ] [ PARAM ] array (
)
---------------------------------------------------------------
[ 2021-06-03T19:49:20+08:00 ] 167.248.133.39 GET 113.88.25.125:8081/
[运行时间：0.007210s] [吞吐率：138.70req/s] [内存消耗：490.17kb] [文件加载：75]
[ info ] [ LANG ] /var/www/html/compmgmt/thinkphp/lang/zh-cn.php
[ info ] [ LANG ] /var/www/html/compmgmt/application/lang/zh-cn.php
[ info ] [ ROUTE ] array (
  'rule' => '',
  'route' => 'index/index',
  'option' => 
  array (
    'merge_rule_regex' => false,
    'complete_match' => true,
  ),
  'var' => 
  array (
  ),
)
[ info ] [ HEADER ] array (
  'host' => '113.88.25.125:8081',
  'user-agent' => 'Mozilla/5.0 (compatible; CensysInspect/1.1; +https://about.censys.io/)',
  'accept' => '*/*',
  'accept-encoding' => 'gzip',
)
[ info ] [ PARAM ] array (
)
---------------------------------------------------------------
[ 2021-06-03T19:49:20+08:00 ] 167.248.133.39 GET 113.88.25.125:8081/padmin/adminlogin/index.html
[运行时间：0.003442s] [吞吐率：290.54req/s] [内存消耗：485.84kb] [文件加载：74]
[ info ] [ LANG ] /var/www/html/compmgmt/thinkphp/lang/zh-cn.php
[ info ] [ LANG ] /var/www/html/compmgmt/application/lang/zh-cn.php
[ info ] [ ROUTE ] array (
)
[ info ] [ HEADER ] array (
  'host' => '113.88.25.125:8081',
  'user-agent' => 'Mozilla/5.0 (compatible; CensysInspect/1.1; +https://about.censys.io/)',
  'accept' => '*/*',
  'accept-encoding' => 'gzip',
)
[ info ] [ PARAM ] array (
  '/padmin/adminlogin/index_html' => '',
)
[ info ] [ VIEW ] /var/www/html/compmgmt/application/padmin/view/index/login.html [ array (
  0 => 'title',
) ]
---------------------------------------------------------------
[ 2021-06-03T21:02:57+08:00 ] 74.120.14.38 GET 113.88.25.125:8081/
[运行时间：0.004069s] [吞吐率：245.76req/s] [内存消耗：488.52kb] [文件加载：75]
[ info ] [ LANG ] /var/www/html/compmgmt/thinkphp/lang/zh-cn.php
[ info ] [ LANG ] /var/www/html/compmgmt/application/lang/zh-cn.php
[ info ] [ ROUTE ] array (
  'rule' => '',
  'route' => 'index/index',
  'option' => 
  array (
    'merge_rule_regex' => false,
    'complete_match' => true,
  ),
  'var' => 
  array (
  ),
)
[ info ] [ HEADER ] array (
  'host' => '113.88.25.125:8081',
)
[ info ] [ PARAM ] array (
)
---------------------------------------------------------------
[ 2021-06-03T21:02:58+08:00 ] 74.120.14.38 GET 113.88.25.125:8081/
[运行时间：0.002885s] [吞吐率：346.61req/s] [内存消耗：489.27kb] [文件加载：75]
[ info ] [ LANG ] /var/www/html/compmgmt/thinkphp/lang/zh-cn.php
[ info ] [ LANG ] /var/www/html/compmgmt/application/lang/zh-cn.php
[ info ] [ ROUTE ] array (
  'rule' => '',
  'route' => 'index/index',
  'option' => 
  array (
    'merge_rule_regex' => false,
    'complete_match' => true,
  ),
  'var' => 
  array (
  ),
)
[ info ] [ HEADER ] array (
  'host' => '113.88.25.125:8081',
  'user-agent' => 'Mozilla/5.0 (compatible; CensysInspect/1.1; +https://about.censys.io/)',
  'accept' => '*/*',
  'accept-encoding' => 'gzip',
)
[ info ] [ PARAM ] array (
)
---------------------------------------------------------------
[ 2021-06-03T21:02:58+08:00 ] 74.120.14.38 GET 113.88.25.125:8081/padmin/adminlogin/index.html
[运行时间：0.003661s] [吞吐率：273.14req/s] [内存消耗：485.84kb] [文件加载：74]
[ info ] [ LANG ] /var/www/html/compmgmt/thinkphp/lang/zh-cn.php
[ info ] [ LANG ] /var/www/html/compmgmt/application/lang/zh-cn.php
[ info ] [ ROUTE ] array (
)
[ info ] [ HEADER ] array (
  'host' => '113.88.25.125:8081',
  'user-agent' => 'Mozilla/5.0 (compatible; CensysInspect/1.1; +https://about.censys.io/)',
  'accept' => '*/*',
  'accept-encoding' => 'gzip',
)
[ info ] [ PARAM ] array (
  '/padmin/adminlogin/index_html' => '',
)
[ info ] [ VIEW ] /var/www/html/compmgmt/application/padmin/view/index/login.html [ array (
  0 => 'title',
) ]
---------------------------------------------------------------
[ 2021-06-03T23:06:48+08:00 ] 193.118.53.202 GET 113.88.25.125:8081/
[运行时间：0.003713s] [吞吐率：269.33req/s] [内存消耗：489.49kb] [文件加载：75]
[ info ] [ LANG ] /var/www/html/compmgmt/thinkphp/lang/zh-cn.php
[ info ] [ LANG ] /var/www/html/compmgmt/application/lang/zh-cn.php
[ info ] [ ROUTE ] array (
  'rule' => '',
  'route' => 'index/index',
  'option' => 
  array (
    'merge_rule_regex' => false,
    'complete_match' => true,
  ),
  'var' => 
  array (
  ),
)
[ info ] [ HEADER ] array (
  'host' => '113.88.25.125:8081',
  'user-agent' => 'Mozilla/5.0 (Windows NT 10.0; Win64; x64) AppleWebKit/537.36 (KHTML, like Gecko) Chrome/60.0.3112.113 Safari/537.36',
  'accept' => '*/*',
  'accept-encoding' => 'gzip',
)
[ info ] [ PARAM ] array (
)
---------------------------------------------------------------
[ 2021-06-03T23:06:49+08:00 ] 193.118.53.202 GET 113.88.25.125:8081/padmin/adminlogin/index.html
[运行时间：0.002927s] [吞吐率：341.64req/s] [内存消耗：486.34kb] [文件加载：74]
[ info ] [ LANG ] /var/www/html/compmgmt/thinkphp/lang/zh-cn.php
[ info ] [ LANG ] /var/www/html/compmgmt/application/lang/zh-cn.php
[ info ] [ ROUTE ] array (
)
[ info ] [ HEADER ] array (
  'host' => '113.88.25.125:8081',
  'user-agent' => 'Mozilla/5.0 (Windows NT 10.0; Win64; x64) AppleWebKit/537.36 (KHTML, like Gecko) Chrome/60.0.3112.113 Safari/537.36',
  'accept' => '*/*',
  'referer' => 'http://113.88.25.125:8081/',
  'accept-encoding' => 'gzip',
)
[ info ] [ PARAM ] array (
  '/padmin/adminlogin/index_html' => '',
)
[ info ] [ VIEW ] /var/www/html/compmgmt/application/padmin/view/index/login.html [ array (
  0 => 'title',
) ]
---------------------------------------------------------------
[ 2021-06-03T23:06:51+08:00 ] 193.118.53.202 GET 113.88.25.125:8081/webfig/
[运行时间：0.003866s] [吞吐率：258.67req/s] [内存消耗：496.90kb] [文件加载：76]
[ info ] [ LANG ] /var/www/html/compmgmt/thinkphp/lang/zh-cn.php
[ info ] [ LANG ] /var/www/html/compmgmt/application/lang/zh-cn.php
[ info ] [ ROUTE ] array (
)
[ info ] [ HEADER ] array (
  'host' => '113.88.25.125:8081',
  'user-agent' => 'Mozilla/5.0 (Windows NT 10.0; Win64; x64) AppleWebKit/537.36 (KHTML, like Gecko) Chrome/60.0.3112.113 Safari/537.36',
  'accept' => '*/*',
  'accept-encoding' => 'gzip',
)
[ info ] [ PARAM ] array (
  '/webfig/' => '',
)
---------------------------------------------------------------
[ 2021-06-03T23:06:52+08:00 ] 193.118.53.202 GET 113.88.25.125:8081/padmin/adminlogin/index.html
[运行时间：0.002883s] [吞吐率：346.87req/s] [内存消耗：486.34kb] [文件加载：74]
[ info ] [ LANG ] /var/www/html/compmgmt/thinkphp/lang/zh-cn.php
[ info ] [ LANG ] /var/www/html/compmgmt/application/lang/zh-cn.php
[ info ] [ ROUTE ] array (
)
[ info ] [ HEADER ] array (
  'host' => '113.88.25.125:8081',
  'user-agent' => 'Mozilla/5.0 (Windows NT 10.0; Win64; x64) AppleWebKit/537.36 (KHTML, like Gecko) Chrome/60.0.3112.113 Safari/537.36',
  'accept' => '*/*',
  'referer' => 'http://113.88.25.125:8081/webfig/',
  'accept-encoding' => 'gzip',
)
[ info ] [ PARAM ] array (
  '/padmin/adminlogin/index_html' => '',
)
[ info ] [ VIEW ] /var/www/html/compmgmt/application/padmin/view/index/login.html [ array (
  0 => 'title',
) ]
---------------------------------------------------------------
[ 2021-06-03T23:45:56+08:00 ] 101.251.200.214 GET 113.88.25.125:8081/
[运行时间：0.003452s] [吞吐率：289.68req/s] [内存消耗：489.84kb] [文件加载：75]
[ info ] [ LANG ] /var/www/html/compmgmt/thinkphp/lang/zh-cn.php
[ info ] [ LANG ] /var/www/html/compmgmt/application/lang/zh-cn.php
[ info ] [ ROUTE ] array (
  'rule' => '',
  'route' => 'index/index',
  'option' => 
  array (
    'merge_rule_regex' => false,
    'complete_match' => true,
  ),
  'var' => 
  array (
  ),
)
[ info ] [ HEADER ] array (
  'host' => '113.88.25.125:8081',
  'user-agent' => 'Mozilla/5.0 (Windows NT 10.0; Win64; x64; rv:79.0) Gecko/20100101 Firefox/79.0',
  'accept-language' => 'zh-CN,zh;q=0.8,en-US;q=0.5,en;q=0.3',
  'accept-charset' => 'GBK,utf-8;q=0.7,*;q=0.3',
  'accept' => 'application/json, text/plain, */*',
)
[ info ] [ PARAM ] array (
)
---------------------------------------------------------------
[ 2021-06-03T23:45:59+08:00 ] 101.251.200.214 GET 113.88.25.125:8081/padmin/adminlogin/index.html
[运行时间：0.003616s] [吞吐率：276.54req/s] [内存消耗：486.41kb] [文件加载：74]
[ info ] [ LANG ] /var/www/html/compmgmt/thinkphp/lang/zh-cn.php
[ info ] [ LANG ] /var/www/html/compmgmt/application/lang/zh-cn.php
[ info ] [ ROUTE ] array (
)
[ info ] [ HEADER ] array (
  'host' => '113.88.25.125:8081',
  'user-agent' => 'Mozilla/5.0 (Windows NT 10.0; Win64; x64; rv:79.0) Gecko/20100101 Firefox/79.0',
  'accept-language' => 'zh-CN,zh;q=0.8,en-US;q=0.5,en;q=0.3',
  'accept-charset' => 'GBK,utf-8;q=0.7,*;q=0.3',
  'accept' => 'application/json, text/plain, */*',
)
[ info ] [ PARAM ] array (
  '/padmin/adminlogin/index_html' => '',
)
[ info ] [ VIEW ] /var/www/html/compmgmt/application/padmin/view/index/login.html [ array (
  0 => 'title',
) ]
