---------------------------------------------------------------
[ 2021-06-05T02:06:57+08:00 ] 101.251.200.214 GET 113.88.25.125:8081/
[运行时间：0.040037s] [吞吐率：24.98req/s] [内存消耗：489.84kb] [文件加载：75]
[ info ] [ LANG ] /var/www/html/compmgmt/thinkphp/lang/zh-cn.php
[ info ] [ LANG ] /var/www/html/compmgmt/application/lang/zh-cn.php
[ info ] [ ROUTE ] array (
  'rule' => '',
  'route' => 'index/index',
  'option' => 
  array (
    'merge_rule_regex' => false,
    'complete_match' => true,
  ),
  'var' => 
  array (
  ),
)
[ info ] [ HEADER ] array (
  'host' => '113.88.25.125:8081',
  'user-agent' => 'Mozilla/5.0 (Windows NT 10.0; Win64; x64; rv:79.0) Gecko/20100101 Firefox/79.0',
  'accept-language' => 'zh-CN,zh;q=0.8,en-US;q=0.5,en;q=0.3',
  'accept-charset' => 'GBK,utf-8;q=0.7,*;q=0.3',
  'accept' => 'application/json, text/plain, */*',
)
[ info ] [ PARAM ] array (
)
---------------------------------------------------------------
[ 2021-06-05T02:07:01+08:00 ] 101.251.200.214 GET 113.88.25.125:8081/padmin/adminlogin/index.html
[运行时间：0.004373s] [吞吐率：228.68req/s] [内存消耗：486.41kb] [文件加载：74]
[ info ] [ LANG ] /var/www/html/compmgmt/thinkphp/lang/zh-cn.php
[ info ] [ LANG ] /var/www/html/compmgmt/application/lang/zh-cn.php
[ info ] [ ROUTE ] array (
)
[ info ] [ HEADER ] array (
  'host' => '113.88.25.125:8081',
  'user-agent' => 'Mozilla/5.0 (Windows NT 10.0; Win64; x64; rv:79.0) Gecko/20100101 Firefox/79.0',
  'accept-language' => 'zh-CN,zh;q=0.8,en-US;q=0.5,en;q=0.3',
  'accept-charset' => 'GBK,utf-8;q=0.7,*;q=0.3',
  'accept' => 'application/json, text/plain, */*',
)
[ info ] [ PARAM ] array (
  '/padmin/adminlogin/index_html' => '',
)
[ info ] [ VIEW ] /var/www/html/compmgmt/application/padmin/view/index/login.html [ array (
  0 => 'title',
) ]
---------------------------------------------------------------
[ 2021-06-05T03:20:25+08:00 ] 23.251.102.74 GET 113.88.25.125:8081/
[运行时间：0.003950s] [吞吐率：253.16req/s] [内存消耗：489.49kb] [文件加载：75]
[ info ] [ LANG ] /var/www/html/compmgmt/thinkphp/lang/zh-cn.php
[ info ] [ LANG ] /var/www/html/compmgmt/application/lang/zh-cn.php
[ info ] [ ROUTE ] array (
  'rule' => '',
  'route' => 'index/index',
  'option' => 
  array (
    'merge_rule_regex' => false,
    'complete_match' => true,
  ),
  'var' => 
  array (
  ),
)
[ info ] [ HEADER ] array (
  'host' => '113.88.25.125:8081',
  'user-agent' => 'Mozilla/5.0 (Windows NT 10.0; Win64; x64) AppleWebKit/537.36 (KHTML, like Gecko) Chrome/60.0.3112.113 Safari/537.36',
  'accept' => '*/*',
  'accept-encoding' => 'gzip',
)
[ info ] [ PARAM ] array (
)
---------------------------------------------------------------
[ 2021-06-05T03:20:26+08:00 ] 23.251.102.74 GET 113.88.25.125:8081/padmin/adminlogin/index.html
[运行时间：0.003007s] [吞吐率：332.56req/s] [内存消耗：486.34kb] [文件加载：74]
[ info ] [ LANG ] /var/www/html/compmgmt/thinkphp/lang/zh-cn.php
[ info ] [ LANG ] /var/www/html/compmgmt/application/lang/zh-cn.php
[ info ] [ ROUTE ] array (
)
[ info ] [ HEADER ] array (
  'host' => '113.88.25.125:8081',
  'user-agent' => 'Mozilla/5.0 (Windows NT 10.0; Win64; x64) AppleWebKit/537.36 (KHTML, like Gecko) Chrome/60.0.3112.113 Safari/537.36',
  'accept' => '*/*',
  'referer' => 'http://113.88.25.125:8081/',
  'accept-encoding' => 'gzip',
)
[ info ] [ PARAM ] array (
  '/padmin/adminlogin/index_html' => '',
)
[ info ] [ VIEW ] /var/www/html/compmgmt/application/padmin/view/index/login.html [ array (
  0 => 'title',
) ]
---------------------------------------------------------------
[ 2021-06-05T04:07:01+08:00 ] 45.146.164.125 GET 113.88.25.125:8081/jars
[运行时间：0.007005s] [吞吐率：142.75req/s] [内存消耗：497.20kb] [文件加载：76]
[ info ] [ LANG ] /var/www/html/compmgmt/thinkphp/lang/zh-cn.php
[ info ] [ LANG ] /var/www/html/compmgmt/application/lang/zh-cn.php
[ info ] [ ROUTE ] array (
)
[ info ] [ HEADER ] array (
  'host' => '113.88.25.125:8081',
  'user-agent' => 'Mozilla/5.0 (Windows NT 10.0; Win64; x64) AppleWebKit/537.36 (KHTML, like Gecko) Chrome/78.0.3904.108 Safari/537.36',
  'content-type' => 'application/json',
  'accept-encoding' => 'gzip',
  'connection' => 'close',
)
[ info ] [ PARAM ] array (
  '/jars' => '',
)
---------------------------------------------------------------
[ 2021-06-05T04:07:01+08:00 ] 45.146.164.125 GET 113.88.25.125:8081/
[运行时间：0.005387s] [吞吐率：185.63req/s] [内存消耗：489.98kb] [文件加载：75]
[ info ] [ LANG ] /var/www/html/compmgmt/thinkphp/lang/zh-cn.php
[ info ] [ LANG ] /var/www/html/compmgmt/application/lang/zh-cn.php
[ info ] [ ROUTE ] array (
  'rule' => '',
  'route' => 'index/index',
  'option' => 
  array (
    'merge_rule_regex' => false,
    'complete_match' => true,
  ),
  'var' => 
  array (
  ),
)
[ info ] [ HEADER ] array (
  'host' => '113.88.25.125:8081',
  'user-agent' => 'Mozilla/5.0 (Windows NT 10.0; Win64; x64) AppleWebKit/537.36 (KHTML, like Gecko) Chrome/78.0.3904.108 Safari/537.36',
  'authorization' => 'Basic YWRtaW46cGFzcw==',
  'content-type' => 'application/json',
  'accept-encoding' => 'gzip',
  'connection' => 'close',
)
[ info ] [ PARAM ] array (
)
---------------------------------------------------------------
[ 2021-06-05T04:07:01+08:00 ] 45.146.164.125 POST 113.88.25.125:8081/service/extdirect
[运行时间：0.004046s] [吞吐率：247.16req/s] [内存消耗：469.13kb] [文件加载：75]
[ info ] [ LANG ] /var/www/html/compmgmt/thinkphp/lang/zh-cn.php
[ info ] [ LANG ] /var/www/html/compmgmt/application/lang/zh-cn.php
[ info ] [ ROUTE ] array (
)
[ info ] [ HEADER ] array (
  'host' => '113.88.25.125:8081',
  'user-agent' => 'Mozilla/5.0 (Windows NT 10.0; Win64; x64) AppleWebKit/537.36 (KHTML, like Gecko) Chrome/78.0.3904.108 Safari/537.36',
  'content-length' => '293',
  'content-type' => 'application/json',
  'accept-encoding' => 'gzip',
  'connection' => 'close',
)
[ info ] [ PARAM ] array (
  '/service/extdirect' => '',
  'action' => 'coreui_Component',
  'data' => 
  array (
    0 => 
    array (
      'filter' => 
      array (
        0 => 
        array (
          'property' => 'repositoryName',
          'value' => '*',
        ),
        1 => 
        array (
          'property' => 'expression',
          'value' => '1==1',
        ),
        2 => 
        array (
          'property' => 'type',
          'value' => 'jexl',
        ),
      ),
      'limit' => '50',
      'page' => '1',
      'sort' => 
      array (
        0 => 
        array (
          'direction' => 'ASC',
          'property' => 'name',
        ),
      ),
      'start' => '0',
    ),
  ),
  'method' => 'previewAssets',
  'tid' => '18',
  'type' => 'rpc',
)
---------------------------------------------------------------
[ 2021-06-05T04:07:01+08:00 ] 45.146.164.125 GET 113.88.25.125:8081/padmin/adminlogin/index.html
[运行时间：0.003627s] [吞吐率：275.71req/s] [内存消耗：486.55kb] [文件加载：74]
[ info ] [ LANG ] /var/www/html/compmgmt/thinkphp/lang/zh-cn.php
[ info ] [ LANG ] /var/www/html/compmgmt/application/lang/zh-cn.php
[ info ] [ ROUTE ] array (
)
[ info ] [ HEADER ] array (
  'host' => '113.88.25.125:8081',
  'user-agent' => 'Mozilla/5.0 (Windows NT 10.0; Win64; x64) AppleWebKit/537.36 (KHTML, like Gecko) Chrome/78.0.3904.108 Safari/537.36',
  'content-type' => 'application/json',
  'referer' => 'http://113.88.25.125:8081/jars',
  'accept-encoding' => 'gzip',
  'connection' => 'close',
)
[ info ] [ PARAM ] array (
  '/padmin/adminlogin/index_html' => '',
)
[ info ] [ VIEW ] /var/www/html/compmgmt/application/padmin/view/index/login.html [ array (
  0 => 'title',
) ]
---------------------------------------------------------------
[ 2021-06-05T04:07:02+08:00 ] 45.146.164.125 GET 113.88.25.125:8081/padmin/adminlogin/index.html
[运行时间：0.003692s] [吞吐率：270.86req/s] [内存消耗：486.88kb] [文件加载：74]
[ info ] [ LANG ] /var/www/html/compmgmt/thinkphp/lang/zh-cn.php
[ info ] [ LANG ] /var/www/html/compmgmt/application/lang/zh-cn.php
[ info ] [ ROUTE ] array (
)
[ info ] [ HEADER ] array (
  'host' => '113.88.25.125:8081',
  'user-agent' => 'Mozilla/5.0 (Windows NT 10.0; Win64; x64) AppleWebKit/537.36 (KHTML, like Gecko) Chrome/78.0.3904.108 Safari/537.36',
  'authorization' => 'Basic YWRtaW46cGFzcw==',
  'content-type' => 'application/json',
  'referer' => 'http://113.88.25.125:8081/',
  'accept-encoding' => 'gzip',
  'connection' => 'close',
)
[ info ] [ PARAM ] array (
  '/padmin/adminlogin/index_html' => '',
)
[ info ] [ VIEW ] /var/www/html/compmgmt/application/padmin/view/index/login.html [ array (
  0 => 'title',
) ]
---------------------------------------------------------------
[ 2021-06-05T04:11:27+08:00 ] 27.224.137.124 HEAD 110.242.68.4http://110.242.68.4/
[运行时间：0.003584s] [吞吐率：279.03req/s] [内存消耗：492.64kb] [文件加载：76]
[ info ] [ LANG ] /var/www/html/compmgmt/thinkphp/lang/zh-cn.php
[ info ] [ LANG ] /var/www/html/compmgmt/application/lang/zh-cn.php
[ info ] [ ROUTE ] array (
)
[ info ] [ HEADER ] array (
  'host' => '110.242.68.4',
  'proxy-authorization' => 'Basic Og==',
  'proxy-connection' => 'Keep-Alive',
  'accept-language' => 'zh-CN,zh;q=0.8',
  'accept-encoding' => 'gzip, deflate, sdch',
  'connection' => 'keep-alive',
  'cache-control' => 'max-age=0',
  'accept' => 'text/html,application/xhtml+xml,application/xml;q=0.9,image/webp,*/*;q=0.8',
  'user-agent' => 'Mozilla/5.01719037 Mozilla/5.0 (Windows NT 10.0; Win64; x64) AppleWebKit/537.36 (KHTML, like Gecko) Chrome/59.0.3071.115 Safari/537.36',
)
[ info ] [ PARAM ] array (
)
---------------------------------------------------------------
[ 2021-06-05T04:11:27+08:00 ] 27.224.137.124 HEAD 110.242.68.4http://110.242.68.4/padmin/adminlogin/index.html
[运行时间：0.002665s] [吞吐率：375.26req/s] [内存消耗：482.31kb] [文件加载：74]
[ info ] [ LANG ] /var/www/html/compmgmt/thinkphp/lang/zh-cn.php
[ info ] [ LANG ] /var/www/html/compmgmt/application/lang/zh-cn.php
[ info ] [ ROUTE ] array (
)
[ info ] [ HEADER ] array (
  'host' => '110.242.68.4',
  'proxy-authorization' => 'Basic Og==',
  'proxy-connection' => 'Keep-Alive',
  'accept-language' => 'zh-CN,zh;q=0.8',
  'accept-encoding' => 'gzip, deflate, sdch',
  'connection' => 'keep-alive',
  'cache-control' => 'max-age=0',
  'accept' => 'text/html,application/xhtml+xml,application/xml;q=0.9,image/webp,*/*;q=0.8',
  'user-agent' => 'Mozilla/5.01719037 Mozilla/5.0 (Windows NT 10.0; Win64; x64) AppleWebKit/537.36 (KHTML, like Gecko) Chrome/59.0.3071.115 Safari/537.36',
)
[ info ] [ PARAM ] array (
  '/padmin/adminlogin/index_html' => '',
)
[ info ] [ VIEW ] /var/www/html/compmgmt/application/padmin/view/index/login.html [ array (
  0 => 'title',
) ]
---------------------------------------------------------------
[ 2021-06-05T04:11:28+08:00 ] 1.202.113.100 GET www.epochtimes.comhttp://www.epochtimes.com/
[运行时间：0.003024s] [吞吐率：330.68req/s] [内存消耗：491.26kb] [文件加载：75]
[ info ] [ LANG ] /var/www/html/compmgmt/thinkphp/lang/zh-cn.php
[ info ] [ LANG ] /var/www/html/compmgmt/application/lang/zh-cn.php
[ info ] [ ROUTE ] array (
  'rule' => '',
  'route' => 'index/index',
  'option' => 
  array (
    'merge_rule_regex' => false,
    'complete_match' => true,
  ),
  'var' => 
  array (
  ),
)
[ info ] [ HEADER ] array (
  'host' => 'www.epochtimes.com',
  'proxy-authorization' => 'Basic Og==',
  'proxy-connection' => 'Keep-Alive',
  'accept' => 'text/html,application/xhtml+xml,application/xml;q=0.9,image/webp,*/*;q=0.8',
  'connection' => 'keep-alive',
  'user-agent' => 'Mozilla/5.0 (Windows NT 10.0; WOW64) AppleWebKit/537.36 (KHTML, like Gecko) Chrome/45.0.2454.101 Safari/537.36',
  'accept-encoding' => 'gzip, deflate, sdch',
  'accept-language' => 'zh-CN,zh;q=0.8',
  'cache-control' => 'max-age=0',
)
[ info ] [ PARAM ] array (
)
---------------------------------------------------------------
[ 2021-06-05T04:11:28+08:00 ] 1.202.113.100 GET www.epochtimes.comhttp://www.epochtimes.com/padmin/adminlogin/index.html
[运行时间：0.002722s] [吞吐率：367.37req/s] [内存消耗：487.83kb] [文件加载：74]
[ info ] [ LANG ] /var/www/html/compmgmt/thinkphp/lang/zh-cn.php
[ info ] [ LANG ] /var/www/html/compmgmt/application/lang/zh-cn.php
[ info ] [ ROUTE ] array (
)
[ info ] [ HEADER ] array (
  'host' => 'www.epochtimes.com',
  'proxy-authorization' => 'Basic Og==',
  'proxy-connection' => 'Keep-Alive',
  'accept' => 'text/html,application/xhtml+xml,application/xml;q=0.9,image/webp,*/*;q=0.8',
  'connection' => 'keep-alive',
  'user-agent' => 'Mozilla/5.0 (Windows NT 10.0; WOW64) AppleWebKit/537.36 (KHTML, like Gecko) Chrome/45.0.2454.101 Safari/537.36',
  'accept-encoding' => 'gzip, deflate, sdch',
  'accept-language' => 'zh-CN,zh;q=0.8',
  'cache-control' => 'max-age=0',
)
[ info ] [ PARAM ] array (
  '/padmin/adminlogin/index_html' => '',
)
[ info ] [ VIEW ] /var/www/html/compmgmt/application/padmin/view/index/login.html [ array (
  0 => 'title',
) ]
---------------------------------------------------------------
[ 2021-06-05T04:11:28+08:00 ] 113.128.105.81 CONNECT www.voanews.com:443www.voanews.com:443
[运行时间：0.063165s] [吞吐率：15.83req/s] [内存消耗：356.60kb] [文件加载：61]
[ info ] [ LANG ] /var/www/html/compmgmt/thinkphp/lang/zh-cn.php
[ info ] [ LANG ] /var/www/html/compmgmt/application/lang/zh-cn.php
[ error ] [8]未定义数组索引: connect[/var/www/html/compmgmt/thinkphp/library/think/route/RuleGroup.php:208]
---------------------------------------------------------------
[ 2021-06-05T04:11:29+08:00 ] 1.85.218.142 CONNECT www.baidu.com:443www.baidu.com:443
[运行时间：0.002794s] [吞吐率：357.91req/s] [内存消耗：355.40kb] [文件加载：61]
[ info ] [ LANG ] /var/www/html/compmgmt/thinkphp/lang/zh-cn.php
[ info ] [ LANG ] /var/www/html/compmgmt/application/lang/zh-cn.php
[ error ] [8]未定义数组索引: connect[/var/www/html/compmgmt/thinkphp/library/think/route/RuleGroup.php:208]
---------------------------------------------------------------
[ 2021-06-05T04:11:30+08:00 ] 123.191.142.239 CONNECT www.so.com:443www.so.com:443
[运行时间：0.003083s] [吞吐率：324.36req/s] [内存消耗：355.39kb] [文件加载：61]
[ info ] [ LANG ] /var/www/html/compmgmt/thinkphp/lang/zh-cn.php
[ info ] [ LANG ] /var/www/html/compmgmt/application/lang/zh-cn.php
[ error ] [8]未定义数组索引: connect[/var/www/html/compmgmt/thinkphp/library/think/route/RuleGroup.php:208]
---------------------------------------------------------------
[ 2021-06-05T04:11:31+08:00 ] 171.120.28.56 GET www.wujieliulan.comhttp://www.wujieliulan.com/
[运行时间：0.003058s] [吞吐率：327.02req/s] [内存消耗：491.27kb] [文件加载：75]
[ info ] [ LANG ] /var/www/html/compmgmt/thinkphp/lang/zh-cn.php
[ info ] [ LANG ] /var/www/html/compmgmt/application/lang/zh-cn.php
[ info ] [ ROUTE ] array (
  'rule' => '',
  'route' => 'index/index',
  'option' => 
  array (
    'merge_rule_regex' => false,
    'complete_match' => true,
  ),
  'var' => 
  array (
  ),
)
[ info ] [ HEADER ] array (
  'host' => 'www.wujieliulan.com',
  'proxy-authorization' => 'Basic Og==',
  'proxy-connection' => 'Keep-Alive',
  'accept' => 'text/html,application/xhtml+xml,application/xml;q=0.9,image/webp,*/*;q=0.8',
  'connection' => 'keep-alive',
  'user-agent' => 'Mozilla/5.0 (Windows NT 10.0; WOW64) AppleWebKit/537.36 (KHTML, like Gecko) Chrome/45.0.2454.101 Safari/537.36',
  'accept-encoding' => 'gzip, deflate, sdch',
  'accept-language' => 'zh-CN,zh;q=0.8',
  'cache-control' => 'max-age=0',
)
[ info ] [ PARAM ] array (
)
---------------------------------------------------------------
[ 2021-06-05T04:11:31+08:00 ] 171.120.28.56 GET www.wujieliulan.comhttp://www.wujieliulan.com/padmin/adminlogin/index.html
[运行时间：0.003420s] [吞吐率：292.41req/s] [内存消耗：487.83kb] [文件加载：74]
[ info ] [ LANG ] /var/www/html/compmgmt/thinkphp/lang/zh-cn.php
[ info ] [ LANG ] /var/www/html/compmgmt/application/lang/zh-cn.php
[ info ] [ ROUTE ] array (
)
[ info ] [ HEADER ] array (
  'host' => 'www.wujieliulan.com',
  'proxy-authorization' => 'Basic Og==',
  'proxy-connection' => 'Keep-Alive',
  'accept' => 'text/html,application/xhtml+xml,application/xml;q=0.9,image/webp,*/*;q=0.8',
  'connection' => 'keep-alive',
  'user-agent' => 'Mozilla/5.0 (Windows NT 10.0; WOW64) AppleWebKit/537.36 (KHTML, like Gecko) Chrome/45.0.2454.101 Safari/537.36',
  'accept-encoding' => 'gzip, deflate, sdch',
  'accept-language' => 'zh-CN,zh;q=0.8',
  'cache-control' => 'max-age=0',
)
[ info ] [ PARAM ] array (
  '/padmin/adminlogin/index_html' => '',
)
[ info ] [ VIEW ] /var/www/html/compmgmt/application/padmin/view/index/login.html [ array (
  0 => 'title',
) ]
---------------------------------------------------------------
[ 2021-06-05T04:11:31+08:00 ] 113.128.104.16 GET www.rfa.orghttp://www.rfa.org/english/
[运行时间：0.003018s] [吞吐率：331.36req/s] [内存消耗：498.48kb] [文件加载：76]
[ info ] [ LANG ] /var/www/html/compmgmt/thinkphp/lang/zh-cn.php
[ info ] [ LANG ] /var/www/html/compmgmt/application/lang/zh-cn.php
[ info ] [ ROUTE ] array (
)
[ info ] [ HEADER ] array (
  'host' => 'www.rfa.org',
  'proxy-authorization' => 'Basic Og==',
  'proxy-connection' => 'Keep-Alive',
  'accept' => 'text/html,application/xhtml+xml,application/xml;q=0.9,image/webp,*/*;q=0.8',
  'connection' => 'keep-alive',
  'user-agent' => 'Mozilla/5.0 (Windows NT 10.0; WOW64) AppleWebKit/537.36 (KHTML, like Gecko) Chrome/45.0.2454.101 Safari/537.36',
  'accept-encoding' => 'gzip, deflate, sdch',
  'accept-language' => 'zh-CN,zh;q=0.8',
  'cache-control' => 'max-age=0',
)
[ info ] [ PARAM ] array (
  '/english/' => '',
)
---------------------------------------------------------------
[ 2021-06-05T04:11:31+08:00 ] 123.160.174.87 GET www.soso.comhttp://www.soso.com/
[运行时间：0.002975s] [吞吐率：336.14req/s] [内存消耗：491.24kb] [文件加载：75]
[ info ] [ LANG ] /var/www/html/compmgmt/thinkphp/lang/zh-cn.php
[ info ] [ LANG ] /var/www/html/compmgmt/application/lang/zh-cn.php
[ info ] [ ROUTE ] array (
  'rule' => '',
  'route' => 'index/index',
  'option' => 
  array (
    'merge_rule_regex' => false,
    'complete_match' => true,
  ),
  'var' => 
  array (
  ),
)
[ info ] [ HEADER ] array (
  'host' => 'www.soso.com',
  'proxy-authorization' => 'Basic Og==',
  'proxy-connection' => 'Keep-Alive',
  'accept' => 'text/html,application/xhtml+xml,application/xml;q=0.9,image/webp,*/*;q=0.8',
  'connection' => 'keep-alive',
  'user-agent' => 'Mozilla/5.0 (Windows NT 10.0; WOW64) AppleWebKit/537.36 (KHTML, like Gecko) Chrome/45.0.2454.101 Safari/537.36',
  'accept-encoding' => 'gzip, deflate, sdch',
  'accept-language' => 'zh-CN,zh;q=0.8',
  'cache-control' => 'max-age=0',
)
[ info ] [ PARAM ] array (
)
---------------------------------------------------------------
[ 2021-06-05T04:11:31+08:00 ] 123.160.175.222 GET www.minghui.orghttp://www.minghui.org/
[运行时间：0.002589s] [吞吐率：386.25req/s] [内存消耗：491.24kb] [文件加载：75]
[ info ] [ LANG ] /var/www/html/compmgmt/thinkphp/lang/zh-cn.php
[ info ] [ LANG ] /var/www/html/compmgmt/application/lang/zh-cn.php
[ info ] [ ROUTE ] array (
  'rule' => '',
  'route' => 'index/index',
  'option' => 
  array (
    'merge_rule_regex' => false,
    'complete_match' => true,
  ),
  'var' => 
  array (
  ),
)
[ info ] [ HEADER ] array (
  'host' => 'www.minghui.org',
  'proxy-authorization' => 'Basic Og==',
  'proxy-connection' => 'Keep-Alive',
  'accept' => 'text/html,application/xhtml+xml,application/xml;q=0.9,image/webp,*/*;q=0.8',
  'connection' => 'keep-alive',
  'user-agent' => 'Mozilla/5.0 (Windows NT 10.0; WOW64) AppleWebKit/537.36 (KHTML, like Gecko) Chrome/45.0.2454.101 Safari/537.36',
  'accept-encoding' => 'gzip, deflate, sdch',
  'accept-language' => 'zh-CN,zh;q=0.8',
  'cache-control' => 'max-age=0',
)
[ info ] [ PARAM ] array (
)
---------------------------------------------------------------
[ 2021-06-05T04:11:32+08:00 ] 27.224.136.48 GET dongtaiwang.comhttp://dongtaiwang.com/
[运行时间：0.002686s] [吞吐率：372.33req/s] [内存消耗：491.21kb] [文件加载：75]
[ info ] [ LANG ] /var/www/html/compmgmt/thinkphp/lang/zh-cn.php
[ info ] [ LANG ] /var/www/html/compmgmt/application/lang/zh-cn.php
[ info ] [ ROUTE ] array (
  'rule' => '',
  'route' => 'index/index',
  'option' => 
  array (
    'merge_rule_regex' => false,
    'complete_match' => true,
  ),
  'var' => 
  array (
  ),
)
[ info ] [ HEADER ] array (
  'host' => 'dongtaiwang.com',
  'proxy-authorization' => 'Basic Og==',
  'proxy-connection' => 'Keep-Alive',
  'accept' => 'text/html,application/xhtml+xml,application/xml;q=0.9,image/webp,*/*;q=0.8',
  'connection' => 'keep-alive',
  'user-agent' => 'Mozilla/5.0 (Windows NT 10.0; WOW64) AppleWebKit/537.36 (KHTML, like Gecko) Chrome/45.0.2454.101 Safari/537.36',
  'accept-encoding' => 'gzip, deflate, sdch',
  'accept-language' => 'zh-CN,zh;q=0.8',
  'cache-control' => 'max-age=0',
)
[ info ] [ PARAM ] array (
)
---------------------------------------------------------------
[ 2021-06-05T04:11:32+08:00 ] 27.224.136.48 GET dongtaiwang.comhttp://dongtaiwang.com/padmin/adminlogin/index.html
[运行时间：0.002655s] [吞吐率：376.64req/s] [内存消耗：487.66kb] [文件加载：74]
[ info ] [ LANG ] /var/www/html/compmgmt/thinkphp/lang/zh-cn.php
[ info ] [ LANG ] /var/www/html/compmgmt/application/lang/zh-cn.php
[ info ] [ ROUTE ] array (
)
[ info ] [ HEADER ] array (
  'host' => 'dongtaiwang.com',
  'proxy-authorization' => 'Basic Og==',
  'proxy-connection' => 'Keep-Alive',
  'accept' => 'text/html,application/xhtml+xml,application/xml;q=0.9,image/webp,*/*;q=0.8',
  'connection' => 'keep-alive',
  'user-agent' => 'Mozilla/5.0 (Windows NT 10.0; WOW64) AppleWebKit/537.36 (KHTML, like Gecko) Chrome/45.0.2454.101 Safari/537.36',
  'accept-encoding' => 'gzip, deflate, sdch',
  'accept-language' => 'zh-CN,zh;q=0.8',
  'cache-control' => 'max-age=0',
)
[ info ] [ PARAM ] array (
  '/padmin/adminlogin/index_html' => '',
)
[ info ] [ VIEW ] /var/www/html/compmgmt/application/padmin/view/index/login.html [ array (
  0 => 'title',
) ]
---------------------------------------------------------------
[ 2021-06-05T04:11:32+08:00 ] 113.128.104.16 GET www.rfa.orghttp://www.rfa.org/padmin/adminlogin/index.html
[运行时间：0.002856s] [吞吐率：350.14req/s] [内存消耗：487.63kb] [文件加载：74]
[ info ] [ LANG ] /var/www/html/compmgmt/thinkphp/lang/zh-cn.php
[ info ] [ LANG ] /var/www/html/compmgmt/application/lang/zh-cn.php
[ info ] [ ROUTE ] array (
)
[ info ] [ HEADER ] array (
  'host' => 'www.rfa.org',
  'proxy-authorization' => 'Basic Og==',
  'proxy-connection' => 'Keep-Alive',
  'accept' => 'text/html,application/xhtml+xml,application/xml;q=0.9,image/webp,*/*;q=0.8',
  'connection' => 'keep-alive',
  'user-agent' => 'Mozilla/5.0 (Windows NT 10.0; WOW64) AppleWebKit/537.36 (KHTML, like Gecko) Chrome/45.0.2454.101 Safari/537.36',
  'accept-encoding' => 'gzip, deflate, sdch',
  'accept-language' => 'zh-CN,zh;q=0.8',
  'cache-control' => 'max-age=0',
)
[ info ] [ PARAM ] array (
  '/padmin/adminlogin/index_html' => '',
)
[ info ] [ VIEW ] /var/www/html/compmgmt/application/padmin/view/index/login.html [ array (
  0 => 'title',
) ]
---------------------------------------------------------------
[ 2021-06-05T04:11:33+08:00 ] 27.224.137.45 CONNECT cn.bing.com:443cn.bing.com:443
[运行时间：0.002527s] [吞吐率：395.73req/s] [内存消耗：355.39kb] [文件加载：61]
[ info ] [ LANG ] /var/www/html/compmgmt/thinkphp/lang/zh-cn.php
[ info ] [ LANG ] /var/www/html/compmgmt/application/lang/zh-cn.php
[ error ] [8]未定义数组索引: connect[/var/www/html/compmgmt/thinkphp/library/think/route/RuleGroup.php:208]
---------------------------------------------------------------
[ 2021-06-05T04:11:34+08:00 ] 123.160.174.87 GET www.soso.comhttp://www.soso.com/padmin/adminlogin/index.html
[运行时间：0.003013s] [吞吐率：331.88req/s] [内存消耗：487.69kb] [文件加载：74]
[ info ] [ LANG ] /var/www/html/compmgmt/thinkphp/lang/zh-cn.php
[ info ] [ LANG ] /var/www/html/compmgmt/application/lang/zh-cn.php
[ info ] [ ROUTE ] array (
)
[ info ] [ HEADER ] array (
  'host' => 'www.soso.com',
  'proxy-authorization' => 'Basic Og==',
  'proxy-connection' => 'Keep-Alive',
  'accept' => 'text/html,application/xhtml+xml,application/xml;q=0.9,image/webp,*/*;q=0.8',
  'connection' => 'keep-alive',
  'user-agent' => 'Mozilla/5.0 (Windows NT 10.0; WOW64) AppleWebKit/537.36 (KHTML, like Gecko) Chrome/45.0.2454.101 Safari/537.36',
  'accept-encoding' => 'gzip, deflate, sdch',
  'accept-language' => 'zh-CN,zh;q=0.8',
  'cache-control' => 'max-age=0',
)
[ info ] [ PARAM ] array (
  '/padmin/adminlogin/index_html' => '',
)
[ info ] [ VIEW ] /var/www/html/compmgmt/application/padmin/view/index/login.html [ array (
  0 => 'title',
) ]
---------------------------------------------------------------
[ 2021-06-05T04:11:35+08:00 ] 123.160.175.222 GET www.minghui.orghttp://www.minghui.org/padmin/adminlogin/index.html
[运行时间：0.002561s] [吞吐率：390.46req/s] [内存消耗：487.69kb] [文件加载：74]
[ info ] [ LANG ] /var/www/html/compmgmt/thinkphp/lang/zh-cn.php
[ info ] [ LANG ] /var/www/html/compmgmt/application/lang/zh-cn.php
[ info ] [ ROUTE ] array (
)
[ info ] [ HEADER ] array (
  'host' => 'www.minghui.org',
  'proxy-authorization' => 'Basic Og==',
  'proxy-connection' => 'Keep-Alive',
  'accept' => 'text/html,application/xhtml+xml,application/xml;q=0.9,image/webp,*/*;q=0.8',
  'connection' => 'keep-alive',
  'user-agent' => 'Mozilla/5.0 (Windows NT 10.0; WOW64) AppleWebKit/537.36 (KHTML, like Gecko) Chrome/45.0.2454.101 Safari/537.36',
  'accept-encoding' => 'gzip, deflate, sdch',
  'accept-language' => 'zh-CN,zh;q=0.8',
  'cache-control' => 'max-age=0',
)
[ info ] [ PARAM ] array (
  '/padmin/adminlogin/index_html' => '',
)
[ info ] [ VIEW ] /var/www/html/compmgmt/application/padmin/view/index/login.html [ array (
  0 => 'title',
) ]
---------------------------------------------------------------
[ 2021-06-05T11:08:00+08:00 ] 128.1.248.26 GET 113.104.218.162:8081/
[运行时间：0.576465s] [吞吐率：1.73req/s] [内存消耗：759.50kb] [文件加载：75]
[ info ] [ LANG ] /var/www/html/compmgmt/thinkphp/lang/zh-cn.php
[ info ] [ LANG ] /var/www/html/compmgmt/application/lang/zh-cn.php
[ info ] [ ROUTE ] array (
  'rule' => '',
  'route' => 'index/index',
  'option' => 
  array (
    'merge_rule_regex' => false,
    'complete_match' => true,
  ),
  'var' => 
  array (
  ),
)
[ info ] [ HEADER ] array (
  'host' => '113.104.218.162:8081',
  'user-agent' => 'Mozilla/5.0 (Windows NT 10.0; Win64; x64) AppleWebKit/537.36 (KHTML, like Gecko) Chrome/60.0.3112.113 Safari/537.36',
  'accept' => '*/*',
  'accept-encoding' => 'gzip',
)
[ info ] [ PARAM ] array (
)
---------------------------------------------------------------
[ 2021-06-05T16:15:39+08:00 ] 222.175.201.150 GET 113.104.218.162:8081/
[运行时间：0.103162s] [吞吐率：9.69req/s] [内存消耗：489.91kb] [文件加载：75]
[ info ] [ LANG ] /var/www/html/compmgmt/thinkphp/lang/zh-cn.php
[ info ] [ LANG ] /var/www/html/compmgmt/application/lang/zh-cn.php
[ info ] [ ROUTE ] array (
  'rule' => '',
  'route' => 'index/index',
  'option' => 
  array (
    'merge_rule_regex' => false,
    'complete_match' => true,
  ),
  'var' => 
  array (
  ),
)
[ info ] [ HEADER ] array (
  'host' => '113.104.218.162:8081',
  'user-agent' => 'Mozilla/5.0',
  'accept-encoding' => 'gzip',
)
[ info ] [ PARAM ] array (
)
---------------------------------------------------------------
[ 2021-06-05T16:15:39+08:00 ] 222.175.201.150 GET 113.104.218.162:8081/padmin/adminlogin/index.html
[运行时间：0.070342s] [吞吐率：14.22req/s] [内存消耗：487.05kb] [文件加载：74]
[ info ] [ LANG ] /var/www/html/compmgmt/thinkphp/lang/zh-cn.php
[ info ] [ LANG ] /var/www/html/compmgmt/application/lang/zh-cn.php
[ info ] [ ROUTE ] array (
)
[ info ] [ HEADER ] array (
  'host' => '113.104.218.162:8081',
  'user-agent' => 'Mozilla/5.0',
  'referer' => 'http://113.104.218.162:8081/',
  'accept-encoding' => 'gzip',
)
[ info ] [ PARAM ] array (
  '/padmin/adminlogin/index_html' => '',
)
[ info ] [ VIEW ] /var/www/html/compmgmt/application/padmin/view/index/login.html [ array (
  0 => 'title',
) ]
---------------------------------------------------------------
[ 2021-06-05T17:41:07+08:00 ] 101.251.200.214 GET 113.104.218.162:8081/
[运行时间：0.003496s] [吞吐率：286.05req/s] [内存消耗：489.86kb] [文件加载：75]
[ info ] [ LANG ] /var/www/html/compmgmt/thinkphp/lang/zh-cn.php
[ info ] [ LANG ] /var/www/html/compmgmt/application/lang/zh-cn.php
[ info ] [ ROUTE ] array (
  'rule' => '',
  'route' => 'index/index',
  'option' => 
  array (
    'merge_rule_regex' => false,
    'complete_match' => true,
  ),
  'var' => 
  array (
  ),
)
[ info ] [ HEADER ] array (
  'host' => '113.104.218.162:8081',
  'user-agent' => 'Mozilla/5.0 (Windows NT 10.0; Win64; x64; rv:79.0) Gecko/20100101 Firefox/79.0',
  'accept-language' => 'zh-CN,zh;q=0.8,en-US;q=0.5,en;q=0.3',
  'accept-charset' => 'GBK,utf-8;q=0.7,*;q=0.3',
  'accept' => 'application/json, text/plain, */*',
)
[ info ] [ PARAM ] array (
)
---------------------------------------------------------------
[ 2021-06-05T17:41:10+08:00 ] 101.251.200.214 GET 113.104.218.162:8081/padmin/adminlogin/index.html
[运行时间：0.007820s] [吞吐率：127.88req/s] [内存消耗：487.31kb] [文件加载：74]
[ info ] [ LANG ] /var/www/html/compmgmt/thinkphp/lang/zh-cn.php
[ info ] [ LANG ] /var/www/html/compmgmt/application/lang/zh-cn.php
[ info ] [ ROUTE ] array (
)
[ info ] [ HEADER ] array (
  'host' => '113.104.218.162:8081',
  'user-agent' => 'Mozilla/5.0 (Windows NT 10.0; Win64; x64; rv:79.0) Gecko/20100101 Firefox/79.0',
  'accept-language' => 'zh-CN,zh;q=0.8,en-US;q=0.5,en;q=0.3',
  'accept-charset' => 'GBK,utf-8;q=0.7,*;q=0.3',
  'accept' => 'application/json, text/plain, */*',
)
[ info ] [ PARAM ] array (
  '/padmin/adminlogin/index_html' => '',
)
[ info ] [ VIEW ] /var/www/html/compmgmt/application/padmin/view/index/login.html [ array (
  0 => 'title',
) ]
---------------------------------------------------------------
[ 2021-06-05T21:00:21+08:00 ] 60.191.125.35 HEAD 112.124.42.80:63435http://112.124.42.80:63435/
[运行时间：0.007484s] [吞吐率：133.62req/s] [内存消耗：492.52kb] [文件加载：76]
[ info ] [ LANG ] /var/www/html/compmgmt/thinkphp/lang/zh-cn.php
[ info ] [ LANG ] /var/www/html/compmgmt/application/lang/zh-cn.php
[ info ] [ ROUTE ] array (
)
[ info ] [ HEADER ] array (
  'accept-encoding' => 'gzip',
  'user-agent' => 'Mozilla/5.0 (Macintosh; Intel Mac OS X 10_11_6) AppleWebKit/537.36 (KHTML, like Gecko) Chrome/53.0.2785.143 Safari/537.36',
  'bs_real_ip' => 'TmpBdU1Ua3hMakV5TlM0ek5RPT0=',
  'host' => '112.124.42.80:63435',
  'accept' => 'text/html, image/gif, image/jpeg, *; q=.2, */*; q=.2',
  'proxy-connection' => 'keep-alive',
)
[ info ] [ PARAM ] array (
)
---------------------------------------------------------------
[ 2021-06-05T21:00:21+08:00 ] 60.191.125.35 GET 112.124.42.80:63435http://112.124.42.80:63435/padmin/adminlogin/index.html
[运行时间：0.002776s] [吞吐率：360.24req/s] [内存消耗：486.89kb] [文件加载：74]
[ info ] [ LANG ] /var/www/html/compmgmt/thinkphp/lang/zh-cn.php
[ info ] [ LANG ] /var/www/html/compmgmt/application/lang/zh-cn.php
[ info ] [ ROUTE ] array (
)
[ info ] [ HEADER ] array (
  'cookie' => 'PHPSESSID=cej4jidkel7u54ajf33nje5ms8',
  'accept-encoding' => 'gzip',
  'user-agent' => 'Mozilla/5.0 (Macintosh; Intel Mac OS X 10_11_6) AppleWebKit/537.36 (KHTML, like Gecko) Chrome/53.0.2785.143 Safari/537.36',
  'bs_real_ip' => 'TmpBdU1Ua3hMakV5TlM0ek5RPT0=',
  'host' => '112.124.42.80:63435',
  'accept' => 'text/html, image/gif, image/jpeg, *; q=.2, */*; q=.2',
  'proxy-connection' => 'keep-alive',
)
[ info ] [ PARAM ] array (
  '/padmin/adminlogin/index_html' => '',
)
[ info ] [ VIEW ] /var/www/html/compmgmt/application/padmin/view/index/login.html [ array (
  0 => 'title',
) ]
