---------------------------------------------------------------
[ 2021-05-07T00:12:08+08:00 ] 128.14.209.162 GET 113.104.218.179:8081/
[运行时间：0.037223s] [吞吐率：26.87req/s] [内存消耗：489.50kb] [文件加载：75]
[ info ] [ LANG ] /var/www/html/compmgmt/thinkphp/lang/zh-cn.php
[ info ] [ LANG ] /var/www/html/compmgmt/application/lang/zh-cn.php
[ info ] [ ROUTE ] array (
  'rule' => '',
  'route' => 'index/index',
  'option' => 
  array (
    'merge_rule_regex' => false,
    'complete_match' => true,
  ),
  'var' => 
  array (
  ),
)
[ info ] [ HEADER ] array (
  'host' => '113.104.218.179:8081',
  'user-agent' => 'Mozilla/5.0 (Windows NT 10.0; Win64; x64) AppleWebKit/537.36 (KHTML, like Gecko) Chrome/60.0.3112.113 Safari/537.36',
  'accept' => '*/*',
  'accept-encoding' => 'gzip',
)
[ info ] [ PARAM ] array (
)
---------------------------------------------------------------
[ 2021-05-07T00:12:08+08:00 ] 128.14.209.162 GET 113.104.218.179:8081/padmin/adminlogin/index.html
[运行时间：0.002684s] [吞吐率：372.60req/s] [内存消耗：486.34kb] [文件加载：74]
[ info ] [ LANG ] /var/www/html/compmgmt/thinkphp/lang/zh-cn.php
[ info ] [ LANG ] /var/www/html/compmgmt/application/lang/zh-cn.php
[ info ] [ ROUTE ] array (
)
[ info ] [ HEADER ] array (
  'host' => '113.104.218.179:8081',
  'user-agent' => 'Mozilla/5.0 (Windows NT 10.0; Win64; x64) AppleWebKit/537.36 (KHTML, like Gecko) Chrome/60.0.3112.113 Safari/537.36',
  'accept' => '*/*',
  'referer' => 'http://113.104.218.179:8081/',
  'accept-encoding' => 'gzip',
)
[ info ] [ PARAM ] array (
  '/padmin/adminlogin/index_html' => '',
)
[ info ] [ VIEW ] /var/www/html/compmgmt/application/padmin/view/index/login.html [ array (
  0 => 'title',
) ]
---------------------------------------------------------------
[ 2021-05-07T00:12:11+08:00 ] 128.14.209.162 GET 113.104.218.179:8081/webfig/
[运行时间：0.003372s] [吞吐率：296.56req/s] [内存消耗：496.91kb] [文件加载：76]
[ info ] [ LANG ] /var/www/html/compmgmt/thinkphp/lang/zh-cn.php
[ info ] [ LANG ] /var/www/html/compmgmt/application/lang/zh-cn.php
[ info ] [ ROUTE ] array (
)
[ info ] [ HEADER ] array (
  'host' => '113.104.218.179:8081',
  'user-agent' => 'Mozilla/5.0 (Windows NT 10.0; Win64; x64) AppleWebKit/537.36 (KHTML, like Gecko) Chrome/60.0.3112.113 Safari/537.36',
  'accept' => '*/*',
  'accept-encoding' => 'gzip',
)
[ info ] [ PARAM ] array (
  '/webfig/' => '',
)
---------------------------------------------------------------
[ 2021-05-07T00:12:11+08:00 ] 128.14.209.162 GET 113.104.218.179:8081/padmin/adminlogin/index.html
[运行时间：0.002746s] [吞吐率：364.18req/s] [内存消耗：486.41kb] [文件加载：74]
[ info ] [ LANG ] /var/www/html/compmgmt/thinkphp/lang/zh-cn.php
[ info ] [ LANG ] /var/www/html/compmgmt/application/lang/zh-cn.php
[ info ] [ ROUTE ] array (
)
[ info ] [ HEADER ] array (
  'host' => '113.104.218.179:8081',
  'user-agent' => 'Mozilla/5.0 (Windows NT 10.0; Win64; x64) AppleWebKit/537.36 (KHTML, like Gecko) Chrome/60.0.3112.113 Safari/537.36',
  'accept' => '*/*',
  'referer' => 'http://113.104.218.179:8081/webfig/',
  'accept-encoding' => 'gzip',
)
[ info ] [ PARAM ] array (
  '/padmin/adminlogin/index_html' => '',
)
[ info ] [ VIEW ] /var/www/html/compmgmt/application/padmin/view/index/login.html [ array (
  0 => 'title',
) ]
---------------------------------------------------------------
[ 2021-05-07T01:35:15+08:00 ] 216.250.255.66 CONNECT api.myip.com:443api.myip.com:443
[运行时间：0.192855s] [吞吐率：5.19req/s] [内存消耗：355.40kb] [文件加载：61]
[ info ] [ LANG ] /var/www/html/compmgmt/thinkphp/lang/zh-cn.php
[ info ] [ LANG ] /var/www/html/compmgmt/application/lang/zh-cn.php
[ error ] [8]未定义数组索引: connect[/var/www/html/compmgmt/thinkphp/library/think/route/RuleGroup.php:208]
---------------------------------------------------------------
[ 2021-05-07T01:35:58+08:00 ] 216.250.255.66 CONNECT api.myip.com:443api.myip.com:443
[运行时间：0.002706s] [吞吐率：369.54req/s] [内存消耗：355.40kb] [文件加载：61]
[ info ] [ LANG ] /var/www/html/compmgmt/thinkphp/lang/zh-cn.php
[ info ] [ LANG ] /var/www/html/compmgmt/application/lang/zh-cn.php
[ error ] [8]未定义数组索引: connect[/var/www/html/compmgmt/thinkphp/library/think/route/RuleGroup.php:208]
---------------------------------------------------------------
[ 2021-05-07T01:36:29+08:00 ] 216.250.255.66 CONNECT api.myip.com:443api.myip.com:443
[运行时间：0.002538s] [吞吐率：394.02req/s] [内存消耗：355.40kb] [文件加载：61]
[ info ] [ LANG ] /var/www/html/compmgmt/thinkphp/lang/zh-cn.php
[ info ] [ LANG ] /var/www/html/compmgmt/application/lang/zh-cn.php
[ error ] [8]未定义数组索引: connect[/var/www/html/compmgmt/thinkphp/library/think/route/RuleGroup.php:208]
---------------------------------------------------------------
[ 2021-05-07T02:45:29+08:00 ] 101.251.200.214 GET 113.104.218.179:8081/
[运行时间：0.047016s] [吞吐率：21.27req/s] [内存消耗：489.86kb] [文件加载：75]
[ info ] [ LANG ] /var/www/html/compmgmt/thinkphp/lang/zh-cn.php
[ info ] [ LANG ] /var/www/html/compmgmt/application/lang/zh-cn.php
[ info ] [ ROUTE ] array (
  'rule' => '',
  'route' => 'index/index',
  'option' => 
  array (
    'merge_rule_regex' => false,
    'complete_match' => true,
  ),
  'var' => 
  array (
  ),
)
[ info ] [ HEADER ] array (
  'host' => '113.104.218.179:8081',
  'user-agent' => 'Mozilla/5.0 (Windows NT 10.0; Win64; x64; rv:79.0) Gecko/20100101 Firefox/79.0',
  'accept-language' => 'zh-CN,zh;q=0.8,en-US;q=0.5,en;q=0.3',
  'accept-charset' => 'GBK,utf-8;q=0.7,*;q=0.3',
  'accept' => 'application/json, text/plain, */*',
)
[ info ] [ PARAM ] array (
)
---------------------------------------------------------------
[ 2021-05-07T02:45:32+08:00 ] 101.251.200.214 GET 113.104.218.179:8081/padmin/adminlogin/index.html
[运行时间：0.030814s] [吞吐率：32.45req/s] [内存消耗：486.41kb] [文件加载：74]
[ info ] [ LANG ] /var/www/html/compmgmt/thinkphp/lang/zh-cn.php
[ info ] [ LANG ] /var/www/html/compmgmt/application/lang/zh-cn.php
[ info ] [ ROUTE ] array (
)
[ info ] [ HEADER ] array (
  'host' => '113.104.218.179:8081',
  'user-agent' => 'Mozilla/5.0 (Windows NT 10.0; Win64; x64; rv:79.0) Gecko/20100101 Firefox/79.0',
  'accept-language' => 'zh-CN,zh;q=0.8,en-US;q=0.5,en;q=0.3',
  'accept-charset' => 'GBK,utf-8;q=0.7,*;q=0.3',
  'accept' => 'application/json, text/plain, */*',
)
[ info ] [ PARAM ] array (
  '/padmin/adminlogin/index_html' => '',
)
[ info ] [ VIEW ] /var/www/html/compmgmt/application/padmin/view/index/login.html [ array (
  0 => 'title',
) ]
---------------------------------------------------------------
[ 2021-05-07T07:57:02+08:00 ] 45.155.205.181 GET 113.104.218.179:8081/jars
[运行时间：0.555092s] [吞吐率：1.80req/s] [内存消耗：1,407.17kb] [文件加载：76]
[ info ] [ LANG ] /var/www/html/compmgmt/thinkphp/lang/zh-cn.php
[ info ] [ LANG ] /var/www/html/compmgmt/application/lang/zh-cn.php
[ info ] [ ROUTE ] array (
)
[ info ] [ HEADER ] array (
  'host' => '113.104.218.179:8081',
  'user-agent' => 'Mozilla/5.0 (Windows NT 10.0; Win64; x64) AppleWebKit/537.36 (KHTML, like Gecko) Chrome/78.0.3904.108 Safari/537.36',
  'content-type' => 'application/json',
  'accept-encoding' => 'gzip',
  'connection' => 'close',
)
[ info ] [ PARAM ] array (
  '/jars' => '',
)
---------------------------------------------------------------
[ 2021-05-07T07:57:03+08:00 ] 45.155.205.181 GET 113.104.218.179:8081/
[运行时间：0.599467s] [吞吐率：1.67req/s] [内存消耗：1,645.48kb] [文件加载：75]
[ info ] [ LANG ] /var/www/html/compmgmt/thinkphp/lang/zh-cn.php
[ info ] [ LANG ] /var/www/html/compmgmt/application/lang/zh-cn.php
[ info ] [ ROUTE ] array (
  'rule' => '',
  'route' => 'index/index',
  'option' => 
  array (
    'merge_rule_regex' => false,
    'complete_match' => true,
  ),
  'var' => 
  array (
  ),
)
[ info ] [ HEADER ] array (
  'host' => '113.104.218.179:8081',
  'user-agent' => 'Mozilla/5.0 (Windows NT 10.0; Win64; x64) AppleWebKit/537.36 (KHTML, like Gecko) Chrome/78.0.3904.108 Safari/537.36',
  'authorization' => 'Basic YWRtaW46cGFzcw==',
  'content-type' => 'application/json',
  'accept-encoding' => 'gzip',
  'connection' => 'close',
)
[ info ] [ PARAM ] array (
)
---------------------------------------------------------------
[ 2021-05-07T07:57:03+08:00 ] 45.155.205.181 GET 113.104.218.179:8081/padmin/adminlogin/index.html
[运行时间：0.007965s] [吞吐率：125.55req/s] [内存消耗：488.98kb] [文件加载：74]
[ info ] [ LANG ] /var/www/html/compmgmt/thinkphp/lang/zh-cn.php
[ info ] [ LANG ] /var/www/html/compmgmt/application/lang/zh-cn.php
[ info ] [ ROUTE ] array (
)
[ info ] [ HEADER ] array (
  'host' => '113.104.218.179:8081',
  'user-agent' => 'Mozilla/5.0 (Windows NT 10.0; Win64; x64) AppleWebKit/537.36 (KHTML, like Gecko) Chrome/78.0.3904.108 Safari/537.36',
  'authorization' => 'Basic YWRtaW46cGFzcw==',
  'content-type' => 'application/json',
  'referer' => 'http://113.104.218.179:8081/',
  'accept-encoding' => 'gzip',
  'connection' => 'close',
)
[ info ] [ PARAM ] array (
  '/padmin/adminlogin/index_html' => '',
)
[ info ] [ VIEW ] /var/www/html/compmgmt/application/padmin/view/index/login.html [ array (
  0 => 'title',
) ]
---------------------------------------------------------------
[ 2021-05-07T07:57:03+08:00 ] 45.155.205.181 POST 113.104.218.179:8081/service/extdirect
[运行时间：0.010955s] [吞吐率：91.28req/s] [内存消耗：471.59kb] [文件加载：75]
[ info ] [ LANG ] /var/www/html/compmgmt/thinkphp/lang/zh-cn.php
[ info ] [ LANG ] /var/www/html/compmgmt/application/lang/zh-cn.php
[ info ] [ ROUTE ] array (
)
[ info ] [ HEADER ] array (
  'host' => '113.104.218.179:8081',
  'user-agent' => 'Mozilla/5.0 (Windows NT 10.0; Win64; x64) AppleWebKit/537.36 (KHTML, like Gecko) Chrome/78.0.3904.108 Safari/537.36',
  'content-length' => '293',
  'content-type' => 'application/json',
  'accept-encoding' => 'gzip',
  'connection' => 'close',
)
[ info ] [ PARAM ] array (
  '/service/extdirect' => '',
  'action' => 'coreui_Component',
  'data' => 
  array (
    0 => 
    array (
      'filter' => 
      array (
        0 => 
        array (
          'property' => 'repositoryName',
          'value' => '*',
        ),
        1 => 
        array (
          'property' => 'expression',
          'value' => '1==1',
        ),
        2 => 
        array (
          'property' => 'type',
          'value' => 'jexl',
        ),
      ),
      'limit' => '50',
      'page' => '1',
      'sort' => 
      array (
        0 => 
        array (
          'direction' => 'ASC',
          'property' => 'name',
        ),
      ),
      'start' => '0',
    ),
  ),
  'method' => 'previewAssets',
  'tid' => '18',
  'type' => 'rpc',
)
---------------------------------------------------------------
[ 2021-05-07T07:57:04+08:00 ] 45.155.205.181 GET 113.104.218.179:8081/padmin/adminlogin/index.html
[运行时间：0.009413s] [吞吐率：106.24req/s] [内存消耗：487.45kb] [文件加载：74]
[ info ] [ LANG ] /var/www/html/compmgmt/thinkphp/lang/zh-cn.php
[ info ] [ LANG ] /var/www/html/compmgmt/application/lang/zh-cn.php
[ info ] [ ROUTE ] array (
)
[ info ] [ HEADER ] array (
  'host' => '113.104.218.179:8081',
  'user-agent' => 'Mozilla/5.0 (Windows NT 10.0; Win64; x64) AppleWebKit/537.36 (KHTML, like Gecko) Chrome/78.0.3904.108 Safari/537.36',
  'content-type' => 'application/json',
  'referer' => 'http://113.104.218.179:8081/jars',
  'accept-encoding' => 'gzip',
  'connection' => 'close',
)
[ info ] [ PARAM ] array (
  '/padmin/adminlogin/index_html' => '',
)
[ info ] [ VIEW ] /var/www/html/compmgmt/application/padmin/view/index/login.html [ array (
  0 => 'title',
) ]
---------------------------------------------------------------
[ 2021-05-07T12:35:49+08:00 ] 60.191.125.35 HEAD 112.124.42.80:63435http://112.124.42.80:63435/
[运行时间：0.003496s] [吞吐率：286.05req/s] [内存消耗：491.63kb] [文件加载：76]
[ info ] [ LANG ] /var/www/html/compmgmt/thinkphp/lang/zh-cn.php
[ info ] [ LANG ] /var/www/html/compmgmt/application/lang/zh-cn.php
[ info ] [ ROUTE ] array (
)
[ info ] [ HEADER ] array (
  'accept-encoding' => 'gzip',
  'user-agent' => 'Mozilla/5.0 (Macintosh; Intel Mac OS X 10_11_6) AppleWebKit/537.36 (KHTML, like Gecko) Chrome/53.0.2785.143 Safari/537.36',
  'bs_real_ip' => 'TmpBdU1Ua3hMakV5TlM0ek5RPT0=',
  'host' => '112.124.42.80:63435',
  'accept' => 'text/html, image/gif, image/jpeg, *; q=.2, */*; q=.2',
  'proxy-connection' => 'keep-alive',
)
[ info ] [ PARAM ] array (
)
---------------------------------------------------------------
[ 2021-05-07T12:35:49+08:00 ] 60.191.125.35 GET 112.124.42.80:63435http://112.124.42.80:63435/padmin/adminlogin/index.html
[运行时间：0.002847s] [吞吐率：351.22req/s] [内存消耗：486.89kb] [文件加载：74]
[ info ] [ LANG ] /var/www/html/compmgmt/thinkphp/lang/zh-cn.php
[ info ] [ LANG ] /var/www/html/compmgmt/application/lang/zh-cn.php
[ info ] [ ROUTE ] array (
)
[ info ] [ HEADER ] array (
  'cookie' => 'PHPSESSID=1l7i0shtm68slr6veevd2rptif',
  'accept-encoding' => 'gzip',
  'user-agent' => 'Mozilla/5.0 (Macintosh; Intel Mac OS X 10_11_6) AppleWebKit/537.36 (KHTML, like Gecko) Chrome/53.0.2785.143 Safari/537.36',
  'bs_real_ip' => 'TmpBdU1Ua3hMakV5TlM0ek5RPT0=',
  'host' => '112.124.42.80:63435',
  'accept' => 'text/html, image/gif, image/jpeg, *; q=.2, */*; q=.2',
  'proxy-connection' => 'keep-alive',
)
[ info ] [ PARAM ] array (
  '/padmin/adminlogin/index_html' => '',
)
[ info ] [ VIEW ] /var/www/html/compmgmt/application/padmin/view/index/login.html [ array (
  0 => 'title',
) ]
---------------------------------------------------------------
[ 2021-05-07T14:52:21+08:00 ] 192.168.10.58 GET pcadmin.aoi.bj/padmin/adminlogin/index.html
[运行时间：0.003372s] [吞吐率：296.54req/s] [内存消耗：487.51kb] [文件加载：74]
[ info ] [ LANG ] /var/www/html/compmgmt/thinkphp/lang/zh-cn.php
[ info ] [ LANG ] /var/www/html/compmgmt/application/lang/zh-cn.php
[ info ] [ ROUTE ] array (
)
[ info ] [ HEADER ] array (
  'host' => 'pcadmin.aoi.bj',
  'connection' => 'keep-alive',
  'upgrade-insecure-requests' => '1',
  'user-agent' => 'Mozilla/5.0 (X11; Linux x86_64) AppleWebKit/537.36 (KHTML, like Gecko) Chrome/90.0.4430.85 Safari/537.36',
  'accept' => 'text/html,application/xhtml+xml,application/xml;q=0.9,image/avif,image/webp,image/apng,*/*;q=0.8,application/signed-exchange;v=b3;q=0.9',
  'referer' => 'http://pcadmin.aoi.bj/padmin/adminlogin/index.html',
  'accept-encoding' => 'gzip, deflate',
  'accept-language' => 'en-US,en;q=0.9,zh-CN;q=0.8,zh;q=0.7',
)
[ info ] [ PARAM ] array (
  '/padmin/adminlogin/index_html' => '',
)
[ info ] [ VIEW ] /var/www/html/compmgmt/application/padmin/view/index/login.html [ array (
  0 => 'title',
) ]
---------------------------------------------------------------
[ 2021-05-07T14:52:25+08:00 ] 192.168.10.58 POST pcadmin.aoi.bj/padmin/adminlogin/loginaction.html
[运行时间：0.675226s] [吞吐率：1.48req/s] [内存消耗：693.06kb] [文件加载：79]
[ info ] [ LANG ] /var/www/html/compmgmt/thinkphp/lang/zh-cn.php
[ info ] [ LANG ] /var/www/html/compmgmt/application/lang/zh-cn.php
[ info ] [ ROUTE ] array (
)
[ info ] [ HEADER ] array (
  'host' => 'pcadmin.aoi.bj',
  'connection' => 'keep-alive',
  'content-length' => '31',
  'accept' => 'application/json, text/javascript, */*; q=0.01',
  'x-requested-with' => 'XMLHttpRequest',
  'user-agent' => 'Mozilla/5.0 (X11; Linux x86_64) AppleWebKit/537.36 (KHTML, like Gecko) Chrome/90.0.4430.85 Safari/537.36',
  'content-type' => 'application/x-www-form-urlencoded; charset=UTF-8',
  'origin' => 'http://pcadmin.aoi.bj',
  'referer' => 'http://pcadmin.aoi.bj/padmin/adminlogin/index.html',
  'accept-encoding' => 'gzip, deflate',
  'accept-language' => 'en-US,en;q=0.9,zh-CN;q=0.8,zh;q=0.7',
  'cookie' => 'PHPSESSID=amcnp9lg98gvosk8hph4orcohq',
)
[ info ] [ PARAM ] array (
  '/padmin/adminlogin/loginaction_html' => '',
  'username' => 'it02',
  'password' => 'loevluma',
)
[ info ] [ DB ] INIT mysql
[ sql ] [ DB ] CONNECT:[ UseTime:0.285146s ] mysql:host=127.0.0.1;dbname=compmgmt;charset=utf8
[ sql ] [ SQL ] SHOW COLUMNS FROM `admin` [ RunTime:0.215961s ]
[ sql ] [ SQL ] SELECT * FROM `admin` WHERE  `username` = 'it02' LIMIT 1 [ RunTime:0.041679s ]
[ sql ] [ SQL ] UPDATE `admin`  SET `lastip` = '192.168.10.58' , `lastvisit` = '1620370345'  WHERE  `id` = 17 [ RunTime:0.012821s ]
---------------------------------------------------------------
[ 2021-05-07T14:52:26+08:00 ] 192.168.10.58 GET pcadmin.aoi.bj/padmin/index/index.html
[运行时间：0.147227s] [吞吐率：6.79req/s] [内存消耗：501.52kb] [文件加载：75]
[ info ] [ LANG ] /var/www/html/compmgmt/thinkphp/lang/zh-cn.php
[ info ] [ LANG ] /var/www/html/compmgmt/application/lang/zh-cn.php
[ info ] [ ROUTE ] array (
)
[ info ] [ HEADER ] array (
  'host' => 'pcadmin.aoi.bj',
  'connection' => 'keep-alive',
  'upgrade-insecure-requests' => '1',
  'user-agent' => 'Mozilla/5.0 (X11; Linux x86_64) AppleWebKit/537.36 (KHTML, like Gecko) Chrome/90.0.4430.85 Safari/537.36',
  'accept' => 'text/html,application/xhtml+xml,application/xml;q=0.9,image/avif,image/webp,image/apng,*/*;q=0.8,application/signed-exchange;v=b3;q=0.9',
  'referer' => 'http://pcadmin.aoi.bj/padmin/adminlogin/index.html',
  'accept-encoding' => 'gzip, deflate',
  'accept-language' => 'en-US,en;q=0.9,zh-CN;q=0.8,zh;q=0.7',
  'cookie' => 'PHPSESSID=amcnp9lg98gvosk8hph4orcohq',
)
[ info ] [ PARAM ] array (
  '/padmin/index/index_html' => '',
)
[ info ] [ VIEW ] /var/www/html/compmgmt/application/padmin/view/index/index.html [ array (
  0 => 'PAdmin',
  1 => 'data',
  2 => 'msg',
) ]
---------------------------------------------------------------
[ 2021-05-07T14:52:26+08:00 ] 192.168.10.58 GET pcadmin.aoi.bj/static/padmin/css/font-awesome.css
[运行时间：0.002955s] [吞吐率：338.41req/s] [内存消耗：469.08kb] [文件加载：75]
[ info ] [ LANG ] /var/www/html/compmgmt/thinkphp/lang/zh-cn.php
[ info ] [ LANG ] /var/www/html/compmgmt/application/lang/zh-cn.php
[ info ] [ ROUTE ] array (
)
[ info ] [ HEADER ] array (
  'host' => 'pcadmin.aoi.bj',
  'connection' => 'keep-alive',
  'user-agent' => 'Mozilla/5.0 (X11; Linux x86_64) AppleWebKit/537.36 (KHTML, like Gecko) Chrome/90.0.4430.85 Safari/537.36',
  'accept' => 'text/css,*/*;q=0.1',
  'referer' => 'http://pcadmin.aoi.bj/static/padmin/css/style.css',
  'accept-encoding' => 'gzip, deflate',
  'accept-language' => 'en-US,en;q=0.9,zh-CN;q=0.8,zh;q=0.7',
  'cookie' => 'PHPSESSID=amcnp9lg98gvosk8hph4orcohq',
)
[ info ] [ PARAM ] array (
  '/static/padmin/css/font-awesome_css' => '',
)
---------------------------------------------------------------
[ 2021-05-07T14:52:26+08:00 ] 192.168.10.58 GET pcadmin.aoi.bj/static/padmin/css/animate.css
[运行时间：0.007632s] [吞吐率：131.03req/s] [内存消耗：469.95kb] [文件加载：75]
[ info ] [ LANG ] /var/www/html/compmgmt/thinkphp/lang/zh-cn.php
[ info ] [ LANG ] /var/www/html/compmgmt/application/lang/zh-cn.php
[ info ] [ ROUTE ] array (
)
[ info ] [ HEADER ] array (
  'host' => 'pcadmin.aoi.bj',
  'connection' => 'keep-alive',
  'user-agent' => 'Mozilla/5.0 (X11; Linux x86_64) AppleWebKit/537.36 (KHTML, like Gecko) Chrome/90.0.4430.85 Safari/537.36',
  'accept' => 'text/css,*/*;q=0.1',
  'referer' => 'http://pcadmin.aoi.bj/static/padmin/css/style.css',
  'accept-encoding' => 'gzip, deflate',
  'accept-language' => 'en-US,en;q=0.9,zh-CN;q=0.8,zh;q=0.7',
  'cookie' => 'PHPSESSID=amcnp9lg98gvosk8hph4orcohq',
)
[ info ] [ PARAM ] array (
  '/static/padmin/css/animate_css' => '',
)
---------------------------------------------------------------
[ 2021-05-07T14:52:26+08:00 ] 192.168.10.58 GET pcadmin.aoi.bj/padmin/index/computer.html
[运行时间：0.141784s] [吞吐率：7.05req/s] [内存消耗：737.17kb] [文件加载：80]
[ info ] [ LANG ] /var/www/html/compmgmt/thinkphp/lang/zh-cn.php
[ info ] [ LANG ] /var/www/html/compmgmt/application/lang/zh-cn.php
[ info ] [ ROUTE ] array (
)
[ info ] [ HEADER ] array (
  'host' => 'pcadmin.aoi.bj',
  'connection' => 'keep-alive',
  'upgrade-insecure-requests' => '1',
  'user-agent' => 'Mozilla/5.0 (X11; Linux x86_64) AppleWebKit/537.36 (KHTML, like Gecko) Chrome/90.0.4430.85 Safari/537.36',
  'accept' => 'text/html,application/xhtml+xml,application/xml;q=0.9,image/avif,image/webp,image/apng,*/*;q=0.8,application/signed-exchange;v=b3;q=0.9',
  'referer' => 'http://pcadmin.aoi.bj/padmin/index/index.html',
  'accept-encoding' => 'gzip, deflate',
  'accept-language' => 'en-US,en;q=0.9,zh-CN;q=0.8,zh;q=0.7',
  'cookie' => 'PHPSESSID=amcnp9lg98gvosk8hph4orcohq',
)
[ info ] [ PARAM ] array (
  '/padmin/index/computer_html' => '',
)
[ info ] [ DB ] INIT mysql
[ info ] [ VIEW ] /var/www/html/compmgmt/application/padmin/view/index/computer.html [ array (
  0 => 'PAdmin',
  1 => 'internetAccess',
) ]
[ sql ] [ DB ] CONNECT:[ UseTime:0.024660s ] mysql:host=127.0.0.1;dbname=compmgmt;charset=utf8
[ sql ] [ SQL ] SHOW COLUMNS FROM `internet_access` [ RunTime:0.085137s ]
[ sql ] [ SQL ] SELECT * FROM `internet_access` WHERE  `disabled` = 0 [ RunTime:0.000394s ]
---------------------------------------------------------------
[ 2021-05-07T14:52:26+08:00 ] 192.168.10.58 GET pcadmin.aoi.bj/static/padmin/css/font-awesome.css
[运行时间：0.002869s] [吞吐率：348.54req/s] [内存消耗：469.08kb] [文件加载：75]
[ info ] [ LANG ] /var/www/html/compmgmt/thinkphp/lang/zh-cn.php
[ info ] [ LANG ] /var/www/html/compmgmt/application/lang/zh-cn.php
[ info ] [ ROUTE ] array (
)
[ info ] [ HEADER ] array (
  'host' => 'pcadmin.aoi.bj',
  'connection' => 'keep-alive',
  'user-agent' => 'Mozilla/5.0 (X11; Linux x86_64) AppleWebKit/537.36 (KHTML, like Gecko) Chrome/90.0.4430.85 Safari/537.36',
  'accept' => 'text/css,*/*;q=0.1',
  'referer' => 'http://pcadmin.aoi.bj/static/padmin/css/style.css',
  'accept-encoding' => 'gzip, deflate',
  'accept-language' => 'en-US,en;q=0.9,zh-CN;q=0.8,zh;q=0.7',
  'cookie' => 'PHPSESSID=amcnp9lg98gvosk8hph4orcohq',
)
[ info ] [ PARAM ] array (
  '/static/padmin/css/font-awesome_css' => '',
)
---------------------------------------------------------------
[ 2021-05-07T14:52:26+08:00 ] 192.168.10.58 GET pcadmin.aoi.bj/static/padmin/css/animate.css
[运行时间：0.002829s] [吞吐率：353.47req/s] [内存消耗：469.05kb] [文件加载：75]
[ info ] [ LANG ] /var/www/html/compmgmt/thinkphp/lang/zh-cn.php
[ info ] [ LANG ] /var/www/html/compmgmt/application/lang/zh-cn.php
[ info ] [ ROUTE ] array (
)
[ info ] [ HEADER ] array (
  'host' => 'pcadmin.aoi.bj',
  'connection' => 'keep-alive',
  'user-agent' => 'Mozilla/5.0 (X11; Linux x86_64) AppleWebKit/537.36 (KHTML, like Gecko) Chrome/90.0.4430.85 Safari/537.36',
  'accept' => 'text/css,*/*;q=0.1',
  'referer' => 'http://pcadmin.aoi.bj/static/padmin/css/style.css',
  'accept-encoding' => 'gzip, deflate',
  'accept-language' => 'en-US,en;q=0.9,zh-CN;q=0.8,zh;q=0.7',
  'cookie' => 'PHPSESSID=amcnp9lg98gvosk8hph4orcohq',
)
[ info ] [ PARAM ] array (
  '/static/padmin/css/animate_css' => '',
)
---------------------------------------------------------------
[ 2021-05-07T14:52:27+08:00 ] 192.168.10.58 GET pcadmin.aoi.bj/padmin/index/getcomplist.html?page=1&limit=20&keyword=
[运行时间：0.106932s] [吞吐率：9.35req/s] [内存消耗：935.05kb] [文件加载：90]
[ info ] [ LANG ] /var/www/html/compmgmt/thinkphp/lang/zh-cn.php
[ info ] [ LANG ] /var/www/html/compmgmt/application/lang/zh-cn.php
[ info ] [ ROUTE ] array (
)
[ info ] [ HEADER ] array (
  'host' => 'pcadmin.aoi.bj',
  'connection' => 'keep-alive',
  'accept' => 'application/json, text/javascript, */*; q=0.01',
  'user-agent' => 'Mozilla/5.0 (X11; Linux x86_64) AppleWebKit/537.36 (KHTML, like Gecko) Chrome/90.0.4430.85 Safari/537.36',
  'x-requested-with' => 'XMLHttpRequest',
  'referer' => 'http://pcadmin.aoi.bj/padmin/index/computer.html',
  'accept-encoding' => 'gzip, deflate',
  'accept-language' => 'en-US,en;q=0.9,zh-CN;q=0.8,zh;q=0.7',
  'cookie' => 'PHPSESSID=amcnp9lg98gvosk8hph4orcohq',
)
[ info ] [ PARAM ] array (
  '/padmin/index/getcomplist_html' => '',
  'page' => '1',
  'limit' => '20',
  'keyword' => '',
)
[ info ] [ DB ] INIT mysql
[ sql ] [ DB ] CONNECT:[ UseTime:0.000522s ] mysql:host=127.0.0.1;dbname=compmgmt;charset=utf8
[ sql ] [ SQL ] SHOW COLUMNS FROM `computer` [ RunTime:0.001578s ]
[ sql ] [ SQL ] SELECT COUNT(*) AS tp_count FROM `computer` `c` LEFT JOIN `department` `d` ON `d`.`id`=`c`.`department_id` LEFT JOIN `staff` `s` ON `s`.`id`=`c`.`staff_id` WHERE  `d`.`name` LIKE '%%'  OR `s`.`name` LIKE '%%'  OR `c`.`FQDN` LIKE '%%'  OR `c`.`asset_id` LIKE '%%'  OR `c`.`MAC` LIKE '%%'  OR `c`.`ip_addr_v4` LIKE '%%'  OR `c`.`domain_name` LIKE '%%' LIMIT 1 [ RunTime:0.001649s ]
[ sql ] [ SQL ] SELECT `c`.*,d.name as department,s.name as staff FROM `computer` `c` LEFT JOIN `department` `d` ON `d`.`id`=`c`.`department_id` LEFT JOIN `staff` `s` ON `s`.`id`=`c`.`staff_id` WHERE  `d`.`name` LIKE '%%'  OR `s`.`name` LIKE '%%'  OR `c`.`FQDN` LIKE '%%'  OR `c`.`asset_id` LIKE '%%'  OR `c`.`MAC` LIKE '%%'  OR `c`.`ip_addr_v4` LIKE '%%'  OR `c`.`domain_name` LIKE '%%' LIMIT 0,20 [ RunTime:0.000560s ]
[ sql ] [ SQL ] SHOW COLUMNS FROM `os` [ RunTime:0.001201s ]
[ sql ] [ SQL ] SELECT `name`,`version`,`arch` FROM `os` WHERE  `id` = 6 LIMIT 1 [ RunTime:0.000289s ]
[ sql ] [ SQL ] SHOW COLUMNS FROM `computer_internet_access` [ RunTime:0.001005s ]
[ sql ] [ SQL ] SELECT `access_id` FROM `computer_internet_access` WHERE  `computer_id` = 1 [ RunTime:0.000304s ]
[ sql ] [ SQL ] SELECT `name`,`version`,`arch` FROM `os` WHERE  `id` = 1 LIMIT 1 [ RunTime:0.000284s ]
[ sql ] [ SQL ] SELECT `access_id` FROM `computer_internet_access` WHERE  `computer_id` = 2 [ RunTime:0.000241s ]
[ sql ] [ SQL ] SELECT `name`,`version`,`arch` FROM `os` WHERE  `id` = 3 LIMIT 1 [ RunTime:0.000275s ]
[ sql ] [ SQL ] SELECT `access_id` FROM `computer_internet_access` WHERE  `computer_id` = 4 [ RunTime:0.000186s ]
[ sql ] [ SQL ] SELECT `name`,`version`,`arch` FROM `os` WHERE  `id` = 2 LIMIT 1 [ RunTime:0.000225s ]
[ sql ] [ SQL ] SELECT `access_id` FROM `computer_internet_access` WHERE  `computer_id` = 5 [ RunTime:0.000237s ]
[ sql ] [ SQL ] SELECT `name`,`version`,`arch` FROM `os` WHERE  `id` = 1 LIMIT 1 [ RunTime:0.000207s ]
[ sql ] [ SQL ] SELECT `access_id` FROM `computer_internet_access` WHERE  `computer_id` = 7 [ RunTime:0.000212s ]
[ sql ] [ SQL ] SELECT `name`,`version`,`arch` FROM `os` WHERE  `id` = 3 LIMIT 1 [ RunTime:0.000187s ]
[ sql ] [ SQL ] SELECT `access_id` FROM `computer_internet_access` WHERE  `computer_id` = 8 [ RunTime:0.000213s ]
[ sql ] [ SQL ] SELECT `name`,`version`,`arch` FROM `os` WHERE  `id` = 1 LIMIT 1 [ RunTime:0.000186s ]
[ sql ] [ SQL ] SELECT `access_id` FROM `computer_internet_access` WHERE  `computer_id` = 9 [ RunTime:0.000211s ]
[ sql ] [ SQL ] SELECT `name`,`version`,`arch` FROM `os` WHERE  `id` = 1 LIMIT 1 [ RunTime:0.000204s ]
[ sql ] [ SQL ] SELECT `access_id` FROM `computer_internet_access` WHERE  `computer_id` = 10 [ RunTime:0.000203s ]
[ sql ] [ SQL ] SELECT `name`,`version`,`arch` FROM `os` WHERE  `id` = 10 LIMIT 1 [ RunTime:0.000182s ]
[ sql ] [ SQL ] SELECT `access_id` FROM `computer_internet_access` WHERE  `computer_id` = 11 [ RunTime:0.000183s ]
[ sql ] [ SQL ] SELECT `name`,`version`,`arch` FROM `os` WHERE  `id` = 10 LIMIT 1 [ RunTime:0.000222s ]
[ sql ] [ SQL ] SELECT `access_id` FROM `computer_internet_access` WHERE  `computer_id` = 12 [ RunTime:0.000209s ]
[ sql ] [ SQL ] SELECT `name`,`version`,`arch` FROM `os` WHERE  `id` = 10 LIMIT 1 [ RunTime:0.000186s ]
[ sql ] [ SQL ] SELECT `access_id` FROM `computer_internet_access` WHERE  `computer_id` = 13 [ RunTime:0.000180s ]
[ sql ] [ SQL ] SELECT `name`,`version`,`arch` FROM `os` WHERE  `id` = 2 LIMIT 1 [ RunTime:0.000202s ]
[ sql ] [ SQL ] SELECT `access_id` FROM `computer_internet_access` WHERE  `computer_id` = 14 [ RunTime:0.000232s ]
[ sql ] [ SQL ] SELECT `name`,`version`,`arch` FROM `os` WHERE  `id` = 2 LIMIT 1 [ RunTime:0.000205s ]
[ sql ] [ SQL ] SELECT `access_id` FROM `computer_internet_access` WHERE  `computer_id` = 15 [ RunTime:0.000180s ]
[ sql ] [ SQL ] SELECT `name`,`version`,`arch` FROM `os` WHERE  `id` = 11 LIMIT 1 [ RunTime:0.000184s ]
[ sql ] [ SQL ] SELECT `access_id` FROM `computer_internet_access` WHERE  `computer_id` = 16 [ RunTime:0.000178s ]
[ sql ] [ SQL ] SELECT `name`,`version`,`arch` FROM `os` WHERE  `id` = 10 LIMIT 1 [ RunTime:0.000179s ]
[ sql ] [ SQL ] SELECT `access_id` FROM `computer_internet_access` WHERE  `computer_id` = 17 [ RunTime:0.000182s ]
[ sql ] [ SQL ] SELECT `name`,`version`,`arch` FROM `os` WHERE  `id` = 2 LIMIT 1 [ RunTime:0.000200s ]
[ sql ] [ SQL ] SELECT `access_id` FROM `computer_internet_access` WHERE  `computer_id` = 18 [ RunTime:0.000221s ]
[ sql ] [ SQL ] SELECT `name`,`version`,`arch` FROM `os` WHERE  `id` = 3 LIMIT 1 [ RunTime:0.000205s ]
[ sql ] [ SQL ] SELECT `access_id` FROM `computer_internet_access` WHERE  `computer_id` = 20 [ RunTime:0.000211s ]
[ sql ] [ SQL ] SELECT `name`,`version`,`arch` FROM `os` WHERE  `id` = 3 LIMIT 1 [ RunTime:0.000186s ]
[ sql ] [ SQL ] SELECT `access_id` FROM `computer_internet_access` WHERE  `computer_id` = 21 [ RunTime:0.000178s ]
[ sql ] [ SQL ] SELECT `name`,`version`,`arch` FROM `os` WHERE  `id` = 10 LIMIT 1 [ RunTime:0.000180s ]
[ sql ] [ SQL ] SELECT `access_id` FROM `computer_internet_access` WHERE  `computer_id` = 22 [ RunTime:0.000178s ]
[ sql ] [ SQL ] SELECT `name`,`version`,`arch` FROM `os` WHERE  `id` = 10 LIMIT 1 [ RunTime:0.000178s ]
[ sql ] [ SQL ] SELECT `access_id` FROM `computer_internet_access` WHERE  `computer_id` = 23 [ RunTime:0.000198s ]
---------------------------------------------------------------
[ 2021-05-07T14:52:32+08:00 ] 192.168.10.58 GET pcadmin.aoi.bj/padmin/index/getcomplist.html?page=1&limit=20&keyword=pmc04
[运行时间：0.080338s] [吞吐率：12.45req/s] [内存消耗：847.38kb] [文件加载：90]
[ info ] [ LANG ] /var/www/html/compmgmt/thinkphp/lang/zh-cn.php
[ info ] [ LANG ] /var/www/html/compmgmt/application/lang/zh-cn.php
[ info ] [ ROUTE ] array (
)
[ info ] [ HEADER ] array (
  'host' => 'pcadmin.aoi.bj',
  'connection' => 'keep-alive',
  'accept' => 'application/json, text/javascript, */*; q=0.01',
  'user-agent' => 'Mozilla/5.0 (X11; Linux x86_64) AppleWebKit/537.36 (KHTML, like Gecko) Chrome/90.0.4430.85 Safari/537.36',
  'x-requested-with' => 'XMLHttpRequest',
  'referer' => 'http://pcadmin.aoi.bj/padmin/index/computer.html',
  'accept-encoding' => 'gzip, deflate',
  'accept-language' => 'en-US,en;q=0.9,zh-CN;q=0.8,zh;q=0.7',
  'cookie' => 'PHPSESSID=amcnp9lg98gvosk8hph4orcohq',
)
[ info ] [ PARAM ] array (
  '/padmin/index/getcomplist_html' => '',
  'page' => '1',
  'limit' => '20',
  'keyword' => 'pmc04',
)
[ info ] [ DB ] INIT mysql
[ sql ] [ DB ] CONNECT:[ UseTime:0.000492s ] mysql:host=127.0.0.1;dbname=compmgmt;charset=utf8
[ sql ] [ SQL ] SHOW COLUMNS FROM `computer` [ RunTime:0.001238s ]
[ sql ] [ SQL ] SELECT COUNT(*) AS tp_count FROM `computer` `c` LEFT JOIN `department` `d` ON `d`.`id`=`c`.`department_id` LEFT JOIN `staff` `s` ON `s`.`id`=`c`.`staff_id` WHERE  `d`.`name` LIKE '%pmc04%'  OR `s`.`name` LIKE '%pmc04%'  OR `c`.`FQDN` LIKE '%pmc04%'  OR `c`.`asset_id` LIKE '%pmc04%'  OR `c`.`MAC` LIKE '%pmc04%'  OR `c`.`ip_addr_v4` LIKE '%pmc04%'  OR `c`.`domain_name` LIKE '%pmc04%' LIMIT 1 [ RunTime:0.069084s ]
[ sql ] [ SQL ] SELECT `c`.*,d.name as department,s.name as staff FROM `computer` `c` LEFT JOIN `department` `d` ON `d`.`id`=`c`.`department_id` LEFT JOIN `staff` `s` ON `s`.`id`=`c`.`staff_id` WHERE  `d`.`name` LIKE '%pmc04%'  OR `s`.`name` LIKE '%pmc04%'  OR `c`.`FQDN` LIKE '%pmc04%'  OR `c`.`asset_id` LIKE '%pmc04%'  OR `c`.`MAC` LIKE '%pmc04%'  OR `c`.`ip_addr_v4` LIKE '%pmc04%'  OR `c`.`domain_name` LIKE '%pmc04%' LIMIT 0,20 [ RunTime:0.001362s ]
[ sql ] [ SQL ] SHOW COLUMNS FROM `os` [ RunTime:0.001019s ]
[ sql ] [ SQL ] SELECT `name`,`version`,`arch` FROM `os` WHERE  `id` = 3 LIMIT 1 [ RunTime:0.000316s ]
[ sql ] [ SQL ] SHOW COLUMNS FROM `computer_internet_access` [ RunTime:0.000901s ]
[ sql ] [ SQL ] SELECT `access_id` FROM `computer_internet_access` WHERE  `computer_id` = 38 [ RunTime:0.000460s ]
---------------------------------------------------------------
[ 2021-05-07T16:49:16+08:00 ] 35.201.236.91 GET 113.104.218.179:8081/login
[运行时间：0.077457s] [吞吐率：12.91req/s] [内存消耗：477.39kb] [文件加载：78]
[ info ] [ LANG ] /var/www/html/compmgmt/thinkphp/lang/zh-cn.php
[ info ] [ LANG ] /var/www/html/compmgmt/application/lang/zh-cn.php
[ info ] [ LANG ] /var/www/html/compmgmt/application/index//lang/zh-cn.php
[ info ] [ ROUTE ] array (
  'rule' => 'login',
  'route' => 'index/user/logininfo',
  'option' => 
  array (
    'merge_rule_regex' => false,
  ),
  'var' => 
  array (
  ),
)
[ info ] [ HEADER ] array (
  'host' => '113.104.218.179:8081',
  'user-agent' => 'Mozilla/5.0 (Macintosh; Intel Mac OS X 10.14; rv:78.0) Gecko/20100101 Firefox/78.0',
  'content-length' => '1',
  'accept' => '*/*',
  'accept-language' => 'en-US,en;q=0.5',
  'accept-encoding' => 'gzip',
)
[ info ] [ PARAM ] array (
  '/login' => '',
)
[ error ] [0]致命错误: Class 'app\service\SystemService' not found[/var/www/html/compmgmt/application/index/controller/Common.php:54]
---------------------------------------------------------------
[ 2021-05-07T16:49:20+08:00 ] 35.201.236.91 GET 113.104.218.179:8081/jenkins/login
[运行时间：0.006967s] [吞吐率：143.53req/s] [内存消耗：469.17kb] [文件加载：75]
[ info ] [ LANG ] /var/www/html/compmgmt/thinkphp/lang/zh-cn.php
[ info ] [ LANG ] /var/www/html/compmgmt/application/lang/zh-cn.php
[ info ] [ ROUTE ] array (
)
[ info ] [ HEADER ] array (
  'host' => '113.104.218.179:8081',
  'user-agent' => 'Mozilla/5.0 (Macintosh; Intel Mac OS X 10.14; rv:78.0) Gecko/20100101 Firefox/78.0',
  'content-length' => '1',
  'accept' => '*/*',
  'accept-language' => 'en-US,en;q=0.5',
  'accept-encoding' => 'gzip',
)
[ info ] [ PARAM ] array (
  '/jenkins/login' => '',
)
---------------------------------------------------------------
[ 2021-05-07T16:49:28+08:00 ] 35.201.236.91 GET 113.104.218.179:8081/
[运行时间：0.003280s] [吞吐率：304.86req/s] [内存消耗：489.77kb] [文件加载：75]
[ info ] [ LANG ] /var/www/html/compmgmt/thinkphp/lang/zh-cn.php
[ info ] [ LANG ] /var/www/html/compmgmt/application/lang/zh-cn.php
[ info ] [ ROUTE ] array (
  'rule' => '',
  'route' => 'index/index',
  'option' => 
  array (
    'merge_rule_regex' => false,
    'complete_match' => true,
  ),
  'var' => 
  array (
  ),
)
[ info ] [ HEADER ] array (
  'host' => '113.104.218.179:8081',
  'user-agent' => 'Mozilla/5.0 (Macintosh; Intel Mac OS X 10.14; rv:78.0) Gecko/20100101 Firefox/78.0',
  'content-length' => '1',
  'accept' => '*/*',
  'accept-language' => 'en-US,en;q=0.5',
  'accept-encoding' => 'gzip',
)
[ info ] [ PARAM ] array (
)
---------------------------------------------------------------
[ 2021-05-07T16:49:28+08:00 ] 35.201.236.91 GET 113.104.218.179:8081/padmin/adminlogin/index.html
[运行时间：0.002589s] [吞吐率：386.25req/s] [内存消耗：486.47kb] [文件加载：74]
[ info ] [ LANG ] /var/www/html/compmgmt/thinkphp/lang/zh-cn.php
[ info ] [ LANG ] /var/www/html/compmgmt/application/lang/zh-cn.php
[ info ] [ ROUTE ] array (
)
[ info ] [ HEADER ] array (
  'host' => '113.104.218.179:8081',
  'user-agent' => 'Mozilla/5.0 (Macintosh; Intel Mac OS X 10.14; rv:78.0) Gecko/20100101 Firefox/78.0',
  'accept' => '*/*',
  'accept-language' => 'en-US,en;q=0.5',
  'cookie' => 'PHPSESSID=qarktj90o81legn4nf50ckiake',
  'referer' => 'http://113.104.218.179:8081/',
  'accept-encoding' => 'gzip',
)
[ info ] [ PARAM ] array (
  '/padmin/adminlogin/index_html' => '',
)
[ info ] [ VIEW ] /var/www/html/compmgmt/application/padmin/view/index/login.html [ array (
  0 => 'title',
) ]
---------------------------------------------------------------
[ 2021-05-07T16:49:28+08:00 ] 35.201.236.91 GET 113.104.218.179:8081/manager/html
[运行时间：0.003200s] [吞吐率：312.49req/s] [内存消耗：468.49kb] [文件加载：75]
[ info ] [ LANG ] /var/www/html/compmgmt/thinkphp/lang/zh-cn.php
[ info ] [ LANG ] /var/www/html/compmgmt/application/lang/zh-cn.php
[ info ] [ ROUTE ] array (
)
[ info ] [ HEADER ] array (
  'host' => '113.104.218.179:8081',
  'user-agent' => 'Mozilla/5.0 (Macintosh; Intel Mac OS X 10.14; rv:78.0) Gecko/20100101 Firefox/78.0',
  'content-length' => '1',
  'accept' => '*/*',
  'accept-language' => 'en-US,en;q=0.5',
  'authorization' => 'Basic OGhZVFNVRms6OGhZVFNVRms=',
  'accept-encoding' => 'gzip',
)
[ info ] [ PARAM ] array (
  '/manager/html' => '',
)
---------------------------------------------------------------
[ 2021-05-07T17:00:48+08:00 ] 192.168.10.58 GET pcadmin.aoi.bj/padmin/index/getcomplist.html?page=1&limit=20&keyword=kf19
[运行时间：0.004930s] [吞吐率：202.84req/s] [内存消耗：498.94kb] [文件加载：76]
[ info ] [ LANG ] /var/www/html/compmgmt/thinkphp/lang/zh-cn.php
[ info ] [ LANG ] /var/www/html/compmgmt/application/lang/zh-cn.php
[ info ] [ ROUTE ] array (
)
[ info ] [ HEADER ] array (
  'host' => 'pcadmin.aoi.bj',
  'connection' => 'keep-alive',
  'accept' => 'application/json, text/javascript, */*; q=0.01',
  'user-agent' => 'Mozilla/5.0 (X11; Linux x86_64) AppleWebKit/537.36 (KHTML, like Gecko) Chrome/90.0.4430.85 Safari/537.36',
  'x-requested-with' => 'XMLHttpRequest',
  'referer' => 'http://pcadmin.aoi.bj/padmin/index/computer.html',
  'accept-encoding' => 'gzip, deflate',
  'accept-language' => 'en-US,en;q=0.9,zh-CN;q=0.8,zh;q=0.7',
  'cookie' => 'PHPSESSID=amcnp9lg98gvosk8hph4orcohq',
)
[ info ] [ PARAM ] array (
  '/padmin/index/getcomplist_html' => '',
  'page' => '1',
  'limit' => '20',
  'keyword' => 'kf19',
)
---------------------------------------------------------------
[ 2021-05-07T17:00:48+08:00 ] 192.168.10.58 GET pcadmin.aoi.bj/padmin/adminlogin/index.html
[运行时间：0.003208s] [吞吐率：311.71req/s] [内存消耗：490.11kb] [文件加载：75]
[ info ] [ LANG ] /var/www/html/compmgmt/thinkphp/lang/zh-cn.php
[ info ] [ LANG ] /var/www/html/compmgmt/application/lang/zh-cn.php
[ info ] [ ROUTE ] array (
)
[ info ] [ HEADER ] array (
  'host' => 'pcadmin.aoi.bj',
  'connection' => 'keep-alive',
  'accept' => 'application/json, text/javascript, */*; q=0.01',
  'user-agent' => 'Mozilla/5.0 (X11; Linux x86_64) AppleWebKit/537.36 (KHTML, like Gecko) Chrome/90.0.4430.85 Safari/537.36',
  'x-requested-with' => 'XMLHttpRequest',
  'referer' => 'http://pcadmin.aoi.bj/padmin/index/computer.html',
  'accept-encoding' => 'gzip, deflate',
  'accept-language' => 'en-US,en;q=0.9,zh-CN;q=0.8,zh;q=0.7',
  'cookie' => 'PHPSESSID=amcnp9lg98gvosk8hph4orcohq',
)
[ info ] [ PARAM ] array (
  '/padmin/adminlogin/index_html' => '',
)
[ info ] [ VIEW ] /var/www/html/compmgmt/application/padmin/view/index/login.html [ array (
  0 => 'title',
) ]
---------------------------------------------------------------
[ 2021-05-07T17:00:51+08:00 ] 192.168.10.58 GET pcadmin.aoi.bj/padmin/index/index.html
[运行时间：0.002733s] [吞吐率：365.90req/s] [内存消耗：499.29kb] [文件加载：76]
[ info ] [ LANG ] /var/www/html/compmgmt/thinkphp/lang/zh-cn.php
[ info ] [ LANG ] /var/www/html/compmgmt/application/lang/zh-cn.php
[ info ] [ ROUTE ] array (
)
[ info ] [ HEADER ] array (
  'host' => 'pcadmin.aoi.bj',
  'connection' => 'keep-alive',
  'cache-control' => 'max-age=0',
  'upgrade-insecure-requests' => '1',
  'user-agent' => 'Mozilla/5.0 (X11; Linux x86_64) AppleWebKit/537.36 (KHTML, like Gecko) Chrome/90.0.4430.85 Safari/537.36',
  'accept' => 'text/html,application/xhtml+xml,application/xml;q=0.9,image/avif,image/webp,image/apng,*/*;q=0.8,application/signed-exchange;v=b3;q=0.9',
  'referer' => 'http://pcadmin.aoi.bj/padmin/adminlogin/index.html',
  'accept-encoding' => 'gzip, deflate',
  'accept-language' => 'en-US,en;q=0.9,zh-CN;q=0.8,zh;q=0.7',
  'cookie' => 'PHPSESSID=amcnp9lg98gvosk8hph4orcohq',
)
[ info ] [ PARAM ] array (
  '/padmin/index/index_html' => '',
)
---------------------------------------------------------------
[ 2021-05-07T17:00:51+08:00 ] 192.168.10.58 GET pcadmin.aoi.bj/padmin/adminlogin/index.html
[运行时间：0.002494s] [吞吐率：400.99req/s] [内存消耗：488.38kb] [文件加载：74]
[ info ] [ LANG ] /var/www/html/compmgmt/thinkphp/lang/zh-cn.php
[ info ] [ LANG ] /var/www/html/compmgmt/application/lang/zh-cn.php
[ info ] [ ROUTE ] array (
)
[ info ] [ HEADER ] array (
  'host' => 'pcadmin.aoi.bj',
  'connection' => 'keep-alive',
  'cache-control' => 'max-age=0',
  'upgrade-insecure-requests' => '1',
  'user-agent' => 'Mozilla/5.0 (X11; Linux x86_64) AppleWebKit/537.36 (KHTML, like Gecko) Chrome/90.0.4430.85 Safari/537.36',
  'accept' => 'text/html,application/xhtml+xml,application/xml;q=0.9,image/avif,image/webp,image/apng,*/*;q=0.8,application/signed-exchange;v=b3;q=0.9',
  'referer' => 'http://pcadmin.aoi.bj/padmin/adminlogin/index.html',
  'accept-encoding' => 'gzip, deflate',
  'accept-language' => 'en-US,en;q=0.9,zh-CN;q=0.8,zh;q=0.7',
  'cookie' => 'PHPSESSID=amcnp9lg98gvosk8hph4orcohq',
)
[ info ] [ PARAM ] array (
  '/padmin/adminlogin/index_html' => '',
)
[ info ] [ VIEW ] /var/www/html/compmgmt/application/padmin/view/index/login.html [ array (
  0 => 'title',
) ]
---------------------------------------------------------------
[ 2021-05-07T17:00:54+08:00 ] 192.168.10.58 POST pcadmin.aoi.bj/padmin/adminlogin/loginaction.html
[运行时间：0.006346s] [吞吐率：157.58req/s] [内存消耗：627.50kb] [文件加载：79]
[ info ] [ LANG ] /var/www/html/compmgmt/thinkphp/lang/zh-cn.php
[ info ] [ LANG ] /var/www/html/compmgmt/application/lang/zh-cn.php
[ info ] [ ROUTE ] array (
)
[ info ] [ HEADER ] array (
  'host' => 'pcadmin.aoi.bj',
  'connection' => 'keep-alive',
  'content-length' => '31',
  'accept' => 'application/json, text/javascript, */*; q=0.01',
  'x-requested-with' => 'XMLHttpRequest',
  'user-agent' => 'Mozilla/5.0 (X11; Linux x86_64) AppleWebKit/537.36 (KHTML, like Gecko) Chrome/90.0.4430.85 Safari/537.36',
  'content-type' => 'application/x-www-form-urlencoded; charset=UTF-8',
  'origin' => 'http://pcadmin.aoi.bj',
  'referer' => 'http://pcadmin.aoi.bj/padmin/adminlogin/index.html',
  'accept-encoding' => 'gzip, deflate',
  'accept-language' => 'en-US,en;q=0.9,zh-CN;q=0.8,zh;q=0.7',
  'cookie' => 'PHPSESSID=amcnp9lg98gvosk8hph4orcohq',
)
[ info ] [ PARAM ] array (
  '/padmin/adminlogin/loginaction_html' => '',
  'username' => 'it02',
  'password' => 'loevluma',
)
[ info ] [ DB ] INIT mysql
[ sql ] [ DB ] CONNECT:[ UseTime:0.000559s ] mysql:host=127.0.0.1;dbname=compmgmt;charset=utf8
[ sql ] [ SQL ] SHOW COLUMNS FROM `admin` [ RunTime:0.001236s ]
[ sql ] [ SQL ] SELECT * FROM `admin` WHERE  `username` = 'it02' LIMIT 1 [ RunTime:0.000558s ]
[ sql ] [ SQL ] UPDATE `admin`  SET `lastip` = '192.168.10.58' , `lastvisit` = '1620378054'  WHERE  `id` = 17 [ RunTime:0.000420s ]
---------------------------------------------------------------
[ 2021-05-07T17:00:55+08:00 ] 192.168.10.58 GET pcadmin.aoi.bj/padmin/index/index.html
[运行时间：0.002797s] [吞吐率：357.54req/s] [内存消耗：500.60kb] [文件加载：75]
[ info ] [ LANG ] /var/www/html/compmgmt/thinkphp/lang/zh-cn.php
[ info ] [ LANG ] /var/www/html/compmgmt/application/lang/zh-cn.php
[ info ] [ ROUTE ] array (
)
[ info ] [ HEADER ] array (
  'host' => 'pcadmin.aoi.bj',
  'connection' => 'keep-alive',
  'upgrade-insecure-requests' => '1',
  'user-agent' => 'Mozilla/5.0 (X11; Linux x86_64) AppleWebKit/537.36 (KHTML, like Gecko) Chrome/90.0.4430.85 Safari/537.36',
  'accept' => 'text/html,application/xhtml+xml,application/xml;q=0.9,image/avif,image/webp,image/apng,*/*;q=0.8,application/signed-exchange;v=b3;q=0.9',
  'referer' => 'http://pcadmin.aoi.bj/padmin/adminlogin/index.html',
  'accept-encoding' => 'gzip, deflate',
  'accept-language' => 'en-US,en;q=0.9,zh-CN;q=0.8,zh;q=0.7',
  'cookie' => 'PHPSESSID=amcnp9lg98gvosk8hph4orcohq',
)
[ info ] [ PARAM ] array (
  '/padmin/index/index_html' => '',
)
[ info ] [ VIEW ] /var/www/html/compmgmt/application/padmin/view/index/index.html [ array (
  0 => 'PAdmin',
  1 => 'data',
  2 => 'msg',
) ]
---------------------------------------------------------------
[ 2021-05-07T17:00:55+08:00 ] 192.168.10.58 GET pcadmin.aoi.bj/static/padmin/css/font-awesome.css
[运行时间：0.002979s] [吞吐率：335.71req/s] [内存消耗：469.08kb] [文件加载：75]
[ info ] [ LANG ] /var/www/html/compmgmt/thinkphp/lang/zh-cn.php
[ info ] [ LANG ] /var/www/html/compmgmt/application/lang/zh-cn.php
[ info ] [ ROUTE ] array (
)
[ info ] [ HEADER ] array (
  'host' => 'pcadmin.aoi.bj',
  'connection' => 'keep-alive',
  'user-agent' => 'Mozilla/5.0 (X11; Linux x86_64) AppleWebKit/537.36 (KHTML, like Gecko) Chrome/90.0.4430.85 Safari/537.36',
  'accept' => 'text/css,*/*;q=0.1',
  'referer' => 'http://pcadmin.aoi.bj/static/padmin/css/style.css',
  'accept-encoding' => 'gzip, deflate',
  'accept-language' => 'en-US,en;q=0.9,zh-CN;q=0.8,zh;q=0.7',
  'cookie' => 'PHPSESSID=amcnp9lg98gvosk8hph4orcohq',
)
[ info ] [ PARAM ] array (
  '/static/padmin/css/font-awesome_css' => '',
)
---------------------------------------------------------------
[ 2021-05-07T17:00:55+08:00 ] 192.168.10.58 GET pcadmin.aoi.bj/static/padmin/css/animate.css
[运行时间：0.002989s] [吞吐率：334.55req/s] [内存消耗：469.05kb] [文件加载：75]
[ info ] [ LANG ] /var/www/html/compmgmt/thinkphp/lang/zh-cn.php
[ info ] [ LANG ] /var/www/html/compmgmt/application/lang/zh-cn.php
[ info ] [ ROUTE ] array (
)
[ info ] [ HEADER ] array (
  'host' => 'pcadmin.aoi.bj',
  'connection' => 'keep-alive',
  'user-agent' => 'Mozilla/5.0 (X11; Linux x86_64) AppleWebKit/537.36 (KHTML, like Gecko) Chrome/90.0.4430.85 Safari/537.36',
  'accept' => 'text/css,*/*;q=0.1',
  'referer' => 'http://pcadmin.aoi.bj/static/padmin/css/style.css',
  'accept-encoding' => 'gzip, deflate',
  'accept-language' => 'en-US,en;q=0.9,zh-CN;q=0.8,zh;q=0.7',
  'cookie' => 'PHPSESSID=amcnp9lg98gvosk8hph4orcohq',
)
[ info ] [ PARAM ] array (
  '/static/padmin/css/animate_css' => '',
)
---------------------------------------------------------------
[ 2021-05-07T17:00:55+08:00 ] 192.168.10.58 GET pcadmin.aoi.bj/padmin/index/computer.html
[运行时间：0.004916s] [吞吐率：203.41req/s] [内存消耗：736.06kb] [文件加载：80]
[ info ] [ LANG ] /var/www/html/compmgmt/thinkphp/lang/zh-cn.php
[ info ] [ LANG ] /var/www/html/compmgmt/application/lang/zh-cn.php
[ info ] [ ROUTE ] array (
)
[ info ] [ HEADER ] array (
  'host' => 'pcadmin.aoi.bj',
  'connection' => 'keep-alive',
  'upgrade-insecure-requests' => '1',
  'user-agent' => 'Mozilla/5.0 (X11; Linux x86_64) AppleWebKit/537.36 (KHTML, like Gecko) Chrome/90.0.4430.85 Safari/537.36',
  'accept' => 'text/html,application/xhtml+xml,application/xml;q=0.9,image/avif,image/webp,image/apng,*/*;q=0.8,application/signed-exchange;v=b3;q=0.9',
  'referer' => 'http://pcadmin.aoi.bj/padmin/index/index.html',
  'accept-encoding' => 'gzip, deflate',
  'accept-language' => 'en-US,en;q=0.9,zh-CN;q=0.8,zh;q=0.7',
  'cookie' => 'PHPSESSID=amcnp9lg98gvosk8hph4orcohq',
)
[ info ] [ PARAM ] array (
  '/padmin/index/computer_html' => '',
)
[ info ] [ DB ] INIT mysql
[ info ] [ VIEW ] /var/www/html/compmgmt/application/padmin/view/index/computer.html [ array (
  0 => 'PAdmin',
  1 => 'internetAccess',
) ]
[ sql ] [ DB ] CONNECT:[ UseTime:0.000441s ] mysql:host=127.0.0.1;dbname=compmgmt;charset=utf8
[ sql ] [ SQL ] SHOW COLUMNS FROM `internet_access` [ RunTime:0.001013s ]
[ sql ] [ SQL ] SELECT * FROM `internet_access` WHERE  `disabled` = 0 [ RunTime:0.000325s ]
---------------------------------------------------------------
[ 2021-05-07T17:00:55+08:00 ] 192.168.10.58 GET pcadmin.aoi.bj/static/padmin/css/animate.css
[运行时间：0.002695s] [吞吐率：371.08req/s] [内存消耗：469.05kb] [文件加载：75]
[ info ] [ LANG ] /var/www/html/compmgmt/thinkphp/lang/zh-cn.php
[ info ] [ LANG ] /var/www/html/compmgmt/application/lang/zh-cn.php
[ info ] [ ROUTE ] array (
)
[ info ] [ HEADER ] array (
  'host' => 'pcadmin.aoi.bj',
  'connection' => 'keep-alive',
  'user-agent' => 'Mozilla/5.0 (X11; Linux x86_64) AppleWebKit/537.36 (KHTML, like Gecko) Chrome/90.0.4430.85 Safari/537.36',
  'accept' => 'text/css,*/*;q=0.1',
  'referer' => 'http://pcadmin.aoi.bj/static/padmin/css/style.css',
  'accept-encoding' => 'gzip, deflate',
  'accept-language' => 'en-US,en;q=0.9,zh-CN;q=0.8,zh;q=0.7',
  'cookie' => 'PHPSESSID=amcnp9lg98gvosk8hph4orcohq',
)
[ info ] [ PARAM ] array (
  '/static/padmin/css/animate_css' => '',
)
---------------------------------------------------------------
[ 2021-05-07T17:00:55+08:00 ] 192.168.10.58 GET pcadmin.aoi.bj/static/padmin/css/font-awesome.css
[运行时间：0.002695s] [吞吐率：371.08req/s] [内存消耗：469.08kb] [文件加载：75]
[ info ] [ LANG ] /var/www/html/compmgmt/thinkphp/lang/zh-cn.php
[ info ] [ LANG ] /var/www/html/compmgmt/application/lang/zh-cn.php
[ info ] [ ROUTE ] array (
)
[ info ] [ HEADER ] array (
  'host' => 'pcadmin.aoi.bj',
  'connection' => 'keep-alive',
  'user-agent' => 'Mozilla/5.0 (X11; Linux x86_64) AppleWebKit/537.36 (KHTML, like Gecko) Chrome/90.0.4430.85 Safari/537.36',
  'accept' => 'text/css,*/*;q=0.1',
  'referer' => 'http://pcadmin.aoi.bj/static/padmin/css/style.css',
  'accept-encoding' => 'gzip, deflate',
  'accept-language' => 'en-US,en;q=0.9,zh-CN;q=0.8,zh;q=0.7',
  'cookie' => 'PHPSESSID=amcnp9lg98gvosk8hph4orcohq',
)
[ info ] [ PARAM ] array (
  '/static/padmin/css/font-awesome_css' => '',
)
---------------------------------------------------------------
[ 2021-05-07T17:00:55+08:00 ] 192.168.10.58 GET pcadmin.aoi.bj/padmin/index/getcomplist.html?page=1&limit=20&keyword=
[运行时间：0.023452s] [吞吐率：42.64req/s] [内存消耗：868.72kb] [文件加载：90]
[ info ] [ LANG ] /var/www/html/compmgmt/thinkphp/lang/zh-cn.php
[ info ] [ LANG ] /var/www/html/compmgmt/application/lang/zh-cn.php
[ info ] [ ROUTE ] array (
)
[ info ] [ HEADER ] array (
  'host' => 'pcadmin.aoi.bj',
  'connection' => 'keep-alive',
  'accept' => 'application/json, text/javascript, */*; q=0.01',
  'user-agent' => 'Mozilla/5.0 (X11; Linux x86_64) AppleWebKit/537.36 (KHTML, like Gecko) Chrome/90.0.4430.85 Safari/537.36',
  'x-requested-with' => 'XMLHttpRequest',
  'referer' => 'http://pcadmin.aoi.bj/padmin/index/computer.html',
  'accept-encoding' => 'gzip, deflate',
  'accept-language' => 'en-US,en;q=0.9,zh-CN;q=0.8,zh;q=0.7',
  'cookie' => 'PHPSESSID=amcnp9lg98gvosk8hph4orcohq',
)
[ info ] [ PARAM ] array (
  '/padmin/index/getcomplist_html' => '',
  'page' => '1',
  'limit' => '20',
  'keyword' => '',
)
[ info ] [ DB ] INIT mysql
[ sql ] [ DB ] CONNECT:[ UseTime:0.001505s ] mysql:host=127.0.0.1;dbname=compmgmt;charset=utf8
[ sql ] [ SQL ] SHOW COLUMNS FROM `computer` [ RunTime:0.001272s ]
[ sql ] [ SQL ] SELECT COUNT(*) AS tp_count FROM `computer` `c` LEFT JOIN `department` `d` ON `d`.`id`=`c`.`department_id` LEFT JOIN `staff` `s` ON `s`.`id`=`c`.`staff_id` WHERE  `d`.`name` LIKE '%%'  OR `s`.`name` LIKE '%%'  OR `c`.`FQDN` LIKE '%%'  OR `c`.`asset_id` LIKE '%%'  OR `c`.`MAC` LIKE '%%'  OR `c`.`ip_addr_v4` LIKE '%%'  OR `c`.`domain_name` LIKE '%%' LIMIT 1 [ RunTime:0.000388s ]
[ sql ] [ SQL ] SELECT `c`.*,d.name as department,s.name as staff FROM `computer` `c` LEFT JOIN `department` `d` ON `d`.`id`=`c`.`department_id` LEFT JOIN `staff` `s` ON `s`.`id`=`c`.`staff_id` WHERE  `d`.`name` LIKE '%%'  OR `s`.`name` LIKE '%%'  OR `c`.`FQDN` LIKE '%%'  OR `c`.`asset_id` LIKE '%%'  OR `c`.`MAC` LIKE '%%'  OR `c`.`ip_addr_v4` LIKE '%%'  OR `c`.`domain_name` LIKE '%%' LIMIT 0,20 [ RunTime:0.000556s ]
[ sql ] [ SQL ] SHOW COLUMNS FROM `os` [ RunTime:0.001037s ]
[ sql ] [ SQL ] SELECT `name`,`version`,`arch` FROM `os` WHERE  `id` = 6 LIMIT 1 [ RunTime:0.000296s ]
[ sql ] [ SQL ] SHOW COLUMNS FROM `computer_internet_access` [ RunTime:0.000974s ]
[ sql ] [ SQL ] SELECT `access_id` FROM `computer_internet_access` WHERE  `computer_id` = 1 [ RunTime:0.000262s ]
[ sql ] [ SQL ] SELECT `name`,`version`,`arch` FROM `os` WHERE  `id` = 1 LIMIT 1 [ RunTime:0.000256s ]
[ sql ] [ SQL ] SELECT `access_id` FROM `computer_internet_access` WHERE  `computer_id` = 2 [ RunTime:0.000235s ]
[ sql ] [ SQL ] SELECT `name`,`version`,`arch` FROM `os` WHERE  `id` = 3 LIMIT 1 [ RunTime:0.000244s ]
[ sql ] [ SQL ] SELECT `access_id` FROM `computer_internet_access` WHERE  `computer_id` = 4 [ RunTime:0.000239s ]
[ sql ] [ SQL ] SELECT `name`,`version`,`arch` FROM `os` WHERE  `id` = 2 LIMIT 1 [ RunTime:0.000241s ]
[ sql ] [ SQL ] SELECT `access_id` FROM `computer_internet_access` WHERE  `computer_id` = 5 [ RunTime:0.000239s ]
[ sql ] [ SQL ] SELECT `name`,`version`,`arch` FROM `os` WHERE  `id` = 1 LIMIT 1 [ RunTime:0.000240s ]
[ sql ] [ SQL ] SELECT `access_id` FROM `computer_internet_access` WHERE  `computer_id` = 7 [ RunTime:0.000252s ]
[ sql ] [ SQL ] SELECT `name`,`version`,`arch` FROM `os` WHERE  `id` = 3 LIMIT 1 [ RunTime:0.000252s ]
[ sql ] [ SQL ] SELECT `access_id` FROM `computer_internet_access` WHERE  `computer_id` = 8 [ RunTime:0.000237s ]
[ sql ] [ SQL ] SELECT `name`,`version`,`arch` FROM `os` WHERE  `id` = 1 LIMIT 1 [ RunTime:0.000241s ]
[ sql ] [ SQL ] SELECT `access_id` FROM `computer_internet_access` WHERE  `computer_id` = 9 [ RunTime:0.000236s ]
[ sql ] [ SQL ] SELECT `name`,`version`,`arch` FROM `os` WHERE  `id` = 1 LIMIT 1 [ RunTime:0.000240s ]
[ sql ] [ SQL ] SELECT `access_id` FROM `computer_internet_access` WHERE  `computer_id` = 10 [ RunTime:0.000232s ]
[ sql ] [ SQL ] SELECT `name`,`version`,`arch` FROM `os` WHERE  `id` = 10 LIMIT 1 [ RunTime:0.000261s ]
[ sql ] [ SQL ] SELECT `access_id` FROM `computer_internet_access` WHERE  `computer_id` = 11 [ RunTime:0.000233s ]
[ sql ] [ SQL ] SELECT `name`,`version`,`arch` FROM `os` WHERE  `id` = 10 LIMIT 1 [ RunTime:0.000240s ]
[ sql ] [ SQL ] SELECT `access_id` FROM `computer_internet_access` WHERE  `computer_id` = 12 [ RunTime:0.000236s ]
[ sql ] [ SQL ] SELECT `name`,`version`,`arch` FROM `os` WHERE  `id` = 10 LIMIT 1 [ RunTime:0.000239s ]
[ sql ] [ SQL ] SELECT `access_id` FROM `computer_internet_access` WHERE  `computer_id` = 13 [ RunTime:0.000236s ]
[ sql ] [ SQL ] SELECT `name`,`version`,`arch` FROM `os` WHERE  `id` = 2 LIMIT 1 [ RunTime:0.000255s ]
[ sql ] [ SQL ] SELECT `access_id` FROM `computer_internet_access` WHERE  `computer_id` = 14 [ RunTime:0.000238s ]
[ sql ] [ SQL ] SELECT `name`,`version`,`arch` FROM `os` WHERE  `id` = 2 LIMIT 1 [ RunTime:0.000239s ]
[ sql ] [ SQL ] SELECT `access_id` FROM `computer_internet_access` WHERE  `computer_id` = 15 [ RunTime:0.000237s ]
[ sql ] [ SQL ] SELECT `name`,`version`,`arch` FROM `os` WHERE  `id` = 11 LIMIT 1 [ RunTime:0.000240s ]
[ sql ] [ SQL ] SELECT `access_id` FROM `computer_internet_access` WHERE  `computer_id` = 16 [ RunTime:0.000230s ]
[ sql ] [ SQL ] SELECT `name`,`version`,`arch` FROM `os` WHERE  `id` = 10 LIMIT 1 [ RunTime:0.000239s ]
[ sql ] [ SQL ] SELECT `access_id` FROM `computer_internet_access` WHERE  `computer_id` = 17 [ RunTime:0.000257s ]
[ sql ] [ SQL ] SELECT `name`,`version`,`arch` FROM `os` WHERE  `id` = 2 LIMIT 1 [ RunTime:0.000252s ]
[ sql ] [ SQL ] SELECT `access_id` FROM `computer_internet_access` WHERE  `computer_id` = 18 [ RunTime:0.000248s ]
[ sql ] [ SQL ] SELECT `name`,`version`,`arch` FROM `os` WHERE  `id` = 3 LIMIT 1 [ RunTime:0.000249s ]
[ sql ] [ SQL ] SELECT `access_id` FROM `computer_internet_access` WHERE  `computer_id` = 20 [ RunTime:0.000245s ]
[ sql ] [ SQL ] SELECT `name`,`version`,`arch` FROM `os` WHERE  `id` = 3 LIMIT 1 [ RunTime:0.000248s ]
[ sql ] [ SQL ] SELECT `access_id` FROM `computer_internet_access` WHERE  `computer_id` = 21 [ RunTime:0.000267s ]
[ sql ] [ SQL ] SELECT `name`,`version`,`arch` FROM `os` WHERE  `id` = 10 LIMIT 1 [ RunTime:0.000701s ]
[ sql ] [ SQL ] SELECT `access_id` FROM `computer_internet_access` WHERE  `computer_id` = 22 [ RunTime:0.000308s ]
[ sql ] [ SQL ] SELECT `name`,`version`,`arch` FROM `os` WHERE  `id` = 10 LIMIT 1 [ RunTime:0.000292s ]
[ sql ] [ SQL ] SELECT `access_id` FROM `computer_internet_access` WHERE  `computer_id` = 23 [ RunTime:0.000418s ]
---------------------------------------------------------------
[ 2021-05-07T17:00:58+08:00 ] 192.168.10.58 GET pcadmin.aoi.bj/padmin/index/getcomplist.html?page=1&limit=20&keyword=kf19
[运行时间：0.007886s] [吞吐率：126.81req/s] [内存消耗：871.59kb] [文件加载：90]
[ info ] [ LANG ] /var/www/html/compmgmt/thinkphp/lang/zh-cn.php
[ info ] [ LANG ] /var/www/html/compmgmt/application/lang/zh-cn.php
[ info ] [ ROUTE ] array (
)
[ info ] [ HEADER ] array (
  'host' => 'pcadmin.aoi.bj',
  'connection' => 'keep-alive',
  'accept' => 'application/json, text/javascript, */*; q=0.01',
  'user-agent' => 'Mozilla/5.0 (X11; Linux x86_64) AppleWebKit/537.36 (KHTML, like Gecko) Chrome/90.0.4430.85 Safari/537.36',
  'x-requested-with' => 'XMLHttpRequest',
  'referer' => 'http://pcadmin.aoi.bj/padmin/index/computer.html',
  'accept-encoding' => 'gzip, deflate',
  'accept-language' => 'en-US,en;q=0.9,zh-CN;q=0.8,zh;q=0.7',
  'cookie' => 'PHPSESSID=amcnp9lg98gvosk8hph4orcohq',
)
[ info ] [ PARAM ] array (
  '/padmin/index/getcomplist_html' => '',
  'page' => '1',
  'limit' => '20',
  'keyword' => 'kf19',
)
[ info ] [ DB ] INIT mysql
[ sql ] [ DB ] CONNECT:[ UseTime:0.000579s ] mysql:host=127.0.0.1;dbname=compmgmt;charset=utf8
[ sql ] [ SQL ] SHOW COLUMNS FROM `computer` [ RunTime:0.001234s ]
[ sql ] [ SQL ] SELECT COUNT(*) AS tp_count FROM `computer` `c` LEFT JOIN `department` `d` ON `d`.`id`=`c`.`department_id` LEFT JOIN `staff` `s` ON `s`.`id`=`c`.`staff_id` WHERE  `d`.`name` LIKE '%kf19%'  OR `s`.`name` LIKE '%kf19%'  OR `c`.`FQDN` LIKE '%kf19%'  OR `c`.`asset_id` LIKE '%kf19%'  OR `c`.`MAC` LIKE '%kf19%'  OR `c`.`ip_addr_v4` LIKE '%kf19%'  OR `c`.`domain_name` LIKE '%kf19%' LIMIT 1 [ RunTime:0.001002s ]
[ sql ] [ SQL ] SELECT `c`.*,d.name as department,s.name as staff FROM `computer` `c` LEFT JOIN `department` `d` ON `d`.`id`=`c`.`department_id` LEFT JOIN `staff` `s` ON `s`.`id`=`c`.`staff_id` WHERE  `d`.`name` LIKE '%kf19%'  OR `s`.`name` LIKE '%kf19%'  OR `c`.`FQDN` LIKE '%kf19%'  OR `c`.`asset_id` LIKE '%kf19%'  OR `c`.`MAC` LIKE '%kf19%'  OR `c`.`ip_addr_v4` LIKE '%kf19%'  OR `c`.`domain_name` LIKE '%kf19%' LIMIT 0,20 [ RunTime:0.001136s ]
---------------------------------------------------------------
[ 2021-05-07T17:01:06+08:00 ] 192.168.10.58 GET pcadmin.aoi.bj/padmin/index/getcomplist.html?page=1&limit=20&keyword=rs03
[运行时间：0.009679s] [吞吐率：103.32req/s] [内存消耗：847.32kb] [文件加载：90]
[ info ] [ LANG ] /var/www/html/compmgmt/thinkphp/lang/zh-cn.php
[ info ] [ LANG ] /var/www/html/compmgmt/application/lang/zh-cn.php
[ info ] [ ROUTE ] array (
)
[ info ] [ HEADER ] array (
  'host' => 'pcadmin.aoi.bj',
  'connection' => 'keep-alive',
  'accept' => 'application/json, text/javascript, */*; q=0.01',
  'user-agent' => 'Mozilla/5.0 (X11; Linux x86_64) AppleWebKit/537.36 (KHTML, like Gecko) Chrome/90.0.4430.85 Safari/537.36',
  'x-requested-with' => 'XMLHttpRequest',
  'referer' => 'http://pcadmin.aoi.bj/padmin/index/computer.html',
  'accept-encoding' => 'gzip, deflate',
  'accept-language' => 'en-US,en;q=0.9,zh-CN;q=0.8,zh;q=0.7',
  'cookie' => 'PHPSESSID=amcnp9lg98gvosk8hph4orcohq',
)
[ info ] [ PARAM ] array (
  '/padmin/index/getcomplist_html' => '',
  'page' => '1',
  'limit' => '20',
  'keyword' => 'rs03',
)
[ info ] [ DB ] INIT mysql
[ sql ] [ DB ] CONNECT:[ UseTime:0.000452s ] mysql:host=127.0.0.1;dbname=compmgmt;charset=utf8
[ sql ] [ SQL ] SHOW COLUMNS FROM `computer` [ RunTime:0.001198s ]
[ sql ] [ SQL ] SELECT COUNT(*) AS tp_count FROM `computer` `c` LEFT JOIN `department` `d` ON `d`.`id`=`c`.`department_id` LEFT JOIN `staff` `s` ON `s`.`id`=`c`.`staff_id` WHERE  `d`.`name` LIKE '%rs03%'  OR `s`.`name` LIKE '%rs03%'  OR `c`.`FQDN` LIKE '%rs03%'  OR `c`.`asset_id` LIKE '%rs03%'  OR `c`.`MAC` LIKE '%rs03%'  OR `c`.`ip_addr_v4` LIKE '%rs03%'  OR `c`.`domain_name` LIKE '%rs03%' LIMIT 1 [ RunTime:0.000384s ]
[ sql ] [ SQL ] SELECT `c`.*,d.name as department,s.name as staff FROM `computer` `c` LEFT JOIN `department` `d` ON `d`.`id`=`c`.`department_id` LEFT JOIN `staff` `s` ON `s`.`id`=`c`.`staff_id` WHERE  `d`.`name` LIKE '%rs03%'  OR `s`.`name` LIKE '%rs03%'  OR `c`.`FQDN` LIKE '%rs03%'  OR `c`.`asset_id` LIKE '%rs03%'  OR `c`.`MAC` LIKE '%rs03%'  OR `c`.`ip_addr_v4` LIKE '%rs03%'  OR `c`.`domain_name` LIKE '%rs03%' LIMIT 0,20 [ RunTime:0.000497s ]
[ sql ] [ SQL ] SHOW COLUMNS FROM `os` [ RunTime:0.000997s ]
[ sql ] [ SQL ] SELECT `name`,`version`,`arch` FROM `os` WHERE  `id` = 1 LIMIT 1 [ RunTime:0.000253s ]
[ sql ] [ SQL ] SHOW COLUMNS FROM `computer_internet_access` [ RunTime:0.001003s ]
[ sql ] [ SQL ] SELECT `access_id` FROM `computer_internet_access` WHERE  `computer_id` = 7 [ RunTime:0.000300s ]
---------------------------------------------------------------
[ 2021-05-07T17:02:05+08:00 ] 113.120.12.127 HEAD 110.242.68.4http://110.242.68.4/
[运行时间：0.003214s] [吞吐率：311.15req/s] [内存消耗：492.80kb] [文件加载：76]
[ info ] [ LANG ] /var/www/html/compmgmt/thinkphp/lang/zh-cn.php
[ info ] [ LANG ] /var/www/html/compmgmt/application/lang/zh-cn.php
[ info ] [ ROUTE ] array (
)
[ info ] [ HEADER ] array (
  'host' => '110.242.68.4',
  'proxy-authorization' => 'Basic Og==',
  'proxy-connection' => 'Keep-Alive',
  'accept-language' => 'zh-CN,zh;q=0.8',
  'accept' => 'text/html,application/xhtml+xml,application/xml;q=0.9,image/webp,*/*;q=0.8',
  'cache-control' => 'max-age=0',
  'connection' => 'keep-alive',
  'user-agent' => 'Mozilla/5.01715179 Mozilla/5.0 (Windows NT 6.1; Win64; x64) AppleWebKit/537.36 (KHTML, like Gecko) Chrome/68.0.3440.106 Safari/537.36 OPR/55.0.2994.44',
  'accept-encoding' => 'gzip, deflate, sdch',
)
[ info ] [ PARAM ] array (
)
---------------------------------------------------------------
[ 2021-05-07T17:02:05+08:00 ] 113.120.12.127 HEAD 110.242.68.4http://110.242.68.4/padmin/adminlogin/index.html
[运行时间：0.002664s] [吞吐率：375.40req/s] [内存消耗：482.34kb] [文件加载：74]
[ info ] [ LANG ] /var/www/html/compmgmt/thinkphp/lang/zh-cn.php
[ info ] [ LANG ] /var/www/html/compmgmt/application/lang/zh-cn.php
[ info ] [ ROUTE ] array (
)
[ info ] [ HEADER ] array (
  'host' => '110.242.68.4',
  'proxy-authorization' => 'Basic Og==',
  'proxy-connection' => 'Keep-Alive',
  'accept-language' => 'zh-CN,zh;q=0.8',
  'accept' => 'text/html,application/xhtml+xml,application/xml;q=0.9,image/webp,*/*;q=0.8',
  'cache-control' => 'max-age=0',
  'connection' => 'keep-alive',
  'user-agent' => 'Mozilla/5.01715179 Mozilla/5.0 (Windows NT 6.1; Win64; x64) AppleWebKit/537.36 (KHTML, like Gecko) Chrome/68.0.3440.106 Safari/537.36 OPR/55.0.2994.44',
  'accept-encoding' => 'gzip, deflate, sdch',
)
[ info ] [ PARAM ] array (
  '/padmin/adminlogin/index_html' => '',
)
[ info ] [ VIEW ] /var/www/html/compmgmt/application/padmin/view/index/login.html [ array (
  0 => 'title',
) ]
---------------------------------------------------------------
[ 2021-05-07T17:02:06+08:00 ] 119.118.30.170 GET www.epochtimes.comhttp://www.epochtimes.com/
[运行时间：0.002494s] [吞吐率：400.99req/s] [内存消耗：491.26kb] [文件加载：75]
[ info ] [ LANG ] /var/www/html/compmgmt/thinkphp/lang/zh-cn.php
[ info ] [ LANG ] /var/www/html/compmgmt/application/lang/zh-cn.php
[ info ] [ ROUTE ] array (
  'rule' => '',
  'route' => 'index/index',
  'option' => 
  array (
    'merge_rule_regex' => false,
    'complete_match' => true,
  ),
  'var' => 
  array (
  ),
)
[ info ] [ HEADER ] array (
  'host' => 'www.epochtimes.com',
  'proxy-authorization' => 'Basic Og==',
  'proxy-connection' => 'Keep-Alive',
  'accept' => 'text/html,application/xhtml+xml,application/xml;q=0.9,image/webp,*/*;q=0.8',
  'user-agent' => 'Mozilla/5.0 (Windows NT 10.0; WOW64) AppleWebKit/537.36 (KHTML, like Gecko) Chrome/45.0.2454.101 Safari/537.36',
  'accept-language' => 'zh-CN,zh;q=0.8',
  'cache-control' => 'max-age=0',
  'accept-encoding' => 'gzip, deflate, sdch',
  'connection' => 'keep-alive',
)
[ info ] [ PARAM ] array (
)
---------------------------------------------------------------
[ 2021-05-07T17:02:06+08:00 ] 119.118.30.170 GET www.epochtimes.comhttp://www.epochtimes.com/padmin/adminlogin/index.html
[运行时间：0.002614s] [吞吐率：382.55req/s] [内存消耗：487.83kb] [文件加载：74]
[ info ] [ LANG ] /var/www/html/compmgmt/thinkphp/lang/zh-cn.php
[ info ] [ LANG ] /var/www/html/compmgmt/application/lang/zh-cn.php
[ info ] [ ROUTE ] array (
)
[ info ] [ HEADER ] array (
  'host' => 'www.epochtimes.com',
  'proxy-authorization' => 'Basic Og==',
  'proxy-connection' => 'Keep-Alive',
  'accept' => 'text/html,application/xhtml+xml,application/xml;q=0.9,image/webp,*/*;q=0.8',
  'user-agent' => 'Mozilla/5.0 (Windows NT 10.0; WOW64) AppleWebKit/537.36 (KHTML, like Gecko) Chrome/45.0.2454.101 Safari/537.36',
  'accept-language' => 'zh-CN,zh;q=0.8',
  'cache-control' => 'max-age=0',
  'accept-encoding' => 'gzip, deflate, sdch',
  'connection' => 'keep-alive',
)
[ info ] [ PARAM ] array (
  '/padmin/adminlogin/index_html' => '',
)
[ info ] [ VIEW ] /var/www/html/compmgmt/application/padmin/view/index/login.html [ array (
  0 => 'title',
) ]
---------------------------------------------------------------
[ 2021-05-07T17:02:07+08:00 ] 36.32.3.199 CONNECT www.so.com:443www.so.com:443
[运行时间：0.024519s] [吞吐率：40.78req/s] [内存消耗：356.59kb] [文件加载：61]
[ info ] [ LANG ] /var/www/html/compmgmt/thinkphp/lang/zh-cn.php
[ info ] [ LANG ] /var/www/html/compmgmt/application/lang/zh-cn.php
[ error ] [8]未定义数组索引: connect[/var/www/html/compmgmt/thinkphp/library/think/route/RuleGroup.php:208]
---------------------------------------------------------------
[ 2021-05-07T17:02:07+08:00 ] 171.118.60.8 GET www.minghui.orghttp://www.minghui.org/
[运行时间：0.002434s] [吞吐率：410.84req/s] [内存消耗：491.24kb] [文件加载：75]
[ info ] [ LANG ] /var/www/html/compmgmt/thinkphp/lang/zh-cn.php
[ info ] [ LANG ] /var/www/html/compmgmt/application/lang/zh-cn.php
[ info ] [ ROUTE ] array (
  'rule' => '',
  'route' => 'index/index',
  'option' => 
  array (
    'merge_rule_regex' => false,
    'complete_match' => true,
  ),
  'var' => 
  array (
  ),
)
[ info ] [ HEADER ] array (
  'host' => 'www.minghui.org',
  'proxy-authorization' => 'Basic Og==',
  'proxy-connection' => 'Keep-Alive',
  'accept' => 'text/html,application/xhtml+xml,application/xml;q=0.9,image/webp,*/*;q=0.8',
  'user-agent' => 'Mozilla/5.0 (Windows NT 10.0; WOW64) AppleWebKit/537.36 (KHTML, like Gecko) Chrome/45.0.2454.101 Safari/537.36',
  'accept-language' => 'zh-CN,zh;q=0.8',
  'cache-control' => 'max-age=0',
  'accept-encoding' => 'gzip, deflate, sdch',
  'connection' => 'keep-alive',
)
[ info ] [ PARAM ] array (
)
---------------------------------------------------------------
[ 2021-05-07T17:02:07+08:00 ] 61.52.80.84 GET www.wujieliulan.comhttp://www.wujieliulan.com/
[运行时间：0.002352s] [吞吐率：425.17req/s] [内存消耗：491.27kb] [文件加载：75]
[ info ] [ LANG ] /var/www/html/compmgmt/thinkphp/lang/zh-cn.php
[ info ] [ LANG ] /var/www/html/compmgmt/application/lang/zh-cn.php
[ info ] [ ROUTE ] array (
  'rule' => '',
  'route' => 'index/index',
  'option' => 
  array (
    'merge_rule_regex' => false,
    'complete_match' => true,
  ),
  'var' => 
  array (
  ),
)
[ info ] [ HEADER ] array (
  'host' => 'www.wujieliulan.com',
  'proxy-authorization' => 'Basic Og==',
  'proxy-connection' => 'Keep-Alive',
  'accept' => 'text/html,application/xhtml+xml,application/xml;q=0.9,image/webp,*/*;q=0.8',
  'user-agent' => 'Mozilla/5.0 (Windows NT 10.0; WOW64) AppleWebKit/537.36 (KHTML, like Gecko) Chrome/45.0.2454.101 Safari/537.36',
  'accept-language' => 'zh-CN,zh;q=0.8',
  'cache-control' => 'max-age=0',
  'accept-encoding' => 'gzip, deflate, sdch',
  'connection' => 'keep-alive',
)
[ info ] [ PARAM ] array (
)
---------------------------------------------------------------
[ 2021-05-07T17:02:07+08:00 ] 171.118.60.8 GET www.minghui.orghttp://www.minghui.org/padmin/adminlogin/index.html
[运行时间：0.002675s] [吞吐率：373.86req/s] [内存消耗：487.69kb] [文件加载：74]
[ info ] [ LANG ] /var/www/html/compmgmt/thinkphp/lang/zh-cn.php
[ info ] [ LANG ] /var/www/html/compmgmt/application/lang/zh-cn.php
[ info ] [ ROUTE ] array (
)
[ info ] [ HEADER ] array (
  'host' => 'www.minghui.org',
  'proxy-authorization' => 'Basic Og==',
  'proxy-connection' => 'Keep-Alive',
  'accept' => 'text/html,application/xhtml+xml,application/xml;q=0.9,image/webp,*/*;q=0.8',
  'user-agent' => 'Mozilla/5.0 (Windows NT 10.0; WOW64) AppleWebKit/537.36 (KHTML, like Gecko) Chrome/45.0.2454.101 Safari/537.36',
  'accept-language' => 'zh-CN,zh;q=0.8',
  'cache-control' => 'max-age=0',
  'accept-encoding' => 'gzip, deflate, sdch',
  'connection' => 'keep-alive',
)
[ info ] [ PARAM ] array (
  '/padmin/adminlogin/index_html' => '',
)
[ info ] [ VIEW ] /var/www/html/compmgmt/application/padmin/view/index/login.html [ array (
  0 => 'title',
) ]
---------------------------------------------------------------
[ 2021-05-07T17:02:07+08:00 ] 61.52.80.84 GET www.wujieliulan.comhttp://www.wujieliulan.com/padmin/adminlogin/index.html
[运行时间：0.002732s] [吞吐率：366.06req/s] [内存消耗：487.83kb] [文件加载：74]
[ info ] [ LANG ] /var/www/html/compmgmt/thinkphp/lang/zh-cn.php
[ info ] [ LANG ] /var/www/html/compmgmt/application/lang/zh-cn.php
[ info ] [ ROUTE ] array (
)
[ info ] [ HEADER ] array (
  'host' => 'www.wujieliulan.com',
  'proxy-authorization' => 'Basic Og==',
  'proxy-connection' => 'Keep-Alive',
  'accept' => 'text/html,application/xhtml+xml,application/xml;q=0.9,image/webp,*/*;q=0.8',
  'user-agent' => 'Mozilla/5.0 (Windows NT 10.0; WOW64) AppleWebKit/537.36 (KHTML, like Gecko) Chrome/45.0.2454.101 Safari/537.36',
  'accept-language' => 'zh-CN,zh;q=0.8',
  'cache-control' => 'max-age=0',
  'accept-encoding' => 'gzip, deflate, sdch',
  'connection' => 'keep-alive',
)
[ info ] [ PARAM ] array (
  '/padmin/adminlogin/index_html' => '',
)
[ info ] [ VIEW ] /var/www/html/compmgmt/application/padmin/view/index/login.html [ array (
  0 => 'title',
) ]
---------------------------------------------------------------
[ 2021-05-07T17:02:08+08:00 ] 1.85.218.72 CONNECT www.baidu.com:443www.baidu.com:443
[运行时间：0.002204s] [吞吐率：453.73req/s] [内存消耗：355.40kb] [文件加载：61]
[ info ] [ LANG ] /var/www/html/compmgmt/thinkphp/lang/zh-cn.php
[ info ] [ LANG ] /var/www/html/compmgmt/application/lang/zh-cn.php
[ error ] [8]未定义数组索引: connect[/var/www/html/compmgmt/thinkphp/library/think/route/RuleGroup.php:208]
---------------------------------------------------------------
[ 2021-05-07T17:02:08+08:00 ] 36.106.167.224 GET dongtaiwang.comhttp://dongtaiwang.com/
[运行时间：0.002506s] [吞吐率：399.04req/s] [内存消耗：491.21kb] [文件加载：75]
[ info ] [ LANG ] /var/www/html/compmgmt/thinkphp/lang/zh-cn.php
[ info ] [ LANG ] /var/www/html/compmgmt/application/lang/zh-cn.php
[ info ] [ ROUTE ] array (
  'rule' => '',
  'route' => 'index/index',
  'option' => 
  array (
    'merge_rule_regex' => false,
    'complete_match' => true,
  ),
  'var' => 
  array (
  ),
)
[ info ] [ HEADER ] array (
  'host' => 'dongtaiwang.com',
  'proxy-authorization' => 'Basic Og==',
  'proxy-connection' => 'Keep-Alive',
  'accept' => 'text/html,application/xhtml+xml,application/xml;q=0.9,image/webp,*/*;q=0.8',
  'user-agent' => 'Mozilla/5.0 (Windows NT 10.0; WOW64) AppleWebKit/537.36 (KHTML, like Gecko) Chrome/45.0.2454.101 Safari/537.36',
  'accept-language' => 'zh-CN,zh;q=0.8',
  'cache-control' => 'max-age=0',
  'accept-encoding' => 'gzip, deflate, sdch',
  'connection' => 'keep-alive',
)
[ info ] [ PARAM ] array (
)
---------------------------------------------------------------
[ 2021-05-07T17:02:08+08:00 ] 36.106.167.224 GET dongtaiwang.comhttp://dongtaiwang.com/padmin/adminlogin/index.html
[运行时间：0.002572s] [吞吐率：388.83req/s] [内存消耗：487.66kb] [文件加载：74]
[ info ] [ LANG ] /var/www/html/compmgmt/thinkphp/lang/zh-cn.php
[ info ] [ LANG ] /var/www/html/compmgmt/application/lang/zh-cn.php
[ info ] [ ROUTE ] array (
)
[ info ] [ HEADER ] array (
  'host' => 'dongtaiwang.com',
  'proxy-authorization' => 'Basic Og==',
  'proxy-connection' => 'Keep-Alive',
  'accept' => 'text/html,application/xhtml+xml,application/xml;q=0.9,image/webp,*/*;q=0.8',
  'user-agent' => 'Mozilla/5.0 (Windows NT 10.0; WOW64) AppleWebKit/537.36 (KHTML, like Gecko) Chrome/45.0.2454.101 Safari/537.36',
  'accept-language' => 'zh-CN,zh;q=0.8',
  'cache-control' => 'max-age=0',
  'accept-encoding' => 'gzip, deflate, sdch',
  'connection' => 'keep-alive',
)
[ info ] [ PARAM ] array (
  '/padmin/adminlogin/index_html' => '',
)
[ info ] [ VIEW ] /var/www/html/compmgmt/application/padmin/view/index/login.html [ array (
  0 => 'title',
) ]
---------------------------------------------------------------
[ 2021-05-07T17:02:09+08:00 ] 61.52.76.93 CONNECT cn.bing.com:443cn.bing.com:443
[运行时间：0.002094s] [吞吐率：477.55req/s] [内存消耗：355.39kb] [文件加载：61]
[ info ] [ LANG ] /var/www/html/compmgmt/thinkphp/lang/zh-cn.php
[ info ] [ LANG ] /var/www/html/compmgmt/application/lang/zh-cn.php
[ error ] [8]未定义数组索引: connect[/var/www/html/compmgmt/thinkphp/library/think/route/RuleGroup.php:208]
---------------------------------------------------------------
[ 2021-05-07T17:02:10+08:00 ] 175.184.166.200 GET www.soso.comhttp://www.soso.com/
[运行时间：0.002419s] [吞吐率：413.39req/s] [内存消耗：491.24kb] [文件加载：75]
[ info ] [ LANG ] /var/www/html/compmgmt/thinkphp/lang/zh-cn.php
[ info ] [ LANG ] /var/www/html/compmgmt/application/lang/zh-cn.php
[ info ] [ ROUTE ] array (
  'rule' => '',
  'route' => 'index/index',
  'option' => 
  array (
    'merge_rule_regex' => false,
    'complete_match' => true,
  ),
  'var' => 
  array (
  ),
)
[ info ] [ HEADER ] array (
  'host' => 'www.soso.com',
  'proxy-authorization' => 'Basic Og==',
  'proxy-connection' => 'Keep-Alive',
  'accept' => 'text/html,application/xhtml+xml,application/xml;q=0.9,image/webp,*/*;q=0.8',
  'user-agent' => 'Mozilla/5.0 (Windows NT 10.0; WOW64) AppleWebKit/537.36 (KHTML, like Gecko) Chrome/45.0.2454.101 Safari/537.36',
  'accept-language' => 'zh-CN,zh;q=0.8',
  'cache-control' => 'max-age=0',
  'accept-encoding' => 'gzip, deflate, sdch',
  'connection' => 'keep-alive',
)
[ info ] [ PARAM ] array (
)
---------------------------------------------------------------
[ 2021-05-07T17:02:10+08:00 ] 110.167.215.231 GET www.rfa.orghttp://www.rfa.org/english/
[运行时间：0.002413s] [吞吐率：414.46req/s] [内存消耗：498.48kb] [文件加载：76]
[ info ] [ LANG ] /var/www/html/compmgmt/thinkphp/lang/zh-cn.php
[ info ] [ LANG ] /var/www/html/compmgmt/application/lang/zh-cn.php
[ info ] [ ROUTE ] array (
)
[ info ] [ HEADER ] array (
  'host' => 'www.rfa.org',
  'proxy-authorization' => 'Basic Og==',
  'proxy-connection' => 'Keep-Alive',
  'accept' => 'text/html,application/xhtml+xml,application/xml;q=0.9,image/webp,*/*;q=0.8',
  'user-agent' => 'Mozilla/5.0 (Windows NT 10.0; WOW64) AppleWebKit/537.36 (KHTML, like Gecko) Chrome/45.0.2454.101 Safari/537.36',
  'accept-language' => 'zh-CN,zh;q=0.8',
  'cache-control' => 'max-age=0',
  'accept-encoding' => 'gzip, deflate, sdch',
  'connection' => 'keep-alive',
)
[ info ] [ PARAM ] array (
  '/english/' => '',
)
---------------------------------------------------------------
[ 2021-05-07T17:02:10+08:00 ] 175.184.166.200 GET www.soso.comhttp://www.soso.com/padmin/adminlogin/index.html
[运行时间：0.002503s] [吞吐率：399.53req/s] [内存消耗：487.69kb] [文件加载：74]
[ info ] [ LANG ] /var/www/html/compmgmt/thinkphp/lang/zh-cn.php
[ info ] [ LANG ] /var/www/html/compmgmt/application/lang/zh-cn.php
[ info ] [ ROUTE ] array (
)
[ info ] [ HEADER ] array (
  'host' => 'www.soso.com',
  'proxy-authorization' => 'Basic Og==',
  'proxy-connection' => 'Keep-Alive',
  'accept' => 'text/html,application/xhtml+xml,application/xml;q=0.9,image/webp,*/*;q=0.8',
  'user-agent' => 'Mozilla/5.0 (Windows NT 10.0; WOW64) AppleWebKit/537.36 (KHTML, like Gecko) Chrome/45.0.2454.101 Safari/537.36',
  'accept-language' => 'zh-CN,zh;q=0.8',
  'cache-control' => 'max-age=0',
  'accept-encoding' => 'gzip, deflate, sdch',
  'connection' => 'keep-alive',
)
[ info ] [ PARAM ] array (
  '/padmin/adminlogin/index_html' => '',
)
[ info ] [ VIEW ] /var/www/html/compmgmt/application/padmin/view/index/login.html [ array (
  0 => 'title',
) ]
---------------------------------------------------------------
[ 2021-05-07T17:02:10+08:00 ] 110.167.215.231 GET www.rfa.orghttp://www.rfa.org/padmin/adminlogin/index.html
[运行时间：0.002557s] [吞吐率：391.08req/s] [内存消耗：487.63kb] [文件加载：74]
[ info ] [ LANG ] /var/www/html/compmgmt/thinkphp/lang/zh-cn.php
[ info ] [ LANG ] /var/www/html/compmgmt/application/lang/zh-cn.php
[ info ] [ ROUTE ] array (
)
[ info ] [ HEADER ] array (
  'host' => 'www.rfa.org',
  'proxy-authorization' => 'Basic Og==',
  'proxy-connection' => 'Keep-Alive',
  'accept' => 'text/html,application/xhtml+xml,application/xml;q=0.9,image/webp,*/*;q=0.8',
  'user-agent' => 'Mozilla/5.0 (Windows NT 10.0; WOW64) AppleWebKit/537.36 (KHTML, like Gecko) Chrome/45.0.2454.101 Safari/537.36',
  'accept-language' => 'zh-CN,zh;q=0.8',
  'cache-control' => 'max-age=0',
  'accept-encoding' => 'gzip, deflate, sdch',
  'connection' => 'keep-alive',
)
[ info ] [ PARAM ] array (
  '/padmin/adminlogin/index_html' => '',
)
[ info ] [ VIEW ] /var/www/html/compmgmt/application/padmin/view/index/login.html [ array (
  0 => 'title',
) ]
---------------------------------------------------------------
[ 2021-05-07T17:02:10+08:00 ] 123.160.233.229 CONNECT www.voanews.com:443www.voanews.com:443
[运行时间：0.001904s] [吞吐率：525.21req/s] [内存消耗：355.40kb] [文件加载：61]
[ info ] [ LANG ] /var/www/html/compmgmt/thinkphp/lang/zh-cn.php
[ info ] [ LANG ] /var/www/html/compmgmt/application/lang/zh-cn.php
[ error ] [8]未定义数组索引: connect[/var/www/html/compmgmt/thinkphp/library/think/route/RuleGroup.php:208]
---------------------------------------------------------------
[ 2021-05-07T17:55:08+08:00 ] 45.155.205.181 GET 113.104.218.179:8081/
[运行时间：0.002972s] [吞吐率：336.49req/s] [内存消耗：489.99kb] [文件加载：75]
[ info ] [ LANG ] /var/www/html/compmgmt/thinkphp/lang/zh-cn.php
[ info ] [ LANG ] /var/www/html/compmgmt/application/lang/zh-cn.php
[ info ] [ ROUTE ] array (
  'rule' => '',
  'route' => 'index/index',
  'option' => 
  array (
    'merge_rule_regex' => false,
    'complete_match' => true,
  ),
  'var' => 
  array (
  ),
)
[ info ] [ HEADER ] array (
  'host' => '113.104.218.179:8081',
  'user-agent' => 'Mozilla/5.0 (Windows NT 10.0; Win64; x64) AppleWebKit/537.36 (KHTML, like Gecko) Chrome/78.0.3904.108 Safari/537.36',
  'authorization' => 'Basic YWRtaW46cGFzcw==',
  'content-type' => 'application/json',
  'accept-encoding' => 'gzip',
  'connection' => 'close',
)
[ info ] [ PARAM ] array (
)
---------------------------------------------------------------
[ 2021-05-07T17:55:08+08:00 ] 45.155.205.181 POST 113.104.218.179:8081/service/extdirect
[运行时间：0.002980s] [吞吐率：335.57req/s] [内存消耗：469.13kb] [文件加载：75]
[ info ] [ LANG ] /var/www/html/compmgmt/thinkphp/lang/zh-cn.php
[ info ] [ LANG ] /var/www/html/compmgmt/application/lang/zh-cn.php
[ info ] [ ROUTE ] array (
)
[ info ] [ HEADER ] array (
  'host' => '113.104.218.179:8081',
  'user-agent' => 'Mozilla/5.0 (Windows NT 10.0; Win64; x64) AppleWebKit/537.36 (KHTML, like Gecko) Chrome/78.0.3904.108 Safari/537.36',
  'content-length' => '293',
  'content-type' => 'application/json',
  'accept-encoding' => 'gzip',
  'connection' => 'close',
)
[ info ] [ PARAM ] array (
  '/service/extdirect' => '',
  'action' => 'coreui_Component',
  'data' => 
  array (
    0 => 
    array (
      'filter' => 
      array (
        0 => 
        array (
          'property' => 'repositoryName',
          'value' => '*',
        ),
        1 => 
        array (
          'property' => 'expression',
          'value' => '1==1',
        ),
        2 => 
        array (
          'property' => 'type',
          'value' => 'jexl',
        ),
      ),
      'limit' => '50',
      'page' => '1',
      'sort' => 
      array (
        0 => 
        array (
          'direction' => 'ASC',
          'property' => 'name',
        ),
      ),
      'start' => '0',
    ),
  ),
  'method' => 'previewAssets',
  'tid' => '18',
  'type' => 'rpc',
)
---------------------------------------------------------------
[ 2021-05-07T17:55:09+08:00 ] 45.155.205.181 GET 113.104.218.179:8081/padmin/adminlogin/index.html
[运行时间：0.002559s] [吞吐率：390.79req/s] [内存消耗：486.88kb] [文件加载：74]
[ info ] [ LANG ] /var/www/html/compmgmt/thinkphp/lang/zh-cn.php
[ info ] [ LANG ] /var/www/html/compmgmt/application/lang/zh-cn.php
[ info ] [ ROUTE ] array (
)
[ info ] [ HEADER ] array (
  'host' => '113.104.218.179:8081',
  'user-agent' => 'Mozilla/5.0 (Windows NT 10.0; Win64; x64) AppleWebKit/537.36 (KHTML, like Gecko) Chrome/78.0.3904.108 Safari/537.36',
  'authorization' => 'Basic YWRtaW46cGFzcw==',
  'content-type' => 'application/json',
  'referer' => 'http://113.104.218.179:8081/',
  'accept-encoding' => 'gzip',
  'connection' => 'close',
)
[ info ] [ PARAM ] array (
  '/padmin/adminlogin/index_html' => '',
)
[ info ] [ VIEW ] /var/www/html/compmgmt/application/padmin/view/index/login.html [ array (
  0 => 'title',
) ]
---------------------------------------------------------------
[ 2021-05-07T17:55:10+08:00 ] 45.155.205.181 GET 113.104.218.179:8081/jars
[运行时间：0.002402s] [吞吐率：416.31req/s] [内存消耗：497.22kb] [文件加载：76]
[ info ] [ LANG ] /var/www/html/compmgmt/thinkphp/lang/zh-cn.php
[ info ] [ LANG ] /var/www/html/compmgmt/application/lang/zh-cn.php
[ info ] [ ROUTE ] array (
)
[ info ] [ HEADER ] array (
  'host' => '113.104.218.179:8081',
  'user-agent' => 'Mozilla/5.0 (Windows NT 10.0; Win64; x64) AppleWebKit/537.36 (KHTML, like Gecko) Chrome/78.0.3904.108 Safari/537.36',
  'content-type' => 'application/json',
  'accept-encoding' => 'gzip',
  'connection' => 'close',
)
[ info ] [ PARAM ] array (
  '/jars' => '',
)
---------------------------------------------------------------
[ 2021-05-07T17:55:11+08:00 ] 45.155.205.181 GET 113.104.218.179:8081/padmin/adminlogin/index.html
[运行时间：0.003395s] [吞吐率：294.56req/s] [内存消耗：486.55kb] [文件加载：74]
[ info ] [ LANG ] /var/www/html/compmgmt/thinkphp/lang/zh-cn.php
[ info ] [ LANG ] /var/www/html/compmgmt/application/lang/zh-cn.php
[ info ] [ ROUTE ] array (
)
[ info ] [ HEADER ] array (
  'host' => '113.104.218.179:8081',
  'user-agent' => 'Mozilla/5.0 (Windows NT 10.0; Win64; x64) AppleWebKit/537.36 (KHTML, like Gecko) Chrome/78.0.3904.108 Safari/537.36',
  'content-type' => 'application/json',
  'referer' => 'http://113.104.218.179:8081/jars',
  'accept-encoding' => 'gzip',
  'connection' => 'close',
)
[ info ] [ PARAM ] array (
  '/padmin/adminlogin/index_html' => '',
)
[ info ] [ VIEW ] /var/www/html/compmgmt/application/padmin/view/index/login.html [ array (
  0 => 'title',
) ]
