---------------------------------------------------------------
[ 2021-05-10T04:18:54+08:00 ] 139.59.76.183 GET /
[运行时间：0.171393s] [吞吐率：5.83req/s] [内存消耗：487.84kb] [文件加载：75]
[ info ] [ LANG ] /var/www/html/compmgmt/thinkphp/lang/zh-cn.php
[ info ] [ LANG ] /var/www/html/compmgmt/application/lang/zh-cn.php
[ info ] [ ROUTE ] array (
  'rule' => '',
  'route' => 'index/index',
  'option' => 
  array (
    'merge_rule_regex' => false,
    'complete_match' => true,
  ),
  'var' => 
  array (
  ),
)
[ info ] [ HEADER ] array (
)
[ info ] [ PARAM ] array (
)
---------------------------------------------------------------
[ 2021-05-10T07:22:23+08:00 ] 128.14.209.242 GET 113.116.134.82:8081/
[运行时间：0.526250s] [吞吐率：1.90req/s] [内存消耗：759.50kb] [文件加载：75]
[ info ] [ LANG ] /var/www/html/compmgmt/thinkphp/lang/zh-cn.php
[ info ] [ LANG ] /var/www/html/compmgmt/application/lang/zh-cn.php
[ info ] [ ROUTE ] array (
  'rule' => '',
  'route' => 'index/index',
  'option' => 
  array (
    'merge_rule_regex' => false,
    'complete_match' => true,
  ),
  'var' => 
  array (
  ),
)
[ info ] [ HEADER ] array (
  'host' => '113.116.134.82:8081',
  'user-agent' => 'Mozilla/5.0 (Windows NT 10.0; WOW64) AppleWebKit/537.36 (KHTML, like Gecko) Chrome/66.0.3359.117 Safari/537.36',
  'accept' => '*/*',
  'accept-encoding' => 'gzip',
)
[ info ] [ PARAM ] array (
)
---------------------------------------------------------------
[ 2021-05-10T07:22:24+08:00 ] 128.14.209.242 GET 113.116.134.82:8081/padmin/adminlogin/index.html
[运行时间：0.052851s] [吞吐率：18.92req/s] [内存消耗：487.57kb] [文件加载：74]
[ info ] [ LANG ] /var/www/html/compmgmt/thinkphp/lang/zh-cn.php
[ info ] [ LANG ] /var/www/html/compmgmt/application/lang/zh-cn.php
[ info ] [ ROUTE ] array (
)
[ info ] [ HEADER ] array (
  'host' => '113.116.134.82:8081',
  'user-agent' => 'Mozilla/5.0 (Windows NT 10.0; WOW64) AppleWebKit/537.36 (KHTML, like Gecko) Chrome/66.0.3359.117 Safari/537.36',
  'accept' => '*/*',
  'referer' => 'http://113.116.134.82:8081/',
  'accept-encoding' => 'gzip',
)
[ info ] [ PARAM ] array (
  '/padmin/adminlogin/index_html' => '',
)
[ info ] [ VIEW ] /var/www/html/compmgmt/application/padmin/view/index/login.html [ array (
  0 => 'title',
) ]
---------------------------------------------------------------
[ 2021-05-10T08:02:52+08:00 ] 204.93.154.210 GET /
[运行时间：0.072741s] [吞吐率：13.75req/s] [内存消耗：488.75kb] [文件加载：75]
[ info ] [ LANG ] /var/www/html/compmgmt/thinkphp/lang/zh-cn.php
[ info ] [ LANG ] /var/www/html/compmgmt/application/lang/zh-cn.php
[ info ] [ ROUTE ] array (
  'rule' => '',
  'route' => 'index/index',
  'option' => 
  array (
    'merge_rule_regex' => false,
    'complete_match' => true,
  ),
  'var' => 
  array (
  ),
)
[ info ] [ HEADER ] array (
)
[ info ] [ PARAM ] array (
)
---------------------------------------------------------------
[ 2021-05-10T08:51:40+08:00 ] 192.168.10.58 GET pcadmin.aoi.bj/padmin/index/index.html
[运行时间：0.007007s] [吞吐率：142.72req/s] [内存消耗：499.45kb] [文件加载：76]
[ info ] [ LANG ] /var/www/html/compmgmt/thinkphp/lang/zh-cn.php
[ info ] [ LANG ] /var/www/html/compmgmt/application/lang/zh-cn.php
[ info ] [ ROUTE ] array (
)
[ info ] [ HEADER ] array (
  'host' => 'pcadmin.aoi.bj',
  'connection' => 'keep-alive',
  'upgrade-insecure-requests' => '1',
  'user-agent' => 'Mozilla/5.0 (X11; Linux x86_64) AppleWebKit/537.36 (KHTML, like Gecko) Chrome/90.0.4430.93 Safari/537.36',
  'accept' => 'text/html,application/xhtml+xml,application/xml;q=0.9,image/avif,image/webp,image/apng,*/*;q=0.8,application/signed-exchange;v=b3;q=0.9',
  'referer' => 'http://pcadmin.aoi.bj/padmin/adminlogin/index.html',
  'accept-encoding' => 'gzip, deflate',
  'accept-language' => 'en-US,en;q=0.9,zh-CN;q=0.8,zh;q=0.7',
)
[ info ] [ PARAM ] array (
  '/padmin/index/index_html' => '',
)
---------------------------------------------------------------
[ 2021-05-10T08:51:40+08:00 ] 192.168.10.58 GET pcadmin.aoi.bj/padmin/adminlogin/index.html
[运行时间：0.002702s] [吞吐率：370.10req/s] [内存消耗：488.05kb] [文件加载：74]
[ info ] [ LANG ] /var/www/html/compmgmt/thinkphp/lang/zh-cn.php
[ info ] [ LANG ] /var/www/html/compmgmt/application/lang/zh-cn.php
[ info ] [ ROUTE ] array (
)
[ info ] [ HEADER ] array (
  'host' => 'pcadmin.aoi.bj',
  'connection' => 'keep-alive',
  'upgrade-insecure-requests' => '1',
  'user-agent' => 'Mozilla/5.0 (X11; Linux x86_64) AppleWebKit/537.36 (KHTML, like Gecko) Chrome/90.0.4430.93 Safari/537.36',
  'accept' => 'text/html,application/xhtml+xml,application/xml;q=0.9,image/avif,image/webp,image/apng,*/*;q=0.8,application/signed-exchange;v=b3;q=0.9',
  'referer' => 'http://pcadmin.aoi.bj/padmin/adminlogin/index.html',
  'accept-encoding' => 'gzip, deflate',
  'accept-language' => 'en-US,en;q=0.9,zh-CN;q=0.8,zh;q=0.7',
  'cookie' => 'PHPSESSID=rgloes42ssbdj3qmu0ocet1qio',
)
[ info ] [ PARAM ] array (
  '/padmin/adminlogin/index_html' => '',
)
[ info ] [ VIEW ] /var/www/html/compmgmt/application/padmin/view/index/login.html [ array (
  0 => 'title',
) ]
---------------------------------------------------------------
[ 2021-05-10T08:51:44+08:00 ] 192.168.10.58 POST pcadmin.aoi.bj/padmin/adminlogin/loginaction.html
[运行时间：0.429789s] [吞吐率：2.33req/s] [内存消耗：693.06kb] [文件加载：79]
[ info ] [ LANG ] /var/www/html/compmgmt/thinkphp/lang/zh-cn.php
[ info ] [ LANG ] /var/www/html/compmgmt/application/lang/zh-cn.php
[ info ] [ ROUTE ] array (
)
[ info ] [ HEADER ] array (
  'host' => 'pcadmin.aoi.bj',
  'connection' => 'keep-alive',
  'content-length' => '31',
  'accept' => 'application/json, text/javascript, */*; q=0.01',
  'x-requested-with' => 'XMLHttpRequest',
  'user-agent' => 'Mozilla/5.0 (X11; Linux x86_64) AppleWebKit/537.36 (KHTML, like Gecko) Chrome/90.0.4430.93 Safari/537.36',
  'content-type' => 'application/x-www-form-urlencoded; charset=UTF-8',
  'origin' => 'http://pcadmin.aoi.bj',
  'referer' => 'http://pcadmin.aoi.bj/padmin/adminlogin/index.html',
  'accept-encoding' => 'gzip, deflate',
  'accept-language' => 'en-US,en;q=0.9,zh-CN;q=0.8,zh;q=0.7',
  'cookie' => 'PHPSESSID=rgloes42ssbdj3qmu0ocet1qio',
)
[ info ] [ PARAM ] array (
  '/padmin/adminlogin/loginaction_html' => '',
  'username' => 'it02',
  'password' => 'loevluma',
)
[ info ] [ DB ] INIT mysql
[ sql ] [ DB ] CONNECT:[ UseTime:0.192976s ] mysql:host=127.0.0.1;dbname=compmgmt;charset=utf8
[ sql ] [ SQL ] SHOW COLUMNS FROM `admin` [ RunTime:0.132215s ]
[ sql ] [ SQL ] SELECT * FROM `admin` WHERE  `username` = 'it02' LIMIT 1 [ RunTime:0.033163s ]
[ sql ] [ SQL ] UPDATE `admin`  SET `lastip` = '192.168.10.58' , `lastvisit` = '1620607903'  WHERE  `id` = 17 [ RunTime:0.002361s ]
---------------------------------------------------------------
[ 2021-05-10T08:51:45+08:00 ] 192.168.10.58 GET pcadmin.aoi.bj/padmin/index/index.html
[运行时间：0.030280s] [吞吐率：33.03req/s] [内存消耗：501.52kb] [文件加载：75]
[ info ] [ LANG ] /var/www/html/compmgmt/thinkphp/lang/zh-cn.php
[ info ] [ LANG ] /var/www/html/compmgmt/application/lang/zh-cn.php
[ info ] [ ROUTE ] array (
)
[ info ] [ HEADER ] array (
  'host' => 'pcadmin.aoi.bj',
  'connection' => 'keep-alive',
  'upgrade-insecure-requests' => '1',
  'user-agent' => 'Mozilla/5.0 (X11; Linux x86_64) AppleWebKit/537.36 (KHTML, like Gecko) Chrome/90.0.4430.93 Safari/537.36',
  'accept' => 'text/html,application/xhtml+xml,application/xml;q=0.9,image/avif,image/webp,image/apng,*/*;q=0.8,application/signed-exchange;v=b3;q=0.9',
  'referer' => 'http://pcadmin.aoi.bj/padmin/adminlogin/index.html',
  'accept-encoding' => 'gzip, deflate',
  'accept-language' => 'en-US,en;q=0.9,zh-CN;q=0.8,zh;q=0.7',
  'cookie' => 'PHPSESSID=rgloes42ssbdj3qmu0ocet1qio',
)
[ info ] [ PARAM ] array (
  '/padmin/index/index_html' => '',
)
[ info ] [ VIEW ] /var/www/html/compmgmt/application/padmin/view/index/index.html [ array (
  0 => 'PAdmin',
  1 => 'data',
  2 => 'msg',
) ]
---------------------------------------------------------------
[ 2021-05-10T08:51:45+08:00 ] 192.168.10.58 GET pcadmin.aoi.bj/static/padmin/css/font-awesome.css
[运行时间：0.008231s] [吞吐率：121.49req/s] [内存消耗：470.64kb] [文件加载：75]
[ info ] [ LANG ] /var/www/html/compmgmt/thinkphp/lang/zh-cn.php
[ info ] [ LANG ] /var/www/html/compmgmt/application/lang/zh-cn.php
[ info ] [ ROUTE ] array (
)
[ info ] [ HEADER ] array (
  'host' => 'pcadmin.aoi.bj',
  'connection' => 'keep-alive',
  'user-agent' => 'Mozilla/5.0 (X11; Linux x86_64) AppleWebKit/537.36 (KHTML, like Gecko) Chrome/90.0.4430.93 Safari/537.36',
  'accept' => 'text/css,*/*;q=0.1',
  'referer' => 'http://pcadmin.aoi.bj/static/padmin/css/style.css',
  'accept-encoding' => 'gzip, deflate',
  'accept-language' => 'en-US,en;q=0.9,zh-CN;q=0.8,zh;q=0.7',
  'cookie' => 'PHPSESSID=rgloes42ssbdj3qmu0ocet1qio',
)
[ info ] [ PARAM ] array (
  '/static/padmin/css/font-awesome_css' => '',
)
---------------------------------------------------------------
[ 2021-05-10T08:51:45+08:00 ] 192.168.10.58 GET pcadmin.aoi.bj/static/padmin/css/animate.css
[运行时间：0.009747s] [吞吐率：102.60req/s] [内存消耗：469.95kb] [文件加载：75]
[ info ] [ LANG ] /var/www/html/compmgmt/thinkphp/lang/zh-cn.php
[ info ] [ LANG ] /var/www/html/compmgmt/application/lang/zh-cn.php
[ info ] [ ROUTE ] array (
)
[ info ] [ HEADER ] array (
  'host' => 'pcadmin.aoi.bj',
  'connection' => 'keep-alive',
  'user-agent' => 'Mozilla/5.0 (X11; Linux x86_64) AppleWebKit/537.36 (KHTML, like Gecko) Chrome/90.0.4430.93 Safari/537.36',
  'accept' => 'text/css,*/*;q=0.1',
  'referer' => 'http://pcadmin.aoi.bj/static/padmin/css/style.css',
  'accept-encoding' => 'gzip, deflate',
  'accept-language' => 'en-US,en;q=0.9,zh-CN;q=0.8,zh;q=0.7',
  'cookie' => 'PHPSESSID=rgloes42ssbdj3qmu0ocet1qio',
)
[ info ] [ PARAM ] array (
  '/static/padmin/css/animate_css' => '',
)
---------------------------------------------------------------
[ 2021-05-10T08:51:45+08:00 ] 192.168.10.58 GET pcadmin.aoi.bj/padmin/index/computer.html
[运行时间：0.406493s] [吞吐率：2.46req/s] [内存消耗：737.17kb] [文件加载：80]
[ info ] [ LANG ] /var/www/html/compmgmt/thinkphp/lang/zh-cn.php
[ info ] [ LANG ] /var/www/html/compmgmt/application/lang/zh-cn.php
[ info ] [ ROUTE ] array (
)
[ info ] [ HEADER ] array (
  'host' => 'pcadmin.aoi.bj',
  'connection' => 'keep-alive',
  'upgrade-insecure-requests' => '1',
  'user-agent' => 'Mozilla/5.0 (X11; Linux x86_64) AppleWebKit/537.36 (KHTML, like Gecko) Chrome/90.0.4430.93 Safari/537.36',
  'accept' => 'text/html,application/xhtml+xml,application/xml;q=0.9,image/avif,image/webp,image/apng,*/*;q=0.8,application/signed-exchange;v=b3;q=0.9',
  'referer' => 'http://pcadmin.aoi.bj/padmin/index/index.html',
  'accept-encoding' => 'gzip, deflate',
  'accept-language' => 'en-US,en;q=0.9,zh-CN;q=0.8,zh;q=0.7',
  'cookie' => 'PHPSESSID=rgloes42ssbdj3qmu0ocet1qio',
)
[ info ] [ PARAM ] array (
  '/padmin/index/computer_html' => '',
)
[ info ] [ DB ] INIT mysql
[ info ] [ VIEW ] /var/www/html/compmgmt/application/padmin/view/index/computer.html [ array (
  0 => 'PAdmin',
  1 => 'internetAccess',
) ]
[ sql ] [ DB ] CONNECT:[ UseTime:0.000540s ] mysql:host=127.0.0.1;dbname=compmgmt;charset=utf8
[ sql ] [ SQL ] SHOW COLUMNS FROM `internet_access` [ RunTime:0.377545s ]
[ sql ] [ SQL ] SELECT * FROM `internet_access` WHERE  `disabled` = 0 [ RunTime:0.000363s ]
---------------------------------------------------------------
[ 2021-05-10T08:51:45+08:00 ] 192.168.10.58 GET pcadmin.aoi.bj/static/padmin/css/font-awesome.css
[运行时间：0.004024s] [吞吐率：248.51req/s] [内存消耗：469.08kb] [文件加载：75]
[ info ] [ LANG ] /var/www/html/compmgmt/thinkphp/lang/zh-cn.php
[ info ] [ LANG ] /var/www/html/compmgmt/application/lang/zh-cn.php
[ info ] [ ROUTE ] array (
)
[ info ] [ HEADER ] array (
  'host' => 'pcadmin.aoi.bj',
  'connection' => 'keep-alive',
  'user-agent' => 'Mozilla/5.0 (X11; Linux x86_64) AppleWebKit/537.36 (KHTML, like Gecko) Chrome/90.0.4430.93 Safari/537.36',
  'accept' => 'text/css,*/*;q=0.1',
  'referer' => 'http://pcadmin.aoi.bj/static/padmin/css/style.css',
  'accept-encoding' => 'gzip, deflate',
  'accept-language' => 'en-US,en;q=0.9,zh-CN;q=0.8,zh;q=0.7',
  'cookie' => 'PHPSESSID=rgloes42ssbdj3qmu0ocet1qio',
)
[ info ] [ PARAM ] array (
  '/static/padmin/css/font-awesome_css' => '',
)
---------------------------------------------------------------
[ 2021-05-10T08:51:45+08:00 ] 192.168.10.58 GET pcadmin.aoi.bj/static/padmin/css/animate.css
[运行时间：0.003842s] [吞吐率：260.29req/s] [内存消耗：469.05kb] [文件加载：75]
[ info ] [ LANG ] /var/www/html/compmgmt/thinkphp/lang/zh-cn.php
[ info ] [ LANG ] /var/www/html/compmgmt/application/lang/zh-cn.php
[ info ] [ ROUTE ] array (
)
[ info ] [ HEADER ] array (
  'host' => 'pcadmin.aoi.bj',
  'connection' => 'keep-alive',
  'user-agent' => 'Mozilla/5.0 (X11; Linux x86_64) AppleWebKit/537.36 (KHTML, like Gecko) Chrome/90.0.4430.93 Safari/537.36',
  'accept' => 'text/css,*/*;q=0.1',
  'referer' => 'http://pcadmin.aoi.bj/static/padmin/css/style.css',
  'accept-encoding' => 'gzip, deflate',
  'accept-language' => 'en-US,en;q=0.9,zh-CN;q=0.8,zh;q=0.7',
  'cookie' => 'PHPSESSID=rgloes42ssbdj3qmu0ocet1qio',
)
[ info ] [ PARAM ] array (
  '/static/padmin/css/animate_css' => '',
)
---------------------------------------------------------------
[ 2021-05-10T08:51:46+08:00 ] 192.168.10.58 GET pcadmin.aoi.bj/padmin/index/getcomplist.html?page=1&limit=20&keyword=
[运行时间：0.130666s] [吞吐率：7.65req/s] [内存消耗：935.05kb] [文件加载：90]
[ info ] [ LANG ] /var/www/html/compmgmt/thinkphp/lang/zh-cn.php
[ info ] [ LANG ] /var/www/html/compmgmt/application/lang/zh-cn.php
[ info ] [ ROUTE ] array (
)
[ info ] [ HEADER ] array (
  'host' => 'pcadmin.aoi.bj',
  'connection' => 'keep-alive',
  'accept' => 'application/json, text/javascript, */*; q=0.01',
  'user-agent' => 'Mozilla/5.0 (X11; Linux x86_64) AppleWebKit/537.36 (KHTML, like Gecko) Chrome/90.0.4430.93 Safari/537.36',
  'x-requested-with' => 'XMLHttpRequest',
  'referer' => 'http://pcadmin.aoi.bj/padmin/index/computer.html',
  'accept-encoding' => 'gzip, deflate',
  'accept-language' => 'en-US,en;q=0.9,zh-CN;q=0.8,zh;q=0.7',
  'cookie' => 'PHPSESSID=rgloes42ssbdj3qmu0ocet1qio',
)
[ info ] [ PARAM ] array (
  '/padmin/index/getcomplist_html' => '',
  'page' => '1',
  'limit' => '20',
  'keyword' => '',
)
[ info ] [ DB ] INIT mysql
[ sql ] [ DB ] CONNECT:[ UseTime:0.000528s ] mysql:host=127.0.0.1;dbname=compmgmt;charset=utf8
[ sql ] [ SQL ] SHOW COLUMNS FROM `computer` [ RunTime:0.001210s ]
[ sql ] [ SQL ] SELECT COUNT(*) AS tp_count FROM `computer` `c` LEFT JOIN `department` `d` ON `d`.`id`=`c`.`department_id` LEFT JOIN `staff` `s` ON `s`.`id`=`c`.`staff_id` WHERE  `d`.`name` LIKE '%%'  OR `s`.`name` LIKE '%%'  OR `c`.`FQDN` LIKE '%%'  OR `c`.`asset_id` LIKE '%%'  OR `c`.`MAC` LIKE '%%'  OR `c`.`ip_addr_v4` LIKE '%%'  OR `c`.`domain_name` LIKE '%%' LIMIT 1 [ RunTime:0.023062s ]
[ sql ] [ SQL ] SELECT `c`.*,d.name as department,s.name as staff FROM `computer` `c` LEFT JOIN `department` `d` ON `d`.`id`=`c`.`department_id` LEFT JOIN `staff` `s` ON `s`.`id`=`c`.`staff_id` WHERE  `d`.`name` LIKE '%%'  OR `s`.`name` LIKE '%%'  OR `c`.`FQDN` LIKE '%%'  OR `c`.`asset_id` LIKE '%%'  OR `c`.`MAC` LIKE '%%'  OR `c`.`ip_addr_v4` LIKE '%%'  OR `c`.`domain_name` LIKE '%%' LIMIT 0,20 [ RunTime:0.000567s ]
[ sql ] [ SQL ] SHOW COLUMNS FROM `os` [ RunTime:0.001178s ]
[ sql ] [ SQL ] SELECT `name`,`version`,`arch` FROM `os` WHERE  `id` = 6 LIMIT 1 [ RunTime:0.000309s ]
[ sql ] [ SQL ] SHOW COLUMNS FROM `computer_internet_access` [ RunTime:0.000937s ]
[ sql ] [ SQL ] SELECT `access_id` FROM `computer_internet_access` WHERE  `computer_id` = 1 [ RunTime:0.000379s ]
[ sql ] [ SQL ] SELECT `name`,`version`,`arch` FROM `os` WHERE  `id` = 1 LIMIT 1 [ RunTime:0.000277s ]
[ sql ] [ SQL ] SELECT `access_id` FROM `computer_internet_access` WHERE  `computer_id` = 2 [ RunTime:0.000243s ]
[ sql ] [ SQL ] SELECT `name`,`version`,`arch` FROM `os` WHERE  `id` = 3 LIMIT 1 [ RunTime:0.000214s ]
[ sql ] [ SQL ] SELECT `access_id` FROM `computer_internet_access` WHERE  `computer_id` = 4 [ RunTime:0.000209s ]
[ sql ] [ SQL ] SELECT `name`,`version`,`arch` FROM `os` WHERE  `id` = 2 LIMIT 1 [ RunTime:0.000191s ]
[ sql ] [ SQL ] SELECT `access_id` FROM `computer_internet_access` WHERE  `computer_id` = 5 [ RunTime:0.000182s ]
[ sql ] [ SQL ] SELECT `name`,`version`,`arch` FROM `os` WHERE  `id` = 1 LIMIT 1 [ RunTime:0.000208s ]
[ sql ] [ SQL ] SELECT `access_id` FROM `computer_internet_access` WHERE  `computer_id` = 7 [ RunTime:0.000179s ]
[ sql ] [ SQL ] SELECT `name`,`version`,`arch` FROM `os` WHERE  `id` = 3 LIMIT 1 [ RunTime:0.000185s ]
[ sql ] [ SQL ] SELECT `access_id` FROM `computer_internet_access` WHERE  `computer_id` = 8 [ RunTime:0.000180s ]
[ sql ] [ SQL ] SELECT `name`,`version`,`arch` FROM `os` WHERE  `id` = 1 LIMIT 1 [ RunTime:0.000226s ]
[ sql ] [ SQL ] SELECT `access_id` FROM `computer_internet_access` WHERE  `computer_id` = 9 [ RunTime:0.000194s ]
[ sql ] [ SQL ] SELECT `name`,`version`,`arch` FROM `os` WHERE  `id` = 1 LIMIT 1 [ RunTime:0.000191s ]
[ sql ] [ SQL ] SELECT `access_id` FROM `computer_internet_access` WHERE  `computer_id` = 10 [ RunTime:0.000178s ]
[ sql ] [ SQL ] SELECT `name`,`version`,`arch` FROM `os` WHERE  `id` = 10 LIMIT 1 [ RunTime:0.000181s ]
[ sql ] [ SQL ] SELECT `access_id` FROM `computer_internet_access` WHERE  `computer_id` = 11 [ RunTime:0.000174s ]
[ sql ] [ SQL ] SELECT `name`,`version`,`arch` FROM `os` WHERE  `id` = 10 LIMIT 1 [ RunTime:0.000195s ]
[ sql ] [ SQL ] SELECT `access_id` FROM `computer_internet_access` WHERE  `computer_id` = 12 [ RunTime:0.000203s ]
[ sql ] [ SQL ] SELECT `name`,`version`,`arch` FROM `os` WHERE  `id` = 10 LIMIT 1 [ RunTime:0.000185s ]
[ sql ] [ SQL ] SELECT `access_id` FROM `computer_internet_access` WHERE  `computer_id` = 13 [ RunTime:0.000176s ]
[ sql ] [ SQL ] SELECT `name`,`version`,`arch` FROM `os` WHERE  `id` = 2 LIMIT 1 [ RunTime:0.000372s ]
[ sql ] [ SQL ] SELECT `access_id` FROM `computer_internet_access` WHERE  `computer_id` = 14 [ RunTime:0.000273s ]
[ sql ] [ SQL ] SELECT `name`,`version`,`arch` FROM `os` WHERE  `id` = 2 LIMIT 1 [ RunTime:0.000200s ]
[ sql ] [ SQL ] SELECT `access_id` FROM `computer_internet_access` WHERE  `computer_id` = 15 [ RunTime:0.000191s ]
[ sql ] [ SQL ] SELECT `name`,`version`,`arch` FROM `os` WHERE  `id` = 11 LIMIT 1 [ RunTime:0.000191s ]
[ sql ] [ SQL ] SELECT `access_id` FROM `computer_internet_access` WHERE  `computer_id` = 16 [ RunTime:0.000270s ]
[ sql ] [ SQL ] SELECT `name`,`version`,`arch` FROM `os` WHERE  `id` = 10 LIMIT 1 [ RunTime:0.000249s ]
[ sql ] [ SQL ] SELECT `access_id` FROM `computer_internet_access` WHERE  `computer_id` = 17 [ RunTime:0.000210s ]
[ sql ] [ SQL ] SELECT `name`,`version`,`arch` FROM `os` WHERE  `id` = 2 LIMIT 1 [ RunTime:0.000222s ]
[ sql ] [ SQL ] SELECT `access_id` FROM `computer_internet_access` WHERE  `computer_id` = 18 [ RunTime:0.000230s ]
[ sql ] [ SQL ] SELECT `name`,`version`,`arch` FROM `os` WHERE  `id` = 3 LIMIT 1 [ RunTime:0.000203s ]
[ sql ] [ SQL ] SELECT `access_id` FROM `computer_internet_access` WHERE  `computer_id` = 20 [ RunTime:0.000190s ]
[ sql ] [ SQL ] SELECT `name`,`version`,`arch` FROM `os` WHERE  `id` = 3 LIMIT 1 [ RunTime:0.000206s ]
[ sql ] [ SQL ] SELECT `access_id` FROM `computer_internet_access` WHERE  `computer_id` = 21 [ RunTime:0.000217s ]
[ sql ] [ SQL ] SELECT `name`,`version`,`arch` FROM `os` WHERE  `id` = 10 LIMIT 1 [ RunTime:0.000191s ]
[ sql ] [ SQL ] SELECT `access_id` FROM `computer_internet_access` WHERE  `computer_id` = 22 [ RunTime:0.000234s ]
[ sql ] [ SQL ] SELECT `name`,`version`,`arch` FROM `os` WHERE  `id` = 10 LIMIT 1 [ RunTime:0.000250s ]
[ sql ] [ SQL ] SELECT `access_id` FROM `computer_internet_access` WHERE  `computer_id` = 23 [ RunTime:0.000237s ]
---------------------------------------------------------------
[ 2021-05-10T08:51:48+08:00 ] 192.168.10.58 GET pcadmin.aoi.bj/padmin/index/getcomplist.html?page=1&limit=20&keyword=pmc04
[运行时间：0.009740s] [吞吐率：102.67req/s] [内存消耗：847.38kb] [文件加载：90]
[ info ] [ LANG ] /var/www/html/compmgmt/thinkphp/lang/zh-cn.php
[ info ] [ LANG ] /var/www/html/compmgmt/application/lang/zh-cn.php
[ info ] [ ROUTE ] array (
)
[ info ] [ HEADER ] array (
  'host' => 'pcadmin.aoi.bj',
  'connection' => 'keep-alive',
  'accept' => 'application/json, text/javascript, */*; q=0.01',
  'user-agent' => 'Mozilla/5.0 (X11; Linux x86_64) AppleWebKit/537.36 (KHTML, like Gecko) Chrome/90.0.4430.93 Safari/537.36',
  'x-requested-with' => 'XMLHttpRequest',
  'referer' => 'http://pcadmin.aoi.bj/padmin/index/computer.html',
  'accept-encoding' => 'gzip, deflate',
  'accept-language' => 'en-US,en;q=0.9,zh-CN;q=0.8,zh;q=0.7',
  'cookie' => 'PHPSESSID=rgloes42ssbdj3qmu0ocet1qio',
)
[ info ] [ PARAM ] array (
  '/padmin/index/getcomplist_html' => '',
  'page' => '1',
  'limit' => '20',
  'keyword' => 'pmc04',
)
[ info ] [ DB ] INIT mysql
[ sql ] [ DB ] CONNECT:[ UseTime:0.000444s ] mysql:host=127.0.0.1;dbname=compmgmt;charset=utf8
[ sql ] [ SQL ] SHOW COLUMNS FROM `computer` [ RunTime:0.001285s ]
[ sql ] [ SQL ] SELECT COUNT(*) AS tp_count FROM `computer` `c` LEFT JOIN `department` `d` ON `d`.`id`=`c`.`department_id` LEFT JOIN `staff` `s` ON `s`.`id`=`c`.`staff_id` WHERE  `d`.`name` LIKE '%pmc04%'  OR `s`.`name` LIKE '%pmc04%'  OR `c`.`FQDN` LIKE '%pmc04%'  OR `c`.`asset_id` LIKE '%pmc04%'  OR `c`.`MAC` LIKE '%pmc04%'  OR `c`.`ip_addr_v4` LIKE '%pmc04%'  OR `c`.`domain_name` LIKE '%pmc04%' LIMIT 1 [ RunTime:0.000388s ]
[ sql ] [ SQL ] SELECT `c`.*,d.name as department,s.name as staff FROM `computer` `c` LEFT JOIN `department` `d` ON `d`.`id`=`c`.`department_id` LEFT JOIN `staff` `s` ON `s`.`id`=`c`.`staff_id` WHERE  `d`.`name` LIKE '%pmc04%'  OR `s`.`name` LIKE '%pmc04%'  OR `c`.`FQDN` LIKE '%pmc04%'  OR `c`.`asset_id` LIKE '%pmc04%'  OR `c`.`MAC` LIKE '%pmc04%'  OR `c`.`ip_addr_v4` LIKE '%pmc04%'  OR `c`.`domain_name` LIKE '%pmc04%' LIMIT 0,20 [ RunTime:0.000521s ]
[ sql ] [ SQL ] SHOW COLUMNS FROM `os` [ RunTime:0.001024s ]
[ sql ] [ SQL ] SELECT `name`,`version`,`arch` FROM `os` WHERE  `id` = 3 LIMIT 1 [ RunTime:0.000294s ]
[ sql ] [ SQL ] SHOW COLUMNS FROM `computer_internet_access` [ RunTime:0.000995s ]
[ sql ] [ SQL ] SELECT `access_id` FROM `computer_internet_access` WHERE  `computer_id` = 38 [ RunTime:0.000288s ]
---------------------------------------------------------------
[ 2021-05-10T11:55:00+08:00 ] 167.248.133.55 GET 113.116.134.82:8081/
[运行时间：0.007583s] [吞吐率：131.88req/s] [内存消耗：489.44kb] [文件加载：75]
[ info ] [ LANG ] /var/www/html/compmgmt/thinkphp/lang/zh-cn.php
[ info ] [ LANG ] /var/www/html/compmgmt/application/lang/zh-cn.php
[ info ] [ ROUTE ] array (
  'rule' => '',
  'route' => 'index/index',
  'option' => 
  array (
    'merge_rule_regex' => false,
    'complete_match' => true,
  ),
  'var' => 
  array (
  ),
)
[ info ] [ HEADER ] array (
  'host' => '113.116.134.82:8081',
)
[ info ] [ PARAM ] array (
)
---------------------------------------------------------------
[ 2021-05-10T11:55:00+08:00 ] 167.248.133.55 GET 113.116.134.82:8081/
[运行时间：0.006826s] [吞吐率：146.50req/s] [内存消耗：490.19kb] [文件加载：75]
[ info ] [ LANG ] /var/www/html/compmgmt/thinkphp/lang/zh-cn.php
[ info ] [ LANG ] /var/www/html/compmgmt/application/lang/zh-cn.php
[ info ] [ ROUTE ] array (
  'rule' => '',
  'route' => 'index/index',
  'option' => 
  array (
    'merge_rule_regex' => false,
    'complete_match' => true,
  ),
  'var' => 
  array (
  ),
)
[ info ] [ HEADER ] array (
  'host' => '113.116.134.82:8081',
  'user-agent' => 'Mozilla/5.0 (compatible; CensysInspect/1.1; +https://about.censys.io/)',
  'accept' => '*/*',
  'accept-encoding' => 'gzip',
)
[ info ] [ PARAM ] array (
)
---------------------------------------------------------------
[ 2021-05-10T11:55:01+08:00 ] 167.248.133.55 GET 113.116.134.82:8081/padmin/adminlogin/index.html
[运行时间：0.003465s] [吞吐率：288.61req/s] [内存消耗：485.84kb] [文件加载：74]
[ info ] [ LANG ] /var/www/html/compmgmt/thinkphp/lang/zh-cn.php
[ info ] [ LANG ] /var/www/html/compmgmt/application/lang/zh-cn.php
[ info ] [ ROUTE ] array (
)
[ info ] [ HEADER ] array (
  'host' => '113.116.134.82:8081',
  'user-agent' => 'Mozilla/5.0 (compatible; CensysInspect/1.1; +https://about.censys.io/)',
  'accept' => '*/*',
  'accept-encoding' => 'gzip',
)
[ info ] [ PARAM ] array (
  '/padmin/adminlogin/index_html' => '',
)
[ info ] [ VIEW ] /var/www/html/compmgmt/application/padmin/view/index/login.html [ array (
  0 => 'title',
) ]
---------------------------------------------------------------
[ 2021-05-10T12:20:35+08:00 ] 8.142.15.221 GET 113.116.134.82/
[运行时间：0.004256s] [吞吐率：234.96req/s] [内存消耗：488.47kb] [文件加载：75]
[ info ] [ LANG ] /var/www/html/compmgmt/thinkphp/lang/zh-cn.php
[ info ] [ LANG ] /var/www/html/compmgmt/application/lang/zh-cn.php
[ info ] [ ROUTE ] array (
  'rule' => '',
  'route' => 'index/index',
  'option' => 
  array (
    'merge_rule_regex' => false,
    'complete_match' => true,
  ),
  'var' => 
  array (
  ),
)
[ info ] [ HEADER ] array (
  'host' => '113.116.134.82',
)
[ info ] [ PARAM ] array (
)
---------------------------------------------------------------
[ 2021-05-10T12:20:35+08:00 ] 8.142.15.221 GET 113.116.134.82:8081/
[运行时间：0.006576s] [吞吐率：152.07req/s] [内存消耗：491.31kb] [文件加载：75]
[ info ] [ LANG ] /var/www/html/compmgmt/thinkphp/lang/zh-cn.php
[ info ] [ LANG ] /var/www/html/compmgmt/application/lang/zh-cn.php
[ info ] [ ROUTE ] array (
  'rule' => '',
  'route' => 'index/index',
  'option' => 
  array (
    'merge_rule_regex' => false,
    'complete_match' => true,
  ),
  'var' => 
  array (
  ),
)
[ info ] [ HEADER ] array (
  'user-agent' => 'Mozilla/5.0 (Macintosh; Intel Mac OS X 10_14_6) AppleWebKit/537.36 (KHTML, like Gecko) Chrome/76.0.3809.132 Safari/537.36',
  'host' => '113.116.134.82:8081',
  'accept' => 'text/html,application/xhtml+xml,application/xml;q=0.9,image/webp,image/apng,*/*;q=0.8,application/signed-exchange;v=b3',
  'accept-encoding' => 'gzip, deflate',
  'accept-language' => 'zh-CN,zh;q=0.9',
  'connection' => 'close',
)
[ info ] [ PARAM ] array (
)
---------------------------------------------------------------
[ 2021-05-10T12:20:35+08:00 ] 8.142.15.221 GET 113.116.134.82:8081/padmin/adminlogin/index.html
[运行时间：0.003169s] [吞吐率：315.55req/s] [内存消耗：487.20kb] [文件加载：74]
[ info ] [ LANG ] /var/www/html/compmgmt/thinkphp/lang/zh-cn.php
[ info ] [ LANG ] /var/www/html/compmgmt/application/lang/zh-cn.php
[ info ] [ ROUTE ] array (
)
[ info ] [ HEADER ] array (
  'user-agent' => 'Mozilla/5.0 (Macintosh; Intel Mac OS X 10_14_6) AppleWebKit/537.36 (KHTML, like Gecko) Chrome/76.0.3809.132 Safari/537.36',
  'host' => '113.116.134.82:8081',
  'accept' => 'text/html,application/xhtml+xml,application/xml;q=0.9,image/webp,image/apng,*/*;q=0.8,application/signed-exchange;v=b3',
  'accept-encoding' => 'gzip, deflate',
  'accept-language' => 'zh-CN,zh;q=0.9',
  'cookie' => 'PHPSESSID=b6usoigk3f9ktr3o56c80ium35',
  'connection' => 'close',
)
[ info ] [ PARAM ] array (
  '/padmin/adminlogin/index_html' => '',
)
[ info ] [ VIEW ] /var/www/html/compmgmt/application/padmin/view/index/login.html [ array (
  0 => 'title',
) ]
---------------------------------------------------------------
[ 2021-05-10T16:09:00+08:00 ] 60.191.125.35 HEAD 112.124.42.80:63435http://112.124.42.80:63435/
[运行时间：0.004201s] [吞吐率：238.04req/s] [内存消耗：491.63kb] [文件加载：76]
[ info ] [ LANG ] /var/www/html/compmgmt/thinkphp/lang/zh-cn.php
[ info ] [ LANG ] /var/www/html/compmgmt/application/lang/zh-cn.php
[ info ] [ ROUTE ] array (
)
[ info ] [ HEADER ] array (
  'accept-encoding' => 'gzip',
  'user-agent' => 'Mozilla/5.0 (Macintosh; Intel Mac OS X 10_11_6) AppleWebKit/537.36 (KHTML, like Gecko) Chrome/53.0.2785.143 Safari/537.36',
  'bs_real_ip' => 'TmpBdU1Ua3hMakV5TlM0ek5RPT0=',
  'host' => '112.124.42.80:63435',
  'accept' => 'text/html, image/gif, image/jpeg, *; q=.2, */*; q=.2',
  'proxy-connection' => 'keep-alive',
)
[ info ] [ PARAM ] array (
)
---------------------------------------------------------------
[ 2021-05-10T16:09:00+08:00 ] 60.191.125.35 GET 112.124.42.80:63435http://112.124.42.80:63435/padmin/adminlogin/index.html
[运行时间：0.004128s] [吞吐率：242.24req/s] [内存消耗：486.89kb] [文件加载：74]
[ info ] [ LANG ] /var/www/html/compmgmt/thinkphp/lang/zh-cn.php
[ info ] [ LANG ] /var/www/html/compmgmt/application/lang/zh-cn.php
[ info ] [ ROUTE ] array (
)
[ info ] [ HEADER ] array (
  'cookie' => 'PHPSESSID=6gcleqj0al28u1t3tcfm7qioe2',
  'accept-encoding' => 'gzip',
  'user-agent' => 'Mozilla/5.0 (Macintosh; Intel Mac OS X 10_11_6) AppleWebKit/537.36 (KHTML, like Gecko) Chrome/53.0.2785.143 Safari/537.36',
  'bs_real_ip' => 'TmpBdU1Ua3hMakV5TlM0ek5RPT0=',
  'host' => '112.124.42.80:63435',
  'accept' => 'text/html, image/gif, image/jpeg, *; q=.2, */*; q=.2',
  'proxy-connection' => 'keep-alive',
)
[ info ] [ PARAM ] array (
  '/padmin/adminlogin/index_html' => '',
)
[ info ] [ VIEW ] /var/www/html/compmgmt/application/padmin/view/index/login.html [ array (
  0 => 'title',
) ]
---------------------------------------------------------------
[ 2021-05-10T17:06:26+08:00 ] 45.155.205.181 GET 113.116.134.82:8081/jars
[运行时间：0.004532s] [吞吐率：220.66req/s] [内存消耗：497.22kb] [文件加载：76]
[ info ] [ LANG ] /var/www/html/compmgmt/thinkphp/lang/zh-cn.php
[ info ] [ LANG ] /var/www/html/compmgmt/application/lang/zh-cn.php
[ info ] [ ROUTE ] array (
)
[ info ] [ HEADER ] array (
  'host' => '113.116.134.82:8081',
  'user-agent' => 'Mozilla/5.0 (Windows NT 10.0; Win64; x64) AppleWebKit/537.36 (KHTML, like Gecko) Chrome/78.0.3904.108 Safari/537.36',
  'content-type' => 'application/json',
  'accept-encoding' => 'gzip',
  'connection' => 'close',
)
[ info ] [ PARAM ] array (
  '/jars' => '',
)
---------------------------------------------------------------
[ 2021-05-10T17:06:26+08:00 ] 45.155.205.181 GET 113.116.134.82:8081/
[运行时间：0.004044s] [吞吐率：247.29req/s] [内存消耗：489.99kb] [文件加载：75]
[ info ] [ LANG ] /var/www/html/compmgmt/thinkphp/lang/zh-cn.php
[ info ] [ LANG ] /var/www/html/compmgmt/application/lang/zh-cn.php
[ info ] [ ROUTE ] array (
  'rule' => '',
  'route' => 'index/index',
  'option' => 
  array (
    'merge_rule_regex' => false,
    'complete_match' => true,
  ),
  'var' => 
  array (
  ),
)
[ info ] [ HEADER ] array (
  'host' => '113.116.134.82:8081',
  'user-agent' => 'Mozilla/5.0 (Windows NT 10.0; Win64; x64) AppleWebKit/537.36 (KHTML, like Gecko) Chrome/78.0.3904.108 Safari/537.36',
  'authorization' => 'Basic YWRtaW46cGFzcw==',
  'content-type' => 'application/json',
  'accept-encoding' => 'gzip',
  'connection' => 'close',
)
[ info ] [ PARAM ] array (
)
---------------------------------------------------------------
[ 2021-05-10T17:06:27+08:00 ] 223.166.74.6 HEAD 110.242.68.4http://110.242.68.4/
[运行时间：0.003016s] [吞吐率：331.57req/s] [内存消耗：492.64kb] [文件加载：76]
[ info ] [ LANG ] /var/www/html/compmgmt/thinkphp/lang/zh-cn.php
[ info ] [ LANG ] /var/www/html/compmgmt/application/lang/zh-cn.php
[ info ] [ ROUTE ] array (
)
[ info ] [ HEADER ] array (
  'host' => '110.242.68.4',
  'proxy-authorization' => 'Basic Og==',
  'proxy-connection' => 'Keep-Alive',
  'accept-encoding' => 'gzip, deflate, sdch',
  'connection' => 'keep-alive',
  'user-agent' => 'Mozilla/5.01724933 Mozilla/5.0 (iPhone; CPU iPhone OS 11_3 like Mac OS X) AppleWebKit/605.1.15 (KHTML, like Gecko) Mobile/15E302',
  'accept' => 'text/html,application/xhtml+xml,application/xml;q=0.9,image/webp,*/*;q=0.8',
  'cache-control' => 'max-age=0',
  'accept-language' => 'zh-CN,zh;q=0.8',
)
[ info ] [ PARAM ] array (
)
---------------------------------------------------------------
[ 2021-05-10T17:06:27+08:00 ] 223.166.74.6 HEAD 110.242.68.4http://110.242.68.4/padmin/adminlogin/index.html
[运行时间：0.002882s] [吞吐率：346.98req/s] [内存消耗：482.31kb] [文件加载：74]
[ info ] [ LANG ] /var/www/html/compmgmt/thinkphp/lang/zh-cn.php
[ info ] [ LANG ] /var/www/html/compmgmt/application/lang/zh-cn.php
[ info ] [ ROUTE ] array (
)
[ info ] [ HEADER ] array (
  'host' => '110.242.68.4',
  'proxy-authorization' => 'Basic Og==',
  'proxy-connection' => 'Keep-Alive',
  'accept-encoding' => 'gzip, deflate, sdch',
  'connection' => 'keep-alive',
  'user-agent' => 'Mozilla/5.01724933 Mozilla/5.0 (iPhone; CPU iPhone OS 11_3 like Mac OS X) AppleWebKit/605.1.15 (KHTML, like Gecko) Mobile/15E302',
  'accept' => 'text/html,application/xhtml+xml,application/xml;q=0.9,image/webp,*/*;q=0.8',
  'cache-control' => 'max-age=0',
  'accept-language' => 'zh-CN,zh;q=0.8',
)
[ info ] [ PARAM ] array (
  '/padmin/adminlogin/index_html' => '',
)
[ info ] [ VIEW ] /var/www/html/compmgmt/application/padmin/view/index/login.html [ array (
  0 => 'title',
) ]
---------------------------------------------------------------
[ 2021-05-10T17:06:28+08:00 ] 45.155.205.181 POST 113.116.134.82:8081/service/extdirect
[运行时间：0.003622s] [吞吐率：276.09req/s] [内存消耗：469.13kb] [文件加载：75]
[ info ] [ LANG ] /var/www/html/compmgmt/thinkphp/lang/zh-cn.php
[ info ] [ LANG ] /var/www/html/compmgmt/application/lang/zh-cn.php
[ info ] [ ROUTE ] array (
)
[ info ] [ HEADER ] array (
  'host' => '113.116.134.82:8081',
  'user-agent' => 'Mozilla/5.0 (Windows NT 10.0; Win64; x64) AppleWebKit/537.36 (KHTML, like Gecko) Chrome/78.0.3904.108 Safari/537.36',
  'content-length' => '293',
  'content-type' => 'application/json',
  'accept-encoding' => 'gzip',
  'connection' => 'close',
)
[ info ] [ PARAM ] array (
  '/service/extdirect' => '',
  'action' => 'coreui_Component',
  'data' => 
  array (
    0 => 
    array (
      'filter' => 
      array (
        0 => 
        array (
          'property' => 'repositoryName',
          'value' => '*',
        ),
        1 => 
        array (
          'property' => 'expression',
          'value' => '1==1',
        ),
        2 => 
        array (
          'property' => 'type',
          'value' => 'jexl',
        ),
      ),
      'limit' => '50',
      'page' => '1',
      'sort' => 
      array (
        0 => 
        array (
          'direction' => 'ASC',
          'property' => 'name',
        ),
      ),
      'start' => '0',
    ),
  ),
  'method' => 'previewAssets',
  'tid' => '18',
  'type' => 'rpc',
)
---------------------------------------------------------------
[ 2021-05-10T17:06:28+08:00 ] 45.155.205.181 GET 113.116.134.82:8081/padmin/adminlogin/index.html
[运行时间：0.003751s] [吞吐率：266.59req/s] [内存消耗：486.55kb] [文件加载：74]
[ info ] [ LANG ] /var/www/html/compmgmt/thinkphp/lang/zh-cn.php
[ info ] [ LANG ] /var/www/html/compmgmt/application/lang/zh-cn.php
[ info ] [ ROUTE ] array (
)
[ info ] [ HEADER ] array (
  'host' => '113.116.134.82:8081',
  'user-agent' => 'Mozilla/5.0 (Windows NT 10.0; Win64; x64) AppleWebKit/537.36 (KHTML, like Gecko) Chrome/78.0.3904.108 Safari/537.36',
  'content-type' => 'application/json',
  'referer' => 'http://113.116.134.82:8081/jars',
  'accept-encoding' => 'gzip',
  'connection' => 'close',
)
[ info ] [ PARAM ] array (
  '/padmin/adminlogin/index_html' => '',
)
[ info ] [ VIEW ] /var/www/html/compmgmt/application/padmin/view/index/login.html [ array (
  0 => 'title',
) ]
---------------------------------------------------------------
[ 2021-05-10T17:06:29+08:00 ] 221.13.12.254 CONNECT www.baidu.com:443www.baidu.com:443
[运行时间：0.035902s] [吞吐率：27.85req/s] [内存消耗：356.60kb] [文件加载：61]
[ info ] [ LANG ] /var/www/html/compmgmt/thinkphp/lang/zh-cn.php
[ info ] [ LANG ] /var/www/html/compmgmt/application/lang/zh-cn.php
[ error ] [8]未定义数组索引: connect[/var/www/html/compmgmt/thinkphp/library/think/route/RuleGroup.php:208]
---------------------------------------------------------------
[ 2021-05-10T17:06:29+08:00 ] 180.95.238.204 GET www.epochtimes.comhttp://www.epochtimes.com/
[运行时间：0.002701s] [吞吐率：370.23req/s] [内存消耗：491.26kb] [文件加载：75]
[ info ] [ LANG ] /var/www/html/compmgmt/thinkphp/lang/zh-cn.php
[ info ] [ LANG ] /var/www/html/compmgmt/application/lang/zh-cn.php
[ info ] [ ROUTE ] array (
  'rule' => '',
  'route' => 'index/index',
  'option' => 
  array (
    'merge_rule_regex' => false,
    'complete_match' => true,
  ),
  'var' => 
  array (
  ),
)
[ info ] [ HEADER ] array (
  'host' => 'www.epochtimes.com',
  'proxy-authorization' => 'Basic Og==',
  'proxy-connection' => 'Keep-Alive',
  'connection' => 'keep-alive',
  'user-agent' => 'Mozilla/5.0 (Windows NT 10.0; WOW64) AppleWebKit/537.36 (KHTML, like Gecko) Chrome/45.0.2454.101 Safari/537.36',
  'accept' => 'text/html,application/xhtml+xml,application/xml;q=0.9,image/webp,*/*;q=0.8',
  'accept-encoding' => 'gzip, deflate, sdch',
  'accept-language' => 'zh-CN,zh;q=0.8',
  'cache-control' => 'max-age=0',
)
[ info ] [ PARAM ] array (
)
---------------------------------------------------------------
[ 2021-05-10T17:06:29+08:00 ] 180.95.238.204 GET www.epochtimes.comhttp://www.epochtimes.com/padmin/adminlogin/index.html
[运行时间：0.003141s] [吞吐率：318.35req/s] [内存消耗：487.83kb] [文件加载：74]
[ info ] [ LANG ] /var/www/html/compmgmt/thinkphp/lang/zh-cn.php
[ info ] [ LANG ] /var/www/html/compmgmt/application/lang/zh-cn.php
[ info ] [ ROUTE ] array (
)
[ info ] [ HEADER ] array (
  'host' => 'www.epochtimes.com',
  'proxy-authorization' => 'Basic Og==',
  'proxy-connection' => 'Keep-Alive',
  'connection' => 'keep-alive',
  'user-agent' => 'Mozilla/5.0 (Windows NT 10.0; WOW64) AppleWebKit/537.36 (KHTML, like Gecko) Chrome/45.0.2454.101 Safari/537.36',
  'accept' => 'text/html,application/xhtml+xml,application/xml;q=0.9,image/webp,*/*;q=0.8',
  'accept-encoding' => 'gzip, deflate, sdch',
  'accept-language' => 'zh-CN,zh;q=0.8',
  'cache-control' => 'max-age=0',
)
[ info ] [ PARAM ] array (
  '/padmin/adminlogin/index_html' => '',
)
[ info ] [ VIEW ] /var/www/html/compmgmt/application/padmin/view/index/login.html [ array (
  0 => 'title',
) ]
---------------------------------------------------------------
[ 2021-05-10T17:06:30+08:00 ] 45.155.205.181 GET 113.116.134.82:8081/padmin/adminlogin/index.html
[运行时间：0.003646s] [吞吐率：274.28req/s] [内存消耗：486.88kb] [文件加载：74]
[ info ] [ LANG ] /var/www/html/compmgmt/thinkphp/lang/zh-cn.php
[ info ] [ LANG ] /var/www/html/compmgmt/application/lang/zh-cn.php
[ info ] [ ROUTE ] array (
)
[ info ] [ HEADER ] array (
  'host' => '113.116.134.82:8081',
  'user-agent' => 'Mozilla/5.0 (Windows NT 10.0; Win64; x64) AppleWebKit/537.36 (KHTML, like Gecko) Chrome/78.0.3904.108 Safari/537.36',
  'authorization' => 'Basic YWRtaW46cGFzcw==',
  'content-type' => 'application/json',
  'referer' => 'http://113.116.134.82:8081/',
  'accept-encoding' => 'gzip',
  'connection' => 'close',
)
[ info ] [ PARAM ] array (
  '/padmin/adminlogin/index_html' => '',
)
[ info ] [ VIEW ] /var/www/html/compmgmt/application/padmin/view/index/login.html [ array (
  0 => 'title',
) ]
---------------------------------------------------------------
[ 2021-05-10T17:06:30+08:00 ] 171.116.45.100 GET www.minghui.orghttp://www.minghui.org/
[运行时间：0.002605s] [吞吐率：383.88req/s] [内存消耗：491.24kb] [文件加载：75]
[ info ] [ LANG ] /var/www/html/compmgmt/thinkphp/lang/zh-cn.php
[ info ] [ LANG ] /var/www/html/compmgmt/application/lang/zh-cn.php
[ info ] [ ROUTE ] array (
  'rule' => '',
  'route' => 'index/index',
  'option' => 
  array (
    'merge_rule_regex' => false,
    'complete_match' => true,
  ),
  'var' => 
  array (
  ),
)
[ info ] [ HEADER ] array (
  'host' => 'www.minghui.org',
  'proxy-authorization' => 'Basic Og==',
  'proxy-connection' => 'Keep-Alive',
  'connection' => 'keep-alive',
  'user-agent' => 'Mozilla/5.0 (Windows NT 10.0; WOW64) AppleWebKit/537.36 (KHTML, like Gecko) Chrome/45.0.2454.101 Safari/537.36',
  'accept' => 'text/html,application/xhtml+xml,application/xml;q=0.9,image/webp,*/*;q=0.8',
  'accept-encoding' => 'gzip, deflate, sdch',
  'accept-language' => 'zh-CN,zh;q=0.8',
  'cache-control' => 'max-age=0',
)
[ info ] [ PARAM ] array (
)
---------------------------------------------------------------
[ 2021-05-10T17:06:30+08:00 ] 110.167.215.153 GET dongtaiwang.comhttp://dongtaiwang.com/
[运行时间：0.003112s] [吞吐率：321.33req/s] [内存消耗：491.21kb] [文件加载：75]
[ info ] [ LANG ] /var/www/html/compmgmt/thinkphp/lang/zh-cn.php
[ info ] [ LANG ] /var/www/html/compmgmt/application/lang/zh-cn.php
[ info ] [ ROUTE ] array (
  'rule' => '',
  'route' => 'index/index',
  'option' => 
  array (
    'merge_rule_regex' => false,
    'complete_match' => true,
  ),
  'var' => 
  array (
  ),
)
[ info ] [ HEADER ] array (
  'host' => 'dongtaiwang.com',
  'proxy-authorization' => 'Basic Og==',
  'proxy-connection' => 'Keep-Alive',
  'connection' => 'keep-alive',
  'user-agent' => 'Mozilla/5.0 (Windows NT 10.0; WOW64) AppleWebKit/537.36 (KHTML, like Gecko) Chrome/45.0.2454.101 Safari/537.36',
  'accept' => 'text/html,application/xhtml+xml,application/xml;q=0.9,image/webp,*/*;q=0.8',
  'accept-encoding' => 'gzip, deflate, sdch',
  'accept-language' => 'zh-CN,zh;q=0.8',
  'cache-control' => 'max-age=0',
)
[ info ] [ PARAM ] array (
)
---------------------------------------------------------------
[ 2021-05-10T17:06:30+08:00 ] 110.167.215.153 GET dongtaiwang.comhttp://dongtaiwang.com/padmin/adminlogin/index.html
[运行时间：0.002654s] [吞吐率：376.78req/s] [内存消耗：487.66kb] [文件加载：74]
[ info ] [ LANG ] /var/www/html/compmgmt/thinkphp/lang/zh-cn.php
[ info ] [ LANG ] /var/www/html/compmgmt/application/lang/zh-cn.php
[ info ] [ ROUTE ] array (
)
[ info ] [ HEADER ] array (
  'host' => 'dongtaiwang.com',
  'proxy-authorization' => 'Basic Og==',
  'proxy-connection' => 'Keep-Alive',
  'connection' => 'keep-alive',
  'user-agent' => 'Mozilla/5.0 (Windows NT 10.0; WOW64) AppleWebKit/537.36 (KHTML, like Gecko) Chrome/45.0.2454.101 Safari/537.36',
  'accept' => 'text/html,application/xhtml+xml,application/xml;q=0.9,image/webp,*/*;q=0.8',
  'accept-encoding' => 'gzip, deflate, sdch',
  'accept-language' => 'zh-CN,zh;q=0.8',
  'cache-control' => 'max-age=0',
)
[ info ] [ PARAM ] array (
  '/padmin/adminlogin/index_html' => '',
)
[ info ] [ VIEW ] /var/www/html/compmgmt/application/padmin/view/index/login.html [ array (
  0 => 'title',
) ]
---------------------------------------------------------------
[ 2021-05-10T17:06:30+08:00 ] 171.116.45.100 GET www.minghui.orghttp://www.minghui.org/padmin/adminlogin/index.html
[运行时间：0.002706s] [吞吐率：369.54req/s] [内存消耗：487.69kb] [文件加载：74]
[ info ] [ LANG ] /var/www/html/compmgmt/thinkphp/lang/zh-cn.php
[ info ] [ LANG ] /var/www/html/compmgmt/application/lang/zh-cn.php
[ info ] [ ROUTE ] array (
)
[ info ] [ HEADER ] array (
  'host' => 'www.minghui.org',
  'proxy-authorization' => 'Basic Og==',
  'proxy-connection' => 'Keep-Alive',
  'connection' => 'keep-alive',
  'user-agent' => 'Mozilla/5.0 (Windows NT 10.0; WOW64) AppleWebKit/537.36 (KHTML, like Gecko) Chrome/45.0.2454.101 Safari/537.36',
  'accept' => 'text/html,application/xhtml+xml,application/xml;q=0.9,image/webp,*/*;q=0.8',
  'accept-encoding' => 'gzip, deflate, sdch',
  'accept-language' => 'zh-CN,zh;q=0.8',
  'cache-control' => 'max-age=0',
)
[ info ] [ PARAM ] array (
  '/padmin/adminlogin/index_html' => '',
)
[ info ] [ VIEW ] /var/www/html/compmgmt/application/padmin/view/index/login.html [ array (
  0 => 'title',
) ]
---------------------------------------------------------------
[ 2021-05-10T17:06:31+08:00 ] 123.245.24.202 GET www.soso.comhttp://www.soso.com/
[运行时间：0.002591s] [吞吐率：385.93req/s] [内存消耗：491.24kb] [文件加载：75]
[ info ] [ LANG ] /var/www/html/compmgmt/thinkphp/lang/zh-cn.php
[ info ] [ LANG ] /var/www/html/compmgmt/application/lang/zh-cn.php
[ info ] [ ROUTE ] array (
  'rule' => '',
  'route' => 'index/index',
  'option' => 
  array (
    'merge_rule_regex' => false,
    'complete_match' => true,
  ),
  'var' => 
  array (
  ),
)
[ info ] [ HEADER ] array (
  'host' => 'www.soso.com',
  'proxy-authorization' => 'Basic Og==',
  'proxy-connection' => 'Keep-Alive',
  'connection' => 'keep-alive',
  'user-agent' => 'Mozilla/5.0 (Windows NT 10.0; WOW64) AppleWebKit/537.36 (KHTML, like Gecko) Chrome/45.0.2454.101 Safari/537.36',
  'accept' => 'text/html,application/xhtml+xml,application/xml;q=0.9,image/webp,*/*;q=0.8',
  'accept-encoding' => 'gzip, deflate, sdch',
  'accept-language' => 'zh-CN,zh;q=0.8',
  'cache-control' => 'max-age=0',
)
[ info ] [ PARAM ] array (
)
---------------------------------------------------------------
[ 2021-05-10T17:06:31+08:00 ] 39.82.95.175 CONNECT cn.bing.com:443cn.bing.com:443
[运行时间：0.002335s] [吞吐率：428.30req/s] [内存消耗：355.39kb] [文件加载：61]
[ info ] [ LANG ] /var/www/html/compmgmt/thinkphp/lang/zh-cn.php
[ info ] [ LANG ] /var/www/html/compmgmt/application/lang/zh-cn.php
[ error ] [8]未定义数组索引: connect[/var/www/html/compmgmt/thinkphp/library/think/route/RuleGroup.php:208]
---------------------------------------------------------------
[ 2021-05-10T17:06:31+08:00 ] 123.245.24.202 GET www.soso.comhttp://www.soso.com/padmin/adminlogin/index.html
[运行时间：0.003276s] [吞吐率：305.26req/s] [内存消耗：487.69kb] [文件加载：74]
[ info ] [ LANG ] /var/www/html/compmgmt/thinkphp/lang/zh-cn.php
[ info ] [ LANG ] /var/www/html/compmgmt/application/lang/zh-cn.php
[ info ] [ ROUTE ] array (
)
[ info ] [ HEADER ] array (
  'host' => 'www.soso.com',
  'proxy-authorization' => 'Basic Og==',
  'proxy-connection' => 'Keep-Alive',
  'connection' => 'keep-alive',
  'user-agent' => 'Mozilla/5.0 (Windows NT 10.0; WOW64) AppleWebKit/537.36 (KHTML, like Gecko) Chrome/45.0.2454.101 Safari/537.36',
  'accept' => 'text/html,application/xhtml+xml,application/xml;q=0.9,image/webp,*/*;q=0.8',
  'accept-encoding' => 'gzip, deflate, sdch',
  'accept-language' => 'zh-CN,zh;q=0.8',
  'cache-control' => 'max-age=0',
)
[ info ] [ PARAM ] array (
  '/padmin/adminlogin/index_html' => '',
)
[ info ] [ VIEW ] /var/www/html/compmgmt/application/padmin/view/index/login.html [ array (
  0 => 'title',
) ]
---------------------------------------------------------------
[ 2021-05-10T17:06:31+08:00 ] 223.166.74.198 GET www.wujieliulan.comhttp://www.wujieliulan.com/
[运行时间：0.002580s] [吞吐率：387.61req/s] [内存消耗：491.27kb] [文件加载：75]
[ info ] [ LANG ] /var/www/html/compmgmt/thinkphp/lang/zh-cn.php
[ info ] [ LANG ] /var/www/html/compmgmt/application/lang/zh-cn.php
[ info ] [ ROUTE ] array (
  'rule' => '',
  'route' => 'index/index',
  'option' => 
  array (
    'merge_rule_regex' => false,
    'complete_match' => true,
  ),
  'var' => 
  array (
  ),
)
[ info ] [ HEADER ] array (
  'host' => 'www.wujieliulan.com',
  'proxy-authorization' => 'Basic Og==',
  'proxy-connection' => 'Keep-Alive',
  'connection' => 'keep-alive',
  'user-agent' => 'Mozilla/5.0 (Windows NT 10.0; WOW64) AppleWebKit/537.36 (KHTML, like Gecko) Chrome/45.0.2454.101 Safari/537.36',
  'accept' => 'text/html,application/xhtml+xml,application/xml;q=0.9,image/webp,*/*;q=0.8',
  'accept-encoding' => 'gzip, deflate, sdch',
  'accept-language' => 'zh-CN,zh;q=0.8',
  'cache-control' => 'max-age=0',
)
[ info ] [ PARAM ] array (
)
---------------------------------------------------------------
[ 2021-05-10T17:06:31+08:00 ] 223.166.74.198 GET www.wujieliulan.comhttp://www.wujieliulan.com/padmin/adminlogin/index.html
[运行时间：0.002734s] [吞吐率：365.77req/s] [内存消耗：487.83kb] [文件加载：74]
[ info ] [ LANG ] /var/www/html/compmgmt/thinkphp/lang/zh-cn.php
[ info ] [ LANG ] /var/www/html/compmgmt/application/lang/zh-cn.php
[ info ] [ ROUTE ] array (
)
[ info ] [ HEADER ] array (
  'host' => 'www.wujieliulan.com',
  'proxy-authorization' => 'Basic Og==',
  'proxy-connection' => 'Keep-Alive',
  'connection' => 'keep-alive',
  'user-agent' => 'Mozilla/5.0 (Windows NT 10.0; WOW64) AppleWebKit/537.36 (KHTML, like Gecko) Chrome/45.0.2454.101 Safari/537.36',
  'accept' => 'text/html,application/xhtml+xml,application/xml;q=0.9,image/webp,*/*;q=0.8',
  'accept-encoding' => 'gzip, deflate, sdch',
  'accept-language' => 'zh-CN,zh;q=0.8',
  'cache-control' => 'max-age=0',
)
[ info ] [ PARAM ] array (
  '/padmin/adminlogin/index_html' => '',
)
[ info ] [ VIEW ] /var/www/html/compmgmt/application/padmin/view/index/login.html [ array (
  0 => 'title',
) ]
---------------------------------------------------------------
[ 2021-05-10T17:06:33+08:00 ] 49.113.102.180 CONNECT www.so.com:443www.so.com:443
[运行时间：0.002784s] [吞吐率：359.19req/s] [内存消耗：355.39kb] [文件加载：61]
[ info ] [ LANG ] /var/www/html/compmgmt/thinkphp/lang/zh-cn.php
[ info ] [ LANG ] /var/www/html/compmgmt/application/lang/zh-cn.php
[ error ] [8]未定义数组索引: connect[/var/www/html/compmgmt/thinkphp/library/think/route/RuleGroup.php:208]
---------------------------------------------------------------
[ 2021-05-10T17:06:33+08:00 ] 119.39.47.14 GET www.rfa.orghttp://www.rfa.org/english/
[运行时间：0.003454s] [吞吐率：289.52req/s] [内存消耗：498.48kb] [文件加载：76]
[ info ] [ LANG ] /var/www/html/compmgmt/thinkphp/lang/zh-cn.php
[ info ] [ LANG ] /var/www/html/compmgmt/application/lang/zh-cn.php
[ info ] [ ROUTE ] array (
)
[ info ] [ HEADER ] array (
  'host' => 'www.rfa.org',
  'proxy-authorization' => 'Basic Og==',
  'proxy-connection' => 'Keep-Alive',
  'connection' => 'keep-alive',
  'user-agent' => 'Mozilla/5.0 (Windows NT 10.0; WOW64) AppleWebKit/537.36 (KHTML, like Gecko) Chrome/45.0.2454.101 Safari/537.36',
  'accept' => 'text/html,application/xhtml+xml,application/xml;q=0.9,image/webp,*/*;q=0.8',
  'accept-encoding' => 'gzip, deflate, sdch',
  'accept-language' => 'zh-CN,zh;q=0.8',
  'cache-control' => 'max-age=0',
)
[ info ] [ PARAM ] array (
  '/english/' => '',
)
---------------------------------------------------------------
[ 2021-05-10T17:06:33+08:00 ] 119.39.47.14 GET www.rfa.orghttp://www.rfa.org/padmin/adminlogin/index.html
[运行时间：0.003050s] [吞吐率：327.86req/s] [内存消耗：487.63kb] [文件加载：74]
[ info ] [ LANG ] /var/www/html/compmgmt/thinkphp/lang/zh-cn.php
[ info ] [ LANG ] /var/www/html/compmgmt/application/lang/zh-cn.php
[ info ] [ ROUTE ] array (
)
[ info ] [ HEADER ] array (
  'host' => 'www.rfa.org',
  'proxy-authorization' => 'Basic Og==',
  'proxy-connection' => 'Keep-Alive',
  'connection' => 'keep-alive',
  'user-agent' => 'Mozilla/5.0 (Windows NT 10.0; WOW64) AppleWebKit/537.36 (KHTML, like Gecko) Chrome/45.0.2454.101 Safari/537.36',
  'accept' => 'text/html,application/xhtml+xml,application/xml;q=0.9,image/webp,*/*;q=0.8',
  'accept-encoding' => 'gzip, deflate, sdch',
  'accept-language' => 'zh-CN,zh;q=0.8',
  'cache-control' => 'max-age=0',
)
[ info ] [ PARAM ] array (
  '/padmin/adminlogin/index_html' => '',
)
[ info ] [ VIEW ] /var/www/html/compmgmt/application/padmin/view/index/login.html [ array (
  0 => 'title',
) ]
---------------------------------------------------------------
[ 2021-05-10T17:06:37+08:00 ] 124.227.31.247 CONNECT www.voanews.com:443www.voanews.com:443
[运行时间：0.002747s] [吞吐率：364.06req/s] [内存消耗：355.40kb] [文件加载：61]
[ info ] [ LANG ] /var/www/html/compmgmt/thinkphp/lang/zh-cn.php
[ info ] [ LANG ] /var/www/html/compmgmt/application/lang/zh-cn.php
[ error ] [8]未定义数组索引: connect[/var/www/html/compmgmt/thinkphp/library/think/route/RuleGroup.php:208]
---------------------------------------------------------------
[ 2021-05-10T21:18:54+08:00 ] 101.251.200.214 GET 113.116.134.82:8081/
[运行时间：0.003885s] [吞吐率：257.40req/s] [内存消耗：489.86kb] [文件加载：75]
[ info ] [ LANG ] /var/www/html/compmgmt/thinkphp/lang/zh-cn.php
[ info ] [ LANG ] /var/www/html/compmgmt/application/lang/zh-cn.php
[ info ] [ ROUTE ] array (
  'rule' => '',
  'route' => 'index/index',
  'option' => 
  array (
    'merge_rule_regex' => false,
    'complete_match' => true,
  ),
  'var' => 
  array (
  ),
)
[ info ] [ HEADER ] array (
  'host' => '113.116.134.82:8081',
  'user-agent' => 'Mozilla/5.0 (Windows NT 10.0; Win64; x64; rv:79.0) Gecko/20100101 Firefox/79.0',
  'accept-language' => 'zh-CN,zh;q=0.8,en-US;q=0.5,en;q=0.3',
  'accept-charset' => 'GBK,utf-8;q=0.7,*;q=0.3',
  'accept' => 'application/json, text/plain, */*',
)
[ info ] [ PARAM ] array (
)
---------------------------------------------------------------
[ 2021-05-10T21:18:58+08:00 ] 101.251.200.214 GET 113.116.134.82:8081/padmin/adminlogin/index.html
[运行时间：0.004157s] [吞吐率：240.57req/s] [内存消耗：486.41kb] [文件加载：74]
[ info ] [ LANG ] /var/www/html/compmgmt/thinkphp/lang/zh-cn.php
[ info ] [ LANG ] /var/www/html/compmgmt/application/lang/zh-cn.php
[ info ] [ ROUTE ] array (
)
[ info ] [ HEADER ] array (
  'host' => '113.116.134.82:8081',
  'user-agent' => 'Mozilla/5.0 (Windows NT 10.0; Win64; x64; rv:79.0) Gecko/20100101 Firefox/79.0',
  'accept-language' => 'zh-CN,zh;q=0.8,en-US;q=0.5,en;q=0.3',
  'accept-charset' => 'GBK,utf-8;q=0.7,*;q=0.3',
  'accept' => 'application/json, text/plain, */*',
)
[ info ] [ PARAM ] array (
  '/padmin/adminlogin/index_html' => '',
)
[ info ] [ VIEW ] /var/www/html/compmgmt/application/padmin/view/index/login.html [ array (
  0 => 'title',
) ]
---------------------------------------------------------------
[ 2021-05-10T23:56:59+08:00 ] 128.14.134.134 GET 113.116.134.82:8081/login
[运行时间：0.093064s] [吞吐率：10.75req/s] [内存消耗：476.35kb] [文件加载：78]
[ info ] [ LANG ] /var/www/html/compmgmt/thinkphp/lang/zh-cn.php
[ info ] [ LANG ] /var/www/html/compmgmt/application/lang/zh-cn.php
[ info ] [ LANG ] /var/www/html/compmgmt/application/index//lang/zh-cn.php
[ info ] [ ROUTE ] array (
  'rule' => 'login',
  'route' => 'index/user/logininfo',
  'option' => 
  array (
    'merge_rule_regex' => false,
  ),
  'var' => 
  array (
  ),
)
[ info ] [ HEADER ] array (
  'host' => '113.116.134.82:8081',
  'user-agent' => 'Mozilla/5.0 (Windows NT 10.0; Win64; x64) AppleWebKit/537.36 (KHTML, like Gecko) Chrome/60.0.3112.113 Safari/537.36',
  'accept' => '*/*',
  'accept-encoding' => 'gzip',
)
[ info ] [ PARAM ] array (
  '/login' => '',
)
[ error ] [0]致命错误: Class 'app\service\SystemService' not found[/var/www/html/compmgmt/application/index/controller/Common.php:54]
