---------------------------------------------------------------
[ 2020-04-17T08:54:32+08:00 ] 192.168.10.85 GET 192.168.10.210/padmin/index/index.html
[运行时间：0.026897s] [吞吐率：37.18req/s] [内存消耗：499.79kb] [文件加载：76]
[ info ] [ LANG ] /var/www/html/compmgmt/thinkphp/lang/zh-cn.php
[ info ] [ LANG ] /var/www/html/compmgmt/application/lang/zh-cn.php
[ info ] [ ROUTE ] array (
)
[ info ] [ HEADER ] array (
  'host' => '192.168.10.210',
  'user-agent' => 'Mozilla/5.0 (X11; Ubuntu; Linux x86_64; rv:75.0) Gecko/20100101 Firefox/75.0',
  'accept' => 'text/html,application/xhtml+xml,application/xml;q=0.9,image/webp,*/*;q=0.8',
  'accept-language' => 'zh-CN,zh;q=0.8,zh-TW;q=0.7,zh-HK;q=0.5,en-US;q=0.3,en;q=0.2',
  'accept-encoding' => 'gzip, deflate',
  'referer' => 'http://192.168.10.210/padmin/adminlogin/index.html',
  'connection' => 'keep-alive',
  'cookie' => 'Hm_lvt_d214947968792b839fd669a4decaaffc=1586932014',
  'upgrade-insecure-requests' => '1',
)
[ info ] [ PARAM ] array (
  '/padmin/index/index_html' => '',
)
---------------------------------------------------------------
[ 2020-04-17T08:54:32+08:00 ] 192.168.10.85 GET 192.168.10.210/padmin/adminlogin/index.html
[运行时间：0.005923s] [吞吐率：168.84req/s] [内存消耗：487.91kb] [文件加载：74]
[ info ] [ LANG ] /var/www/html/compmgmt/thinkphp/lang/zh-cn.php
[ info ] [ LANG ] /var/www/html/compmgmt/application/lang/zh-cn.php
[ info ] [ ROUTE ] array (
)
[ info ] [ HEADER ] array (
  'host' => '192.168.10.210',
  'user-agent' => 'Mozilla/5.0 (X11; Ubuntu; Linux x86_64; rv:75.0) Gecko/20100101 Firefox/75.0',
  'accept' => 'text/html,application/xhtml+xml,application/xml;q=0.9,image/webp,*/*;q=0.8',
  'accept-language' => 'zh-CN,zh;q=0.8,zh-TW;q=0.7,zh-HK;q=0.5,en-US;q=0.3,en;q=0.2',
  'accept-encoding' => 'gzip, deflate',
  'referer' => 'http://192.168.10.210/padmin/adminlogin/index.html',
  'connection' => 'keep-alive',
  'cookie' => 'Hm_lvt_d214947968792b839fd669a4decaaffc=1586932014; PHPSESSID=6rl7o31p5smkpsknomekspl4m9',
  'upgrade-insecure-requests' => '1',
)
[ info ] [ PARAM ] array (
  '/padmin/adminlogin/index_html' => '',
)
[ info ] [ VIEW ] /var/www/html/compmgmt/application/padmin/view/index/login.html [ array (
  0 => 'title',
) ]
---------------------------------------------------------------
[ 2020-04-17T10:25:43+08:00 ] 192.168.10.85 POST 192.168.10.210/padmin/adminlogin/loginaction.html
[运行时间：0.036923s] [吞吐率：27.08req/s] [内存消耗：627.54kb] [文件加载：79]
[ info ] [ LANG ] /var/www/html/compmgmt/thinkphp/lang/zh-cn.php
[ info ] [ LANG ] /var/www/html/compmgmt/application/lang/zh-cn.php
[ info ] [ ROUTE ] array (
)
[ info ] [ HEADER ] array (
  'host' => '192.168.10.210',
  'user-agent' => 'Mozilla/5.0 (X11; Ubuntu; Linux x86_64; rv:75.0) Gecko/20100101 Firefox/75.0',
  'accept' => 'application/json, text/javascript, */*; q=0.01',
  'accept-language' => 'zh-CN,zh;q=0.8,zh-TW;q=0.7,zh-HK;q=0.5,en-US;q=0.3,en;q=0.2',
  'accept-encoding' => 'gzip, deflate',
  'content-type' => 'application/x-www-form-urlencoded; charset=UTF-8',
  'x-requested-with' => 'XMLHttpRequest',
  'content-length' => '31',
  'origin' => 'http://192.168.10.210',
  'connection' => 'keep-alive',
  'referer' => 'http://192.168.10.210/padmin/adminlogin/index.html',
  'cookie' => 'Hm_lvt_d214947968792b839fd669a4decaaffc=1586932014; PHPSESSID=6rl7o31p5smkpsknomekspl4m9',
)
[ info ] [ PARAM ] array (
  '/padmin/adminlogin/loginaction_html' => '',
  'username' => 'it02',
  'password' => 'loevluma',
)
[ info ] [ DB ] INIT mysql
[ sql ] [ DB ] CONNECT:[ UseTime:0.021345s ] mysql:host=127.0.0.1;dbname=compmgmt;charset=utf8
[ sql ] [ SQL ] SHOW COLUMNS FROM `admin` [ RunTime:0.003316s ]
[ sql ] [ SQL ] SELECT * FROM `admin` WHERE  `username` = 'it02' LIMIT 1 [ RunTime:0.001204s ]
[ sql ] [ SQL ] UPDATE `admin`  SET `lastip` = '192.168.10.85' , `lastvisit` = '1587090343'  WHERE  `id` = 17 [ RunTime:0.000841s ]
---------------------------------------------------------------
[ 2020-04-17T10:25:44+08:00 ] 192.168.10.85 GET 192.168.10.210/padmin/index/index.html
[运行时间：0.005831s] [吞吐率：171.50req/s] [内存消耗：500.47kb] [文件加载：75]
[ info ] [ LANG ] /var/www/html/compmgmt/thinkphp/lang/zh-cn.php
[ info ] [ LANG ] /var/www/html/compmgmt/application/lang/zh-cn.php
[ info ] [ ROUTE ] array (
)
[ info ] [ HEADER ] array (
  'host' => '192.168.10.210',
  'user-agent' => 'Mozilla/5.0 (X11; Ubuntu; Linux x86_64; rv:75.0) Gecko/20100101 Firefox/75.0',
  'accept' => 'text/html,application/xhtml+xml,application/xml;q=0.9,image/webp,*/*;q=0.8',
  'accept-language' => 'zh-CN,zh;q=0.8,zh-TW;q=0.7,zh-HK;q=0.5,en-US;q=0.3,en;q=0.2',
  'accept-encoding' => 'gzip, deflate',
  'connection' => 'keep-alive',
  'referer' => 'http://192.168.10.210/padmin/adminlogin/index.html',
  'cookie' => 'Hm_lvt_d214947968792b839fd669a4decaaffc=1586932014; PHPSESSID=6rl7o31p5smkpsknomekspl4m9',
  'upgrade-insecure-requests' => '1',
)
[ info ] [ PARAM ] array (
  '/padmin/index/index_html' => '',
)
[ info ] [ VIEW ] /var/www/html/compmgmt/application/padmin/view/index/index.html [ array (
  0 => 'PAdmin',
  1 => 'data',
  2 => 'msg',
) ]
---------------------------------------------------------------
[ 2020-04-17T10:25:44+08:00 ] 192.168.10.85 GET 192.168.10.210/padmin/index/computer.html
[运行时间：0.035773s] [吞吐率：27.95req/s] [内存消耗：735.80kb] [文件加载：80]
[ info ] [ LANG ] /var/www/html/compmgmt/thinkphp/lang/zh-cn.php
[ info ] [ LANG ] /var/www/html/compmgmt/application/lang/zh-cn.php
[ info ] [ ROUTE ] array (
)
[ info ] [ HEADER ] array (
  'host' => '192.168.10.210',
  'user-agent' => 'Mozilla/5.0 (X11; Ubuntu; Linux x86_64; rv:75.0) Gecko/20100101 Firefox/75.0',
  'accept' => 'text/html,application/xhtml+xml,application/xml;q=0.9,image/webp,*/*;q=0.8',
  'accept-language' => 'zh-CN,zh;q=0.8,zh-TW;q=0.7,zh-HK;q=0.5,en-US;q=0.3,en;q=0.2',
  'accept-encoding' => 'gzip, deflate',
  'connection' => 'keep-alive',
  'referer' => 'http://192.168.10.210/padmin/index/index.html',
  'cookie' => 'Hm_lvt_d214947968792b839fd669a4decaaffc=1586932014; PHPSESSID=6rl7o31p5smkpsknomekspl4m9',
  'upgrade-insecure-requests' => '1',
)
[ info ] [ PARAM ] array (
  '/padmin/index/computer_html' => '',
)
[ info ] [ DB ] INIT mysql
[ info ] [ VIEW ] /var/www/html/compmgmt/application/padmin/view/index/computer.html [ array (
  0 => 'PAdmin',
  1 => 'internetAccess',
) ]
[ sql ] [ DB ] CONNECT:[ UseTime:0.012142s ] mysql:host=127.0.0.1;dbname=compmgmt;charset=utf8
[ sql ] [ SQL ] SHOW COLUMNS FROM `internet_access` [ RunTime:0.002983s ]
[ sql ] [ SQL ] SELECT * FROM `internet_access` WHERE  `disabled` = 0 [ RunTime:0.000697s ]
---------------------------------------------------------------
[ 2020-04-17T10:25:44+08:00 ] 192.168.10.85 GET 192.168.10.210/static/padmin/css/font-awesome.css
[运行时间：0.007481s] [吞吐率：133.67req/s] [内存消耗：478.73kb] [文件加载：79]
[ info ] [ LANG ] /var/www/html/compmgmt/thinkphp/lang/zh-cn.php
[ info ] [ LANG ] /var/www/html/compmgmt/application/lang/zh-cn.php
[ info ] [ LANG ] /var/www/html/compmgmt/application/index//lang/zh-cn.php
[ info ] [ ROUTE ] array (
)
[ info ] [ HEADER ] array (
  'host' => '192.168.10.210',
  'user-agent' => 'Mozilla/5.0 (X11; Ubuntu; Linux x86_64; rv:75.0) Gecko/20100101 Firefox/75.0',
  'accept' => 'text/css,*/*;q=0.1',
  'accept-language' => 'zh-CN,zh;q=0.8,zh-TW;q=0.7,zh-HK;q=0.5,en-US;q=0.3,en;q=0.2',
  'accept-encoding' => 'gzip, deflate',
  'connection' => 'keep-alive',
  'referer' => 'http://192.168.10.210/static/padmin/css/style.css',
  'cookie' => 'Hm_lvt_d214947968792b839fd669a4decaaffc=1586932014; PHPSESSID=6rl7o31p5smkpsknomekspl4m9',
)
[ info ] [ PARAM ] array (
  '/static/padmin/css/font-awesome_css' => '',
)
[ error ] [0]致命错误: Class 'app\service\SystemService' not found[/var/www/html/compmgmt/application/index/controller/Common.php:54]
---------------------------------------------------------------
[ 2020-04-17T10:25:44+08:00 ] 192.168.10.85 GET 192.168.10.210/static/padmin/css/animate.css
[运行时间：0.009660s] [吞吐率：103.52req/s] [内存消耗：478.70kb] [文件加载：79]
[ info ] [ LANG ] /var/www/html/compmgmt/thinkphp/lang/zh-cn.php
[ info ] [ LANG ] /var/www/html/compmgmt/application/lang/zh-cn.php
[ info ] [ LANG ] /var/www/html/compmgmt/application/index//lang/zh-cn.php
[ info ] [ ROUTE ] array (
)
[ info ] [ HEADER ] array (
  'host' => '192.168.10.210',
  'user-agent' => 'Mozilla/5.0 (X11; Ubuntu; Linux x86_64; rv:75.0) Gecko/20100101 Firefox/75.0',
  'accept' => 'text/css,*/*;q=0.1',
  'accept-language' => 'zh-CN,zh;q=0.8,zh-TW;q=0.7,zh-HK;q=0.5,en-US;q=0.3,en;q=0.2',
  'accept-encoding' => 'gzip, deflate',
  'connection' => 'keep-alive',
  'referer' => 'http://192.168.10.210/static/padmin/css/style.css',
  'cookie' => 'Hm_lvt_d214947968792b839fd669a4decaaffc=1586932014; PHPSESSID=6rl7o31p5smkpsknomekspl4m9',
)
[ info ] [ PARAM ] array (
  '/static/padmin/css/animate_css' => '',
)
[ error ] [0]致命错误: Class 'app\service\SystemService' not found[/var/www/html/compmgmt/application/index/controller/Common.php:54]
---------------------------------------------------------------
[ 2020-04-17T10:25:45+08:00 ] 192.168.10.85 GET 192.168.10.210/static/padmin/css/animate.css
[运行时间：0.009283s] [吞吐率：107.72req/s] [内存消耗：478.70kb] [文件加载：79]
[ info ] [ LANG ] /var/www/html/compmgmt/thinkphp/lang/zh-cn.php
[ info ] [ LANG ] /var/www/html/compmgmt/application/lang/zh-cn.php
[ info ] [ LANG ] /var/www/html/compmgmt/application/index//lang/zh-cn.php
[ info ] [ ROUTE ] array (
)
[ info ] [ HEADER ] array (
  'host' => '192.168.10.210',
  'user-agent' => 'Mozilla/5.0 (X11; Ubuntu; Linux x86_64; rv:75.0) Gecko/20100101 Firefox/75.0',
  'accept' => 'text/css,*/*;q=0.1',
  'accept-language' => 'zh-CN,zh;q=0.8,zh-TW;q=0.7,zh-HK;q=0.5,en-US;q=0.3,en;q=0.2',
  'accept-encoding' => 'gzip, deflate',
  'connection' => 'keep-alive',
  'referer' => 'http://192.168.10.210/static/padmin/css/style.css',
  'cookie' => 'Hm_lvt_d214947968792b839fd669a4decaaffc=1586932014; PHPSESSID=6rl7o31p5smkpsknomekspl4m9',
)
[ info ] [ PARAM ] array (
  '/static/padmin/css/animate_css' => '',
)
[ error ] [0]致命错误: Class 'app\service\SystemService' not found[/var/www/html/compmgmt/application/index/controller/Common.php:54]
---------------------------------------------------------------
[ 2020-04-17T10:25:45+08:00 ] 192.168.10.85 GET 192.168.10.210/static/padmin/css/font-awesome.css
[运行时间：0.009101s] [吞吐率：109.88req/s] [内存消耗：478.73kb] [文件加载：79]
[ info ] [ LANG ] /var/www/html/compmgmt/thinkphp/lang/zh-cn.php
[ info ] [ LANG ] /var/www/html/compmgmt/application/lang/zh-cn.php
[ info ] [ LANG ] /var/www/html/compmgmt/application/index//lang/zh-cn.php
[ info ] [ ROUTE ] array (
)
[ info ] [ HEADER ] array (
  'host' => '192.168.10.210',
  'user-agent' => 'Mozilla/5.0 (X11; Ubuntu; Linux x86_64; rv:75.0) Gecko/20100101 Firefox/75.0',
  'accept' => 'text/css,*/*;q=0.1',
  'accept-language' => 'zh-CN,zh;q=0.8,zh-TW;q=0.7,zh-HK;q=0.5,en-US;q=0.3,en;q=0.2',
  'accept-encoding' => 'gzip, deflate',
  'connection' => 'keep-alive',
  'referer' => 'http://192.168.10.210/static/padmin/css/style.css',
  'cookie' => 'Hm_lvt_d214947968792b839fd669a4decaaffc=1586932014; PHPSESSID=6rl7o31p5smkpsknomekspl4m9',
)
[ info ] [ PARAM ] array (
  '/static/padmin/css/font-awesome_css' => '',
)
[ error ] [0]致命错误: Class 'app\service\SystemService' not found[/var/www/html/compmgmt/application/index/controller/Common.php:54]
---------------------------------------------------------------
[ 2020-04-17T10:25:45+08:00 ] 192.168.10.85 GET 192.168.10.210/padmin/index/getcomplist.html?page=1&limit=20&keyword=
[运行时间：0.085339s] [吞吐率：11.72req/s] [内存消耗：869.07kb] [文件加载：90]
[ info ] [ LANG ] /var/www/html/compmgmt/thinkphp/lang/zh-cn.php
[ info ] [ LANG ] /var/www/html/compmgmt/application/lang/zh-cn.php
[ info ] [ ROUTE ] array (
)
[ info ] [ HEADER ] array (
  'host' => '192.168.10.210',
  'user-agent' => 'Mozilla/5.0 (X11; Ubuntu; Linux x86_64; rv:75.0) Gecko/20100101 Firefox/75.0',
  'accept' => 'application/json, text/javascript, */*; q=0.01',
  'accept-language' => 'zh-CN,zh;q=0.8,zh-TW;q=0.7,zh-HK;q=0.5,en-US;q=0.3,en;q=0.2',
  'accept-encoding' => 'gzip, deflate',
  'x-requested-with' => 'XMLHttpRequest',
  'connection' => 'keep-alive',
  'referer' => 'http://192.168.10.210/padmin/index/computer.html',
  'cookie' => 'Hm_lvt_d214947968792b839fd669a4decaaffc=1586932014; PHPSESSID=6rl7o31p5smkpsknomekspl4m9; Hm_lpvt_d214947968792b839fd669a4decaaffc=1587090346',
)
[ info ] [ PARAM ] array (
  '/padmin/index/getcomplist_html' => '',
  'page' => '1',
  'limit' => '20',
  'keyword' => '',
)
[ info ] [ DB ] INIT mysql
[ sql ] [ DB ] CONNECT:[ UseTime:0.036505s ] mysql:host=127.0.0.1;dbname=compmgmt;charset=utf8
[ sql ] [ SQL ] SHOW COLUMNS FROM `computer` [ RunTime:0.003352s ]
[ sql ] [ SQL ] SELECT COUNT(*) AS tp_count FROM `computer` `c` LEFT JOIN `department` `d` ON `d`.`id`=`c`.`department_id` LEFT JOIN `staff` `s` ON `s`.`id`=`c`.`staff_id` WHERE  `d`.`name` LIKE '%%'  OR `s`.`name` LIKE '%%'  OR `c`.`FQDN` LIKE '%%'  OR `c`.`asset_id` LIKE '%%'  OR `c`.`MAC` LIKE '%%'  OR `c`.`ip_addr_v4` LIKE '%%'  OR `c`.`domain_name` LIKE '%%' LIMIT 1 [ RunTime:0.000735s ]
[ sql ] [ SQL ] SELECT `c`.*,d.name as department,s.name as staff FROM `computer` `c` LEFT JOIN `department` `d` ON `d`.`id`=`c`.`department_id` LEFT JOIN `staff` `s` ON `s`.`id`=`c`.`staff_id` WHERE  `d`.`name` LIKE '%%'  OR `s`.`name` LIKE '%%'  OR `c`.`FQDN` LIKE '%%'  OR `c`.`asset_id` LIKE '%%'  OR `c`.`MAC` LIKE '%%'  OR `c`.`ip_addr_v4` LIKE '%%'  OR `c`.`domain_name` LIKE '%%' LIMIT 0,20 [ RunTime:0.001468s ]
[ sql ] [ SQL ] SHOW COLUMNS FROM `os` [ RunTime:0.002530s ]
[ sql ] [ SQL ] SELECT `name`,`version`,`arch` FROM `os` WHERE  `id` = 6 LIMIT 1 [ RunTime:0.000503s ]
[ sql ] [ SQL ] SHOW COLUMNS FROM `computer_internet_access` [ RunTime:0.002332s ]
[ sql ] [ SQL ] SELECT `access_id` FROM `computer_internet_access` WHERE  `computer_id` = 1 [ RunTime:0.000510s ]
[ sql ] [ SQL ] SELECT `name`,`version`,`arch` FROM `os` WHERE  `id` = 1 LIMIT 1 [ RunTime:0.000927s ]
[ sql ] [ SQL ] SELECT `access_id` FROM `computer_internet_access` WHERE  `computer_id` = 2 [ RunTime:0.000645s ]
[ sql ] [ SQL ] SELECT `name`,`version`,`arch` FROM `os` WHERE  `id` = 3 LIMIT 1 [ RunTime:0.000472s ]
[ sql ] [ SQL ] SELECT `access_id` FROM `computer_internet_access` WHERE  `computer_id` = 4 [ RunTime:0.000421s ]
[ sql ] [ SQL ] SELECT `name`,`version`,`arch` FROM `os` WHERE  `id` = 1 LIMIT 1 [ RunTime:0.000510s ]
[ sql ] [ SQL ] SELECT `access_id` FROM `computer_internet_access` WHERE  `computer_id` = 5 [ RunTime:0.000452s ]
[ sql ] [ SQL ] SELECT `name`,`version`,`arch` FROM `os` WHERE  `id` = 1 LIMIT 1 [ RunTime:0.000470s ]
[ sql ] [ SQL ] SELECT `access_id` FROM `computer_internet_access` WHERE  `computer_id` = 7 [ RunTime:0.000539s ]
[ sql ] [ SQL ] SELECT `name`,`version`,`arch` FROM `os` WHERE  `id` = 3 LIMIT 1 [ RunTime:0.000429s ]
[ sql ] [ SQL ] SELECT `access_id` FROM `computer_internet_access` WHERE  `computer_id` = 8 [ RunTime:0.000479s ]
[ sql ] [ SQL ] SELECT `name`,`version`,`arch` FROM `os` WHERE  `id` = 1 LIMIT 1 [ RunTime:0.000477s ]
[ sql ] [ SQL ] SELECT `access_id` FROM `computer_internet_access` WHERE  `computer_id` = 9 [ RunTime:0.001829s ]
[ sql ] [ SQL ] SELECT `name`,`version`,`arch` FROM `os` WHERE  `id` = 1 LIMIT 1 [ RunTime:0.000597s ]
[ sql ] [ SQL ] SELECT `access_id` FROM `computer_internet_access` WHERE  `computer_id` = 10 [ RunTime:0.000502s ]
[ sql ] [ SQL ] SELECT `name`,`version`,`arch` FROM `os` WHERE  `id` = 10 LIMIT 1 [ RunTime:0.000426s ]
[ sql ] [ SQL ] SELECT `access_id` FROM `computer_internet_access` WHERE  `computer_id` = 11 [ RunTime:0.000544s ]
[ sql ] [ SQL ] SELECT `name`,`version`,`arch` FROM `os` WHERE  `id` = 10 LIMIT 1 [ RunTime:0.000464s ]
[ sql ] [ SQL ] SELECT `access_id` FROM `computer_internet_access` WHERE  `computer_id` = 12 [ RunTime:0.000420s ]
[ sql ] [ SQL ] SELECT `name`,`version`,`arch` FROM `os` WHERE  `id` = 10 LIMIT 1 [ RunTime:0.000583s ]
[ sql ] [ SQL ] SELECT `access_id` FROM `computer_internet_access` WHERE  `computer_id` = 13 [ RunTime:0.000384s ]
[ sql ] [ SQL ] SELECT `name`,`version`,`arch` FROM `os` WHERE  `id` = 2 LIMIT 1 [ RunTime:0.000434s ]
[ sql ] [ SQL ] SELECT `access_id` FROM `computer_internet_access` WHERE  `computer_id` = 14 [ RunTime:0.000788s ]
[ sql ] [ SQL ] SELECT `name`,`version`,`arch` FROM `os` WHERE  `id` = 2 LIMIT 1 [ RunTime:0.000528s ]
[ sql ] [ SQL ] SELECT `access_id` FROM `computer_internet_access` WHERE  `computer_id` = 15 [ RunTime:0.000560s ]
[ sql ] [ SQL ] SELECT `name`,`version`,`arch` FROM `os` WHERE  `id` = 11 LIMIT 1 [ RunTime:0.000533s ]
[ sql ] [ SQL ] SELECT `access_id` FROM `computer_internet_access` WHERE  `computer_id` = 16 [ RunTime:0.000410s ]
[ sql ] [ SQL ] SELECT `name`,`version`,`arch` FROM `os` WHERE  `id` = 10 LIMIT 1 [ RunTime:0.000451s ]
[ sql ] [ SQL ] SELECT `access_id` FROM `computer_internet_access` WHERE  `computer_id` = 17 [ RunTime:0.000421s ]
[ sql ] [ SQL ] SELECT `name`,`version`,`arch` FROM `os` WHERE  `id` = 2 LIMIT 1 [ RunTime:0.000527s ]
[ sql ] [ SQL ] SELECT `access_id` FROM `computer_internet_access` WHERE  `computer_id` = 18 [ RunTime:0.000530s ]
[ sql ] [ SQL ] SELECT `name`,`version`,`arch` FROM `os` WHERE  `id` = 3 LIMIT 1 [ RunTime:0.000471s ]
[ sql ] [ SQL ] SELECT `access_id` FROM `computer_internet_access` WHERE  `computer_id` = 20 [ RunTime:0.000515s ]
[ sql ] [ SQL ] SELECT `name`,`version`,`arch` FROM `os` WHERE  `id` = 3 LIMIT 1 [ RunTime:0.000405s ]
[ sql ] [ SQL ] SELECT `access_id` FROM `computer_internet_access` WHERE  `computer_id` = 21 [ RunTime:0.000448s ]
[ sql ] [ SQL ] SELECT `name`,`version`,`arch` FROM `os` WHERE  `id` = 10 LIMIT 1 [ RunTime:0.000448s ]
[ sql ] [ SQL ] SELECT `access_id` FROM `computer_internet_access` WHERE  `computer_id` = 22 [ RunTime:0.000426s ]
[ sql ] [ SQL ] SELECT `name`,`version`,`arch` FROM `os` WHERE  `id` = 10 LIMIT 1 [ RunTime:0.000840s ]
[ sql ] [ SQL ] SELECT `access_id` FROM `computer_internet_access` WHERE  `computer_id` = 23 [ RunTime:0.000550s ]
---------------------------------------------------------------
[ 2020-04-17T10:25:50+08:00 ] 192.168.10.85 GET 192.168.10.210/padmin/index/getcomplist.html?page=1&limit=20&keyword=%E8%A1%8C
[运行时间：0.091778s] [吞吐率：10.90req/s] [内存消耗：853.36kb] [文件加载：90]
[ info ] [ LANG ] /var/www/html/compmgmt/thinkphp/lang/zh-cn.php
[ info ] [ LANG ] /var/www/html/compmgmt/application/lang/zh-cn.php
[ info ] [ ROUTE ] array (
)
[ info ] [ HEADER ] array (
  'host' => '192.168.10.210',
  'user-agent' => 'Mozilla/5.0 (X11; Ubuntu; Linux x86_64; rv:75.0) Gecko/20100101 Firefox/75.0',
  'accept' => 'application/json, text/javascript, */*; q=0.01',
  'accept-language' => 'zh-CN,zh;q=0.8,zh-TW;q=0.7,zh-HK;q=0.5,en-US;q=0.3,en;q=0.2',
  'accept-encoding' => 'gzip, deflate',
  'x-requested-with' => 'XMLHttpRequest',
  'connection' => 'keep-alive',
  'referer' => 'http://192.168.10.210/padmin/index/computer.html',
  'cookie' => 'Hm_lvt_d214947968792b839fd669a4decaaffc=1586932014; PHPSESSID=6rl7o31p5smkpsknomekspl4m9; Hm_lpvt_d214947968792b839fd669a4decaaffc=1587090346',
)
[ info ] [ PARAM ] array (
  '/padmin/index/getcomplist_html' => '',
  'page' => '1',
  'limit' => '20',
  'keyword' => '行',
)
[ info ] [ DB ] INIT mysql
[ sql ] [ DB ] CONNECT:[ UseTime:0.039780s ] mysql:host=127.0.0.1;dbname=compmgmt;charset=utf8
[ sql ] [ SQL ] SHOW COLUMNS FROM `computer` [ RunTime:0.014409s ]
[ sql ] [ SQL ] SELECT COUNT(*) AS tp_count FROM `computer` `c` LEFT JOIN `department` `d` ON `d`.`id`=`c`.`department_id` LEFT JOIN `staff` `s` ON `s`.`id`=`c`.`staff_id` WHERE  `d`.`name` LIKE '%行%'  OR `s`.`name` LIKE '%行%'  OR `c`.`FQDN` LIKE '%行%'  OR `c`.`asset_id` LIKE '%行%'  OR `c`.`MAC` LIKE '%行%'  OR `c`.`ip_addr_v4` LIKE '%行%'  OR `c`.`domain_name` LIKE '%行%' LIMIT 1 [ RunTime:0.001997s ]
[ sql ] [ SQL ] SELECT `c`.*,d.name as department,s.name as staff FROM `computer` `c` LEFT JOIN `department` `d` ON `d`.`id`=`c`.`department_id` LEFT JOIN `staff` `s` ON `s`.`id`=`c`.`staff_id` WHERE  `d`.`name` LIKE '%行%'  OR `s`.`name` LIKE '%行%'  OR `c`.`FQDN` LIKE '%行%'  OR `c`.`asset_id` LIKE '%行%'  OR `c`.`MAC` LIKE '%行%'  OR `c`.`ip_addr_v4` LIKE '%行%'  OR `c`.`domain_name` LIKE '%行%' LIMIT 0,20 [ RunTime:0.014793s ]
[ sql ] [ SQL ] SHOW COLUMNS FROM `os` [ RunTime:0.002663s ]
[ sql ] [ SQL ] SELECT `name`,`version`,`arch` FROM `os` WHERE  `id` = 6 LIMIT 1 [ RunTime:0.000539s ]
[ sql ] [ SQL ] SHOW COLUMNS FROM `computer_internet_access` [ RunTime:0.002430s ]
[ sql ] [ SQL ] SELECT `access_id` FROM `computer_internet_access` WHERE  `computer_id` = 1 [ RunTime:0.000553s ]
[ sql ] [ SQL ] SELECT `name`,`version`,`arch` FROM `os` WHERE  `id` = 1 LIMIT 1 [ RunTime:0.000477s ]
[ sql ] [ SQL ] SELECT `access_id` FROM `computer_internet_access` WHERE  `computer_id` = 2 [ RunTime:0.000508s ]
[ sql ] [ SQL ] SELECT `name`,`version`,`arch` FROM `os` WHERE  `id` = 1 LIMIT 1 [ RunTime:0.000493s ]
[ sql ] [ SQL ] SELECT `access_id` FROM `computer_internet_access` WHERE  `computer_id` = 5 [ RunTime:0.000469s ]
[ sql ] [ SQL ] SELECT `name`,`version`,`arch` FROM `os` WHERE  `id` = 1 LIMIT 1 [ RunTime:0.000490s ]
[ sql ] [ SQL ] SELECT `access_id` FROM `computer_internet_access` WHERE  `computer_id` = 7 [ RunTime:0.000470s ]
[ sql ] [ SQL ] SELECT `name`,`version`,`arch` FROM `os` WHERE  `id` = 3 LIMIT 1 [ RunTime:0.000537s ]
[ sql ] [ SQL ] SELECT `access_id` FROM `computer_internet_access` WHERE  `computer_id` = 8 [ RunTime:0.000419s ]
[ sql ] [ SQL ] SELECT `name`,`version`,`arch` FROM `os` WHERE  `id` = 1 LIMIT 1 [ RunTime:0.000525s ]
[ sql ] [ SQL ] SELECT `access_id` FROM `computer_internet_access` WHERE  `computer_id` = 10 [ RunTime:0.000539s ]
