---------------------------------------------------------------
[ 2020-04-29T09:57:17+08:00 ] 192.168.10.85 GET 192.168.10.210/padmin/adminlogin/index.html
[运行时间：0.267176s] [吞吐率：3.74req/s] [内存消耗：757.77kb] [文件加载：74]
[ info ] [ LANG ] /var/www/html/compmgmt/thinkphp/lang/zh-cn.php
[ info ] [ LANG ] /var/www/html/compmgmt/application/lang/zh-cn.php
[ info ] [ ROUTE ] array (
)
[ info ] [ HEADER ] array (
  'host' => '192.168.10.210',
  'user-agent' => 'Mozilla/5.0 (X11; Ubuntu; Linux x86_64; rv:75.0) Gecko/20100101 Firefox/75.0',
  'accept' => 'text/html,application/xhtml+xml,application/xml;q=0.9,image/webp,*/*;q=0.8',
  'accept-language' => 'zh-CN,zh;q=0.8,zh-TW;q=0.7,zh-HK;q=0.5,en-US;q=0.3,en;q=0.2',
  'accept-encoding' => 'gzip, deflate',
  'referer' => 'http://192.168.10.210/padmin/adminlogin/index.html',
  'connection' => 'keep-alive',
  'cookie' => 'Hm_lvt_d214947968792b839fd669a4decaaffc=1586932014,1587523177',
  'upgrade-insecure-requests' => '1',
)
[ info ] [ PARAM ] array (
  '/padmin/adminlogin/index_html' => '',
)
[ info ] [ VIEW ] /var/www/html/compmgmt/application/padmin/view/index/login.html [ array (
  0 => 'title',
) ]
