---------------------------------------------------------------
[ 2020-06-16T01:34:46+08:00 ] 195.54.160.135 POST 183.14.82.111:8081/service/extdirect
[运行时间：0.030770s] [吞吐率：32.50req/s] [内存消耗：470.02kb] [文件加载：75]
[ info ] [ LANG ] /var/www/html/compmgmt/thinkphp/lang/zh-cn.php
[ info ] [ LANG ] /var/www/html/compmgmt/application/lang/zh-cn.php
[ info ] [ ROUTE ] array (
)
[ info ] [ HEADER ] array (
  'host' => '183.14.82.111:8081',
  'user-agent' => 'Mozilla/5.0 (Windows NT 10.0; Win64; x64) AppleWebKit/537.36 (KHTML, like Gecko) Chrome/78.0.3904.108 Safari/537.36',
  'content-length' => '293',
  'content-type' => 'application/json',
  'accept-encoding' => 'gzip',
  'connection' => 'close',
)
[ info ] [ PARAM ] array (
  '/service/extdirect' => '',
  'action' => 'coreui_Component',
  'data' => 
  array (
    0 => 
    array (
      'filter' => 
      array (
        0 => 
        array (
          'property' => 'repositoryName',
          'value' => '*',
        ),
        1 => 
        array (
          'property' => 'expression',
          'value' => '1==1',
        ),
        2 => 
        array (
          'property' => 'type',
          'value' => 'jexl',
        ),
      ),
      'limit' => '50',
      'page' => '1',
      'sort' => 
      array (
        0 => 
        array (
          'direction' => 'ASC',
          'property' => 'name',
        ),
      ),
      'start' => '0',
    ),
  ),
  'method' => 'previewAssets',
  'tid' => '18',
  'type' => 'rpc',
)
---------------------------------------------------------------
[ 2020-06-16T01:40:43+08:00 ] 195.54.160.135 GET 183.14.82.111:8081/jars
[运行时间：0.027326s] [吞吐率：36.60req/s] [内存消耗：498.10kb] [文件加载：76]
[ info ] [ LANG ] /var/www/html/compmgmt/thinkphp/lang/zh-cn.php
[ info ] [ LANG ] /var/www/html/compmgmt/application/lang/zh-cn.php
[ info ] [ ROUTE ] array (
)
[ info ] [ HEADER ] array (
  'host' => '183.14.82.111:8081',
  'user-agent' => 'Mozilla/5.0 (Windows NT 10.0; Win64; x64) AppleWebKit/537.36 (KHTML, like Gecko) Chrome/78.0.3904.108 Safari/537.36',
  'content-type' => 'application/json',
  'accept-encoding' => 'gzip',
  'connection' => 'close',
)
[ info ] [ PARAM ] array (
  '/jars' => '',
)
---------------------------------------------------------------
[ 2020-06-16T01:40:45+08:00 ] 195.54.160.135 GET 183.14.82.111:8081/padmin/adminlogin/index.html
[运行时间：0.099610s] [吞吐率：10.04req/s] [内存消耗：488.65kb] [文件加载：74]
[ info ] [ LANG ] /var/www/html/compmgmt/thinkphp/lang/zh-cn.php
[ info ] [ LANG ] /var/www/html/compmgmt/application/lang/zh-cn.php
[ info ] [ ROUTE ] array (
)
[ info ] [ HEADER ] array (
  'host' => '183.14.82.111:8081',
  'user-agent' => 'Mozilla/5.0 (Windows NT 10.0; Win64; x64) AppleWebKit/537.36 (KHTML, like Gecko) Chrome/78.0.3904.108 Safari/537.36',
  'content-type' => 'application/json',
  'referer' => 'http://183.14.82.111:8081/jars',
  'accept-encoding' => 'gzip',
  'connection' => 'close',
)
[ info ] [ PARAM ] array (
  '/padmin/adminlogin/index_html' => '',
)
[ info ] [ VIEW ] /var/www/html/compmgmt/application/padmin/view/index/login.html [ array (
  0 => 'title',
) ]
---------------------------------------------------------------
[ 2020-06-16T01:40:51+08:00 ] 195.54.160.135 GET 183.14.82.111:8081/
[运行时间：0.007688s] [吞吐率：130.07req/s] [内存消耗：489.98kb] [文件加载：75]
[ info ] [ LANG ] /var/www/html/compmgmt/thinkphp/lang/zh-cn.php
[ info ] [ LANG ] /var/www/html/compmgmt/application/lang/zh-cn.php
[ info ] [ ROUTE ] array (
  'rule' => '',
  'route' => 'index/index',
  'option' => 
  array (
    'merge_rule_regex' => false,
    'complete_match' => true,
  ),
  'var' => 
  array (
  ),
)
[ info ] [ HEADER ] array (
  'host' => '183.14.82.111:8081',
  'user-agent' => 'Mozilla/5.0 (Windows NT 10.0; Win64; x64) AppleWebKit/537.36 (KHTML, like Gecko) Chrome/78.0.3904.108 Safari/537.36',
  'authorization' => 'Basic YWRtaW46cGFzcw==',
  'content-type' => 'application/json',
  'accept-encoding' => 'gzip',
  'connection' => 'close',
)
[ info ] [ PARAM ] array (
)
---------------------------------------------------------------
[ 2020-06-16T01:40:52+08:00 ] 195.54.160.135 GET 183.14.82.111:8081/padmin/adminlogin/index.html
[运行时间：0.007415s] [吞吐率：134.86req/s] [内存消耗：486.88kb] [文件加载：74]
[ info ] [ LANG ] /var/www/html/compmgmt/thinkphp/lang/zh-cn.php
[ info ] [ LANG ] /var/www/html/compmgmt/application/lang/zh-cn.php
[ info ] [ ROUTE ] array (
)
[ info ] [ HEADER ] array (
  'host' => '183.14.82.111:8081',
  'user-agent' => 'Mozilla/5.0 (Windows NT 10.0; Win64; x64) AppleWebKit/537.36 (KHTML, like Gecko) Chrome/78.0.3904.108 Safari/537.36',
  'authorization' => 'Basic YWRtaW46cGFzcw==',
  'content-type' => 'application/json',
  'referer' => 'http://183.14.82.111:8081/',
  'accept-encoding' => 'gzip',
  'connection' => 'close',
)
[ info ] [ PARAM ] array (
  '/padmin/adminlogin/index_html' => '',
)
[ info ] [ VIEW ] /var/www/html/compmgmt/application/padmin/view/index/login.html [ array (
  0 => 'title',
) ]
---------------------------------------------------------------
[ 2020-06-16T02:05:42+08:00 ] 106.45.0.153 HEAD 123.125.114.144http://123.125.114.144/
[运行时间：0.027467s] [吞吐率：36.41req/s] [内存消耗：493.54kb] [文件加载：76]
[ info ] [ LANG ] /var/www/html/compmgmt/thinkphp/lang/zh-cn.php
[ info ] [ LANG ] /var/www/html/compmgmt/application/lang/zh-cn.php
[ info ] [ ROUTE ] array (
)
[ info ] [ HEADER ] array (
  'host' => '123.125.114.144',
  'proxy-authorization' => 'Basic Og==',
  'proxy-connection' => 'Keep-Alive',
  'accept-language' => 'zh-CN,zh;q=0.8',
  'accept' => 'text/html,application/xhtml+xml,application/xml;q=0.9,image/webp,*/*;q=0.8',
  'user-agent' => 'Mozilla/5.01724933 Mozilla/5.0 (iPhone; CPU iPhone OS 11_3 like Mac OS X) AppleWebKit/605.1.15 (KHTML, like Gecko) Mobile/15E302',
  'accept-encoding' => 'gzip, deflate, sdch',
  'cache-control' => 'max-age=0',
  'connection' => 'keep-alive',
)
[ info ] [ PARAM ] array (
)
---------------------------------------------------------------
[ 2020-06-16T02:05:42+08:00 ] 106.45.0.153 HEAD 123.125.114.144http://123.125.114.144/padmin/adminlogin/index.html
[运行时间：0.006346s] [吞吐率：157.58req/s] [内存消耗：482.31kb] [文件加载：74]
[ info ] [ LANG ] /var/www/html/compmgmt/thinkphp/lang/zh-cn.php
[ info ] [ LANG ] /var/www/html/compmgmt/application/lang/zh-cn.php
[ info ] [ ROUTE ] array (
)
[ info ] [ HEADER ] array (
  'host' => '123.125.114.144',
  'proxy-authorization' => 'Basic Og==',
  'proxy-connection' => 'Keep-Alive',
  'accept-language' => 'zh-CN,zh;q=0.8',
  'accept' => 'text/html,application/xhtml+xml,application/xml;q=0.9,image/webp,*/*;q=0.8',
  'user-agent' => 'Mozilla/5.01724933 Mozilla/5.0 (iPhone; CPU iPhone OS 11_3 like Mac OS X) AppleWebKit/605.1.15 (KHTML, like Gecko) Mobile/15E302',
  'accept-encoding' => 'gzip, deflate, sdch',
  'cache-control' => 'max-age=0',
  'connection' => 'keep-alive',
)
[ info ] [ PARAM ] array (
  '/padmin/adminlogin/index_html' => '',
)
[ info ] [ VIEW ] /var/www/html/compmgmt/application/padmin/view/index/login.html [ array (
  0 => 'title',
) ]
---------------------------------------------------------------
[ 2020-06-16T02:05:43+08:00 ] 124.235.138.103 GET www.epochtimes.comhttp://www.epochtimes.com/
[运行时间：0.006073s] [吞吐率：164.66req/s] [内存消耗：491.26kb] [文件加载：75]
[ info ] [ LANG ] /var/www/html/compmgmt/thinkphp/lang/zh-cn.php
[ info ] [ LANG ] /var/www/html/compmgmt/application/lang/zh-cn.php
[ info ] [ ROUTE ] array (
  'rule' => '',
  'route' => 'index/index',
  'option' => 
  array (
    'merge_rule_regex' => false,
    'complete_match' => true,
  ),
  'var' => 
  array (
  ),
)
[ info ] [ HEADER ] array (
  'host' => 'www.epochtimes.com',
  'proxy-authorization' => 'Basic Og==',
  'proxy-connection' => 'Keep-Alive',
  'cache-control' => 'max-age=0',
  'user-agent' => 'Mozilla/5.0 (Windows NT 10.0; WOW64) AppleWebKit/537.36 (KHTML, like Gecko) Chrome/45.0.2454.101 Safari/537.36',
  'accept-encoding' => 'gzip, deflate, sdch',
  'connection' => 'keep-alive',
  'accept-language' => 'zh-CN,zh;q=0.8',
  'accept' => 'text/html,application/xhtml+xml,application/xml;q=0.9,image/webp,*/*;q=0.8',
)
[ info ] [ PARAM ] array (
)
---------------------------------------------------------------
[ 2020-06-16T02:05:43+08:00 ] 124.235.138.103 GET www.epochtimes.comhttp://www.epochtimes.com/padmin/adminlogin/index.html
[运行时间：0.006313s] [吞吐率：158.40req/s] [内存消耗：487.83kb] [文件加载：74]
[ info ] [ LANG ] /var/www/html/compmgmt/thinkphp/lang/zh-cn.php
[ info ] [ LANG ] /var/www/html/compmgmt/application/lang/zh-cn.php
[ info ] [ ROUTE ] array (
)
[ info ] [ HEADER ] array (
  'host' => 'www.epochtimes.com',
  'proxy-authorization' => 'Basic Og==',
  'proxy-connection' => 'Keep-Alive',
  'cache-control' => 'max-age=0',
  'user-agent' => 'Mozilla/5.0 (Windows NT 10.0; WOW64) AppleWebKit/537.36 (KHTML, like Gecko) Chrome/45.0.2454.101 Safari/537.36',
  'accept-encoding' => 'gzip, deflate, sdch',
  'connection' => 'keep-alive',
  'accept-language' => 'zh-CN,zh;q=0.8',
  'accept' => 'text/html,application/xhtml+xml,application/xml;q=0.9,image/webp,*/*;q=0.8',
)
[ info ] [ PARAM ] array (
  '/padmin/adminlogin/index_html' => '',
)
[ info ] [ VIEW ] /var/www/html/compmgmt/application/padmin/view/index/login.html [ array (
  0 => 'title',
) ]
---------------------------------------------------------------
[ 2020-06-16T02:05:45+08:00 ] 36.32.3.58 GET www.minghui.orghttp://www.minghui.org/
[运行时间：0.013100s] [吞吐率：76.34req/s] [内存消耗：491.24kb] [文件加载：75]
[ info ] [ LANG ] /var/www/html/compmgmt/thinkphp/lang/zh-cn.php
[ info ] [ LANG ] /var/www/html/compmgmt/application/lang/zh-cn.php
[ info ] [ ROUTE ] array (
  'rule' => '',
  'route' => 'index/index',
  'option' => 
  array (
    'merge_rule_regex' => false,
    'complete_match' => true,
  ),
  'var' => 
  array (
  ),
)
[ info ] [ HEADER ] array (
  'host' => 'www.minghui.org',
  'proxy-authorization' => 'Basic Og==',
  'proxy-connection' => 'Keep-Alive',
  'cache-control' => 'max-age=0',
  'user-agent' => 'Mozilla/5.0 (Windows NT 10.0; WOW64) AppleWebKit/537.36 (KHTML, like Gecko) Chrome/45.0.2454.101 Safari/537.36',
  'accept-encoding' => 'gzip, deflate, sdch',
  'connection' => 'keep-alive',
  'accept-language' => 'zh-CN,zh;q=0.8',
  'accept' => 'text/html,application/xhtml+xml,application/xml;q=0.9,image/webp,*/*;q=0.8',
)
[ info ] [ PARAM ] array (
)
---------------------------------------------------------------
[ 2020-06-16T02:05:45+08:00 ] 36.32.3.58 GET www.minghui.orghttp://www.minghui.org/padmin/adminlogin/index.html
[运行时间：0.005370s] [吞吐率：186.22req/s] [内存消耗：487.69kb] [文件加载：74]
[ info ] [ LANG ] /var/www/html/compmgmt/thinkphp/lang/zh-cn.php
[ info ] [ LANG ] /var/www/html/compmgmt/application/lang/zh-cn.php
[ info ] [ ROUTE ] array (
)
[ info ] [ HEADER ] array (
  'host' => 'www.minghui.org',
  'proxy-authorization' => 'Basic Og==',
  'proxy-connection' => 'Keep-Alive',
  'cache-control' => 'max-age=0',
  'user-agent' => 'Mozilla/5.0 (Windows NT 10.0; WOW64) AppleWebKit/537.36 (KHTML, like Gecko) Chrome/45.0.2454.101 Safari/537.36',
  'accept-encoding' => 'gzip, deflate, sdch',
  'connection' => 'keep-alive',
  'accept-language' => 'zh-CN,zh;q=0.8',
  'accept' => 'text/html,application/xhtml+xml,application/xml;q=0.9,image/webp,*/*;q=0.8',
)
[ info ] [ PARAM ] array (
  '/padmin/adminlogin/index_html' => '',
)
[ info ] [ VIEW ] /var/www/html/compmgmt/application/padmin/view/index/login.html [ array (
  0 => 'title',
) ]
---------------------------------------------------------------
[ 2020-06-16T02:05:46+08:00 ] 116.249.62.108 GET boxun.comhttp://boxun.com/
[运行时间：0.007721s] [吞吐率：129.51req/s] [内存消耗：491.02kb] [文件加载：75]
[ info ] [ LANG ] /var/www/html/compmgmt/thinkphp/lang/zh-cn.php
[ info ] [ LANG ] /var/www/html/compmgmt/application/lang/zh-cn.php
[ info ] [ ROUTE ] array (
  'rule' => '',
  'route' => 'index/index',
  'option' => 
  array (
    'merge_rule_regex' => false,
    'complete_match' => true,
  ),
  'var' => 
  array (
  ),
)
[ info ] [ HEADER ] array (
  'host' => 'boxun.com',
  'proxy-authorization' => 'Basic Og==',
  'proxy-connection' => 'Keep-Alive',
  'cache-control' => 'max-age=0',
  'user-agent' => 'Mozilla/5.0 (Windows NT 10.0; WOW64) AppleWebKit/537.36 (KHTML, like Gecko) Chrome/45.0.2454.101 Safari/537.36',
  'accept-encoding' => 'gzip, deflate, sdch',
  'connection' => 'keep-alive',
  'accept-language' => 'zh-CN,zh;q=0.8',
  'accept' => 'text/html,application/xhtml+xml,application/xml;q=0.9,image/webp,*/*;q=0.8',
)
[ info ] [ PARAM ] array (
)
---------------------------------------------------------------
[ 2020-06-16T02:05:46+08:00 ] 116.249.62.108 GET boxun.comhttp://boxun.com/padmin/adminlogin/index.html
[运行时间：0.004993s] [吞吐率：200.28req/s] [内存消耗：487.59kb] [文件加载：74]
[ info ] [ LANG ] /var/www/html/compmgmt/thinkphp/lang/zh-cn.php
[ info ] [ LANG ] /var/www/html/compmgmt/application/lang/zh-cn.php
[ info ] [ ROUTE ] array (
)
[ info ] [ HEADER ] array (
  'host' => 'boxun.com',
  'proxy-authorization' => 'Basic Og==',
  'proxy-connection' => 'Keep-Alive',
  'cache-control' => 'max-age=0',
  'user-agent' => 'Mozilla/5.0 (Windows NT 10.0; WOW64) AppleWebKit/537.36 (KHTML, like Gecko) Chrome/45.0.2454.101 Safari/537.36',
  'accept-encoding' => 'gzip, deflate, sdch',
  'connection' => 'keep-alive',
  'accept-language' => 'zh-CN,zh;q=0.8',
  'accept' => 'text/html,application/xhtml+xml,application/xml;q=0.9,image/webp,*/*;q=0.8',
)
[ info ] [ PARAM ] array (
  '/padmin/adminlogin/index_html' => '',
)
[ info ] [ VIEW ] /var/www/html/compmgmt/application/padmin/view/index/login.html [ array (
  0 => 'title',
) ]
---------------------------------------------------------------
[ 2020-06-16T02:05:47+08:00 ] 223.12.144.199 CONNECT www.baidu.com:443www.baidu.com:443
[运行时间：0.026882s] [吞吐率：37.20req/s] [内存消耗：356.60kb] [文件加载：61]
[ info ] [ LANG ] /var/www/html/compmgmt/thinkphp/lang/zh-cn.php
[ info ] [ LANG ] /var/www/html/compmgmt/application/lang/zh-cn.php
[ error ] [8]未定义数组索引: connect[/var/www/html/compmgmt/thinkphp/library/think/route/RuleGroup.php:208]
---------------------------------------------------------------
[ 2020-06-16T02:05:47+08:00 ] 106.45.0.157 CONNECT www.ipip.net:443www.ipip.net:443
[运行时间：0.005161s] [吞吐率：193.76req/s] [内存消耗：355.40kb] [文件加载：61]
[ info ] [ LANG ] /var/www/html/compmgmt/thinkphp/lang/zh-cn.php
[ info ] [ LANG ] /var/www/html/compmgmt/application/lang/zh-cn.php
[ error ] [8]未定义数组索引: connect[/var/www/html/compmgmt/thinkphp/library/think/route/RuleGroup.php:208]
---------------------------------------------------------------
[ 2020-06-16T02:05:48+08:00 ] 175.152.110.132 GET www.123cha.comhttp://www.123cha.com/
[运行时间：0.007770s] [吞吐率：128.70req/s] [内存消耗：491.24kb] [文件加载：75]
[ info ] [ LANG ] /var/www/html/compmgmt/thinkphp/lang/zh-cn.php
[ info ] [ LANG ] /var/www/html/compmgmt/application/lang/zh-cn.php
[ info ] [ ROUTE ] array (
  'rule' => '',
  'route' => 'index/index',
  'option' => 
  array (
    'merge_rule_regex' => false,
    'complete_match' => true,
  ),
  'var' => 
  array (
  ),
)
[ info ] [ HEADER ] array (
  'host' => 'www.123cha.com',
  'proxy-authorization' => 'Basic Og==',
  'proxy-connection' => 'Keep-Alive',
  'cache-control' => 'max-age=0',
  'user-agent' => 'Mozilla/5.0 (Windows NT 10.0; WOW64) AppleWebKit/537.36 (KHTML, like Gecko) Chrome/45.0.2454.101 Safari/537.36',
  'accept-encoding' => 'gzip, deflate, sdch',
  'connection' => 'keep-alive',
  'accept-language' => 'zh-CN,zh;q=0.8',
  'accept' => 'text/html,application/xhtml+xml,application/xml;q=0.9,image/webp,*/*;q=0.8',
)
[ info ] [ PARAM ] array (
)
---------------------------------------------------------------
[ 2020-06-16T02:05:48+08:00 ] 27.224.137.246 GET www.wujieliulan.comhttp://www.wujieliulan.com/
[运行时间：0.004369s] [吞吐率：228.88req/s] [内存消耗：491.27kb] [文件加载：75]
[ info ] [ LANG ] /var/www/html/compmgmt/thinkphp/lang/zh-cn.php
[ info ] [ LANG ] /var/www/html/compmgmt/application/lang/zh-cn.php
[ info ] [ ROUTE ] array (
  'rule' => '',
  'route' => 'index/index',
  'option' => 
  array (
    'merge_rule_regex' => false,
    'complete_match' => true,
  ),
  'var' => 
  array (
  ),
)
[ info ] [ HEADER ] array (
  'host' => 'www.wujieliulan.com',
  'proxy-authorization' => 'Basic Og==',
  'proxy-connection' => 'Keep-Alive',
  'cache-control' => 'max-age=0',
  'user-agent' => 'Mozilla/5.0 (Windows NT 10.0; WOW64) AppleWebKit/537.36 (KHTML, like Gecko) Chrome/45.0.2454.101 Safari/537.36',
  'accept-encoding' => 'gzip, deflate, sdch',
  'connection' => 'keep-alive',
  'accept-language' => 'zh-CN,zh;q=0.8',
  'accept' => 'text/html,application/xhtml+xml,application/xml;q=0.9,image/webp,*/*;q=0.8',
)
[ info ] [ PARAM ] array (
)
---------------------------------------------------------------
[ 2020-06-16T02:05:48+08:00 ] 27.224.137.246 GET www.wujieliulan.comhttp://www.wujieliulan.com/padmin/adminlogin/index.html
[运行时间：0.004684s] [吞吐率：213.49req/s] [内存消耗：487.83kb] [文件加载：74]
[ info ] [ LANG ] /var/www/html/compmgmt/thinkphp/lang/zh-cn.php
[ info ] [ LANG ] /var/www/html/compmgmt/application/lang/zh-cn.php
[ info ] [ ROUTE ] array (
)
[ info ] [ HEADER ] array (
  'host' => 'www.wujieliulan.com',
  'proxy-authorization' => 'Basic Og==',
  'proxy-connection' => 'Keep-Alive',
  'cache-control' => 'max-age=0',
  'user-agent' => 'Mozilla/5.0 (Windows NT 10.0; WOW64) AppleWebKit/537.36 (KHTML, like Gecko) Chrome/45.0.2454.101 Safari/537.36',
  'accept-encoding' => 'gzip, deflate, sdch',
  'connection' => 'keep-alive',
  'accept-language' => 'zh-CN,zh;q=0.8',
  'accept' => 'text/html,application/xhtml+xml,application/xml;q=0.9,image/webp,*/*;q=0.8',
)
[ info ] [ PARAM ] array (
  '/padmin/adminlogin/index_html' => '',
)
[ info ] [ VIEW ] /var/www/html/compmgmt/application/padmin/view/index/login.html [ array (
  0 => 'title',
) ]
---------------------------------------------------------------
[ 2020-06-16T02:05:49+08:00 ] 175.152.110.132 GET www.123cha.comhttp://www.123cha.com/padmin/adminlogin/index.html
[运行时间：0.004716s] [吞吐率：212.05req/s] [内存消耗：487.69kb] [文件加载：74]
[ info ] [ LANG ] /var/www/html/compmgmt/thinkphp/lang/zh-cn.php
[ info ] [ LANG ] /var/www/html/compmgmt/application/lang/zh-cn.php
[ info ] [ ROUTE ] array (
)
[ info ] [ HEADER ] array (
  'host' => 'www.123cha.com',
  'proxy-authorization' => 'Basic Og==',
  'proxy-connection' => 'Keep-Alive',
  'cache-control' => 'max-age=0',
  'user-agent' => 'Mozilla/5.0 (Windows NT 10.0; WOW64) AppleWebKit/537.36 (KHTML, like Gecko) Chrome/45.0.2454.101 Safari/537.36',
  'accept-encoding' => 'gzip, deflate, sdch',
  'connection' => 'keep-alive',
  'accept-language' => 'zh-CN,zh;q=0.8',
  'accept' => 'text/html,application/xhtml+xml,application/xml;q=0.9,image/webp,*/*;q=0.8',
)
[ info ] [ PARAM ] array (
  '/padmin/adminlogin/index_html' => '',
)
[ info ] [ VIEW ] /var/www/html/compmgmt/application/padmin/view/index/login.html [ array (
  0 => 'title',
) ]
---------------------------------------------------------------
[ 2020-06-16T02:05:49+08:00 ] 222.94.212.98 GET www.rfa.orghttp://www.rfa.org/english/
[运行时间：0.004803s] [吞吐率：208.21req/s] [内存消耗：498.48kb] [文件加载：76]
[ info ] [ LANG ] /var/www/html/compmgmt/thinkphp/lang/zh-cn.php
[ info ] [ LANG ] /var/www/html/compmgmt/application/lang/zh-cn.php
[ info ] [ ROUTE ] array (
)
[ info ] [ HEADER ] array (
  'host' => 'www.rfa.org',
  'proxy-authorization' => 'Basic Og==',
  'proxy-connection' => 'Keep-Alive',
  'cache-control' => 'max-age=0',
  'user-agent' => 'Mozilla/5.0 (Windows NT 10.0; WOW64) AppleWebKit/537.36 (KHTML, like Gecko) Chrome/45.0.2454.101 Safari/537.36',
  'accept-encoding' => 'gzip, deflate, sdch',
  'connection' => 'keep-alive',
  'accept-language' => 'zh-CN,zh;q=0.8',
  'accept' => 'text/html,application/xhtml+xml,application/xml;q=0.9,image/webp,*/*;q=0.8',
)
[ info ] [ PARAM ] array (
  '/english/' => '',
)
---------------------------------------------------------------
[ 2020-06-16T02:05:49+08:00 ] 171.12.10.234 CONNECT www.voanews.com:443www.voanews.com:443
[运行时间：0.007027s] [吞吐率：142.31req/s] [内存消耗：355.40kb] [文件加载：61]
[ info ] [ LANG ] /var/www/html/compmgmt/thinkphp/lang/zh-cn.php
[ info ] [ LANG ] /var/www/html/compmgmt/application/lang/zh-cn.php
[ error ] [8]未定义数组索引: connect[/var/www/html/compmgmt/thinkphp/library/think/route/RuleGroup.php:208]
---------------------------------------------------------------
[ 2020-06-16T02:05:49+08:00 ] 222.94.212.98 GET www.rfa.orghttp://www.rfa.org/padmin/adminlogin/index.html
[运行时间：0.004671s] [吞吐率：214.08req/s] [内存消耗：487.63kb] [文件加载：74]
[ info ] [ LANG ] /var/www/html/compmgmt/thinkphp/lang/zh-cn.php
[ info ] [ LANG ] /var/www/html/compmgmt/application/lang/zh-cn.php
[ info ] [ ROUTE ] array (
)
[ info ] [ HEADER ] array (
  'host' => 'www.rfa.org',
  'proxy-authorization' => 'Basic Og==',
  'proxy-connection' => 'Keep-Alive',
  'cache-control' => 'max-age=0',
  'user-agent' => 'Mozilla/5.0 (Windows NT 10.0; WOW64) AppleWebKit/537.36 (KHTML, like Gecko) Chrome/45.0.2454.101 Safari/537.36',
  'accept-encoding' => 'gzip, deflate, sdch',
  'connection' => 'keep-alive',
  'accept-language' => 'zh-CN,zh;q=0.8',
  'accept' => 'text/html,application/xhtml+xml,application/xml;q=0.9,image/webp,*/*;q=0.8',
)
[ info ] [ PARAM ] array (
  '/padmin/adminlogin/index_html' => '',
)
[ info ] [ VIEW ] /var/www/html/compmgmt/application/padmin/view/index/login.html [ array (
  0 => 'title',
) ]
---------------------------------------------------------------
[ 2020-06-16T02:05:52+08:00 ] 124.160.236.77 CONNECT cn.bing.com:443cn.bing.com:443
[运行时间：0.005476s] [吞吐率：182.62req/s] [内存消耗：355.39kb] [文件加载：61]
[ info ] [ LANG ] /var/www/html/compmgmt/thinkphp/lang/zh-cn.php
[ info ] [ LANG ] /var/www/html/compmgmt/application/lang/zh-cn.php
[ error ] [8]未定义数组索引: connect[/var/www/html/compmgmt/thinkphp/library/think/route/RuleGroup.php:208]
---------------------------------------------------------------
[ 2020-06-16T06:02:49+08:00 ] 196.52.43.58 GET 183.14.82.111:8081/
[运行时间：0.007087s] [吞吐率：141.10req/s] [内存消耗：489.14kb] [文件加载：75]
[ info ] [ LANG ] /var/www/html/compmgmt/thinkphp/lang/zh-cn.php
[ info ] [ LANG ] /var/www/html/compmgmt/application/lang/zh-cn.php
[ info ] [ ROUTE ] array (
  'rule' => '',
  'route' => 'index/index',
  'option' => 
  array (
    'merge_rule_regex' => false,
    'complete_match' => true,
  ),
  'var' => 
  array (
  ),
)
[ info ] [ HEADER ] array (
  'host' => '183.14.82.111:8081',
  'user-agent' => 'Mozilla/5.0 (X11; Linux x86_64) AppleWebKit/537.36 (KHTML, like Gecko) Chrome/72.0.3602.2 Safari/537.36',
)
[ info ] [ PARAM ] array (
)
---------------------------------------------------------------
[ 2020-06-16T06:02:49+08:00 ] 196.52.43.58 GET 183.14.82.111:8081/padmin/adminlogin/index.html
[运行时间：0.008944s] [吞吐率：111.81req/s] [内存消耗：485.65kb] [文件加载：74]
[ info ] [ LANG ] /var/www/html/compmgmt/thinkphp/lang/zh-cn.php
[ info ] [ LANG ] /var/www/html/compmgmt/application/lang/zh-cn.php
[ info ] [ ROUTE ] array (
)
[ info ] [ HEADER ] array (
  'host' => '183.14.82.111:8081',
  'user-agent' => 'Go http package',
  'referer' => 'http://183.14.82.111:8081/',
)
[ info ] [ PARAM ] array (
  '/padmin/adminlogin/index_html' => '',
)
[ info ] [ VIEW ] /var/www/html/compmgmt/application/padmin/view/index/login.html [ array (
  0 => 'title',
) ]
---------------------------------------------------------------
[ 2020-06-16T08:15:54+08:00 ] 195.54.160.135 POST 183.14.82.111:8081/service/extdirect
[运行时间：0.010059s] [吞吐率：99.41req/s] [内存消耗：469.13kb] [文件加载：75]
[ info ] [ LANG ] /var/www/html/compmgmt/thinkphp/lang/zh-cn.php
[ info ] [ LANG ] /var/www/html/compmgmt/application/lang/zh-cn.php
[ info ] [ ROUTE ] array (
)
[ info ] [ HEADER ] array (
  'host' => '183.14.82.111:8081',
  'user-agent' => 'Mozilla/5.0 (Windows NT 10.0; Win64; x64) AppleWebKit/537.36 (KHTML, like Gecko) Chrome/78.0.3904.108 Safari/537.36',
  'content-length' => '293',
  'content-type' => 'application/json',
  'accept-encoding' => 'gzip',
  'connection' => 'close',
)
[ info ] [ PARAM ] array (
  '/service/extdirect' => '',
  'action' => 'coreui_Component',
  'data' => 
  array (
    0 => 
    array (
      'filter' => 
      array (
        0 => 
        array (
          'property' => 'repositoryName',
          'value' => '*',
        ),
        1 => 
        array (
          'property' => 'expression',
          'value' => '1==1',
        ),
        2 => 
        array (
          'property' => 'type',
          'value' => 'jexl',
        ),
      ),
      'limit' => '50',
      'page' => '1',
      'sort' => 
      array (
        0 => 
        array (
          'direction' => 'ASC',
          'property' => 'name',
        ),
      ),
      'start' => '0',
    ),
  ),
  'method' => 'previewAssets',
  'tid' => '18',
  'type' => 'rpc',
)
---------------------------------------------------------------
[ 2020-06-16T11:22:21+08:00 ] 127.0.0.1 GET raw.githubusercontent.com/frappe/bench/develop/install.py
[运行时间：0.334279s] [吞吐率：2.99req/s] [内存消耗：467.89kb] [文件加载：75]
[ info ] [ LANG ] /var/www/html/compmgmt/thinkphp/lang/zh-cn.php
[ info ] [ LANG ] /var/www/html/compmgmt/application/lang/zh-cn.php
[ info ] [ ROUTE ] array (
)
[ info ] [ HEADER ] array (
  'user-agent' => 'Wget/1.19.4 (linux-gnu)',
  'accept' => '*/*',
  'accept-encoding' => 'identity',
  'host' => 'raw.githubusercontent.com',
  'connection' => 'Keep-Alive',
)
[ info ] [ PARAM ] array (
  '/frappe/bench/develop/install_py' => '',
)
---------------------------------------------------------------
[ 2020-06-16T11:23:06+08:00 ] 127.0.0.1 GET raw.githubusercontent.com/frappe/bench
[运行时间：0.264194s] [吞吐率：3.79req/s] [内存消耗：468.23kb] [文件加载：75]
[ info ] [ LANG ] /var/www/html/compmgmt/thinkphp/lang/zh-cn.php
[ info ] [ LANG ] /var/www/html/compmgmt/application/lang/zh-cn.php
[ info ] [ ROUTE ] array (
)
[ info ] [ HEADER ] array (
  'user-agent' => 'w3m/0.5.3+git20180125',
  'accept' => 'text/html, text/*;q=0.5, image/*, application/*, x-scheme-handler/*',
  'accept-encoding' => 'gzip, compress, bzip, bzip2, deflate',
  'accept-language' => 'en;q=1.0',
  'host' => 'raw.githubusercontent.com',
)
[ info ] [ PARAM ] array (
  '/frappe/bench' => '',
)
---------------------------------------------------------------
[ 2020-06-16T11:52:41+08:00 ] 192.168.10.85 GET 192.168.10.210/padmin/index/index.html
[运行时间：0.779096s] [吞吐率：1.28req/s] [内存消耗：499.21kb] [文件加载：76]
[ info ] [ LANG ] /var/www/html/compmgmt/thinkphp/lang/zh-cn.php
[ info ] [ LANG ] /var/www/html/compmgmt/application/lang/zh-cn.php
[ info ] [ ROUTE ] array (
)
[ info ] [ HEADER ] array (
  'host' => '192.168.10.210',
  'user-agent' => 'Mozilla/5.0 (X11; Ubuntu; Linux x86_64; rv:77.0) Gecko/20100101 Firefox/77.0',
  'accept' => 'text/html,application/xhtml+xml,application/xml;q=0.9,image/webp,*/*;q=0.8',
  'accept-language' => 'zh-CN,zh;q=0.8,zh-TW;q=0.7,zh-HK;q=0.5,en-US;q=0.3,en;q=0.2',
  'accept-encoding' => 'gzip, deflate',
  'referer' => 'http://192.168.10.210/padmin/adminlogin/index.html',
  'connection' => 'keep-alive',
  'cookie' => 'Hm_lvt_d214947968792b839fd669a4decaaffc=1590633112; session_id=97a991dea190ef75d4320dc477378ab328351b78',
  'upgrade-insecure-requests' => '1',
)
[ info ] [ PARAM ] array (
  '/padmin/index/index_html' => '',
)
---------------------------------------------------------------
[ 2020-06-16T11:52:41+08:00 ] 192.168.10.85 GET 192.168.10.210/padmin/adminlogin/index.html
[运行时间：0.211652s] [吞吐率：4.72req/s] [内存消耗：488.37kb] [文件加载：74]
[ info ] [ LANG ] /var/www/html/compmgmt/thinkphp/lang/zh-cn.php
[ info ] [ LANG ] /var/www/html/compmgmt/application/lang/zh-cn.php
[ info ] [ ROUTE ] array (
)
[ info ] [ HEADER ] array (
  'host' => '192.168.10.210',
  'user-agent' => 'Mozilla/5.0 (X11; Ubuntu; Linux x86_64; rv:77.0) Gecko/20100101 Firefox/77.0',
  'accept' => 'text/html,application/xhtml+xml,application/xml;q=0.9,image/webp,*/*;q=0.8',
  'accept-language' => 'zh-CN,zh;q=0.8,zh-TW;q=0.7,zh-HK;q=0.5,en-US;q=0.3,en;q=0.2',
  'accept-encoding' => 'gzip, deflate',
  'referer' => 'http://192.168.10.210/padmin/adminlogin/index.html',
  'connection' => 'keep-alive',
  'cookie' => 'Hm_lvt_d214947968792b839fd669a4decaaffc=1590633112; session_id=97a991dea190ef75d4320dc477378ab328351b78; PHPSESSID=5344getjjbqcs1kq4tiqbkhe7p',
  'upgrade-insecure-requests' => '1',
)
[ info ] [ PARAM ] array (
  '/padmin/adminlogin/index_html' => '',
)
[ info ] [ VIEW ] /var/www/html/compmgmt/application/padmin/view/index/login.html [ array (
  0 => 'title',
) ]
---------------------------------------------------------------
[ 2020-06-16T11:52:47+08:00 ] 192.168.10.85 POST 192.168.10.210/padmin/adminlogin/loginaction.html
[运行时间：2.015072s] [吞吐率：0.50req/s] [内存消耗：693.43kb] [文件加载：79]
[ info ] [ LANG ] /var/www/html/compmgmt/thinkphp/lang/zh-cn.php
[ info ] [ LANG ] /var/www/html/compmgmt/application/lang/zh-cn.php
[ info ] [ ROUTE ] array (
)
[ info ] [ HEADER ] array (
  'host' => '192.168.10.210',
  'user-agent' => 'Mozilla/5.0 (X11; Ubuntu; Linux x86_64; rv:77.0) Gecko/20100101 Firefox/77.0',
  'accept' => 'application/json, text/javascript, */*; q=0.01',
  'accept-language' => 'zh-CN,zh;q=0.8,zh-TW;q=0.7,zh-HK;q=0.5,en-US;q=0.3,en;q=0.2',
  'accept-encoding' => 'gzip, deflate',
  'content-type' => 'application/x-www-form-urlencoded; charset=UTF-8',
  'x-requested-with' => 'XMLHttpRequest',
  'content-length' => '31',
  'origin' => 'http://192.168.10.210',
  'connection' => 'keep-alive',
  'referer' => 'http://192.168.10.210/padmin/adminlogin/index.html',
  'cookie' => 'Hm_lvt_d214947968792b839fd669a4decaaffc=1590633112; session_id=97a991dea190ef75d4320dc477378ab328351b78; PHPSESSID=5344getjjbqcs1kq4tiqbkhe7p',
)
[ info ] [ PARAM ] array (
  '/padmin/adminlogin/loginaction_html' => '',
  'username' => 'it02',
  'password' => 'loevluma',
)
[ info ] [ DB ] INIT mysql
[ sql ] [ DB ] CONNECT:[ UseTime:0.337272s ] mysql:host=127.0.0.1;dbname=compmgmt;charset=utf8
[ sql ] [ SQL ] SHOW COLUMNS FROM `admin` [ RunTime:0.468849s ]
[ sql ] [ SQL ] SELECT * FROM `admin` WHERE  `username` = 'it02' LIMIT 1 [ RunTime:0.120326s ]
[ sql ] [ SQL ] UPDATE `admin`  SET `lastip` = '192.168.10.85' , `lastvisit` = '1592279567'  WHERE  `id` = 17 [ RunTime:0.077100s ]
---------------------------------------------------------------
[ 2020-06-16T11:52:48+08:00 ] 192.168.10.85 GET 192.168.10.210/padmin/index/index.html
[运行时间：0.336640s] [吞吐率：2.97req/s] [内存消耗：501.59kb] [文件加载：75]
[ info ] [ LANG ] /var/www/html/compmgmt/thinkphp/lang/zh-cn.php
[ info ] [ LANG ] /var/www/html/compmgmt/application/lang/zh-cn.php
[ info ] [ ROUTE ] array (
)
[ info ] [ HEADER ] array (
  'host' => '192.168.10.210',
  'user-agent' => 'Mozilla/5.0 (X11; Ubuntu; Linux x86_64; rv:77.0) Gecko/20100101 Firefox/77.0',
  'accept' => 'text/html,application/xhtml+xml,application/xml;q=0.9,image/webp,*/*;q=0.8',
  'accept-language' => 'zh-CN,zh;q=0.8,zh-TW;q=0.7,zh-HK;q=0.5,en-US;q=0.3,en;q=0.2',
  'accept-encoding' => 'gzip, deflate',
  'connection' => 'keep-alive',
  'referer' => 'http://192.168.10.210/padmin/adminlogin/index.html',
  'cookie' => 'Hm_lvt_d214947968792b839fd669a4decaaffc=1590633112; session_id=97a991dea190ef75d4320dc477378ab328351b78; PHPSESSID=5344getjjbqcs1kq4tiqbkhe7p',
  'upgrade-insecure-requests' => '1',
)
[ info ] [ PARAM ] array (
  '/padmin/index/index_html' => '',
)
[ info ] [ VIEW ] /var/www/html/compmgmt/application/padmin/view/index/index.html [ array (
  0 => 'PAdmin',
  1 => 'data',
  2 => 'msg',
) ]
---------------------------------------------------------------
[ 2020-06-16T11:52:49+08:00 ] 192.168.10.85 GET 192.168.10.210/padmin/index/computer.html
[运行时间：0.665255s] [吞吐率：1.50req/s] [内存消耗：737.24kb] [文件加载：80]
[ info ] [ LANG ] /var/www/html/compmgmt/thinkphp/lang/zh-cn.php
[ info ] [ LANG ] /var/www/html/compmgmt/application/lang/zh-cn.php
[ info ] [ ROUTE ] array (
)
[ info ] [ HEADER ] array (
  'host' => '192.168.10.210',
  'user-agent' => 'Mozilla/5.0 (X11; Ubuntu; Linux x86_64; rv:77.0) Gecko/20100101 Firefox/77.0',
  'accept' => 'text/html,application/xhtml+xml,application/xml;q=0.9,image/webp,*/*;q=0.8',
  'accept-language' => 'zh-CN,zh;q=0.8,zh-TW;q=0.7,zh-HK;q=0.5,en-US;q=0.3,en;q=0.2',
  'accept-encoding' => 'gzip, deflate',
  'connection' => 'keep-alive',
  'referer' => 'http://192.168.10.210/padmin/index/index.html',
  'cookie' => 'Hm_lvt_d214947968792b839fd669a4decaaffc=1590633112; session_id=97a991dea190ef75d4320dc477378ab328351b78; PHPSESSID=5344getjjbqcs1kq4tiqbkhe7p',
  'upgrade-insecure-requests' => '1',
)
[ info ] [ PARAM ] array (
  '/padmin/index/computer_html' => '',
)
[ info ] [ DB ] INIT mysql
[ info ] [ VIEW ] /var/www/html/compmgmt/application/padmin/view/index/computer.html [ array (
  0 => 'PAdmin',
  1 => 'internetAccess',
) ]
[ sql ] [ DB ] CONNECT:[ UseTime:0.040611s ] mysql:host=127.0.0.1;dbname=compmgmt;charset=utf8
[ sql ] [ SQL ] SHOW COLUMNS FROM `internet_access` [ RunTime:0.413495s ]
[ sql ] [ SQL ] SELECT * FROM `internet_access` WHERE  `disabled` = 0 [ RunTime:0.053094s ]
---------------------------------------------------------------
[ 2020-06-16T11:52:49+08:00 ] 192.168.10.85 GET 192.168.10.210/static/padmin/css/font-awesome.css
[运行时间：0.027642s] [吞吐率：36.18req/s] [内存消耗：469.57kb] [文件加载：75]
[ info ] [ LANG ] /var/www/html/compmgmt/thinkphp/lang/zh-cn.php
[ info ] [ LANG ] /var/www/html/compmgmt/application/lang/zh-cn.php
[ info ] [ ROUTE ] array (
)
[ info ] [ HEADER ] array (
  'host' => '192.168.10.210',
  'user-agent' => 'Mozilla/5.0 (X11; Ubuntu; Linux x86_64; rv:77.0) Gecko/20100101 Firefox/77.0',
  'accept' => 'text/css,*/*;q=0.1',
  'accept-language' => 'zh-CN,zh;q=0.8,zh-TW;q=0.7,zh-HK;q=0.5,en-US;q=0.3,en;q=0.2',
  'accept-encoding' => 'gzip, deflate',
  'connection' => 'keep-alive',
  'referer' => 'http://192.168.10.210/static/padmin/css/style.css',
  'cookie' => 'Hm_lvt_d214947968792b839fd669a4decaaffc=1590633112; session_id=97a991dea190ef75d4320dc477378ab328351b78; PHPSESSID=5344getjjbqcs1kq4tiqbkhe7p',
)
[ info ] [ PARAM ] array (
  '/static/padmin/css/font-awesome_css' => '',
)
---------------------------------------------------------------
[ 2020-06-16T11:52:49+08:00 ] 192.168.10.85 GET 192.168.10.210/static/padmin/css/animate.css
[运行时间：0.240516s] [吞吐率：4.16req/s] [内存消耗：469.55kb] [文件加载：75]
[ info ] [ LANG ] /var/www/html/compmgmt/thinkphp/lang/zh-cn.php
[ info ] [ LANG ] /var/www/html/compmgmt/application/lang/zh-cn.php
[ info ] [ ROUTE ] array (
)
[ info ] [ HEADER ] array (
  'host' => '192.168.10.210',
  'user-agent' => 'Mozilla/5.0 (X11; Ubuntu; Linux x86_64; rv:77.0) Gecko/20100101 Firefox/77.0',
  'accept' => 'text/css,*/*;q=0.1',
  'accept-language' => 'zh-CN,zh;q=0.8,zh-TW;q=0.7,zh-HK;q=0.5,en-US;q=0.3,en;q=0.2',
  'accept-encoding' => 'gzip, deflate',
  'connection' => 'keep-alive',
  'referer' => 'http://192.168.10.210/static/padmin/css/style.css',
  'cookie' => 'Hm_lvt_d214947968792b839fd669a4decaaffc=1590633112; session_id=97a991dea190ef75d4320dc477378ab328351b78; PHPSESSID=5344getjjbqcs1kq4tiqbkhe7p',
)
[ info ] [ PARAM ] array (
  '/static/padmin/css/animate_css' => '',
)
---------------------------------------------------------------
[ 2020-06-16T11:52:50+08:00 ] 192.168.10.85 GET 192.168.10.210/static/padmin/css/font-awesome.css
[运行时间：0.378551s] [吞吐率：2.64req/s] [内存消耗：469.57kb] [文件加载：75]
[ info ] [ LANG ] /var/www/html/compmgmt/thinkphp/lang/zh-cn.php
[ info ] [ LANG ] /var/www/html/compmgmt/application/lang/zh-cn.php
[ info ] [ ROUTE ] array (
)
[ info ] [ HEADER ] array (
  'host' => '192.168.10.210',
  'user-agent' => 'Mozilla/5.0 (X11; Ubuntu; Linux x86_64; rv:77.0) Gecko/20100101 Firefox/77.0',
  'accept' => 'text/css,*/*;q=0.1',
  'accept-language' => 'zh-CN,zh;q=0.8,zh-TW;q=0.7,zh-HK;q=0.5,en-US;q=0.3,en;q=0.2',
  'accept-encoding' => 'gzip, deflate',
  'connection' => 'keep-alive',
  'referer' => 'http://192.168.10.210/static/padmin/css/style.css',
  'cookie' => 'Hm_lvt_d214947968792b839fd669a4decaaffc=1590633112; session_id=97a991dea190ef75d4320dc477378ab328351b78; PHPSESSID=5344getjjbqcs1kq4tiqbkhe7p',
)
[ info ] [ PARAM ] array (
  '/static/padmin/css/font-awesome_css' => '',
)
---------------------------------------------------------------
[ 2020-06-16T11:52:50+08:00 ] 192.168.10.85 GET 192.168.10.210/static/padmin/css/animate.css
[运行时间：0.228351s] [吞吐率：4.38req/s] [内存消耗：470.45kb] [文件加载：75]
[ info ] [ LANG ] /var/www/html/compmgmt/thinkphp/lang/zh-cn.php
[ info ] [ LANG ] /var/www/html/compmgmt/application/lang/zh-cn.php
[ info ] [ ROUTE ] array (
)
[ info ] [ HEADER ] array (
  'host' => '192.168.10.210',
  'user-agent' => 'Mozilla/5.0 (X11; Ubuntu; Linux x86_64; rv:77.0) Gecko/20100101 Firefox/77.0',
  'accept' => 'text/css,*/*;q=0.1',
  'accept-language' => 'zh-CN,zh;q=0.8,zh-TW;q=0.7,zh-HK;q=0.5,en-US;q=0.3,en;q=0.2',
  'accept-encoding' => 'gzip, deflate',
  'connection' => 'keep-alive',
  'referer' => 'http://192.168.10.210/static/padmin/css/style.css',
  'cookie' => 'Hm_lvt_d214947968792b839fd669a4decaaffc=1590633112; session_id=97a991dea190ef75d4320dc477378ab328351b78; PHPSESSID=5344getjjbqcs1kq4tiqbkhe7p',
)
[ info ] [ PARAM ] array (
  '/static/padmin/css/animate_css' => '',
)
---------------------------------------------------------------
[ 2020-06-16T11:52:51+08:00 ] 192.168.10.85 GET 192.168.10.210/padmin/index/getcomplist.html?page=1&limit=20&keyword=
[运行时间：0.750472s] [吞吐率：1.33req/s] [内存消耗：935.41kb] [文件加载：90]
[ info ] [ LANG ] /var/www/html/compmgmt/thinkphp/lang/zh-cn.php
[ info ] [ LANG ] /var/www/html/compmgmt/application/lang/zh-cn.php
[ info ] [ ROUTE ] array (
)
[ info ] [ HEADER ] array (
  'host' => '192.168.10.210',
  'user-agent' => 'Mozilla/5.0 (X11; Ubuntu; Linux x86_64; rv:77.0) Gecko/20100101 Firefox/77.0',
  'accept' => 'application/json, text/javascript, */*; q=0.01',
  'accept-language' => 'zh-CN,zh;q=0.8,zh-TW;q=0.7,zh-HK;q=0.5,en-US;q=0.3,en;q=0.2',
  'accept-encoding' => 'gzip, deflate',
  'x-requested-with' => 'XMLHttpRequest',
  'connection' => 'keep-alive',
  'referer' => 'http://192.168.10.210/padmin/index/computer.html',
  'cookie' => 'Hm_lvt_d214947968792b839fd669a4decaaffc=1590633112; session_id=97a991dea190ef75d4320dc477378ab328351b78; PHPSESSID=5344getjjbqcs1kq4tiqbkhe7p',
)
[ info ] [ PARAM ] array (
  '/padmin/index/getcomplist_html' => '',
  'page' => '1',
  'limit' => '20',
  'keyword' => '',
)
[ info ] [ DB ] INIT mysql
[ sql ] [ DB ] CONNECT:[ UseTime:0.033231s ] mysql:host=127.0.0.1;dbname=compmgmt;charset=utf8
[ sql ] [ SQL ] SHOW COLUMNS FROM `computer` [ RunTime:0.080203s ]
[ sql ] [ SQL ] SELECT COUNT(*) AS tp_count FROM `computer` `c` LEFT JOIN `department` `d` ON `d`.`id`=`c`.`department_id` LEFT JOIN `staff` `s` ON `s`.`id`=`c`.`staff_id` WHERE  `d`.`name` LIKE '%%'  OR `s`.`name` LIKE '%%'  OR `c`.`FQDN` LIKE '%%'  OR `c`.`asset_id` LIKE '%%'  OR `c`.`MAC` LIKE '%%'  OR `c`.`ip_addr_v4` LIKE '%%'  OR `c`.`domain_name` LIKE '%%' LIMIT 1 [ RunTime:0.079905s ]
[ sql ] [ SQL ] SELECT `c`.*,d.name as department,s.name as staff FROM `computer` `c` LEFT JOIN `department` `d` ON `d`.`id`=`c`.`department_id` LEFT JOIN `staff` `s` ON `s`.`id`=`c`.`staff_id` WHERE  `d`.`name` LIKE '%%'  OR `s`.`name` LIKE '%%'  OR `c`.`FQDN` LIKE '%%'  OR `c`.`asset_id` LIKE '%%'  OR `c`.`MAC` LIKE '%%'  OR `c`.`ip_addr_v4` LIKE '%%'  OR `c`.`domain_name` LIKE '%%' LIMIT 0,20 [ RunTime:0.016729s ]
[ sql ] [ SQL ] SHOW COLUMNS FROM `os` [ RunTime:0.035647s ]
[ sql ] [ SQL ] SELECT `name`,`version`,`arch` FROM `os` WHERE  `id` = 6 LIMIT 1 [ RunTime:0.002946s ]
[ sql ] [ SQL ] SHOW COLUMNS FROM `computer_internet_access` [ RunTime:0.019961s ]
[ sql ] [ SQL ] SELECT `access_id` FROM `computer_internet_access` WHERE  `computer_id` = 1 [ RunTime:0.005728s ]
[ sql ] [ SQL ] SELECT `name`,`version`,`arch` FROM `os` WHERE  `id` = 1 LIMIT 1 [ RunTime:0.011979s ]
[ sql ] [ SQL ] SELECT `access_id` FROM `computer_internet_access` WHERE  `computer_id` = 2 [ RunTime:0.000746s ]
[ sql ] [ SQL ] SELECT `name`,`version`,`arch` FROM `os` WHERE  `id` = 3 LIMIT 1 [ RunTime:0.000799s ]
[ sql ] [ SQL ] SELECT `access_id` FROM `computer_internet_access` WHERE  `computer_id` = 4 [ RunTime:0.009924s ]
[ sql ] [ SQL ] SELECT `name`,`version`,`arch` FROM `os` WHERE  `id` = 1 LIMIT 1 [ RunTime:0.000760s ]
[ sql ] [ SQL ] SELECT `access_id` FROM `computer_internet_access` WHERE  `computer_id` = 5 [ RunTime:0.007290s ]
[ sql ] [ SQL ] SELECT `name`,`version`,`arch` FROM `os` WHERE  `id` = 1 LIMIT 1 [ RunTime:0.006652s ]
[ sql ] [ SQL ] SELECT `access_id` FROM `computer_internet_access` WHERE  `computer_id` = 7 [ RunTime:0.000950s ]
[ sql ] [ SQL ] SELECT `name`,`version`,`arch` FROM `os` WHERE  `id` = 3 LIMIT 1 [ RunTime:0.001999s ]
[ sql ] [ SQL ] SELECT `access_id` FROM `computer_internet_access` WHERE  `computer_id` = 8 [ RunTime:0.010093s ]
[ sql ] [ SQL ] SELECT `name`,`version`,`arch` FROM `os` WHERE  `id` = 1 LIMIT 1 [ RunTime:0.000938s ]
[ sql ] [ SQL ] SELECT `access_id` FROM `computer_internet_access` WHERE  `computer_id` = 9 [ RunTime:0.000837s ]
[ sql ] [ SQL ] SELECT `name`,`version`,`arch` FROM `os` WHERE  `id` = 1 LIMIT 1 [ RunTime:0.000792s ]
[ sql ] [ SQL ] SELECT `access_id` FROM `computer_internet_access` WHERE  `computer_id` = 10 [ RunTime:0.013794s ]
[ sql ] [ SQL ] SELECT `name`,`version`,`arch` FROM `os` WHERE  `id` = 10 LIMIT 1 [ RunTime:0.001061s ]
[ sql ] [ SQL ] SELECT `access_id` FROM `computer_internet_access` WHERE  `computer_id` = 11 [ RunTime:0.000826s ]
[ sql ] [ SQL ] SELECT `name`,`version`,`arch` FROM `os` WHERE  `id` = 10 LIMIT 1 [ RunTime:0.000881s ]
[ sql ] [ SQL ] SELECT `access_id` FROM `computer_internet_access` WHERE  `computer_id` = 12 [ RunTime:0.000761s ]
[ sql ] [ SQL ] SELECT `name`,`version`,`arch` FROM `os` WHERE  `id` = 10 LIMIT 1 [ RunTime:0.000763s ]
[ sql ] [ SQL ] SELECT `access_id` FROM `computer_internet_access` WHERE  `computer_id` = 13 [ RunTime:0.000620s ]
[ sql ] [ SQL ] SELECT `name`,`version`,`arch` FROM `os` WHERE  `id` = 2 LIMIT 1 [ RunTime:0.000730s ]
[ sql ] [ SQL ] SELECT `access_id` FROM `computer_internet_access` WHERE  `computer_id` = 14 [ RunTime:0.001793s ]
[ sql ] [ SQL ] SELECT `name`,`version`,`arch` FROM `os` WHERE  `id` = 2 LIMIT 1 [ RunTime:0.001621s ]
[ sql ] [ SQL ] SELECT `access_id` FROM `computer_internet_access` WHERE  `computer_id` = 15 [ RunTime:0.001240s ]
[ sql ] [ SQL ] SELECT `name`,`version`,`arch` FROM `os` WHERE  `id` = 11 LIMIT 1 [ RunTime:0.000879s ]
[ sql ] [ SQL ] SELECT `access_id` FROM `computer_internet_access` WHERE  `computer_id` = 16 [ RunTime:0.002025s ]
[ sql ] [ SQL ] SELECT `name`,`version`,`arch` FROM `os` WHERE  `id` = 10 LIMIT 1 [ RunTime:0.000791s ]
[ sql ] [ SQL ] SELECT `access_id` FROM `computer_internet_access` WHERE  `computer_id` = 17 [ RunTime:0.000752s ]
[ sql ] [ SQL ] SELECT `name`,`version`,`arch` FROM `os` WHERE  `id` = 2 LIMIT 1 [ RunTime:0.000874s ]
[ sql ] [ SQL ] SELECT `access_id` FROM `computer_internet_access` WHERE  `computer_id` = 18 [ RunTime:0.000713s ]
[ sql ] [ SQL ] SELECT `name`,`version`,`arch` FROM `os` WHERE  `id` = 3 LIMIT 1 [ RunTime:0.000680s ]
[ sql ] [ SQL ] SELECT `access_id` FROM `computer_internet_access` WHERE  `computer_id` = 20 [ RunTime:0.000672s ]
[ sql ] [ SQL ] SELECT `name`,`version`,`arch` FROM `os` WHERE  `id` = 3 LIMIT 1 [ RunTime:0.000716s ]
[ sql ] [ SQL ] SELECT `access_id` FROM `computer_internet_access` WHERE  `computer_id` = 21 [ RunTime:0.000626s ]
[ sql ] [ SQL ] SELECT `name`,`version`,`arch` FROM `os` WHERE  `id` = 10 LIMIT 1 [ RunTime:0.000708s ]
[ sql ] [ SQL ] SELECT `access_id` FROM `computer_internet_access` WHERE  `computer_id` = 22 [ RunTime:0.001888s ]
[ sql ] [ SQL ] SELECT `name`,`version`,`arch` FROM `os` WHERE  `id` = 10 LIMIT 1 [ RunTime:0.000827s ]
[ sql ] [ SQL ] SELECT `access_id` FROM `computer_internet_access` WHERE  `computer_id` = 23 [ RunTime:0.000845s ]
---------------------------------------------------------------
[ 2020-06-16T11:52:56+08:00 ] 192.168.10.85 GET 192.168.10.210/padmin/index/staff.html
[运行时间：0.059386s] [吞吐率：16.84req/s] [内存消耗：501.06kb] [文件加载：75]
[ info ] [ LANG ] /var/www/html/compmgmt/thinkphp/lang/zh-cn.php
[ info ] [ LANG ] /var/www/html/compmgmt/application/lang/zh-cn.php
[ info ] [ ROUTE ] array (
)
[ info ] [ HEADER ] array (
  'host' => '192.168.10.210',
  'user-agent' => 'Mozilla/5.0 (X11; Ubuntu; Linux x86_64; rv:77.0) Gecko/20100101 Firefox/77.0',
  'accept' => 'text/html,application/xhtml+xml,application/xml;q=0.9,image/webp,*/*;q=0.8',
  'accept-language' => 'zh-CN,zh;q=0.8,zh-TW;q=0.7,zh-HK;q=0.5,en-US;q=0.3,en;q=0.2',
  'accept-encoding' => 'gzip, deflate',
  'connection' => 'keep-alive',
  'referer' => 'http://192.168.10.210/padmin/index/index.html',
  'cookie' => 'Hm_lvt_d214947968792b839fd669a4decaaffc=1590633112; session_id=97a991dea190ef75d4320dc477378ab328351b78; PHPSESSID=5344getjjbqcs1kq4tiqbkhe7p; Hm_lpvt_d214947968792b839fd669a4decaaffc=1592279571',
  'upgrade-insecure-requests' => '1',
)
[ info ] [ PARAM ] array (
  '/padmin/index/staff_html' => '',
)
[ info ] [ VIEW ] /var/www/html/compmgmt/application/padmin/view/index/staff.html [ array (
  0 => 'PAdmin',
) ]
---------------------------------------------------------------
[ 2020-06-16T11:52:56+08:00 ] 192.168.10.85 GET 192.168.10.210/static/padmin/css/font-awesome.css
[运行时间：0.017374s] [吞吐率：57.56req/s] [内存消耗：469.98kb] [文件加载：75]
[ info ] [ LANG ] /var/www/html/compmgmt/thinkphp/lang/zh-cn.php
[ info ] [ LANG ] /var/www/html/compmgmt/application/lang/zh-cn.php
[ info ] [ ROUTE ] array (
)
[ info ] [ HEADER ] array (
  'host' => '192.168.10.210',
  'user-agent' => 'Mozilla/5.0 (X11; Ubuntu; Linux x86_64; rv:77.0) Gecko/20100101 Firefox/77.0',
  'accept' => 'text/css,*/*;q=0.1',
  'accept-language' => 'zh-CN,zh;q=0.8,zh-TW;q=0.7,zh-HK;q=0.5,en-US;q=0.3,en;q=0.2',
  'accept-encoding' => 'gzip, deflate',
  'connection' => 'keep-alive',
  'referer' => 'http://192.168.10.210/static/padmin/css/style.css',
  'cookie' => 'Hm_lvt_d214947968792b839fd669a4decaaffc=1590633112; session_id=97a991dea190ef75d4320dc477378ab328351b78; PHPSESSID=5344getjjbqcs1kq4tiqbkhe7p; Hm_lpvt_d214947968792b839fd669a4decaaffc=1592279571',
)
[ info ] [ PARAM ] array (
  '/static/padmin/css/font-awesome_css' => '',
)
---------------------------------------------------------------
[ 2020-06-16T11:52:57+08:00 ] 192.168.10.85 GET 192.168.10.210/static/padmin/css/animate.css
[运行时间：0.227091s] [吞吐率：4.40req/s] [内存消耗：469.83kb] [文件加载：75]
[ info ] [ LANG ] /var/www/html/compmgmt/thinkphp/lang/zh-cn.php
[ info ] [ LANG ] /var/www/html/compmgmt/application/lang/zh-cn.php
[ info ] [ ROUTE ] array (
)
[ info ] [ HEADER ] array (
  'host' => '192.168.10.210',
  'user-agent' => 'Mozilla/5.0 (X11; Ubuntu; Linux x86_64; rv:77.0) Gecko/20100101 Firefox/77.0',
  'accept' => 'text/css,*/*;q=0.1',
  'accept-language' => 'zh-CN,zh;q=0.8,zh-TW;q=0.7,zh-HK;q=0.5,en-US;q=0.3,en;q=0.2',
  'accept-encoding' => 'gzip, deflate',
  'connection' => 'keep-alive',
  'referer' => 'http://192.168.10.210/static/padmin/css/style.css',
  'cookie' => 'Hm_lvt_d214947968792b839fd669a4decaaffc=1590633112; session_id=97a991dea190ef75d4320dc477378ab328351b78; PHPSESSID=5344getjjbqcs1kq4tiqbkhe7p; Hm_lpvt_d214947968792b839fd669a4decaaffc=1592279571',
)
[ info ] [ PARAM ] array (
  '/static/padmin/css/animate_css' => '',
)
---------------------------------------------------------------
[ 2020-06-16T11:52:57+08:00 ] 192.168.10.85 GET 192.168.10.210/padmin/index/liststaff.html?page=1&limit=20&keyword=
[运行时间：0.118563s] [吞吐率：8.43req/s] [内存消耗：773.48kb] [文件加载：83]
[ info ] [ LANG ] /var/www/html/compmgmt/thinkphp/lang/zh-cn.php
[ info ] [ LANG ] /var/www/html/compmgmt/application/lang/zh-cn.php
[ info ] [ ROUTE ] array (
)
[ info ] [ HEADER ] array (
  'host' => '192.168.10.210',
  'user-agent' => 'Mozilla/5.0 (X11; Ubuntu; Linux x86_64; rv:77.0) Gecko/20100101 Firefox/77.0',
  'accept' => 'application/json, text/javascript, */*; q=0.01',
  'accept-language' => 'zh-CN,zh;q=0.8,zh-TW;q=0.7,zh-HK;q=0.5,en-US;q=0.3,en;q=0.2',
  'accept-encoding' => 'gzip, deflate',
  'x-requested-with' => 'XMLHttpRequest',
  'connection' => 'keep-alive',
  'referer' => 'http://192.168.10.210/padmin/index/staff.html',
  'cookie' => 'Hm_lvt_d214947968792b839fd669a4decaaffc=1590633112; session_id=97a991dea190ef75d4320dc477378ab328351b78; PHPSESSID=5344getjjbqcs1kq4tiqbkhe7p; Hm_lpvt_d214947968792b839fd669a4decaaffc=1592279571',
)
[ info ] [ PARAM ] array (
  '/padmin/index/liststaff_html' => '',
  'page' => '1',
  'limit' => '20',
  'keyword' => '',
)
[ info ] [ DB ] INIT mysql
[ sql ] [ DB ] CONNECT:[ UseTime:0.059139s ] mysql:host=127.0.0.1;dbname=compmgmt;charset=utf8
[ sql ] [ SQL ] SHOW COLUMNS FROM `staff` [ RunTime:0.004570s ]
[ sql ] [ SQL ] SELECT COUNT(*) AS tp_count FROM `staff` `s` LEFT JOIN `department` `d` ON `d`.`id`=`s`.`department_id` WHERE  `s`.`name` LIKE '%%'  OR `s`.`mobile` LIKE '%%'  OR `s`.`email` LIKE '%%'  OR `s`.`email2` LIKE '%%'  OR `s`.`staff_number` LIKE '%%'  OR `s`.`extension` LIKE '%%'  OR `s`.`short_number` LIKE '%%'  OR `d`.`name` LIKE '%%' LIMIT 1 [ RunTime:0.009708s ]
[ sql ] [ SQL ] SELECT `s`.*,d.name as department FROM `staff` `s` LEFT JOIN `department` `d` ON `d`.`id`=`s`.`department_id` WHERE  `s`.`name` LIKE '%%'  OR `s`.`mobile` LIKE '%%'  OR `s`.`email` LIKE '%%'  OR `s`.`email2` LIKE '%%'  OR `s`.`staff_number` LIKE '%%'  OR `s`.`extension` LIKE '%%'  OR `s`.`short_number` LIKE '%%'  OR `d`.`name` LIKE '%%' ORDER BY `department_id` LIMIT 0,20 [ RunTime:0.036368s ]
---------------------------------------------------------------
[ 2020-06-16T11:53:15+08:00 ] 192.168.10.85 GET 192.168.10.210/padmin/index/liststaff.html?page=2&limit=20&keyword=
[运行时间：0.465501s] [吞吐率：2.15req/s] [内存消耗：773.23kb] [文件加载：83]
[ info ] [ LANG ] /var/www/html/compmgmt/thinkphp/lang/zh-cn.php
[ info ] [ LANG ] /var/www/html/compmgmt/application/lang/zh-cn.php
[ info ] [ ROUTE ] array (
)
[ info ] [ HEADER ] array (
  'host' => '192.168.10.210',
  'user-agent' => 'Mozilla/5.0 (X11; Ubuntu; Linux x86_64; rv:77.0) Gecko/20100101 Firefox/77.0',
  'accept' => 'application/json, text/javascript, */*; q=0.01',
  'accept-language' => 'zh-CN,zh;q=0.8,zh-TW;q=0.7,zh-HK;q=0.5,en-US;q=0.3,en;q=0.2',
  'accept-encoding' => 'gzip, deflate',
  'x-requested-with' => 'XMLHttpRequest',
  'connection' => 'keep-alive',
  'referer' => 'http://192.168.10.210/padmin/index/staff.html',
  'cookie' => 'Hm_lvt_d214947968792b839fd669a4decaaffc=1590633112; session_id=97a991dea190ef75d4320dc477378ab328351b78; PHPSESSID=5344getjjbqcs1kq4tiqbkhe7p; Hm_lpvt_d214947968792b839fd669a4decaaffc=1592279571',
)
[ info ] [ PARAM ] array (
  '/padmin/index/liststaff_html' => '',
  'page' => '2',
  'limit' => '20',
  'keyword' => '',
)
[ info ] [ DB ] INIT mysql
[ sql ] [ DB ] CONNECT:[ UseTime:0.050516s ] mysql:host=127.0.0.1;dbname=compmgmt;charset=utf8
[ sql ] [ SQL ] SHOW COLUMNS FROM `staff` [ RunTime:0.008761s ]
[ sql ] [ SQL ] SELECT COUNT(*) AS tp_count FROM `staff` `s` LEFT JOIN `department` `d` ON `d`.`id`=`s`.`department_id` WHERE  `s`.`name` LIKE '%%'  OR `s`.`mobile` LIKE '%%'  OR `s`.`email` LIKE '%%'  OR `s`.`email2` LIKE '%%'  OR `s`.`staff_number` LIKE '%%'  OR `s`.`extension` LIKE '%%'  OR `s`.`short_number` LIKE '%%'  OR `d`.`name` LIKE '%%' LIMIT 1 [ RunTime:0.001296s ]
[ sql ] [ SQL ] SELECT `s`.*,d.name as department FROM `staff` `s` LEFT JOIN `department` `d` ON `d`.`id`=`s`.`department_id` WHERE  `s`.`name` LIKE '%%'  OR `s`.`mobile` LIKE '%%'  OR `s`.`email` LIKE '%%'  OR `s`.`email2` LIKE '%%'  OR `s`.`staff_number` LIKE '%%'  OR `s`.`extension` LIKE '%%'  OR `s`.`short_number` LIKE '%%'  OR `d`.`name` LIKE '%%' ORDER BY `department_id` LIMIT 20,20 [ RunTime:0.320283s ]
---------------------------------------------------------------
[ 2020-06-16T12:04:33+08:00 ] 196.52.43.96 GET 113.104.217.52:8081/
[运行时间：0.080350s] [吞吐率：12.45req/s] [内存消耗：490.05kb] [文件加载：75]
[ info ] [ LANG ] /var/www/html/compmgmt/thinkphp/lang/zh-cn.php
[ info ] [ LANG ] /var/www/html/compmgmt/application/lang/zh-cn.php
[ info ] [ ROUTE ] array (
  'rule' => '',
  'route' => 'index/index',
  'option' => 
  array (
    'merge_rule_regex' => false,
    'complete_match' => true,
  ),
  'var' => 
  array (
  ),
)
[ info ] [ HEADER ] array (
  'host' => '113.104.217.52:8081',
  'user-agent' => 'Mozilla/5.0 (X11; Linux x86_64) AppleWebKit/537.36 (KHTML, like Gecko) Chrome/72.0.3602.2 Safari/537.36',
)
[ info ] [ PARAM ] array (
)
---------------------------------------------------------------
[ 2020-06-16T12:04:33+08:00 ] 196.52.43.96 GET 113.104.217.52:8081/padmin/adminlogin/index.html
[运行时间：0.053503s] [吞吐率：18.69req/s] [内存消耗：486.55kb] [文件加载：74]
[ info ] [ LANG ] /var/www/html/compmgmt/thinkphp/lang/zh-cn.php
[ info ] [ LANG ] /var/www/html/compmgmt/application/lang/zh-cn.php
[ info ] [ ROUTE ] array (
)
[ info ] [ HEADER ] array (
  'host' => '113.104.217.52:8081',
  'user-agent' => 'Go http package',
  'referer' => 'http://113.104.217.52:8081/',
)
[ info ] [ PARAM ] array (
  '/padmin/adminlogin/index_html' => '',
)
[ info ] [ VIEW ] /var/www/html/compmgmt/application/padmin/view/index/login.html [ array (
  0 => 'title',
) ]
---------------------------------------------------------------
[ 2020-06-16T14:33:30+08:00 ] 34.220.64.174 GET 113.104.217.52:8081/
[运行时间：0.921577s] [吞吐率：1.09req/s] [内存消耗：759.63kb] [文件加载：75]
[ info ] [ LANG ] /var/www/html/compmgmt/thinkphp/lang/zh-cn.php
[ info ] [ LANG ] /var/www/html/compmgmt/application/lang/zh-cn.php
[ info ] [ ROUTE ] array (
  'rule' => '',
  'route' => 'index/index',
  'option' => 
  array (
    'merge_rule_regex' => false,
    'complete_match' => true,
  ),
  'var' => 
  array (
  ),
)
[ info ] [ HEADER ] array (
  'host' => '113.104.217.52:8081',
  'connection' => 'close',
  'accept-encoding' => 'gzip',
  'user-agent' => 'Mozilla/5.0 (Macintosh; Intel Mac OS X 10_11_5) AppleWebKit/537.36 (KHTML, like Gecko) Chrome/50.0.2661.102 Safari/537.36',
)
[ info ] [ PARAM ] array (
)
---------------------------------------------------------------
[ 2020-06-16T16:14:56+08:00 ] 195.54.160.135 POST 113.104.217.52:8081/service/extdirect
[运行时间：0.212299s] [吞吐率：4.71req/s] [内存消耗：471.69kb] [文件加载：75]
[ info ] [ LANG ] /var/www/html/compmgmt/thinkphp/lang/zh-cn.php
[ info ] [ LANG ] /var/www/html/compmgmt/application/lang/zh-cn.php
[ info ] [ ROUTE ] array (
)
[ info ] [ HEADER ] array (
  'host' => '113.104.217.52:8081',
  'user-agent' => 'Mozilla/5.0 (Windows NT 10.0; Win64; x64) AppleWebKit/537.36 (KHTML, like Gecko) Chrome/78.0.3904.108 Safari/537.36',
  'content-length' => '293',
  'content-type' => 'application/json',
  'accept-encoding' => 'gzip',
  'connection' => 'close',
)
[ info ] [ PARAM ] array (
  '/service/extdirect' => '',
  'action' => 'coreui_Component',
  'data' => 
  array (
    0 => 
    array (
      'filter' => 
      array (
        0 => 
        array (
          'property' => 'repositoryName',
          'value' => '*',
        ),
        1 => 
        array (
          'property' => 'expression',
          'value' => '1==1',
        ),
        2 => 
        array (
          'property' => 'type',
          'value' => 'jexl',
        ),
      ),
      'limit' => '50',
      'page' => '1',
      'sort' => 
      array (
        0 => 
        array (
          'direction' => 'ASC',
          'property' => 'name',
        ),
      ),
      'start' => '0',
    ),
  ),
  'method' => 'previewAssets',
  'tid' => '18',
  'type' => 'rpc',
)
---------------------------------------------------------------
[ 2020-06-16T17:11:03+08:00 ] 195.54.160.135 GET 113.104.217.52:8081/
[运行时间：0.066925s] [吞吐率：14.94req/s] [内存消耗：490.89kb] [文件加载：75]
[ info ] [ LANG ] /var/www/html/compmgmt/thinkphp/lang/zh-cn.php
[ info ] [ LANG ] /var/www/html/compmgmt/application/lang/zh-cn.php
[ info ] [ ROUTE ] array (
  'rule' => '',
  'route' => 'index/index',
  'option' => 
  array (
    'merge_rule_regex' => false,
    'complete_match' => true,
  ),
  'var' => 
  array (
  ),
)
[ info ] [ HEADER ] array (
  'host' => '113.104.217.52:8081',
  'user-agent' => 'Mozilla/5.0 (Windows NT 10.0; Win64; x64) AppleWebKit/537.36 (KHTML, like Gecko) Chrome/78.0.3904.108 Safari/537.36',
  'authorization' => 'Basic YWRtaW46cGFzcw==',
  'content-type' => 'application/json',
  'accept-encoding' => 'gzip',
  'connection' => 'close',
)
[ info ] [ PARAM ] array (
)
---------------------------------------------------------------
[ 2020-06-16T17:11:03+08:00 ] 195.54.160.135 GET 113.104.217.52:8081/jars
[运行时间：0.185936s] [吞吐率：5.38req/s] [内存消耗：498.12kb] [文件加载：76]
[ info ] [ LANG ] /var/www/html/compmgmt/thinkphp/lang/zh-cn.php
[ info ] [ LANG ] /var/www/html/compmgmt/application/lang/zh-cn.php
[ info ] [ ROUTE ] array (
)
[ info ] [ HEADER ] array (
  'host' => '113.104.217.52:8081',
  'user-agent' => 'Mozilla/5.0 (Windows NT 10.0; Win64; x64) AppleWebKit/537.36 (KHTML, like Gecko) Chrome/78.0.3904.108 Safari/537.36',
  'content-type' => 'application/json',
  'accept-encoding' => 'gzip',
  'connection' => 'close',
)
[ info ] [ PARAM ] array (
  '/jars' => '',
)
---------------------------------------------------------------
[ 2020-06-16T17:11:03+08:00 ] 195.54.160.135 GET 113.104.217.52:8081/padmin/adminlogin/index.html
[运行时间：0.292669s] [吞吐率：3.42req/s] [内存消耗：488.98kb] [文件加载：74]
[ info ] [ LANG ] /var/www/html/compmgmt/thinkphp/lang/zh-cn.php
[ info ] [ LANG ] /var/www/html/compmgmt/application/lang/zh-cn.php
[ info ] [ ROUTE ] array (
)
[ info ] [ HEADER ] array (
  'host' => '113.104.217.52:8081',
  'user-agent' => 'Mozilla/5.0 (Windows NT 10.0; Win64; x64) AppleWebKit/537.36 (KHTML, like Gecko) Chrome/78.0.3904.108 Safari/537.36',
  'authorization' => 'Basic YWRtaW46cGFzcw==',
  'content-type' => 'application/json',
  'referer' => 'http://113.104.217.52:8081/',
  'accept-encoding' => 'gzip',
  'connection' => 'close',
)
[ info ] [ PARAM ] array (
  '/padmin/adminlogin/index_html' => '',
)
[ info ] [ VIEW ] /var/www/html/compmgmt/application/padmin/view/index/login.html [ array (
  0 => 'title',
) ]
---------------------------------------------------------------
[ 2020-06-16T17:11:03+08:00 ] 195.54.160.135 GET 113.104.217.52:8081/padmin/adminlogin/index.html
[运行时间：0.216342s] [吞吐率：4.62req/s] [内存消耗：498.21kb] [文件加载：74]
[ info ] [ LANG ] /var/www/html/compmgmt/thinkphp/lang/zh-cn.php
[ info ] [ LANG ] /var/www/html/compmgmt/application/lang/zh-cn.php
[ info ] [ ROUTE ] array (
)
[ info ] [ HEADER ] array (
  'host' => '113.104.217.52:8081',
  'user-agent' => 'Mozilla/5.0 (Windows NT 10.0; Win64; x64) AppleWebKit/537.36 (KHTML, like Gecko) Chrome/78.0.3904.108 Safari/537.36',
  'content-type' => 'application/json',
  'referer' => 'http://113.104.217.52:8081/jars',
  'accept-encoding' => 'gzip',
  'connection' => 'close',
)
[ info ] [ PARAM ] array (
  '/padmin/adminlogin/index_html' => '',
)
[ info ] [ VIEW ] /var/www/html/compmgmt/application/padmin/view/index/login.html [ array (
  0 => 'title',
) ]
---------------------------------------------------------------
[ 2020-06-16T17:24:42+08:00 ] 59.36.132.222 CONNECT www.baidu.com:443www.baidu.com:443
[运行时间：0.086457s] [吞吐率：11.57req/s] [内存消耗：356.60kb] [文件加载：61]
[ info ] [ LANG ] /var/www/html/compmgmt/thinkphp/lang/zh-cn.php
[ info ] [ LANG ] /var/www/html/compmgmt/application/lang/zh-cn.php
[ error ] [8]未定义数组索引: connect[/var/www/html/compmgmt/thinkphp/library/think/route/RuleGroup.php:208]
---------------------------------------------------------------
[ 2020-06-16T17:24:42+08:00 ] 59.36.132.222 GET www.baidu.comhttp://www.baidu.com/
[运行时间：0.008021s] [吞吐率：124.67req/s] [内存消耗：489.35kb] [文件加载：75]
[ info ] [ LANG ] /var/www/html/compmgmt/thinkphp/lang/zh-cn.php
[ info ] [ LANG ] /var/www/html/compmgmt/application/lang/zh-cn.php
[ info ] [ ROUTE ] array (
  'rule' => '',
  'route' => 'index/index',
  'option' => 
  array (
    'merge_rule_regex' => false,
    'complete_match' => true,
  ),
  'var' => 
  array (
  ),
)
[ info ] [ HEADER ] array (
  'host' => 'www.baidu.com',
  'user-agent' => 'curl/7.19.7 (x86_64-redhat-linux-gnu) libcurl/7.19.7 NSS/3.13.1.0zlib/1.2.3 libidn/1.18 libssh2/1.2.2',
  'accept' => '*/*',
  'proxy-connection' => 'Keep-Alive',
)
[ info ] [ PARAM ] array (
)
---------------------------------------------------------------
[ 2020-06-16T18:47:32+08:00 ] 83.97.20.30 GET /
[运行时间：0.008224s] [吞吐率：121.60req/s] [内存消耗：487.85kb] [文件加载：75]
[ info ] [ LANG ] /var/www/html/compmgmt/thinkphp/lang/zh-cn.php
[ info ] [ LANG ] /var/www/html/compmgmt/application/lang/zh-cn.php
[ info ] [ ROUTE ] array (
  'rule' => '',
  'route' => 'index/index',
  'option' => 
  array (
    'merge_rule_regex' => false,
    'complete_match' => true,
  ),
  'var' => 
  array (
  ),
)
[ info ] [ HEADER ] array (
)
[ info ] [ PARAM ] array (
)
